[INFO  ] [19:30:55.975054] <   > fastchess --- fastchess alpha 1.8.0 compiled for windows-latest 20260128-072859b (CI) 
[INFO  ] [19:30:55.975177] <   > fastchess --- Setting seed to: 7303971506216224396
[INFO  ] [19:30:56.010055] <   > fastchess --- Indexing opening suite...

[INFO  ] [19:30:56.020012] <   > fastchess --- Starting tournament...
[WARN  ] [19:30:57.399222] <   > fastchess --- Warning; Stash_17.0 doesn't have option OwnBook

[WARN  ] [19:30:57.400737] <   > fastchess --- Warning; Stash_17.0 doesn't have option OwnBook

[WARN  ] [19:30:57.417842] <   > fastchess --- Warning; Stash_17.0 doesn't have option OwnBook

[WARN  ] [19:30:57.417982] <   > fastchess --- Warning; Stash_17.0 doesn't have option OwnBook

[WARN  ] [19:33:15.898777] <   > fastchess --- Warning; Stash_17.0 doesn't have option OwnBook

[WARN  ] [19:33:25.149615] <   > fastchess --- Warning; Stash_17.0 doesn't have option OwnBook

[WARN  ] [19:33:33.847920] <   > fastchess --- Warning; Stash_17.0 doesn't have option OwnBook

[WARN  ] [19:34:09.091890] <   > fastchess --- Warning; Stash_17.0 doesn't have option OwnBook

[WARN  ] [19:36:20.637189] <   > fastchess --- Warning; Stash_17.0 doesn't have option OwnBook

[WARN  ] [19:36:23.102697] <   > fastchess --- Warning; Stash_17.0 doesn't have option OwnBook

[WARN  ] [19:36:47.758847] <   > fastchess --- Warning; Stash_17.0 doesn't have option OwnBook

[WARN  ] [19:36:51.608193] <   > fastchess --- Warning; Stash_17.0 doesn't have option OwnBook

[WARN  ] [19:38:24.686526] <   > fastchess --- Warning; Stash_17.0 doesn't have option OwnBook

[WARN  ] [19:38:36.875481] <   > fastchess --- Warning; Stash_17.0 doesn't have option OwnBook

[WARN  ] [19:38:56.708187] <   > fastchess --- Warning; Stash_17.0 doesn't have option OwnBook

[WARN  ] [19:39:38.444461] <   > fastchess --- Warning; Stash_17.0 doesn't have option OwnBook

[WARN  ] [19:40:30.212278] <   > fastchess --- Warning; Stash_17.0 doesn't have option OwnBook

[WARN  ] [19:40:56.075001] <   > fastchess --- Warning; Stash_17.0 doesn't have option OwnBook

[WARN  ] [19:41:51.759490] <   > fastchess --- Warning; Stash_17.0 doesn't have option OwnBook

[WARN  ] [19:41:55.839313] <   > fastchess --- Warning; Stash_17.0 doesn't have option OwnBook

[WARN  ] [19:42:47.014557] <   > fastchess --- Warning; Stash_17.0 doesn't have option OwnBook

[WARN  ] [19:42:57.575798] <   > fastchess --- Warning; Stash_17.0 doesn't have option OwnBook

[WARN  ] [19:43:54.160505] <   > fastchess --- Warning; Stash_17.0 doesn't have option OwnBook

[WARN  ] [19:44:51.370530] <   > fastchess --- Warning; Stash_17.0 doesn't have option OwnBook

[WARN  ] [19:45:00.971718] <   > fastchess --- Warning; Stash_17.0 doesn't have option OwnBook

[WARN  ] [19:45:39.194297] <   > fastchess --- Warning; Stash_17.0 doesn't have option OwnBook

[WARN  ] [19:46:52.482299] <   > fastchess --- Warning; Stash_17.0 doesn't have option OwnBook

[WARN  ] [19:47:10.532594] <   > fastchess --- Warning; Stash_17.0 doesn't have option OwnBook

[WARN  ] [19:48:17.867670] <   > fastchess --- Warning; Stash_17.0 doesn't have option OwnBook

[WARN  ] [19:49:16.341959] <   > fastchess --- Warning; Stash_17.0 doesn't have option OwnBook

[WARN  ] [19:49:21.983379] <   > fastchess --- Warning; Stash_17.0 doesn't have option OwnBook

[WARN  ] [19:49:57.426534] <   > fastchess --- Warning; Stash_17.0 doesn't have option OwnBook

[WARN  ] [19:50:47.916716] <   > fastchess --- Warning; Stash_17.0 doesn't have option OwnBook

[WARN  ] [19:51:27.750215] <   > fastchess --- Warning; Stash_17.0 doesn't have option OwnBook

[WARN  ] [19:52:17.540935] <   > fastchess --- Warning; Stash_17.0 doesn't have option OwnBook

[WARN  ] [19:53:00.907351] <   > fastchess --- Warning; Stash_17.0 doesn't have option OwnBook

[WARN  ] [19:53:32.876905] <   > fastchess --- Warning; Stash_17.0 doesn't have option OwnBook

[WARN  ] [19:53:33.769185] <   > fastchess --- Warning; Stash_17.0 doesn't have option OwnBook

[WARN  ] [19:54:57.330026] <   > fastchess --- Warning; Stash_17.0 doesn't have option OwnBook

[WARN  ] [19:55:15.174255] <   > fastchess --- Warning; Stash_17.0 doesn't have option OwnBook

[WARN  ] [19:55:29.086612] <   > fastchess --- Warning; Stash_17.0 doesn't have option OwnBook

[WARN  ] [19:56:36.833818] <   > fastchess --- Warning; Stash_17.0 doesn't have option OwnBook

[WARN  ] [19:57:03.202690] <   > fastchess --- Warning; Stash_17.0 doesn't have option OwnBook

[WARN  ] [19:57:54.883009] <   > fastchess --- Warning; Stash_17.0 doesn't have option OwnBook

[WARN  ] [19:58:38.895653] <   > fastchess --- Warning; Stash_17.0 doesn't have option OwnBook

[WARN  ] [19:59:48.233969] <   > fastchess --- Warning; No bestmove found in the last line from Stash_17.0 because: Element 'bestmove' not found

[WARN  ] [19:59:48.234001] <  6> fastchess --- Engine Stash_17.0 loses on time
[WARN  ] [19:59:48.236064] <   > fastchess --- Warning; Stash_17.0 doesn't have option OwnBook

[WARN  ] [19:59:53.387426] <   > fastchess --- Warning; Stash_17.0 doesn't have option OwnBook

[WARN  ] [20:00:01.084410] <   > fastchess --- Warning; Stash_17.0 doesn't have option OwnBook

[WARN  ] [20:01:03.401423] <   > fastchess --- Warning; Stash_17.0 doesn't have option OwnBook

[WARN  ] [20:01:31.359620] <   > fastchess --- Warning; Stash_17.0 doesn't have option OwnBook

[WARN  ] [20:01:40.048376] <   > fastchess --- Warning; Stash_17.0 doesn't have option OwnBook

[WARN  ] [20:02:18.290322] <   > fastchess --- Warning; Stash_17.0 doesn't have option OwnBook

[WARN  ] [20:03:51.582765] <   > fastchess --- Warning; Stash_17.0 doesn't have option OwnBook

[WARN  ] [20:04:03.402152] <   > fastchess --- Warning; Stash_17.0 doesn't have option OwnBook

[WARN  ] [20:04:08.756915] <   > fastchess --- Warning; Stash_17.0 doesn't have option OwnBook

[WARN  ] [20:04:11.258278] <   > fastchess --- Warning; Stash_17.0 doesn't have option OwnBook

[WARN  ] [20:06:27.877896] <   > fastchess --- Warning; Stash_17.0 doesn't have option OwnBook

[WARN  ] [20:06:52.762736] <   > fastchess --- Warning; Stash_17.0 doesn't have option OwnBook

[WARN  ] [20:07:07.441424] <   > fastchess --- Warning; Stash_17.0 doesn't have option OwnBook

[WARN  ] [20:07:26.181499] <   > fastchess --- Warning; Stash_17.0 doesn't have option OwnBook

[WARN  ] [20:08:24.063042] <   > fastchess --- Warning; Stash_17.0 doesn't have option OwnBook

[WARN  ] [20:08:36.213349] <   > fastchess --- Warning; Stash_17.0 doesn't have option OwnBook

[WARN  ] [20:09:33.093175] <   > fastchess --- Warning; Stash_17.0 doesn't have option OwnBook

[WARN  ] [20:09:38.929396] <   > fastchess --- Warning; Stash_17.0 doesn't have option OwnBook

[WARN  ] [20:10:58.652435] <   > fastchess --- Warning; Stash_17.0 doesn't have option OwnBook

[WARN  ] [20:11:25.904253] <   > fastchess --- Warning; Stash_17.0 doesn't have option OwnBook

[WARN  ] [20:11:56.399502] <   > fastchess --- Warning; Stash_17.0 doesn't have option OwnBook

[WARN  ] [20:12:15.050732] <   > fastchess --- Warning; Stash_17.0 doesn't have option OwnBook

[WARN  ] [20:13:21.182607] <   > fastchess --- Warning; Stash_17.0 doesn't have option OwnBook

[WARN  ] [20:13:21.415783] <   > fastchess --- Warning; Stash_17.0 doesn't have option OwnBook

[WARN  ] [20:13:56.688754] <   > fastchess --- Warning; Stash_17.0 doesn't have option OwnBook

[WARN  ] [20:15:36.262585] <   > fastchess --- Warning; Stash_17.0 doesn't have option OwnBook

[WARN  ] [20:15:39.292593] <   > fastchess --- Warning; Stash_17.0 doesn't have option OwnBook

[WARN  ] [20:15:50.116665] <   > fastchess --- Warning; Stash_17.0 doesn't have option OwnBook

[WARN  ] [20:16:30.081196] <   > fastchess --- Warning; Stash_17.0 doesn't have option OwnBook

[WARN  ] [20:17:26.094751] <   > fastchess --- Warning; Stash_17.0 doesn't have option OwnBook

[WARN  ] [20:17:28.081140] <   > fastchess --- Warning; Stash_17.0 doesn't have option OwnBook

[WARN  ] [20:18:29.933358] <   > fastchess --- Warning; Stash_17.0 doesn't have option OwnBook

[WARN  ] [20:18:32.706111] <   > fastchess --- Warning; Stash_17.0 doesn't have option OwnBook

[WARN  ] [20:19:41.489016] <   > fastchess --- Warning; Stash_17.0 doesn't have option OwnBook

[WARN  ] [20:19:52.746948] <   > fastchess --- Warning; Stash_17.0 doesn't have option OwnBook

[WARN  ] [20:21:08.314213] <   > fastchess --- Warning; Stash_17.0 doesn't have option OwnBook

[WARN  ] [20:21:41.379579] <   > fastchess --- Warning; Stash_17.0 doesn't have option OwnBook

[WARN  ] [20:21:45.403230] <   > fastchess --- Warning; Stash_17.0 doesn't have option OwnBook

[WARN  ] [20:22:25.939377] <   > fastchess --- Warning; Stash_17.0 doesn't have option OwnBook

[WARN  ] [20:24:03.248704] <   > fastchess --- Warning; Stash_17.0 doesn't have option OwnBook

[WARN  ] [20:24:13.488608] <   > fastchess --- Warning; Stash_17.0 doesn't have option OwnBook

[WARN  ] [20:24:23.060214] <   > fastchess --- Warning; Stash_17.0 doesn't have option OwnBook

[WARN  ] [20:24:43.574629] <   > fastchess --- Warning; Stash_17.0 doesn't have option OwnBook

[WARN  ] [20:26:27.105771] <   > fastchess --- Warning; Stash_17.0 doesn't have option OwnBook

[WARN  ] [20:26:57.603313] <   > fastchess --- Warning; Stash_17.0 doesn't have option OwnBook

[WARN  ] [20:26:58.067910] <   > fastchess --- Warning; Stash_17.0 doesn't have option OwnBook

[WARN  ] [20:27:04.318094] <   > fastchess --- Warning; Stash_17.0 doesn't have option OwnBook

[WARN  ] [20:29:06.607122] <   > fastchess --- Warning; Stash_17.0 doesn't have option OwnBook

[WARN  ] [20:29:24.783696] <   > fastchess --- Warning; Stash_17.0 doesn't have option OwnBook

[WARN  ] [20:29:38.824723] <   > fastchess --- Warning; Stash_17.0 doesn't have option OwnBook

[WARN  ] [20:30:18.252613] <   > fastchess --- Warning; Stash_17.0 doesn't have option OwnBook

[WARN  ] [20:30:59.840832] <   > fastchess --- Warning; Stash_17.0 doesn't have option OwnBook

[WARN  ] [20:32:15.155454] <   > fastchess --- Warning; Stash_17.0 doesn't have option OwnBook

[WARN  ] [20:32:31.424064] <   > fastchess --- Warning; Stash_17.0 doesn't have option OwnBook

[WARN  ] [20:33:22.261652] <   > fastchess --- Warning; Stash_17.0 doesn't have option OwnBook

[WARN  ] [20:33:45.043808] <   > fastchess --- Warning; Stash_17.0 doesn't have option OwnBook

[WARN  ] [20:34:30.676671] <   > fastchess --- Warning; Stash_17.0 doesn't have option OwnBook

[WARN  ] [20:35:02.210442] <   > fastchess --- Warning; Stash_17.0 doesn't have option OwnBook

[WARN  ] [20:36:25.045632] <   > fastchess --- Warning; Stash_17.0 doesn't have option OwnBook

[WARN  ] [20:36:31.854944] <   > fastchess --- Warning; Stash_17.0 doesn't have option OwnBook

[WARN  ] [20:37:03.581146] <   > fastchess --- Warning; Stash_17.0 doesn't have option OwnBook

[WARN  ] [20:37:05.757828] <   > fastchess --- Warning; Stash_17.0 doesn't have option OwnBook

[WARN  ] [20:38:53.992526] <   > fastchess --- Warning; Stash_17.0 doesn't have option OwnBook

[WARN  ] [20:39:08.277578] <   > fastchess --- Warning; Stash_17.0 doesn't have option OwnBook

[WARN  ] [20:39:16.206323] <   > fastchess --- Warning; Stash_17.0 doesn't have option OwnBook

[WARN  ] [20:39:32.721029] <   > fastchess --- Warning; Stash_17.0 doesn't have option OwnBook

[WARN  ] [20:41:02.663534] <   > fastchess --- Warning; Stash_17.0 doesn't have option OwnBook

[WARN  ] [20:41:53.352767] <   > fastchess --- Warning; Stash_17.0 doesn't have option OwnBook

[WARN  ] [20:42:13.373268] <   > fastchess --- Warning; Stash_17.0 doesn't have option OwnBook

[WARN  ] [20:44:06.294613] <   > fastchess --- Warning; Stash_17.0 doesn't have option OwnBook

[WARN  ] [20:44:20.864042] <   > fastchess --- Warning; Stash_17.0 doesn't have option OwnBook

[WARN  ] [20:44:54.072490] <   > fastchess --- Warning; Stash_17.0 doesn't have option OwnBook

[WARN  ] [20:45:00.192592] <   > fastchess --- Warning; Stash_17.0 doesn't have option OwnBook

[WARN  ] [20:47:26.183682] <   > fastchess --- Warning; Stash_17.0 doesn't have option OwnBook

[WARN  ] [20:47:29.693739] <   > fastchess --- Warning; Stash_17.0 doesn't have option OwnBook

[WARN  ] [20:47:32.489730] <   > fastchess --- Warning; Stash_17.0 doesn't have option OwnBook

[WARN  ] [20:49:21.898823] <   > fastchess --- Warning; Stash_17.0 doesn't have option OwnBook

[WARN  ] [20:49:22.003959] <   > fastchess --- Warning; Stash_17.0 doesn't have option OwnBook

[WARN  ] [20:49:24.653435] <   > fastchess --- Warning; Stash_17.0 doesn't have option OwnBook

[WARN  ] [20:50:20.770139] <   > fastchess --- Warning; Stash_17.0 doesn't have option OwnBook

[WARN  ] [20:51:16.417562] <   > fastchess --- Warning; Stash_17.0 doesn't have option OwnBook

[WARN  ] [20:51:16.417633] <   > fastchess --- Warning; Stash_17.0 doesn't have option OwnBook

[WARN  ] [20:52:18.102280] <   > fastchess --- Warning; Stash_17.0 doesn't have option OwnBook

[WARN  ] [20:52:27.027380] <   > fastchess --- Warning; Stash_17.0 doesn't have option OwnBook

[WARN  ] [20:53:36.868438] <   > fastchess --- Warning; Stash_17.0 doesn't have option OwnBook

[WARN  ] [20:54:28.136218] <   > fastchess --- Warning; Stash_17.0 doesn't have option OwnBook

[WARN  ] [20:54:59.211297] <   > fastchess --- Warning; Stash_17.0 doesn't have option OwnBook

[WARN  ] [20:55:05.005480] <   > fastchess --- Warning; Stash_17.0 doesn't have option OwnBook

[WARN  ] [20:56:18.781142] <   > fastchess --- Warning; Stash_17.0 doesn't have option OwnBook

[WARN  ] [20:56:44.469682] <   > fastchess --- Warning; Stash_17.0 doesn't have option OwnBook

[WARN  ] [20:57:18.121516] <   > fastchess --- Warning; Stash_17.0 doesn't have option OwnBook

[WARN  ] [20:57:42.330637] <   > fastchess --- Warning; Stash_17.0 doesn't have option OwnBook

[WARN  ] [20:58:41.202166] <   > fastchess --- Warning; Stash_17.0 doesn't have option OwnBook

[WARN  ] [20:59:05.569964] <   > fastchess --- Warning; Stash_17.0 doesn't have option OwnBook

[WARN  ] [20:59:30.024628] <   > fastchess --- Warning; Stash_17.0 doesn't have option OwnBook

[WARN  ] [21:00:42.290510] <   > fastchess --- Warning; Stash_17.0 doesn't have option OwnBook

[WARN  ] [21:00:57.601981] <   > fastchess --- Warning; Stash_17.0 doesn't have option OwnBook

[WARN  ] [21:02:02.208447] <   > fastchess --- Warning; Stash_17.0 doesn't have option OwnBook

[WARN  ] [21:02:16.395911] <   > fastchess --- Warning; Stash_17.0 doesn't have option OwnBook

[WARN  ] [21:03:08.634071] <   > fastchess --- Warning; Stash_17.0 doesn't have option OwnBook

[WARN  ] [21:04:26.493576] <   > fastchess --- Warning; Stash_17.0 doesn't have option OwnBook

[WARN  ] [21:04:34.304170] <   > fastchess --- Warning; Stash_17.0 doesn't have option OwnBook

[WARN  ] [21:05:15.410914] <   > fastchess --- Warning; Stash_17.0 doesn't have option OwnBook

[WARN  ] [21:05:53.243218] <   > fastchess --- Warning; Stash_17.0 doesn't have option OwnBook

[WARN  ] [21:06:54.064786] <   > fastchess --- Warning; Stash_17.0 doesn't have option OwnBook

[WARN  ] [21:07:08.891614] <   > fastchess --- Warning; Stash_17.0 doesn't have option OwnBook

[WARN  ] [21:07:18.013679] <   > fastchess --- Warning; Stash_17.0 doesn't have option OwnBook

[WARN  ] [21:07:41.897616] <   > fastchess --- Warning; Stash_17.0 doesn't have option OwnBook

[WARN  ] [21:09:06.870312] <   > fastchess --- Warning; Stash_17.0 doesn't have option OwnBook

[WARN  ] [21:09:51.436110] <   > fastchess --- Warning; Stash_17.0 doesn't have option OwnBook

[WARN  ] [21:10:13.406836] <   > fastchess --- Warning; Stash_17.0 doesn't have option OwnBook

[WARN  ] [21:10:22.768869] <   > fastchess --- Warning; Stash_17.0 doesn't have option OwnBook

[WARN  ] [21:10:37.349137] <   > fastchess --- Warning; Stash_17.0 doesn't have option OwnBook

[WARN  ] [21:13:11.023687] <   > fastchess --- Warning; Stash_17.0 doesn't have option OwnBook

[WARN  ] [21:13:35.461850] <   > fastchess --- Warning; Stash_17.0 doesn't have option OwnBook

[WARN  ] [21:13:48.653277] <   > fastchess --- Warning; Stash_17.0 doesn't have option OwnBook

[WARN  ] [21:14:22.977717] <   > fastchess --- Warning; Stash_17.0 doesn't have option OwnBook

[WARN  ] [21:15:14.846859] <   > fastchess --- Warning; Stash_17.0 doesn't have option OwnBook

[WARN  ] [21:15:32.172116] <   > fastchess --- Warning; Stash_17.0 doesn't have option OwnBook

[WARN  ] [21:17:39.693956] <   > fastchess --- Warning; Stash_17.0 doesn't have option OwnBook

[WARN  ] [21:17:56.170302] <   > fastchess --- Warning; Stash_17.0 doesn't have option OwnBook

[WARN  ] [21:18:00.372110] <   > fastchess --- Warning; Stash_17.0 doesn't have option OwnBook

[WARN  ] [21:19:20.261938] <   > fastchess --- Warning; Stash_17.0 doesn't have option OwnBook

[WARN  ] [21:19:40.823179] <   > fastchess --- Warning; Stash_17.0 doesn't have option OwnBook

[WARN  ] [21:19:44.495987] <   > fastchess --- Warning; Stash_17.0 doesn't have option OwnBook

[WARN  ] [21:21:22.578060] <   > fastchess --- Warning; Stash_17.0 doesn't have option OwnBook

[WARN  ] [21:21:43.515716] <   > fastchess --- Warning; Stash_17.0 doesn't have option OwnBook

[WARN  ] [21:22:11.992943] <   > fastchess --- Warning; Stash_17.0 doesn't have option OwnBook

[WARN  ] [21:22:33.079793] <   > fastchess --- Warning; Stash_17.0 doesn't have option OwnBook

[WARN  ] [21:23:37.950978] <   > fastchess --- Warning; Stash_17.0 doesn't have option OwnBook

[WARN  ] [21:24:09.771616] <   > fastchess --- Warning; Stash_17.0 doesn't have option OwnBook

[WARN  ] [21:24:42.308314] <   > fastchess --- Warning; Stash_17.0 doesn't have option OwnBook

[WARN  ] [21:25:24.671056] <   > fastchess --- Warning; Stash_17.0 doesn't have option OwnBook

[WARN  ] [21:25:38.435608] <   > fastchess --- Warning; Stash_17.0 doesn't have option OwnBook

[WARN  ] [21:26:50.359280] <   > fastchess --- Warning; Stash_17.0 doesn't have option OwnBook

[WARN  ] [21:26:57.090903] <   > fastchess --- Warning; Stash_17.0 doesn't have option OwnBook

[WARN  ] [21:27:05.377166] <   > fastchess --- Warning; Stash_17.0 doesn't have option OwnBook

[WARN  ] [21:28:58.820643] <   > fastchess --- Warning; Stash_17.0 doesn't have option OwnBook

[WARN  ] [21:29:14.675238] <   > fastchess --- Warning; Stash_17.0 doesn't have option OwnBook

[WARN  ] [21:29:18.059499] <   > fastchess --- Warning; Stash_17.0 doesn't have option OwnBook

[WARN  ] [21:30:03.541307] <   > fastchess --- Warning; Stash_17.0 doesn't have option OwnBook

[WARN  ] [21:31:48.265507] <   > fastchess --- Warning; Stash_17.0 doesn't have option OwnBook

[WARN  ] [21:32:43.939331] <   > fastchess --- Warning; Stash_17.0 doesn't have option OwnBook

[WARN  ] [21:32:48.812870] <   > fastchess --- Warning; Stash_17.0 doesn't have option OwnBook

[WARN  ] [21:33:01.848628] <   > fastchess --- Warning; Stash_17.0 doesn't have option OwnBook

[WARN  ] [21:33:36.571493] <   > fastchess --- Warning; Stash_17.0 doesn't have option OwnBook

[WARN  ] [21:34:22.420192] <   > fastchess --- Warning; Stash_17.0 doesn't have option OwnBook

[WARN  ] [21:35:49.739426] <   > fastchess --- Warning; Stash_17.0 doesn't have option OwnBook

[WARN  ] [21:36:02.670871] <   > fastchess --- Warning; Stash_17.0 doesn't have option OwnBook

[WARN  ] [21:36:21.413764] <   > fastchess --- Warning; Stash_17.0 doesn't have option OwnBook

[WARN  ] [21:37:06.851138] <   > fastchess --- Warning; No bestmove found in the last line from Stash_17.0 because: Element 'bestmove' not found

[WARN  ] [21:37:06.851178] <  3> fastchess --- Engine Stash_17.0 loses on time
[WARN  ] [21:37:06.945715] <   > fastchess --- Warning; Stash_17.0 doesn't have option OwnBook

[WARN  ] [21:37:48.711831] <   > fastchess --- Warning; Stash_17.0 doesn't have option OwnBook

[WARN  ] [21:38:58.376428] <   > fastchess --- Warning; Stash_17.0 doesn't have option OwnBook

[WARN  ] [21:39:18.550047] <   > fastchess --- Warning; Stash_17.0 doesn't have option OwnBook

[WARN  ] [21:39:57.205040] <   > fastchess --- Warning; Stash_17.0 doesn't have option OwnBook

[WARN  ] [21:41:07.036964] <   > fastchess --- Warning; Stash_17.0 doesn't have option OwnBook

[WARN  ] [21:41:21.081274] <   > fastchess --- Warning; Stash_17.0 doesn't have option OwnBook

[WARN  ] [21:41:37.159413] <   > fastchess --- Warning; Stash_17.0 doesn't have option OwnBook

[WARN  ] [21:42:23.159815] <   > fastchess --- Warning; Stash_17.0 doesn't have option OwnBook

[WARN  ] [21:42:50.826516] <   > fastchess --- Warning; Stash_17.0 doesn't have option OwnBook

[WARN  ] [21:43:58.579336] <   > fastchess --- Warning; Stash_17.0 doesn't have option OwnBook

[WARN  ] [21:44:02.671998] <   > fastchess --- Warning; Stash_17.0 doesn't have option OwnBook

[WARN  ] [21:44:39.885173] <   > fastchess --- Warning; Stash_17.0 doesn't have option OwnBook

[WARN  ] [21:45:11.709393] <   > fastchess --- Warning; Stash_17.0 doesn't have option OwnBook

[WARN  ] [21:46:49.152953] <   > fastchess --- Warning; Stash_17.0 doesn't have option OwnBook

[WARN  ] [21:47:05.745196] <   > fastchess --- Warning; Stash_17.0 doesn't have option OwnBook

[WARN  ] [21:47:23.909051] <   > fastchess --- Warning; Stash_17.0 doesn't have option OwnBook

[WARN  ] [21:48:05.056387] <   > fastchess --- Warning; Stash_17.0 doesn't have option OwnBook

[WARN  ] [21:49:11.232409] <   > fastchess --- Warning; Stash_17.0 doesn't have option OwnBook

[WARN  ] [21:49:46.937722] <   > fastchess --- Warning; Stash_17.0 doesn't have option OwnBook

[WARN  ] [21:50:45.399207] <   > fastchess --- Warning; Stash_17.0 doesn't have option OwnBook

[WARN  ] [21:51:34.562782] <   > fastchess --- Warning; Stash_17.0 doesn't have option OwnBook

[WARN  ] [21:51:34.928263] <   > fastchess --- Warning; No bestmove found in the last line from Stash_17.0 because: Element 'bestmove' not found

[WARN  ] [21:51:34.928299] <  5> fastchess --- Engine Stash_17.0 loses on time
[WARN  ] [21:51:34.933481] <   > fastchess --- Warning; Stash_17.0 doesn't have option OwnBook

[WARN  ] [21:52:00.641269] <   > fastchess --- Warning; Stash_17.0 doesn't have option OwnBook

[WARN  ] [21:53:03.777743] <   > fastchess --- Warning; Stash_17.0 doesn't have option OwnBook

[WARN  ] [21:54:02.257544] <   > fastchess --- Warning; Stash_17.0 doesn't have option OwnBook

[WARN  ] [21:54:09.914236] <   > fastchess --- Warning; Stash_17.0 doesn't have option OwnBook

[WARN  ] [21:54:46.314816] <   > fastchess --- Warning; Stash_17.0 doesn't have option OwnBook

[WARN  ] [21:56:25.242041] <   > fastchess --- Warning; Stash_17.0 doesn't have option OwnBook

[WARN  ] [21:56:39.214877] <   > fastchess --- Warning; Stash_17.0 doesn't have option OwnBook

[WARN  ] [21:56:45.496646] <   > fastchess --- Warning; Stash_17.0 doesn't have option OwnBook

[WARN  ] [21:57:37.317109] <   > fastchess --- Warning; Stash_17.0 doesn't have option OwnBook

[WARN  ] [21:58:23.132940] <   > fastchess --- Warning; Stash_17.0 doesn't have option OwnBook

[WARN  ] [21:58:27.068552] <   > fastchess --- Warning; Stash_17.0 doesn't have option OwnBook

[WARN  ] [21:59:47.345931] <   > fastchess --- Warning; Stash_17.0 doesn't have option OwnBook

[WARN  ] [22:01:30.831913] <   > fastchess --- Warning; Stash_17.0 doesn't have option OwnBook

[WARN  ] [22:01:39.144132] <   > fastchess --- Warning; Stash_17.0 doesn't have option OwnBook

[WARN  ] [22:01:53.908854] <   > fastchess --- Warning; Stash_17.0 doesn't have option OwnBook

[WARN  ] [22:03:09.349159] <   > fastchess --- Warning; Stash_17.0 doesn't have option OwnBook

[WARN  ] [22:03:28.348896] <   > fastchess --- Warning; Stash_17.0 doesn't have option OwnBook

[WARN  ] [22:04:13.554636] <   > fastchess --- Warning; Stash_17.0 doesn't have option OwnBook

[WARN  ] [22:05:19.321504] <   > fastchess --- Warning; Stash_17.0 doesn't have option OwnBook

[WARN  ] [22:05:55.639636] <   > fastchess --- Warning; Stash_17.0 doesn't have option OwnBook

[WARN  ] [22:06:16.239580] <   > fastchess --- Warning; Stash_17.0 doesn't have option OwnBook

[WARN  ] [22:07:14.022460] <   > fastchess --- Warning; Stash_17.0 doesn't have option OwnBook

[WARN  ] [22:07:58.813357] <   > fastchess --- Warning; Stash_17.0 doesn't have option OwnBook

[WARN  ] [22:08:06.271180] <   > fastchess --- Warning; Stash_17.0 doesn't have option OwnBook

[WARN  ] [22:09:33.520291] <   > fastchess --- Warning; Stash_17.0 doesn't have option OwnBook

[WARN  ] [22:10:12.346244] <   > fastchess --- Warning; Stash_17.0 doesn't have option OwnBook

[WARN  ] [22:10:31.795812] <   > fastchess --- Warning; Stash_17.0 doesn't have option OwnBook

[WARN  ] [22:11:34.517274] <   > fastchess --- Warning; Stash_17.0 doesn't have option OwnBook

[WARN  ] [22:12:16.466737] <   > fastchess --- Warning; Stash_17.0 doesn't have option OwnBook

[WARN  ] [22:12:44.745662] <   > fastchess --- Warning; Stash_17.0 doesn't have option OwnBook

[WARN  ] [22:13:05.473025] <   > fastchess --- Warning; Stash_17.0 doesn't have option OwnBook

[WARN  ] [22:14:20.711084] <   > fastchess --- Warning; No bestmove found in the last line from Stash_17.0 because: Element 'bestmove' not found

[WARN  ] [22:14:20.711112] <  6> fastchess --- Engine Stash_17.0 loses on time
[WARN  ] [22:14:20.753257] <   > fastchess --- Warning; Stash_17.0 doesn't have option OwnBook

[WARN  ] [22:14:53.951391] <   > fastchess --- Warning; Stash_17.0 doesn't have option OwnBook

[WARN  ] [22:15:37.823370] <   > fastchess --- Warning; Stash_17.0 doesn't have option OwnBook

[WARN  ] [22:16:12.586519] <   > fastchess --- Warning; Stash_17.0 doesn't have option OwnBook

[WARN  ] [22:17:11.335895] <   > fastchess --- Warning; Stash_17.0 doesn't have option OwnBook

[WARN  ] [22:17:51.949409] <   > fastchess --- Warning; Stash_17.0 doesn't have option OwnBook

[WARN  ] [22:18:28.197112] <   > fastchess --- Warning; Stash_17.0 doesn't have option OwnBook

[WARN  ] [22:19:02.951397] <   > fastchess --- Warning; Stash_17.0 doesn't have option OwnBook

[WARN  ] [22:19:15.669240] <   > fastchess --- Warning; Stash_17.0 doesn't have option OwnBook

[WARN  ] [22:20:18.765966] <   > fastchess --- Warning; Stash_17.0 doesn't have option OwnBook

[WARN  ] [22:20:33.933656] <   > fastchess --- Warning; Stash_17.0 doesn't have option OwnBook

[WARN  ] [22:20:56.365698] <   > fastchess --- Warning; Stash_17.0 doesn't have option OwnBook

[WARN  ] [22:21:55.592884] <   > fastchess --- Warning; Stash_17.0 doesn't have option OwnBook

[WARN  ] [22:22:08.267433] <   > fastchess --- Warning; Stash_17.0 doesn't have option OwnBook

[WARN  ] [22:23:04.871199] <   > fastchess --- Warning; Stash_17.0 doesn't have option OwnBook

[WARN  ] [22:24:01.059174] <   > fastchess --- Warning; Stash_17.0 doesn't have option OwnBook

[WARN  ] [22:24:38.487162] <   > fastchess --- Warning; Stash_17.0 doesn't have option OwnBook

[WARN  ] [22:24:51.145239] <   > fastchess --- Warning; Stash_17.0 doesn't have option OwnBook

[WARN  ] [22:25:06.243499] <   > fastchess --- Warning; Stash_17.0 doesn't have option OwnBook

[WARN  ] [22:26:03.564329] <   > fastchess --- Warning; Stash_17.0 doesn't have option OwnBook

[WARN  ] [22:27:16.554295] <   > fastchess --- Warning; Stash_17.0 doesn't have option OwnBook

[WARN  ] [22:27:33.346173] <   > fastchess --- Warning; Stash_17.0 doesn't have option OwnBook

[WARN  ] [22:27:44.174942] <   > fastchess --- Warning; Stash_17.0 doesn't have option OwnBook

[WARN  ] [22:27:45.942721] <   > fastchess --- Warning; Stash_17.0 doesn't have option OwnBook

[WARN  ] [22:29:40.957043] <   > fastchess --- Warning; Stash_17.0 doesn't have option OwnBook

[WARN  ] [22:30:40.193175] <   > fastchess --- Warning; Stash_17.0 doesn't have option OwnBook

[WARN  ] [22:30:47.490274] <   > fastchess --- Warning; Stash_17.0 doesn't have option OwnBook

[WARN  ] [22:31:09.976241] <   > fastchess --- Warning; Stash_17.0 doesn't have option OwnBook

[WARN  ] [22:32:11.856646] <   > fastchess --- Warning; Stash_17.0 doesn't have option OwnBook

[WARN  ] [22:32:51.927457] <   > fastchess --- Warning; Stash_17.0 doesn't have option OwnBook

[WARN  ] [22:32:59.003740] <   > fastchess --- Warning; Stash_17.0 doesn't have option OwnBook

[WARN  ] [22:34:25.582183] <   > fastchess --- Warning; Stash_17.0 doesn't have option OwnBook

[WARN  ] [22:34:55.278739] <   > fastchess --- Warning; Stash_17.0 doesn't have option OwnBook

[WARN  ] [22:35:48.544713] <   > fastchess --- Warning; Stash_17.0 doesn't have option OwnBook

[WARN  ] [22:36:28.846229] <   > fastchess --- Warning; Stash_17.0 doesn't have option OwnBook

[WARN  ] [22:36:51.243289] <   > fastchess --- Warning; Stash_17.0 doesn't have option OwnBook

[WARN  ] [22:37:21.225251] <   > fastchess --- Warning; Stash_17.0 doesn't have option OwnBook

[WARN  ] [22:37:40.780809] <   > fastchess --- Warning; Stash_17.0 doesn't have option OwnBook

[WARN  ] [22:39:01.836662] <   > fastchess --- Warning; Stash_17.0 doesn't have option OwnBook

[WARN  ] [22:39:15.597753] <   > fastchess --- Warning; Stash_17.0 doesn't have option OwnBook

[WARN  ] [22:39:50.888178] <   > fastchess --- Warning; Stash_17.0 doesn't have option OwnBook

[WARN  ] [22:40:16.123095] <   > fastchess --- Warning; Stash_17.0 doesn't have option OwnBook

[WARN  ] [22:41:28.210926] <   > fastchess --- Warning; Stash_17.0 doesn't have option OwnBook

[WARN  ] [22:42:54.265217] <   > fastchess --- Warning; Stash_17.0 doesn't have option OwnBook

[WARN  ] [22:43:09.497107] <   > fastchess --- Warning; Stash_17.0 doesn't have option OwnBook

[WARN  ] [22:43:34.621094] <   > fastchess --- Warning; Stash_17.0 doesn't have option OwnBook

[WARN  ] [22:44:45.882773] <   > fastchess --- Warning; Stash_17.0 doesn't have option OwnBook

[WARN  ] [22:45:22.571329] <   > fastchess --- Warning; Stash_17.0 doesn't have option OwnBook

[WARN  ] [22:46:10.893402] <   > fastchess --- Warning; Stash_17.0 doesn't have option OwnBook

[WARN  ] [22:47:07.960890] <   > fastchess --- Warning; Stash_17.0 doesn't have option OwnBook

[WARN  ] [22:48:16.449930] <   > fastchess --- Warning; Stash_17.0 doesn't have option OwnBook

[WARN  ] [22:49:07.734544] <   > fastchess --- Warning; Stash_17.0 doesn't have option OwnBook

[WARN  ] [22:49:14.426403] <   > fastchess --- Warning; Stash_17.0 doesn't have option OwnBook

[WARN  ] [22:49:57.223685] <   > fastchess --- Warning; Stash_17.0 doesn't have option OwnBook

[WARN  ] [22:50:36.329429] <   > fastchess --- Warning; Stash_17.0 doesn't have option OwnBook

[WARN  ] [22:51:22.709808] <   > fastchess --- Warning; Stash_17.0 doesn't have option OwnBook

[WARN  ] [22:51:35.996084] <   > fastchess --- Warning; Stash_17.0 doesn't have option OwnBook

[WARN  ] [22:52:05.914269] <   > fastchess --- Warning; Stash_17.0 doesn't have option OwnBook

[WARN  ] [22:52:58.755594] <   > fastchess --- Warning; Stash_17.0 doesn't have option OwnBook

[WARN  ] [22:53:31.459627] <   > fastchess --- Warning; Stash_17.0 doesn't have option OwnBook

[WARN  ] [22:54:29.921846] <   > fastchess --- Warning; Stash_17.0 doesn't have option OwnBook

[WARN  ] [22:55:20.344518] <   > fastchess --- Warning; Stash_17.0 doesn't have option OwnBook

[WARN  ] [22:55:38.746914] <   > fastchess --- Warning; Stash_17.0 doesn't have option OwnBook

[WARN  ] [22:56:04.398696] <   > fastchess --- Warning; Stash_17.0 doesn't have option OwnBook

[WARN  ] [22:56:25.120131] <   > fastchess --- Warning; Stash_17.0 doesn't have option OwnBook

[WARN  ] [22:56:56.354543] <   > fastchess --- Warning; Stash_17.0 doesn't have option OwnBook

[WARN  ] [22:57:18.453395] <   > fastchess --- Warning; Stash_17.0 doesn't have option OwnBook

[WARN  ] [22:58:38.290742] <   > fastchess --- Warning; Stash_17.0 doesn't have option OwnBook

[WARN  ] [22:58:56.108460] <   > fastchess --- Warning; Stash_17.0 doesn't have option OwnBook

[WARN  ] [22:58:57.932563] <   > fastchess --- Warning; Stash_17.0 doesn't have option OwnBook

[WARN  ] [23:00:22.874131] <   > fastchess --- Warning; Stash_17.0 doesn't have option OwnBook

[WARN  ] [23:00:41.798723] <   > fastchess --- Warning; Stash_17.0 doesn't have option OwnBook

[WARN  ] [23:02:12.947550] <   > fastchess --- Warning; Stash_17.0 doesn't have option OwnBook

[WARN  ] [23:02:22.365054] <   > fastchess --- Warning; Stash_17.0 doesn't have option OwnBook

[WARN  ] [23:03:02.605774] <   > fastchess --- Warning; Stash_17.0 doesn't have option OwnBook

[WARN  ] [23:03:49.709674] <   > fastchess --- Warning; Stash_17.0 doesn't have option OwnBook

[WARN  ] [23:04:25.811655] <   > fastchess --- Warning; Stash_17.0 doesn't have option OwnBook

[WARN  ] [23:05:30.448148] <   > fastchess --- Warning; Stash_17.0 doesn't have option OwnBook

[WARN  ] [23:06:03.173938] <   > fastchess --- Warning; Stash_17.0 doesn't have option OwnBook

[WARN  ] [23:06:05.194498] <   > fastchess --- Warning; Stash_17.0 doesn't have option OwnBook

[WARN  ] [23:06:30.620358] <   > fastchess --- Warning; Stash_17.0 doesn't have option OwnBook

[WARN  ] [23:08:23.858593] <   > fastchess --- Warning; Stash_17.0 doesn't have option OwnBook

[WARN  ] [23:08:32.384409] <   > fastchess --- Warning; Stash_17.0 doesn't have option OwnBook

[WARN  ] [23:08:35.152477] <   > fastchess --- Warning; Stash_17.0 doesn't have option OwnBook

[WARN  ] [23:09:05.079011] <   > fastchess --- Warning; Stash_17.0 doesn't have option OwnBook

[WARN  ] [23:11:00.598156] <   > fastchess --- Warning; Stash_17.0 doesn't have option OwnBook

[WARN  ] [23:11:52.648195] <   > fastchess --- Warning; Stash_17.0 doesn't have option OwnBook

[WARN  ] [23:12:03.324343] <   > fastchess --- Warning; Stash_17.0 doesn't have option OwnBook

[WARN  ] [23:12:55.482036] <   > fastchess --- Warning; Stash_17.0 doesn't have option OwnBook

[WARN  ] [23:13:46.296717] <   > fastchess --- Warning; Stash_17.0 doesn't have option OwnBook

[WARN  ] [23:13:53.323408] <   > fastchess --- Warning; Stash_17.0 doesn't have option OwnBook

[WARN  ] [23:15:00.057454] <   > fastchess --- Warning; Stash_17.0 doesn't have option OwnBook

[WARN  ] [23:15:04.271656] <   > fastchess --- Warning; Stash_17.0 doesn't have option OwnBook

[WARN  ] [23:16:37.723277] <   > fastchess --- Warning; Stash_17.0 doesn't have option OwnBook

[WARN  ] [23:16:43.201322] <   > fastchess --- Warning; Stash_17.0 doesn't have option OwnBook

[WARN  ] [23:16:49.576938] <   > fastchess --- Warning; Stash_17.0 doesn't have option OwnBook

[WARN  ] [23:17:33.832518] <   > fastchess --- Warning; Stash_17.0 doesn't have option OwnBook

[WARN  ] [23:19:03.638847] <   > fastchess --- Warning; Stash_17.0 doesn't have option OwnBook

[WARN  ] [23:19:29.163446] <   > fastchess --- Warning; Stash_17.0 doesn't have option OwnBook

[WARN  ] [23:19:38.323812] <   > fastchess --- Warning; Stash_17.0 doesn't have option OwnBook

[WARN  ] [23:20:22.409417] <   > fastchess --- Warning; Stash_17.0 doesn't have option OwnBook

[WARN  ] [23:21:07.748706] <   > fastchess --- Warning; Stash_17.0 doesn't have option OwnBook

[WARN  ] [23:21:11.337592] <   > fastchess --- Warning; Stash_17.0 doesn't have option OwnBook

[WARN  ] [23:21:28.834436] <   > fastchess --- Warning; Stash_17.0 doesn't have option OwnBook

[WARN  ] [23:22:50.546676] <   > fastchess --- Warning; Stash_17.0 doesn't have option OwnBook

[WARN  ] [23:23:00.525071] <   > fastchess --- Warning; Stash_17.0 doesn't have option OwnBook

[WARN  ] [23:23:24.540324] <   > fastchess --- Warning; Stash_17.0 doesn't have option OwnBook

[WARN  ] [23:24:52.066708] <   > fastchess --- Warning; Stash_17.0 doesn't have option OwnBook

[WARN  ] [23:24:52.793504] <   > fastchess --- Warning; Stash_17.0 doesn't have option OwnBook

[WARN  ] [23:25:08.874119] <   > fastchess --- Warning; Stash_17.0 doesn't have option OwnBook

[WARN  ] [23:26:24.048427] <   > fastchess --- Warning; Stash_17.0 doesn't have option OwnBook

[WARN  ] [23:27:23.281467] <   > fastchess --- Warning; Stash_17.0 doesn't have option OwnBook

[WARN  ] [23:28:06.104958] <   > fastchess --- Warning; Stash_17.0 doesn't have option OwnBook

[WARN  ] [23:29:26.165631] <   > fastchess --- Warning; Stash_17.0 doesn't have option OwnBook

[WARN  ] [23:29:45.251073] <   > fastchess --- Warning; Stash_17.0 doesn't have option OwnBook

[WARN  ] [23:29:51.195943] <   > fastchess --- Warning; Stash_17.0 doesn't have option OwnBook

[WARN  ] [23:30:00.453605] <   > fastchess --- Warning; Stash_17.0 doesn't have option OwnBook

[WARN  ] [23:32:47.568829] <   > fastchess --- Warning; Stash_17.0 doesn't have option OwnBook

[WARN  ] [23:32:53.113754] <   > fastchess --- Warning; Stash_17.0 doesn't have option OwnBook

[WARN  ] [23:33:01.871822] <   > fastchess --- Warning; Stash_17.0 doesn't have option OwnBook

[WARN  ] [23:33:32.500267] <   > fastchess --- Warning; Stash_17.0 doesn't have option OwnBook

[WARN  ] [23:34:36.169696] <   > fastchess --- Warning; Stash_17.0 doesn't have option OwnBook

[WARN  ] [23:35:43.837108] <   > fastchess --- Warning; Stash_17.0 doesn't have option OwnBook

[WARN  ] [23:35:58.425331] <   > fastchess --- Warning; Stash_17.0 doesn't have option OwnBook

[WARN  ] [23:36:41.996577] <   > fastchess --- Warning; Stash_17.0 doesn't have option OwnBook

[WARN  ] [23:36:45.830995] <   > fastchess --- Warning; Stash_17.0 doesn't have option OwnBook

[WARN  ] [23:38:31.701861] <   > fastchess --- Warning; Stash_17.0 doesn't have option OwnBook

[WARN  ] [23:39:12.546984] <   > fastchess --- Warning; Stash_17.0 doesn't have option OwnBook

[WARN  ] [23:39:24.829373] <   > fastchess --- Warning; Stash_17.0 doesn't have option OwnBook

[WARN  ] [23:39:27.382108] <   > fastchess --- Warning; Stash_17.0 doesn't have option OwnBook

[WARN  ] [23:40:50.376351] <   > fastchess --- Warning; Stash_17.0 doesn't have option OwnBook

[WARN  ] [23:41:26.440117] <   > fastchess --- Warning; Stash_17.0 doesn't have option OwnBook

[WARN  ] [23:41:42.690877] <   > fastchess --- Warning; Stash_17.0 doesn't have option OwnBook

[WARN  ] [23:41:46.325996] <   > fastchess --- Warning; Stash_17.0 doesn't have option OwnBook

[WARN  ] [23:43:35.217931] <   > fastchess --- Warning; Stash_17.0 doesn't have option OwnBook

[WARN  ] [23:44:26.118074] <   > fastchess --- Warning; Stash_17.0 doesn't have option OwnBook

[WARN  ] [23:44:42.783623] <   > fastchess --- Warning; Stash_17.0 doesn't have option OwnBook

[WARN  ] [23:45:00.974778] <   > fastchess --- Warning; Stash_17.0 doesn't have option OwnBook

[WARN  ] [23:45:51.173769] <   > fastchess --- Warning; Stash_17.0 doesn't have option OwnBook

[WARN  ] [23:46:38.588631] <   > fastchess --- Warning; Stash_17.0 doesn't have option OwnBook

[WARN  ] [23:46:51.376264] <   > fastchess --- Warning; Stash_17.0 doesn't have option OwnBook

[WARN  ] [23:47:19.823308] <   > fastchess --- Warning; Stash_17.0 doesn't have option OwnBook

[WARN  ] [23:48:46.195937] <   > fastchess --- Warning; Stash_17.0 doesn't have option OwnBook

[WARN  ] [23:49:24.518355] <   > fastchess --- Warning; Stash_17.0 doesn't have option OwnBook

[WARN  ] [23:49:27.700840] <   > fastchess --- Warning; Stash_17.0 doesn't have option OwnBook

[WARN  ] [23:49:52.803296] <   > fastchess --- Warning; Stash_17.0 doesn't have option OwnBook

[WARN  ] [23:51:16.265899] <   > fastchess --- Warning; Stash_17.0 doesn't have option OwnBook

[WARN  ] [23:52:34.394012] <   > fastchess --- Warning; Stash_17.0 doesn't have option OwnBook

[WARN  ] [23:52:38.930539] <   > fastchess --- Warning; Stash_17.0 doesn't have option OwnBook

[WARN  ] [23:53:46.182845] <   > fastchess --- Warning; Stash_17.0 doesn't have option OwnBook

[WARN  ] [23:54:57.830472] <   > fastchess --- Warning; Stash_17.0 doesn't have option OwnBook

[WARN  ] [23:55:08.399441] <   > fastchess --- Warning; Stash_17.0 doesn't have option OwnBook

[WARN  ] [23:55:20.293480] <   > fastchess --- Warning; Stash_17.0 doesn't have option OwnBook

[WARN  ] [23:56:00.511955] <   > fastchess --- Warning; Stash_17.0 doesn't have option OwnBook

[WARN  ] [23:57:18.239823] <   > fastchess --- Warning; Stash_17.0 doesn't have option OwnBook

[WARN  ] [23:57:27.301632] <   > fastchess --- Warning; Stash_17.0 doesn't have option OwnBook

[WARN  ] [23:57:56.598990] <   > fastchess --- Warning; Stash_17.0 doesn't have option OwnBook

[WARN  ] [23:59:07.965485] <   > fastchess --- Warning; Stash_17.0 doesn't have option OwnBook

[WARN  ] [00:00:03.014264] <   > fastchess --- Warning; Stash_17.0 doesn't have option OwnBook

[WARN  ] [00:00:23.872509] <   > fastchess --- Warning; Stash_17.0 doesn't have option OwnBook

[WARN  ] [00:00:51.505896] <   > fastchess --- Warning; Stash_17.0 doesn't have option OwnBook

[WARN  ] [00:01:33.015767] <   > fastchess --- Warning; Stash_17.0 doesn't have option OwnBook

[WARN  ] [00:02:41.686441] <   > fastchess --- Warning; Stash_17.0 doesn't have option OwnBook

[WARN  ] [00:03:56.167352] <   > fastchess --- Warning; Stash_17.0 doesn't have option OwnBook

[WARN  ] [00:03:57.965504] <   > fastchess --- Warning; Stash_17.0 doesn't have option OwnBook

[WARN  ] [00:04:33.959014] <   > fastchess --- Warning; Stash_17.0 doesn't have option OwnBook

[WARN  ] [00:05:47.395539] <   > fastchess --- Warning; Stash_17.0 doesn't have option OwnBook

[WARN  ] [00:05:54.544991] <   > fastchess --- Warning; Stash_17.0 doesn't have option OwnBook

[WARN  ] [00:06:16.614662] <   > fastchess --- Warning; Stash_17.0 doesn't have option OwnBook

[WARN  ] [00:06:30.089833] <   > fastchess --- Warning; Stash_17.0 doesn't have option OwnBook

[WARN  ] [00:07:36.099446] <   > fastchess --- Warning; Stash_17.0 doesn't have option OwnBook

[WARN  ] [00:08:17.760717] <   > fastchess --- Warning; Stash_17.0 doesn't have option OwnBook

[WARN  ] [00:08:18.169183] <   > fastchess --- Warning; Stash_17.0 doesn't have option OwnBook

[WARN  ] [00:09:43.567139] <   > fastchess --- Warning; Stash_17.0 doesn't have option OwnBook

[WARN  ] [00:10:07.973589] <   > fastchess --- Warning; Stash_17.0 doesn't have option OwnBook

[WARN  ] [00:10:32.947338] <   > fastchess --- Warning; Stash_17.0 doesn't have option OwnBook

[WARN  ] [00:11:43.278062] <   > fastchess --- Warning; Stash_17.0 doesn't have option OwnBook

[WARN  ] [00:12:24.750960] <   > fastchess --- Warning; Stash_17.0 doesn't have option OwnBook

[WARN  ] [00:13:21.725485] <   > fastchess --- Warning; Stash_17.0 doesn't have option OwnBook

[WARN  ] [00:13:44.681740] <   > fastchess --- Warning; Stash_17.0 doesn't have option OwnBook

[WARN  ] [00:14:39.910629] <   > fastchess --- Warning; Stash_17.0 doesn't have option OwnBook

[WARN  ] [00:15:15.377993] <   > fastchess --- Warning; Stash_17.0 doesn't have option OwnBook

[WARN  ] [00:16:00.878615] <   > fastchess --- Warning; Stash_17.0 doesn't have option OwnBook

[WARN  ] [00:16:40.058548] <   > fastchess --- Warning; Stash_17.0 doesn't have option OwnBook

[WARN  ] [00:16:50.459494] <   > fastchess --- Warning; Stash_17.0 doesn't have option OwnBook

[WARN  ] [00:17:40.636557] <   > fastchess --- Warning; Stash_17.0 doesn't have option OwnBook

[WARN  ] [00:18:39.058772] <   > fastchess --- Warning; Stash_17.0 doesn't have option OwnBook

[WARN  ] [00:18:50.585540] <   > fastchess --- Warning; Stash_17.0 doesn't have option OwnBook

[WARN  ] [00:20:52.146436] <   > fastchess --- Warning; Stash_17.0 doesn't have option OwnBook

[WARN  ] [00:20:53.200135] <   > fastchess --- Warning; Stash_17.0 doesn't have option OwnBook

[WARN  ] [00:21:24.218926] <   > fastchess --- Warning; Stash_17.0 doesn't have option OwnBook

[WARN  ] [00:21:36.157363] <   > fastchess --- Warning; Stash_17.0 doesn't have option OwnBook

[WARN  ] [00:22:48.227619] <   > fastchess --- Warning; Stash_17.0 doesn't have option OwnBook

[WARN  ] [00:23:08.292630] <   > fastchess --- Warning; Stash_17.0 doesn't have option OwnBook

[WARN  ] [00:23:44.673018] <   > fastchess --- Warning; Stash_17.0 doesn't have option OwnBook

[WARN  ] [00:23:56.004982] <   > fastchess --- Warning; Stash_17.0 doesn't have option OwnBook

[WARN  ] [00:25:45.790692] <   > fastchess --- Warning; Stash_17.0 doesn't have option OwnBook

[WARN  ] [00:26:13.850032] <   > fastchess --- Warning; Stash_17.0 doesn't have option OwnBook

[WARN  ] [00:26:37.603464] <   > fastchess --- Warning; Stash_17.0 doesn't have option OwnBook

[WARN  ] [00:26:54.056909] <   > fastchess --- Warning; Stash_17.0 doesn't have option OwnBook

[WARN  ] [00:28:18.551622] <   > fastchess --- Warning; Stash_17.0 doesn't have option OwnBook

[WARN  ] [00:28:27.780761] <   > fastchess --- Warning; Stash_17.0 doesn't have option OwnBook

[WARN  ] [00:28:35.647789] <   > fastchess --- Warning; Stash_17.0 doesn't have option OwnBook

[WARN  ] [00:28:45.595121] <   > fastchess --- Warning; Stash_17.0 doesn't have option OwnBook

[WARN  ] [00:30:12.161834] <   > fastchess --- Warning; Stash_17.0 doesn't have option OwnBook

[WARN  ] [00:30:36.582912] <   > fastchess --- Warning; Stash_17.0 doesn't have option OwnBook

[WARN  ] [00:30:41.906893] <   > fastchess --- Warning; Stash_17.0 doesn't have option OwnBook

[WARN  ] [00:30:42.710717] <   > fastchess --- Warning; Stash_17.0 doesn't have option OwnBook

[WARN  ] [00:32:33.450355] <   > fastchess --- Warning; Stash_17.0 doesn't have option OwnBook

[WARN  ] [00:32:45.404847] <   > fastchess --- Warning; Stash_17.0 doesn't have option OwnBook

[WARN  ] [00:32:52.943415] <   > fastchess --- Warning; Stash_17.0 doesn't have option OwnBook

[WARN  ] [00:33:04.339307] <   > fastchess --- Warning; Stash_17.0 doesn't have option OwnBook

[WARN  ] [00:35:06.482971] <   > fastchess --- Warning; Stash_17.0 doesn't have option OwnBook

[WARN  ] [00:35:11.597808] <   > fastchess --- Warning; Stash_17.0 doesn't have option OwnBook

[WARN  ] [00:35:24.532145] <   > fastchess --- Warning; Stash_17.0 doesn't have option OwnBook

[WARN  ] [00:35:43.127207] <   > fastchess --- Warning; Stash_17.0 doesn't have option OwnBook

[WARN  ] [00:36:46.862771] <   > fastchess --- Warning; Stash_17.0 doesn't have option OwnBook

[WARN  ] [00:37:30.654087] <   > fastchess --- Warning; Stash_17.0 doesn't have option OwnBook

[WARN  ] [00:37:45.266468] <   > fastchess --- Warning; Stash_17.0 doesn't have option OwnBook

[WARN  ] [00:38:00.684281] <   > fastchess --- Warning; Stash_17.0 doesn't have option OwnBook

[WARN  ] [00:38:42.522834] <   > fastchess --- Warning; Stash_17.0 doesn't have option OwnBook

[WARN  ] [00:39:50.334925] <   > fastchess --- Warning; Stash_17.0 doesn't have option OwnBook

[WARN  ] [00:40:04.204624] <   > fastchess --- Warning; Stash_17.0 doesn't have option OwnBook

[WARN  ] [00:40:13.763250] <   > fastchess --- Warning; Stash_17.0 doesn't have option OwnBook

[WARN  ] [00:41:52.155142] <   > fastchess --- Warning; Stash_17.0 doesn't have option OwnBook

[WARN  ] [00:41:57.404071] <   > fastchess --- Warning; Stash_17.0 doesn't have option OwnBook

[WARN  ] [00:42:59.581186] <   > fastchess --- Warning; Stash_17.0 doesn't have option OwnBook

[WARN  ] [00:43:08.845529] <   > fastchess --- Warning; Stash_17.0 doesn't have option OwnBook

[WARN  ] [00:44:44.660965] <   > fastchess --- Warning; Stash_17.0 doesn't have option OwnBook

[WARN  ] [00:45:04.525609] <   > fastchess --- Warning; Stash_17.0 doesn't have option OwnBook

[WARN  ] [00:45:10.333836] <   > fastchess --- Warning; Stash_17.0 doesn't have option OwnBook

[WARN  ] [00:45:45.282501] <   > fastchess --- Warning; Stash_17.0 doesn't have option OwnBook

[WARN  ] [00:47:49.928903] <   > fastchess --- Warning; Stash_17.0 doesn't have option OwnBook

[WARN  ] [00:47:54.142265] <   > fastchess --- Warning; Stash_17.0 doesn't have option OwnBook

[WARN  ] [00:47:57.268374] <   > fastchess --- Warning; Stash_17.0 doesn't have option OwnBook

[WARN  ] [00:48:26.504040] <   > fastchess --- Warning; Stash_17.0 doesn't have option OwnBook

[WARN  ] [00:50:02.872715] <   > fastchess --- Warning; Stash_17.0 doesn't have option OwnBook

[WARN  ] [00:50:36.421934] <   > fastchess --- Warning; Stash_17.0 doesn't have option OwnBook

[WARN  ] [00:50:52.362833] <   > fastchess --- Warning; Stash_17.0 doesn't have option OwnBook

[WARN  ] [00:52:14.772152] <   > fastchess --- Warning; Stash_17.0 doesn't have option OwnBook

[WARN  ] [00:52:52.179958] <   > fastchess --- Warning; Stash_17.0 doesn't have option OwnBook

[WARN  ] [00:53:54.982513] <   > fastchess --- Warning; Stash_17.0 doesn't have option OwnBook

[WARN  ] [00:53:55.534269] <   > fastchess --- Warning; Stash_17.0 doesn't have option OwnBook

[WARN  ] [00:54:45.222794] <   > fastchess --- Warning; Stash_17.0 doesn't have option OwnBook

[WARN  ] [00:55:12.211215] <   > fastchess --- Warning; Stash_17.0 doesn't have option OwnBook

[WARN  ] [00:55:57.107674] <   > fastchess --- Warning; Stash_17.0 doesn't have option OwnBook

[WARN  ] [00:57:48.214175] <   > fastchess --- Warning; Stash_17.0 doesn't have option OwnBook

[WARN  ] [00:58:13.300854] <   > fastchess --- Warning; Stash_17.0 doesn't have option OwnBook

[WARN  ] [00:58:26.309757] <   > fastchess --- Warning; Stash_17.0 doesn't have option OwnBook

[WARN  ] [00:58:38.918523] <   > fastchess --- Warning; Stash_17.0 doesn't have option OwnBook

[WARN  ] [01:00:27.597800] <   > fastchess --- Warning; Stash_17.0 doesn't have option OwnBook

[WARN  ] [01:00:27.617938] <   > fastchess --- Warning; Stash_17.0 doesn't have option OwnBook

[WARN  ] [01:00:47.285077] <   > fastchess --- Warning; Stash_17.0 doesn't have option OwnBook

[WARN  ] [01:01:21.529747] <   > fastchess --- Warning; Stash_17.0 doesn't have option OwnBook

[WARN  ] [01:03:06.665585] <   > fastchess --- Warning; Stash_17.0 doesn't have option OwnBook

[WARN  ] [01:03:27.975581] <   > fastchess --- Warning; Stash_17.0 doesn't have option OwnBook

[WARN  ] [01:03:50.313234] <   > fastchess --- Warning; Stash_17.0 doesn't have option OwnBook

[WARN  ] [01:04:23.175813] <   > fastchess --- Warning; Stash_17.0 doesn't have option OwnBook

[WARN  ] [01:05:37.700545] <   > fastchess --- Warning; Stash_17.0 doesn't have option OwnBook

[WARN  ] [01:06:28.113897] <   > fastchess --- Warning; Stash_17.0 doesn't have option OwnBook

[WARN  ] [01:07:01.339843] <   > fastchess --- Warning; Stash_17.0 doesn't have option OwnBook

[WARN  ] [01:07:16.016878] <   > fastchess --- Warning; Stash_17.0 doesn't have option OwnBook

[WARN  ] [01:08:31.661620] <   > fastchess --- Warning; Stash_17.0 doesn't have option OwnBook

[WARN  ] [01:08:48.131665] <   > fastchess --- Warning; Stash_17.0 doesn't have option OwnBook

[WARN  ] [01:09:25.409187] <   > fastchess --- Warning; Stash_17.0 doesn't have option OwnBook

[WARN  ] [01:09:31.633412] <   > fastchess --- Warning; Stash_17.0 doesn't have option OwnBook

[WARN  ] [01:11:41.619394] <   > fastchess --- Warning; Stash_17.0 doesn't have option OwnBook

[WARN  ] [01:11:59.973109] <   > fastchess --- Warning; Stash_17.0 doesn't have option OwnBook

[WARN  ] [01:12:01.118908] <   > fastchess --- Warning; Stash_17.0 doesn't have option OwnBook

[WARN  ] [01:12:18.915265] <   > fastchess --- Warning; Stash_17.0 doesn't have option OwnBook

[WARN  ] [01:14:02.646336] <   > fastchess --- Warning; Stash_17.0 doesn't have option OwnBook

[WARN  ] [01:14:27.142122] <   > fastchess --- Warning; Stash_17.0 doesn't have option OwnBook

[WARN  ] [01:15:17.126102] <   > fastchess --- Warning; Stash_17.0 doesn't have option OwnBook

[WARN  ] [01:15:21.226606] <   > fastchess --- Warning; Stash_17.0 doesn't have option OwnBook

[WARN  ] [01:16:34.236358] <   > fastchess --- Warning; Stash_17.0 doesn't have option OwnBook

[WARN  ] [01:16:49.524119] <   > fastchess --- Warning; Stash_17.0 doesn't have option OwnBook

[WARN  ] [01:17:52.553598] <   > fastchess --- Warning; Stash_17.0 doesn't have option OwnBook

[WARN  ] [01:17:56.538129] <   > fastchess --- Warning; Stash_17.0 doesn't have option OwnBook

[WARN  ] [01:19:06.354004] <   > fastchess --- Warning; Stash_17.0 doesn't have option OwnBook

[WARN  ] [01:19:29.200401] <   > fastchess --- Warning; Stash_17.0 doesn't have option OwnBook

[WARN  ] [01:19:39.646431] <   > fastchess --- Warning; Stash_17.0 doesn't have option OwnBook

[WARN  ] [01:20:31.549943] <   > fastchess --- Warning; Stash_17.0 doesn't have option OwnBook

[WARN  ] [01:21:42.663613] <   > fastchess --- Warning; Stash_17.0 doesn't have option OwnBook

[WARN  ] [01:22:01.392799] <   > fastchess --- Warning; Stash_17.0 doesn't have option OwnBook

[WARN  ] [01:22:01.833746] <   > fastchess --- Warning; Stash_17.0 doesn't have option OwnBook

[WARN  ] [01:22:47.159198] <   > fastchess --- Warning; Stash_17.0 doesn't have option OwnBook

[WARN  ] [01:24:18.331471] <   > fastchess --- Warning; Stash_17.0 doesn't have option OwnBook

[WARN  ] [01:24:53.305590] <   > fastchess --- Warning; Stash_17.0 doesn't have option OwnBook

[WARN  ] [01:24:59.376450] <   > fastchess --- Warning; Stash_17.0 doesn't have option OwnBook

[WARN  ] [01:25:43.815636] <   > fastchess --- Warning; Stash_17.0 doesn't have option OwnBook

[WARN  ] [01:27:09.508609] <   > fastchess --- Warning; Stash_17.0 doesn't have option OwnBook

[WARN  ] [01:27:09.906453] <   > fastchess --- Warning; Stash_17.0 doesn't have option OwnBook

[WARN  ] [01:27:10.763357] <   > fastchess --- Warning; Stash_17.0 doesn't have option OwnBook

[WARN  ] [01:28:23.310623] <   > fastchess --- Warning; Stash_17.0 doesn't have option OwnBook

[WARN  ] [01:29:15.928669] <   > fastchess --- Warning; Stash_17.0 doesn't have option OwnBook

[WARN  ] [01:30:35.900338] <   > fastchess --- Warning; Stash_17.0 doesn't have option OwnBook

[WARN  ] [01:30:38.923121] <   > fastchess --- Warning; Stash_17.0 doesn't have option OwnBook

[WARN  ] [01:32:03.192271] <   > fastchess --- Warning; Stash_17.0 doesn't have option OwnBook

[WARN  ] [01:32:30.931618] <   > fastchess --- Warning; Stash_17.0 doesn't have option OwnBook

[WARN  ] [01:32:32.632163] <   > fastchess --- Warning; Stash_17.0 doesn't have option OwnBook

[WARN  ] [01:32:46.724367] <   > fastchess --- Warning; Stash_17.0 doesn't have option OwnBook

[WARN  ] [01:33:58.098011] <   > fastchess --- Warning; Stash_17.0 doesn't have option OwnBook

[WARN  ] [01:35:05.293589] <   > fastchess --- Warning; Stash_17.0 doesn't have option OwnBook

[WARN  ] [01:35:05.992213] <   > fastchess --- Warning; Stash_17.0 doesn't have option OwnBook

[WARN  ] [01:35:34.422368] <   > fastchess --- Warning; Stash_17.0 doesn't have option OwnBook

[WARN  ] [01:36:50.222957] <   > fastchess --- Warning; Stash_17.0 doesn't have option OwnBook

[WARN  ] [01:36:57.824437] <   > fastchess --- Warning; Stash_17.0 doesn't have option OwnBook

[WARN  ] [01:38:12.708598] <   > fastchess --- Warning; Stash_17.0 doesn't have option OwnBook

[WARN  ] [01:38:57.184385] <   > fastchess --- Warning; Stash_17.0 doesn't have option OwnBook

[WARN  ] [01:39:03.264489] <   > fastchess --- Warning; Stash_17.0 doesn't have option OwnBook

[WARN  ] [01:39:45.161443] <   > fastchess --- Warning; Stash_17.0 doesn't have option OwnBook

[WARN  ] [01:39:58.453089] <   > fastchess --- Warning; Stash_17.0 doesn't have option OwnBook

[WARN  ] [01:40:13.026657] <   > fastchess --- Warning; Stash_17.0 doesn't have option OwnBook

[WARN  ] [01:40:54.563901] <   > fastchess --- Warning; Stash_17.0 doesn't have option OwnBook

[WARN  ] [01:42:04.214773] <   > fastchess --- Warning; Stash_17.0 doesn't have option OwnBook

[WARN  ] [01:43:00.313389] <   > fastchess --- Warning; Stash_17.0 doesn't have option OwnBook

[WARN  ] [01:43:15.224383] <   > fastchess --- Warning; Stash_17.0 doesn't have option OwnBook

[WARN  ] [01:43:56.532321] <   > fastchess --- Warning; Stash_17.0 doesn't have option OwnBook

[WARN  ] [01:44:38.514647] <   > fastchess --- Warning; Stash_17.0 doesn't have option OwnBook

[WARN  ] [01:45:08.023246] <   > fastchess --- Warning; Stash_17.0 doesn't have option OwnBook

[WARN  ] [01:45:37.939310] <   > fastchess --- Warning; Stash_17.0 doesn't have option OwnBook

[WARN  ] [01:46:49.882889] <   > fastchess --- Warning; Stash_17.0 doesn't have option OwnBook

[WARN  ] [01:47:27.759475] <   > fastchess --- Warning; Stash_17.0 doesn't have option OwnBook

[WARN  ] [01:47:38.465789] <   > fastchess --- Warning; Stash_17.0 doesn't have option OwnBook

[WARN  ] [01:47:51.390132] <   > fastchess --- Warning; Stash_17.0 doesn't have option OwnBook

[WARN  ] [01:49:44.907366] <   > fastchess --- Warning; Stash_17.0 doesn't have option OwnBook

[WARN  ] [01:50:01.090465] <   > fastchess --- Warning; Stash_17.0 doesn't have option OwnBook

[WARN  ] [01:50:22.507132] <   > fastchess --- Warning; Stash_17.0 doesn't have option OwnBook

[WARN  ] [01:51:11.334659] <   > fastchess --- Warning; Stash_17.0 doesn't have option OwnBook

[WARN  ] [01:52:02.877421] <   > fastchess --- Warning; Stash_17.0 doesn't have option OwnBook

[WARN  ] [01:52:59.900855] <   > fastchess --- Warning; Stash_17.0 doesn't have option OwnBook

[WARN  ] [01:53:12.464205] <   > fastchess --- Warning; Stash_17.0 doesn't have option OwnBook

[WARN  ] [01:54:05.906457] <   > fastchess --- Warning; Stash_17.0 doesn't have option OwnBook

[WARN  ] [01:55:18.354838] <   > fastchess --- Warning; Stash_17.0 doesn't have option OwnBook

[WARN  ] [01:56:21.438860] <   > fastchess --- Warning; Stash_17.0 doesn't have option OwnBook

[WARN  ] [01:56:36.170979] <   > fastchess --- Warning; Stash_17.0 doesn't have option OwnBook

[WARN  ] [01:56:59.294901] <   > fastchess --- Warning; Stash_17.0 doesn't have option OwnBook

[WARN  ] [01:58:47.828614] <   > fastchess --- Warning; Stash_17.0 doesn't have option OwnBook

[WARN  ] [01:58:57.684086] <   > fastchess --- Warning; Stash_17.0 doesn't have option OwnBook

[WARN  ] [01:59:28.451119] <   > fastchess --- Warning; Stash_17.0 doesn't have option OwnBook

[WARN  ] [02:00:20.391405] <   > fastchess --- Warning; Stash_17.0 doesn't have option OwnBook

[WARN  ] [02:01:07.273755] <   > fastchess --- Warning; Stash_17.0 doesn't have option OwnBook

[WARN  ] [02:01:53.700713] <   > fastchess --- Warning; Stash_17.0 doesn't have option OwnBook

[WARN  ] [02:02:09.001744] <   > fastchess --- Warning; Stash_17.0 doesn't have option OwnBook

[WARN  ] [02:02:51.704215] <   > fastchess --- Warning; Stash_17.0 doesn't have option OwnBook

[WARN  ] [02:04:04.145796] <   > fastchess --- Warning; Stash_17.0 doesn't have option OwnBook

[WARN  ] [02:04:17.426321] <   > fastchess --- Warning; Stash_17.0 doesn't have option OwnBook

[WARN  ] [02:04:18.961293] <   > fastchess --- Warning; Stash_17.0 doesn't have option OwnBook

[WARN  ] [02:04:45.973761] <   > fastchess --- Warning; Stash_17.0 doesn't have option OwnBook

[WARN  ] [02:05:57.698224] <   > fastchess --- Warning; Stash_17.0 doesn't have option OwnBook

[WARN  ] [02:06:12.676022] <   > fastchess --- Warning; Stash_17.0 doesn't have option OwnBook

[WARN  ] [02:07:08.722509] <   > fastchess --- Warning; Stash_17.0 doesn't have option OwnBook

[WARN  ] [02:07:12.254193] <   > fastchess --- Warning; Stash_17.0 doesn't have option OwnBook

[WARN  ] [02:07:17.942647] <   > fastchess --- Warning; Stash_17.0 doesn't have option OwnBook

[WARN  ] [02:09:12.070585] <   > fastchess --- Warning; Stash_17.0 doesn't have option OwnBook

[WARN  ] [02:09:46.032441] <   > fastchess --- Warning; Stash_17.0 doesn't have option OwnBook

[WARN  ] [02:10:31.401211] <   > fastchess --- Warning; Stash_17.0 doesn't have option OwnBook

[WARN  ] [02:10:42.902032] <   > fastchess --- Warning; Stash_17.0 doesn't have option OwnBook

[WARN  ] [02:10:43.282259] <   > fastchess --- Warning; Stash_17.0 doesn't have option OwnBook

[WARN  ] [02:12:12.178832] <   > fastchess --- Warning; Stash_17.0 doesn't have option OwnBook

[WARN  ] [02:12:33.747088] <   > fastchess --- Warning; Stash_17.0 doesn't have option OwnBook

[WARN  ] [02:13:42.146206] <   > fastchess --- Warning; Stash_17.0 doesn't have option OwnBook

[WARN  ] [02:14:49.500199] <   > fastchess --- Warning; Stash_17.0 doesn't have option OwnBook

[WARN  ] [02:15:31.064667] <   > fastchess --- Warning; Stash_17.0 doesn't have option OwnBook

[WARN  ] [02:15:48.384107] <   > fastchess --- Warning; Stash_17.0 doesn't have option OwnBook

[WARN  ] [02:16:36.246310] <   > fastchess --- Warning; Stash_17.0 doesn't have option OwnBook

[WARN  ] [02:17:41.260112] <   > fastchess --- Warning; Stash_17.0 doesn't have option OwnBook

[WARN  ] [02:17:50.718903] <   > fastchess --- Warning; Stash_17.0 doesn't have option OwnBook

[WARN  ] [02:18:40.352380] <   > fastchess --- Warning; Stash_17.0 doesn't have option OwnBook

[WARN  ] [02:18:58.796922] <   > fastchess --- Warning; Stash_17.0 doesn't have option OwnBook

[WARN  ] [02:20:32.521720] <   > fastchess --- Warning; Stash_17.0 doesn't have option OwnBook

[WARN  ] [02:20:34.421404] <   > fastchess --- Warning; Stash_17.0 doesn't have option OwnBook

[WARN  ] [02:20:37.359462] <   > fastchess --- Warning; Stash_17.0 doesn't have option OwnBook

[WARN  ] [02:22:03.865810] <   > fastchess --- Warning; Stash_17.0 doesn't have option OwnBook

[WARN  ] [02:22:10.092140] <   > fastchess --- Warning; Stash_17.0 doesn't have option OwnBook

[WARN  ] [02:23:01.122603] <   > fastchess --- Warning; Stash_17.0 doesn't have option OwnBook

[WARN  ] [02:23:34.708249] <   > fastchess --- Warning; Stash_17.0 doesn't have option OwnBook

[WARN  ] [02:24:51.917575] <   > fastchess --- Warning; Stash_17.0 doesn't have option OwnBook

[WARN  ] [02:25:09.362462] <   > fastchess --- Warning; Stash_17.0 doesn't have option OwnBook

[WARN  ] [02:25:33.224343] <   > fastchess --- Warning; Stash_17.0 doesn't have option OwnBook

[WARN  ] [02:26:00.571016] <   > fastchess --- Warning; Stash_17.0 doesn't have option OwnBook

[WARN  ] [02:27:13.560433] <   > fastchess --- Warning; Stash_17.0 doesn't have option OwnBook

[WARN  ] [02:27:16.106546] <   > fastchess --- Warning; Stash_17.0 doesn't have option OwnBook

[WARN  ] [02:27:36.901794] <   > fastchess --- Warning; Stash_17.0 doesn't have option OwnBook

[WARN  ] [02:29:09.610980] <   > fastchess --- Warning; Stash_17.0 doesn't have option OwnBook

[WARN  ] [02:29:33.018605] <   > fastchess --- Warning; Stash_17.0 doesn't have option OwnBook

[WARN  ] [02:29:42.050978] <   > fastchess --- Warning; Stash_17.0 doesn't have option OwnBook

[WARN  ] [02:30:17.058271] <   > fastchess --- Warning; Stash_17.0 doesn't have option OwnBook

[WARN  ] [02:31:23.630418] <   > fastchess --- Warning; Stash_17.0 doesn't have option OwnBook

[WARN  ] [02:31:30.889710] <   > fastchess --- Warning; Stash_17.0 doesn't have option OwnBook

[WARN  ] [02:31:42.495374] <   > fastchess --- Warning; Stash_17.0 doesn't have option OwnBook

[WARN  ] [02:33:15.022112] <   > fastchess --- Warning; Stash_17.0 doesn't have option OwnBook

[WARN  ] [02:33:48.219965] <   > fastchess --- Warning; Stash_17.0 doesn't have option OwnBook

[WARN  ] [02:33:58.133670] <   > fastchess --- Warning; Stash_17.0 doesn't have option OwnBook

[WARN  ] [02:35:42.219415] <   > fastchess --- Warning; Stash_17.0 doesn't have option OwnBook

[WARN  ] [02:35:43.889087] <   > fastchess --- Warning; Stash_17.0 doesn't have option OwnBook

[WARN  ] [02:35:56.593953] <   > fastchess --- Warning; Stash_17.0 doesn't have option OwnBook

[WARN  ] [02:36:23.751533] <   > fastchess --- Warning; Stash_17.0 doesn't have option OwnBook

[WARN  ] [02:37:47.108405] <   > fastchess --- Warning; Stash_17.0 doesn't have option OwnBook

[WARN  ] [02:38:00.205976] <   > fastchess --- Warning; Stash_17.0 doesn't have option OwnBook

[WARN  ] [02:38:07.982374] <   > fastchess --- Warning; Stash_17.0 doesn't have option OwnBook

[WARN  ] [02:38:20.141338] <   > fastchess --- Warning; Stash_17.0 doesn't have option OwnBook

[WARN  ] [02:40:06.710338] <   > fastchess --- Warning; Stash_17.0 doesn't have option OwnBook

[WARN  ] [02:40:21.162333] <   > fastchess --- Warning; Stash_17.0 doesn't have option OwnBook

[WARN  ] [02:40:53.066459] <   > fastchess --- Warning; Stash_17.0 doesn't have option OwnBook

[WARN  ] [02:41:35.288730] <   > fastchess --- Warning; Stash_17.0 doesn't have option OwnBook

[WARN  ] [02:43:08.569988] <   > fastchess --- Warning; Stash_17.0 doesn't have option OwnBook

[WARN  ] [02:43:13.371283] <   > fastchess --- Warning; Stash_17.0 doesn't have option OwnBook

[WARN  ] [02:44:40.368122] <   > fastchess --- Warning; Stash_17.0 doesn't have option OwnBook

[WARN  ] [02:44:50.659158] <   > fastchess --- Warning; Stash_17.0 doesn't have option OwnBook

[WARN  ] [02:45:53.868342] <   > fastchess --- Warning; Stash_17.0 doesn't have option OwnBook

[WARN  ] [02:46:35.072421] <   > fastchess --- Warning; Stash_17.0 doesn't have option OwnBook

[WARN  ] [02:46:50.611122] <   > fastchess --- Warning; Stash_17.0 doesn't have option OwnBook

[WARN  ] [02:48:10.821703] <   > fastchess --- Warning; Stash_17.0 doesn't have option OwnBook

[WARN  ] [02:48:44.461565] <   > fastchess --- Warning; Stash_17.0 doesn't have option OwnBook

[WARN  ] [02:49:11.932188] <   > fastchess --- Warning; Stash_17.0 doesn't have option OwnBook

[WARN  ] [02:49:16.092080] <   > fastchess --- Warning; Stash_17.0 doesn't have option OwnBook

[WARN  ] [02:49:51.912049] <   > fastchess --- Warning; Stash_17.0 doesn't have option OwnBook

[WARN  ] [02:51:40.763604] <   > fastchess --- Warning; Stash_17.0 doesn't have option OwnBook

[WARN  ] [02:51:56.224335] <   > fastchess --- Warning; Stash_17.0 doesn't have option OwnBook

[WARN  ] [02:52:02.906956] <   > fastchess --- Warning; Stash_17.0 doesn't have option OwnBook

[WARN  ] [02:52:35.197521] <   > fastchess --- Warning; Stash_17.0 doesn't have option OwnBook

[WARN  ] [02:52:45.029197] <   > fastchess --- Warning; Stash_17.0 doesn't have option OwnBook

[WARN  ] [02:54:22.583491] <   > fastchess --- Warning; Stash_17.0 doesn't have option OwnBook

[WARN  ] [02:54:52.539657] <   > fastchess --- Warning; Stash_17.0 doesn't have option OwnBook

[WARN  ] [02:54:52.652748] <   > fastchess --- Warning; Stash_17.0 doesn't have option OwnBook

[WARN  ] [02:55:51.183532] <   > fastchess --- Warning; Stash_17.0 doesn't have option OwnBook

[WARN  ] [02:56:50.625675] <   > fastchess --- Warning; Stash_17.0 doesn't have option OwnBook

[WARN  ] [02:57:06.461940] <   > fastchess --- Warning; Stash_17.0 doesn't have option OwnBook

[WARN  ] [02:57:45.670431] <   > fastchess --- Warning; Stash_17.0 doesn't have option OwnBook

[WARN  ] [02:57:48.538153] <   > fastchess --- Warning; Stash_17.0 doesn't have option OwnBook

[WARN  ] [02:59:02.229981] <   > fastchess --- Warning; Stash_17.0 doesn't have option OwnBook

[WARN  ] [02:59:06.830901] <   > fastchess --- Warning; Stash_17.0 doesn't have option OwnBook

[WARN  ] [03:00:04.591655] <   > fastchess --- Warning; Stash_17.0 doesn't have option OwnBook

[WARN  ] [03:00:07.245155] <   > fastchess --- Warning; Stash_17.0 doesn't have option OwnBook

[WARN  ] [03:01:39.126220] <   > fastchess --- Warning; Stash_17.0 doesn't have option OwnBook

[WARN  ] [03:01:55.345114] <   > fastchess --- Warning; Stash_17.0 doesn't have option OwnBook

[WARN  ] [03:02:27.067514] <   > fastchess --- Warning; Stash_17.0 doesn't have option OwnBook

[WARN  ] [03:02:56.769797] <   > fastchess --- Warning; Stash_17.0 doesn't have option OwnBook

[WARN  ] [03:03:57.068978] <   > fastchess --- Warning; Stash_17.0 doesn't have option OwnBook

[WARN  ] [03:04:41.414706] <   > fastchess --- Warning; Stash_17.0 doesn't have option OwnBook

[WARN  ] [03:05:34.484728] <   > fastchess --- Warning; Stash_17.0 doesn't have option OwnBook

[WARN  ] [03:05:59.622073] <   > fastchess --- Warning; Stash_17.0 doesn't have option OwnBook

[WARN  ] [03:06:09.166100] <   > fastchess --- Warning; Stash_17.0 doesn't have option OwnBook

[WARN  ] [03:06:26.459591] <   > fastchess --- Warning; Stash_17.0 doesn't have option OwnBook

[WARN  ] [03:08:01.441881] <   > fastchess --- Warning; Stash_17.0 doesn't have option OwnBook

[WARN  ] [03:08:03.202910] <   > fastchess --- Warning; Stash_17.0 doesn't have option OwnBook

[WARN  ] [03:08:52.237321] <   > fastchess --- Warning; Stash_17.0 doesn't have option OwnBook

[WARN  ] [03:08:59.149029] <   > fastchess --- Warning; Stash_17.0 doesn't have option OwnBook

[WARN  ] [03:10:30.029189] <   > fastchess --- Warning; Stash_17.0 doesn't have option OwnBook

[WARN  ] [03:10:58.406405] <   > fastchess --- Warning; Stash_17.0 doesn't have option OwnBook

[WARN  ] [03:11:10.354130] <   > fastchess --- Warning; Stash_17.0 doesn't have option OwnBook

[WARN  ] [03:11:52.837252] <   > fastchess --- Warning; Stash_17.0 doesn't have option OwnBook

[WARN  ] [03:13:25.785500] <   > fastchess --- Warning; Stash_17.0 doesn't have option OwnBook

[WARN  ] [03:13:35.145831] <   > fastchess --- Warning; Stash_17.0 doesn't have option OwnBook

[WARN  ] [03:13:35.434197] <   > fastchess --- Warning; Stash_17.0 doesn't have option OwnBook

[WARN  ] [03:14:27.530826] <   > fastchess --- Warning; Stash_17.0 doesn't have option OwnBook

[WARN  ] [03:15:36.006355] <   > fastchess --- Warning; Stash_17.0 doesn't have option OwnBook

[WARN  ] [03:16:19.648124] <   > fastchess --- Warning; Stash_17.0 doesn't have option OwnBook

[WARN  ] [03:16:25.213563] <   > fastchess --- Warning; Stash_17.0 doesn't have option OwnBook

[WARN  ] [03:18:12.816499] <   > fastchess --- Warning; Stash_17.0 doesn't have option OwnBook

[WARN  ] [03:18:23.025357] <   > fastchess --- Warning; Stash_17.0 doesn't have option OwnBook

[WARN  ] [03:19:06.314806] <   > fastchess --- Warning; Stash_17.0 doesn't have option OwnBook

[WARN  ] [03:20:35.184776] <   > fastchess --- Warning; Stash_17.0 doesn't have option OwnBook

[WARN  ] [03:20:56.129532] <   > fastchess --- Warning; Stash_17.0 doesn't have option OwnBook

[WARN  ] [03:21:27.404051] <   > fastchess --- Warning; Stash_17.0 doesn't have option OwnBook

[WARN  ] [03:21:31.653015] <   > fastchess --- Warning; Stash_17.0 doesn't have option OwnBook

[WARN  ] [03:23:34.260638] <   > fastchess --- Warning; Stash_17.0 doesn't have option OwnBook

[WARN  ] [03:23:35.605700] <   > fastchess --- Warning; Stash_17.0 doesn't have option OwnBook

[WARN  ] [03:23:50.338760] <   > fastchess --- Warning; Stash_17.0 doesn't have option OwnBook

[WARN  ] [03:23:58.196428] <   > fastchess --- Warning; Stash_17.0 doesn't have option OwnBook

[WARN  ] [03:25:42.474462] <   > fastchess --- Warning; Stash_17.0 doesn't have option OwnBook

[WARN  ] [03:26:03.777202] <   > fastchess --- Warning; Stash_17.0 doesn't have option OwnBook

[WARN  ] [03:26:10.451927] <   > fastchess --- Warning; Stash_17.0 doesn't have option OwnBook

[WARN  ] [03:26:48.789939] <   > fastchess --- Warning; Stash_17.0 doesn't have option OwnBook

[WARN  ] [03:28:29.348986] <   > fastchess --- Warning; Stash_17.0 doesn't have option OwnBook

[WARN  ] [03:28:34.405928] <   > fastchess --- Warning; Stash_17.0 doesn't have option OwnBook

[WARN  ] [03:29:05.492274] <   > fastchess --- Warning; Stash_17.0 doesn't have option OwnBook

[WARN  ] [03:30:42.716102] <   > fastchess --- Warning; Stash_17.0 doesn't have option OwnBook

[WARN  ] [03:30:44.172268] <   > fastchess --- Warning; Stash_17.0 doesn't have option OwnBook

[WARN  ] [03:31:00.618189] <   > fastchess --- Warning; Stash_17.0 doesn't have option OwnBook

[WARN  ] [03:31:18.414890] <   > fastchess --- Warning; Stash_17.0 doesn't have option OwnBook

[WARN  ] [03:32:52.124435] <   > fastchess --- Warning; Stash_17.0 doesn't have option OwnBook

[WARN  ] [03:32:57.687815] <   > fastchess --- Warning; Stash_17.0 doesn't have option OwnBook

[WARN  ] [03:34:08.025036] <   > fastchess --- Warning; Stash_17.0 doesn't have option OwnBook

[WARN  ] [03:34:45.251515] <   > fastchess --- Warning; Stash_17.0 doesn't have option OwnBook

[WARN  ] [03:34:56.104824] <   > fastchess --- Warning; Stash_17.0 doesn't have option OwnBook

[WARN  ] [03:36:10.802693] <   > fastchess --- Warning; Stash_17.0 doesn't have option OwnBook

[WARN  ] [03:36:41.145322] <   > fastchess --- Warning; Stash_17.0 doesn't have option OwnBook

[WARN  ] [03:37:06.408928] <   > fastchess --- Warning; Stash_17.0 doesn't have option OwnBook

[WARN  ] [03:38:31.714011] <   > fastchess --- Warning; Stash_17.0 doesn't have option OwnBook

[WARN  ] [03:39:00.496480] <   > fastchess --- Warning; Stash_17.0 doesn't have option OwnBook

[WARN  ] [03:39:25.411032] <   > fastchess --- Warning; Stash_17.0 doesn't have option OwnBook

[WARN  ] [03:39:43.781046] <   > fastchess --- Warning; Stash_17.0 doesn't have option OwnBook

[WARN  ] [03:40:17.253814] <   > fastchess --- Warning; Stash_17.0 doesn't have option OwnBook

[WARN  ] [03:41:26.121779] <   > fastchess --- Warning; Stash_17.0 doesn't have option OwnBook

[WARN  ] [03:42:07.944222] <   > fastchess --- Warning; Stash_17.0 doesn't have option OwnBook

[WARN  ] [03:42:35.838308] <   > fastchess --- Warning; Stash_17.0 doesn't have option OwnBook

[WARN  ] [03:42:57.404347] <   > fastchess --- Warning; Stash_17.0 doesn't have option OwnBook

[WARN  ] [03:44:07.652163] <   > fastchess --- Warning; Stash_17.0 doesn't have option OwnBook

[WARN  ] [03:44:18.556548] <   > fastchess --- Warning; Stash_17.0 doesn't have option OwnBook

[WARN  ] [03:44:21.942832] <   > fastchess --- Warning; Stash_17.0 doesn't have option OwnBook

[WARN  ] [03:45:03.087069] <   > fastchess --- Warning; Stash_17.0 doesn't have option OwnBook

[WARN  ] [03:45:14.028152] <   > fastchess --- Warning; Stash_17.0 doesn't have option OwnBook

[WARN  ] [03:46:11.756437] <   > fastchess --- Warning; Stash_17.0 doesn't have option OwnBook

[WARN  ] [03:46:59.944560] <   > fastchess --- Warning; Stash_17.0 doesn't have option OwnBook

[WARN  ] [03:47:14.210265] <   > fastchess --- Warning; Stash_17.0 doesn't have option OwnBook

[WARN  ] [03:48:46.923787] <   > fastchess --- Warning; Stash_17.0 doesn't have option OwnBook

[WARN  ] [03:49:00.271376] <   > fastchess --- Warning; Stash_17.0 doesn't have option OwnBook

[WARN  ] [03:49:59.828643] <   > fastchess --- Warning; Stash_17.0 doesn't have option OwnBook

[WARN  ] [03:50:09.302145] <   > fastchess --- Warning; Stash_17.0 doesn't have option OwnBook

[WARN  ] [03:50:57.371166] <   > fastchess --- Warning; Stash_17.0 doesn't have option OwnBook

[WARN  ] [03:52:14.051437] <   > fastchess --- Warning; Stash_17.0 doesn't have option OwnBook

[WARN  ] [03:52:30.059656] <   > fastchess --- Warning; Stash_17.0 doesn't have option OwnBook

[WARN  ] [03:53:10.468204] <   > fastchess --- Warning; Stash_17.0 doesn't have option OwnBook

[WARN  ] [03:54:14.949483] <   > fastchess --- Warning; Stash_17.0 doesn't have option OwnBook

[WARN  ] [03:54:41.225909] <   > fastchess --- Warning; Stash_17.0 doesn't have option OwnBook

[WARN  ] [03:55:00.585744] <   > fastchess --- Warning; Stash_17.0 doesn't have option OwnBook

[WARN  ] [03:56:10.435820] <   > fastchess --- Warning; Stash_17.0 doesn't have option OwnBook

[WARN  ] [03:56:13.891997] <   > fastchess --- Warning; Stash_17.0 doesn't have option OwnBook

[WARN  ] [03:56:26.629084] <   > fastchess --- Warning; Stash_17.0 doesn't have option OwnBook

[WARN  ] [03:57:13.857284] <   > fastchess --- Warning; Stash_17.0 doesn't have option OwnBook

[WARN  ] [03:58:35.152535] <   > fastchess --- Warning; Stash_17.0 doesn't have option OwnBook

[WARN  ] [03:58:45.464206] <   > fastchess --- Warning; Stash_17.0 doesn't have option OwnBook

[WARN  ] [03:59:18.637452] <   > fastchess --- Warning; Stash_17.0 doesn't have option OwnBook

[WARN  ] [04:00:28.028528] <   > fastchess --- Warning; Stash_17.0 doesn't have option OwnBook

[WARN  ] [04:00:36.407639] <   > fastchess --- Warning; Stash_17.0 doesn't have option OwnBook

[WARN  ] [04:01:36.709545] <   > fastchess --- Warning; Stash_17.0 doesn't have option OwnBook

[WARN  ] [04:01:36.969615] <   > fastchess --- Warning; Stash_17.0 doesn't have option OwnBook

[WARN  ] [04:03:10.099979] <   > fastchess --- Warning; Stash_17.0 doesn't have option OwnBook

[WARN  ] [04:03:10.602916] <   > fastchess --- Warning; Stash_17.0 doesn't have option OwnBook

[WARN  ] [04:03:36.699622] <   > fastchess --- Warning; Stash_17.0 doesn't have option OwnBook

[WARN  ] [04:03:36.797613] <   > fastchess --- Warning; Stash_17.0 doesn't have option OwnBook

[WARN  ] [04:05:05.073902] <   > fastchess --- Warning; Stash_17.0 doesn't have option OwnBook

[WARN  ] [04:05:08.264185] <   > fastchess --- Warning; Stash_17.0 doesn't have option OwnBook

[WARN  ] [04:05:44.176175] <   > fastchess --- Warning; Stash_17.0 doesn't have option OwnBook

[WARN  ] [04:06:28.089800] <   > fastchess --- Warning; Stash_17.0 doesn't have option OwnBook

[WARN  ] [04:07:32.824676] <   > fastchess --- Warning; Stash_17.0 doesn't have option OwnBook

[WARN  ] [04:07:53.165499] <   > fastchess --- Warning; Stash_17.0 doesn't have option OwnBook

[WARN  ] [04:08:07.814084] <   > fastchess --- Warning; Stash_17.0 doesn't have option OwnBook

[WARN  ] [04:09:14.014453] <   > fastchess --- Warning; Stash_17.0 doesn't have option OwnBook

[WARN  ] [04:10:16.440156] <   > fastchess --- Warning; Stash_17.0 doesn't have option OwnBook

[WARN  ] [04:10:27.310972] <   > fastchess --- Warning; Stash_17.0 doesn't have option OwnBook

[WARN  ] [04:10:45.570614] <   > fastchess --- Warning; Stash_17.0 doesn't have option OwnBook

[WARN  ] [04:12:05.884801] <   > fastchess --- Warning; Stash_17.0 doesn't have option OwnBook

[WARN  ] [04:12:27.260643] <   > fastchess --- Warning; Stash_17.0 doesn't have option OwnBook

[WARN  ] [04:13:31.038974] <   > fastchess --- Warning; Stash_17.0 doesn't have option OwnBook

[WARN  ] [04:13:39.318379] <   > fastchess --- Warning; Stash_17.0 doesn't have option OwnBook

[WARN  ] [04:15:15.237497] <   > fastchess --- Warning; Stash_17.0 doesn't have option OwnBook

[WARN  ] [04:15:25.459476] <   > fastchess --- Warning; Stash_17.0 doesn't have option OwnBook

[WARN  ] [04:16:14.715529] <   > fastchess --- Warning; Stash_17.0 doesn't have option OwnBook

[WARN  ] [04:16:29.006901] <   > fastchess --- Warning; Stash_17.0 doesn't have option OwnBook

[WARN  ] [04:18:02.231643] <   > fastchess --- Warning; Stash_17.0 doesn't have option OwnBook

[WARN  ] [04:18:34.082338] <   > fastchess --- Warning; Stash_17.0 doesn't have option OwnBook

[WARN  ] [04:18:40.861020] <   > fastchess --- Warning; Stash_17.0 doesn't have option OwnBook

[WARN  ] [04:20:02.271294] <   > fastchess --- Warning; Stash_17.0 doesn't have option OwnBook

[WARN  ] [04:20:04.839726] <   > fastchess --- Warning; Stash_17.0 doesn't have option OwnBook

[WARN  ] [04:20:55.106960] <   > fastchess --- Warning; Stash_17.0 doesn't have option OwnBook

[WARN  ] [04:21:23.671034] <   > fastchess --- Warning; Stash_17.0 doesn't have option OwnBook

[WARN  ] [04:22:11.940526] <   > fastchess --- Warning; Stash_17.0 doesn't have option OwnBook

[WARN  ] [04:22:30.876924] <   > fastchess --- Warning; Stash_17.0 doesn't have option OwnBook

[WARN  ] [04:22:39.521196] <   > fastchess --- Warning; Stash_17.0 doesn't have option OwnBook

[WARN  ] [04:23:09.416225] <   > fastchess --- Warning; Stash_17.0 doesn't have option OwnBook

[WARN  ] [04:24:45.011965] <   > fastchess --- Warning; Stash_17.0 doesn't have option OwnBook

[WARN  ] [04:24:56.916919] <   > fastchess --- Warning; Stash_17.0 doesn't have option OwnBook

[WARN  ] [04:25:24.227230] <   > fastchess --- Warning; Stash_17.0 doesn't have option OwnBook

[WARN  ] [04:26:08.501824] <   > fastchess --- Warning; Stash_17.0 doesn't have option OwnBook

[WARN  ] [04:26:30.827131] <   > fastchess --- Warning; Stash_17.0 doesn't have option OwnBook

[WARN  ] [04:28:00.279394] <   > fastchess --- Warning; Stash_17.0 doesn't have option OwnBook

[WARN  ] [04:28:19.728413] <   > fastchess --- Warning; Stash_17.0 doesn't have option OwnBook

[WARN  ] [04:28:27.958192] <   > fastchess --- Warning; Stash_17.0 doesn't have option OwnBook

[WARN  ] [04:29:40.621936] <   > fastchess --- Warning; Stash_17.0 doesn't have option OwnBook

[WARN  ] [04:29:49.684332] <   > fastchess --- Warning; Stash_17.0 doesn't have option OwnBook

[WARN  ] [04:30:22.718738] <   > fastchess --- Warning; Stash_17.0 doesn't have option OwnBook

[WARN  ] [04:31:14.255514] <   > fastchess --- Warning; Stash_17.0 doesn't have option OwnBook

[WARN  ] [04:32:15.782110] <   > fastchess --- Warning; Stash_17.0 doesn't have option OwnBook

[WARN  ] [04:32:27.599544] <   > fastchess --- Warning; Stash_17.0 doesn't have option OwnBook

[WARN  ] [04:33:01.377349] <   > fastchess --- Warning; Stash_17.0 doesn't have option OwnBook

[WARN  ] [04:34:14.791788] <   > fastchess --- Warning; Stash_17.0 doesn't have option OwnBook

[WARN  ] [04:34:46.424517] <   > fastchess --- Warning; Stash_17.0 doesn't have option OwnBook

[WARN  ] [04:34:57.551392] <   > fastchess --- Warning; Stash_17.0 doesn't have option OwnBook

[WARN  ] [04:36:02.763710] <   > fastchess --- Warning; Stash_17.0 doesn't have option OwnBook

[WARN  ] [04:36:59.880525] <   > fastchess --- Warning; Stash_17.0 doesn't have option OwnBook

[WARN  ] [04:37:45.602871] <   > fastchess --- Warning; Stash_17.0 doesn't have option OwnBook

[WARN  ] [04:38:09.244744] <   > fastchess --- Warning; Stash_17.0 doesn't have option OwnBook

[WARN  ] [04:39:13.973664] <   > fastchess --- Warning; Stash_17.0 doesn't have option OwnBook

[WARN  ] [04:39:45.443312] <   > fastchess --- Warning; Stash_17.0 doesn't have option OwnBook

[WARN  ] [04:40:03.166091] <   > fastchess --- Warning; Stash_17.0 doesn't have option OwnBook

[WARN  ] [04:40:46.568582] <   > fastchess --- Warning; Stash_17.0 doesn't have option OwnBook

[WARN  ] [04:42:32.587140] <   > fastchess --- Warning; Stash_17.0 doesn't have option OwnBook

[WARN  ] [04:42:52.341292] <   > fastchess --- Warning; Stash_17.0 doesn't have option OwnBook

[WARN  ] [04:43:48.015438] <   > fastchess --- Warning; Stash_17.0 doesn't have option OwnBook

[WARN  ] [04:44:55.609152] <   > fastchess --- Warning; Stash_17.0 doesn't have option OwnBook

[WARN  ] [04:45:10.842545] <   > fastchess --- Warning; Stash_17.0 doesn't have option OwnBook

[WARN  ] [04:45:54.113118] <   > fastchess --- Warning; Stash_17.0 doesn't have option OwnBook

[WARN  ] [04:46:32.134858] <   > fastchess --- Warning; Stash_17.0 doesn't have option OwnBook

[WARN  ] [04:47:27.321450] <   > fastchess --- Warning; Stash_17.0 doesn't have option OwnBook

[WARN  ] [04:47:42.222149] <   > fastchess --- Warning; Stash_17.0 doesn't have option OwnBook

[WARN  ] [04:48:30.923402] <   > fastchess --- Warning; Stash_17.0 doesn't have option OwnBook

[WARN  ] [04:49:02.241249] <   > fastchess --- Warning; Stash_17.0 doesn't have option OwnBook

[WARN  ] [04:49:06.214355] <   > fastchess --- Warning; Stash_17.0 doesn't have option OwnBook

[WARN  ] [04:50:25.733682] <   > fastchess --- Warning; Stash_17.0 doesn't have option OwnBook

[WARN  ] [04:50:58.951425] <   > fastchess --- Warning; Stash_17.0 doesn't have option OwnBook

[WARN  ] [04:51:30.037475] <   > fastchess --- Warning; Stash_17.0 doesn't have option OwnBook

[WARN  ] [04:53:30.969542] <   > fastchess --- Warning; Stash_17.0 doesn't have option OwnBook

[WARN  ] [04:53:31.824919] <   > fastchess --- Warning; Stash_17.0 doesn't have option OwnBook

[WARN  ] [04:53:32.603518] <   > fastchess --- Warning; Stash_17.0 doesn't have option OwnBook

[WARN  ] [04:55:01.265286] <   > fastchess --- Warning; Stash_17.0 doesn't have option OwnBook

[WARN  ] [04:55:30.758985] <   > fastchess --- Warning; Stash_17.0 doesn't have option OwnBook

[WARN  ] [04:56:24.321003] <   > fastchess --- Warning; Stash_17.0 doesn't have option OwnBook

[WARN  ] [04:56:41.155474] <   > fastchess --- Warning; Stash_17.0 doesn't have option OwnBook

[WARN  ] [04:57:37.375810] <   > fastchess --- Warning; Stash_17.0 doesn't have option OwnBook

[WARN  ] [04:58:42.811502] <   > fastchess --- Warning; Stash_17.0 doesn't have option OwnBook

[WARN  ] [04:58:58.353832] <   > fastchess --- Warning; Stash_17.0 doesn't have option OwnBook

[WARN  ] [05:00:01.291581] <   > fastchess --- Warning; Stash_17.0 doesn't have option OwnBook

[WARN  ] [05:00:13.286653] <   > fastchess --- Warning; Stash_17.0 doesn't have option OwnBook

[WARN  ] [05:01:18.632143] <   > fastchess --- Warning; Stash_17.0 doesn't have option OwnBook

[WARN  ] [05:01:23.727940] <   > fastchess --- Warning; Stash_17.0 doesn't have option OwnBook

[WARN  ] [05:02:52.210941] <   > fastchess --- Warning; Stash_17.0 doesn't have option OwnBook

[WARN  ] [05:03:37.391395] <   > fastchess --- Warning; Stash_17.0 doesn't have option OwnBook

[WARN  ] [05:03:59.341935] <   > fastchess --- Warning; Stash_17.0 doesn't have option OwnBook

[WARN  ] [05:04:26.666196] <   > fastchess --- Warning; Stash_17.0 doesn't have option OwnBook

[WARN  ] [05:05:52.532545] <   > fastchess --- Warning; Stash_17.0 doesn't have option OwnBook

[WARN  ] [05:06:35.466085] <   > fastchess --- Warning; Stash_17.0 doesn't have option OwnBook

[WARN  ] [05:06:43.919981] <   > fastchess --- Warning; Stash_17.0 doesn't have option OwnBook

[WARN  ] [05:06:52.505894] <   > fastchess --- Warning; Stash_17.0 doesn't have option OwnBook

[WARN  ] [05:08:58.192568] <   > fastchess --- Warning; Stash_17.0 doesn't have option OwnBook

[WARN  ] [05:09:13.204072] <   > fastchess --- Warning; Stash_17.0 doesn't have option OwnBook

[WARN  ] [05:09:22.278979] <   > fastchess --- Warning; Stash_17.0 doesn't have option OwnBook

[WARN  ] [05:10:52.020708] <   > fastchess --- Warning; Stash_17.0 doesn't have option OwnBook

[WARN  ] [05:11:37.603271] <   > fastchess --- Warning; Stash_17.0 doesn't have option OwnBook

[WARN  ] [05:11:49.436423] <   > fastchess --- Warning; Stash_17.0 doesn't have option OwnBook

[WARN  ] [05:11:56.845483] <   > fastchess --- Warning; Stash_17.0 doesn't have option OwnBook

[WARN  ] [05:13:11.164242] <   > fastchess --- Warning; Stash_17.0 doesn't have option OwnBook

[WARN  ] [05:13:46.815029] <   > fastchess --- Warning; Stash_17.0 doesn't have option OwnBook

[WARN  ] [05:13:48.350035] <   > fastchess --- Warning; Stash_17.0 doesn't have option OwnBook

[WARN  ] [05:13:58.883996] <   > fastchess --- Warning; Stash_17.0 doesn't have option OwnBook

[WARN  ] [05:14:47.456102] <   > fastchess --- Warning; Stash_17.0 doesn't have option OwnBook

[WARN  ] [05:15:09.469055] <   > fastchess --- Warning; Stash_17.0 doesn't have option OwnBook

[WARN  ] [05:16:21.262971] <   > fastchess --- Warning; Stash_17.0 doesn't have option OwnBook

[WARN  ] [05:16:48.822273] <   > fastchess --- Warning; Stash_17.0 doesn't have option OwnBook

[WARN  ] [05:17:51.081824] <   > fastchess --- Warning; Stash_17.0 doesn't have option OwnBook

[WARN  ] [05:18:04.697768] <   > fastchess --- Warning; Stash_17.0 doesn't have option OwnBook

[WARN  ] [05:18:46.563477] <   > fastchess --- Warning; Stash_17.0 doesn't have option OwnBook

[WARN  ] [05:19:14.434422] <   > fastchess --- Warning; Stash_17.0 doesn't have option OwnBook

[WARN  ] [05:20:25.739021] <   > fastchess --- Warning; Stash_17.0 doesn't have option OwnBook

[WARN  ] [05:20:28.487237] <   > fastchess --- Warning; Stash_17.0 doesn't have option OwnBook

[WARN  ] [05:21:11.051903] <   > fastchess --- Warning; Stash_17.0 doesn't have option OwnBook

[WARN  ] [05:21:48.688487] <   > fastchess --- Warning; Stash_17.0 doesn't have option OwnBook

[WARN  ] [05:22:30.829421] <   > fastchess --- Warning; Stash_17.0 doesn't have option OwnBook

[WARN  ] [05:23:17.540159] <   > fastchess --- Warning; Stash_17.0 doesn't have option OwnBook

[WARN  ] [05:23:52.659843] <   > fastchess --- Warning; Stash_17.0 doesn't have option OwnBook

[WARN  ] [05:24:47.980721] <   > fastchess --- Warning; Stash_17.0 doesn't have option OwnBook

[WARN  ] [05:24:50.640981] <   > fastchess --- Warning; Stash_17.0 doesn't have option OwnBook

[WARN  ] [05:26:11.128437] <   > fastchess --- Warning; Stash_17.0 doesn't have option OwnBook

[WARN  ] [05:26:15.975041] <   > fastchess --- Warning; Stash_17.0 doesn't have option OwnBook

[WARN  ] [05:27:35.216843] <   > fastchess --- Warning; Stash_17.0 doesn't have option OwnBook

[WARN  ] [05:27:36.264216] <   > fastchess --- Warning; Stash_17.0 doesn't have option OwnBook

[WARN  ] [05:27:37.141422] <   > fastchess --- Warning; Stash_17.0 doesn't have option OwnBook

[WARN  ] [05:28:35.307553] <   > fastchess --- Warning; Stash_17.0 doesn't have option OwnBook

[WARN  ] [05:28:58.143458] <   > fastchess --- Warning; Stash_17.0 doesn't have option OwnBook

[WARN  ] [05:29:14.585680] <   > fastchess --- Warning; Stash_17.0 doesn't have option OwnBook

[WARN  ] [05:29:44.907882] <   > fastchess --- Warning; Stash_17.0 doesn't have option OwnBook

[WARN  ] [05:31:14.342247] <   > fastchess --- Warning; Stash_17.0 doesn't have option OwnBook

[WARN  ] [05:31:18.483390] <   > fastchess --- Warning; Stash_17.0 doesn't have option OwnBook

[WARN  ] [05:31:25.560831] <   > fastchess --- Warning; Stash_17.0 doesn't have option OwnBook

[WARN  ] [05:32:14.680394] <   > fastchess --- Warning; Stash_17.0 doesn't have option OwnBook

[WARN  ] [05:34:03.461735] <   > fastchess --- Warning; Stash_17.0 doesn't have option OwnBook

[WARN  ] [05:34:10.422798] <   > fastchess --- Warning; Stash_17.0 doesn't have option OwnBook

[WARN  ] [05:34:11.801678] <   > fastchess --- Warning; Stash_17.0 doesn't have option OwnBook

[WARN  ] [05:34:36.333359] <   > fastchess --- Warning; Stash_17.0 doesn't have option OwnBook

[WARN  ] [05:36:19.185569] <   > fastchess --- Warning; Stash_17.0 doesn't have option OwnBook

[WARN  ] [05:36:20.102393] <   > fastchess --- Warning; Stash_17.0 doesn't have option OwnBook

[WARN  ] [05:37:02.417412] <   > fastchess --- Warning; Stash_17.0 doesn't have option OwnBook

[WARN  ] [05:37:04.547947] <   > fastchess --- Warning; Stash_17.0 doesn't have option OwnBook

[WARN  ] [05:38:28.477541] <   > fastchess --- Warning; Stash_17.0 doesn't have option OwnBook

[WARN  ] [05:38:36.904969] <   > fastchess --- Warning; Stash_17.0 doesn't have option OwnBook

[WARN  ] [05:38:41.819909] <   > fastchess --- Warning; Stash_17.0 doesn't have option OwnBook

[WARN  ] [05:39:20.321009] <   > fastchess --- Warning; Stash_17.0 doesn't have option OwnBook

[WARN  ] [05:40:36.783885] <   > fastchess --- Warning; Stash_17.0 doesn't have option OwnBook

[WARN  ] [05:41:12.888265] <   > fastchess --- Warning; Stash_17.0 doesn't have option OwnBook

[WARN  ] [05:41:35.766634] <   > fastchess --- Warning; Stash_17.0 doesn't have option OwnBook

[WARN  ] [05:42:28.638590] <   > fastchess --- Warning; Stash_17.0 doesn't have option OwnBook

[WARN  ] [05:42:57.159349] <   > fastchess --- Warning; Stash_17.0 doesn't have option OwnBook

[WARN  ] [05:44:11.402217] <   > fastchess --- Warning; Stash_17.0 doesn't have option OwnBook

[WARN  ] [05:44:29.351098] <   > fastchess --- Warning; Stash_17.0 doesn't have option OwnBook

[WARN  ] [05:44:44.913393] <   > fastchess --- Warning; Stash_17.0 doesn't have option OwnBook

[WARN  ] [05:45:19.681604] <   > fastchess --- Warning; Stash_17.0 doesn't have option OwnBook

[WARN  ] [05:46:56.775625] <   > fastchess --- Warning; Stash_17.0 doesn't have option OwnBook

[WARN  ] [05:47:22.213192] <   > fastchess --- Warning; Stash_17.0 doesn't have option OwnBook

[WARN  ] [05:47:37.270310] <   > fastchess --- Warning; Stash_17.0 doesn't have option OwnBook

[WARN  ] [05:48:50.714390] <   > fastchess --- Warning; Stash_17.0 doesn't have option OwnBook

[WARN  ] [05:48:53.380588] <   > fastchess --- Warning; Stash_17.0 doesn't have option OwnBook

[WARN  ] [05:50:05.744480] <   > fastchess --- Warning; Stash_17.0 doesn't have option OwnBook

[WARN  ] [05:50:30.849239] <   > fastchess --- Warning; Stash_17.0 doesn't have option OwnBook

[WARN  ] [05:52:16.837477] <   > fastchess --- Warning; Stash_17.0 doesn't have option OwnBook

[WARN  ] [05:52:21.565031] <   > fastchess --- Warning; Stash_17.0 doesn't have option OwnBook

[WARN  ] [05:52:41.319764] <   > fastchess --- Warning; Stash_17.0 doesn't have option OwnBook

[WARN  ] [05:52:45.494087] <   > fastchess --- Warning; Stash_17.0 doesn't have option OwnBook

[WARN  ] [05:54:29.422116] <   > fastchess --- Warning; Stash_17.0 doesn't have option OwnBook

[WARN  ] [05:54:45.052830] <   > fastchess --- Warning; Stash_17.0 doesn't have option OwnBook

[WARN  ] [05:54:51.267826] <   > fastchess --- Warning; Stash_17.0 doesn't have option OwnBook

[WARN  ] [05:55:47.973539] <   > fastchess --- Warning; Stash_17.0 doesn't have option OwnBook

[WARN  ] [05:56:58.346415] <   > fastchess --- Warning; Stash_17.0 doesn't have option OwnBook

[WARN  ] [05:57:39.329822] <   > fastchess --- Warning; Stash_17.0 doesn't have option OwnBook

[WARN  ] [05:57:43.328902] <   > fastchess --- Warning; Stash_17.0 doesn't have option OwnBook

[WARN  ] [05:58:02.398371] <   > fastchess --- Warning; Stash_17.0 doesn't have option OwnBook

[WARN  ] [05:58:45.080534] <   > fastchess --- Warning; Stash_17.0 doesn't have option OwnBook

[WARN  ] [05:59:48.717780] <   > fastchess --- Warning; Stash_17.0 doesn't have option OwnBook

[WARN  ] [06:00:02.285487] <   > fastchess --- Warning; Stash_17.0 doesn't have option OwnBook

[WARN  ] [06:00:57.679098] <   > fastchess --- Warning; Stash_17.0 doesn't have option OwnBook

[WARN  ] [06:01:19.148971] <   > fastchess --- Warning; Stash_17.0 doesn't have option OwnBook

[WARN  ] [06:02:39.060406] <   > fastchess --- Warning; Stash_17.0 doesn't have option OwnBook

[WARN  ] [06:03:01.274685] <   > fastchess --- Warning; Stash_17.0 doesn't have option OwnBook

[WARN  ] [06:04:18.967026] <   > fastchess --- Warning; Stash_17.0 doesn't have option OwnBook

[WARN  ] [06:05:26.730918] <   > fastchess --- Warning; Stash_17.0 doesn't have option OwnBook

[WARN  ] [06:05:39.218056] <   > fastchess --- Warning; Stash_17.0 doesn't have option OwnBook

[WARN  ] [06:05:59.314690] <   > fastchess --- Warning; Stash_17.0 doesn't have option OwnBook

[WARN  ] [06:06:43.094324] <   > fastchess --- Warning; Stash_17.0 doesn't have option OwnBook

[WARN  ] [06:07:47.152875] <   > fastchess --- Warning; Stash_17.0 doesn't have option OwnBook

[WARN  ] [06:07:59.272674] <   > fastchess --- Warning; Stash_17.0 doesn't have option OwnBook

[WARN  ] [06:08:27.555797] <   > fastchess --- Warning; Stash_17.0 doesn't have option OwnBook

[WARN  ] [06:08:54.576735] <   > fastchess --- Warning; Stash_17.0 doesn't have option OwnBook

[WARN  ] [06:10:10.886485] <   > fastchess --- Warning; Stash_17.0 doesn't have option OwnBook

[WARN  ] [06:11:13.926859] <   > fastchess --- Warning; Stash_17.0 doesn't have option OwnBook

[WARN  ] [06:11:17.853104] <   > fastchess --- Warning; Stash_17.0 doesn't have option OwnBook

[WARN  ] [06:11:26.478065] <   > fastchess --- Warning; Stash_17.0 doesn't have option OwnBook

[WARN  ] [06:12:22.748572] <   > fastchess --- Warning; Stash_17.0 doesn't have option OwnBook

[WARN  ] [06:13:41.698855] <   > fastchess --- Warning; Stash_17.0 doesn't have option OwnBook

[WARN  ] [06:13:43.543037] <   > fastchess --- Warning; Stash_17.0 doesn't have option OwnBook

[WARN  ] [06:14:01.003953] <   > fastchess --- Warning; Stash_17.0 doesn't have option OwnBook

[WARN  ] [06:14:36.921925] <   > fastchess --- Warning; Stash_17.0 doesn't have option OwnBook

[WARN  ] [06:15:34.305338] <   > fastchess --- Warning; Stash_17.0 doesn't have option OwnBook

[WARN  ] [06:15:58.328945] <   > fastchess --- Warning; Stash_17.0 doesn't have option OwnBook

[WARN  ] [06:16:26.310691] <   > fastchess --- Warning; Stash_17.0 doesn't have option OwnBook

[WARN  ] [06:17:18.596475] <   > fastchess --- Warning; Stash_17.0 doesn't have option OwnBook

[WARN  ] [06:17:22.244628] <   > fastchess --- Warning; Stash_17.0 doesn't have option OwnBook

[WARN  ] [06:18:04.338663] <   > fastchess --- Warning; Stash_17.0 doesn't have option OwnBook

[WARN  ] [06:18:10.808242] <   > fastchess --- Warning; Stash_17.0 doesn't have option OwnBook

[WARN  ] [06:18:42.437159] <   > fastchess --- Warning; Stash_17.0 doesn't have option OwnBook

[WARN  ] [06:19:32.682684] <   > fastchess --- Warning; Stash_17.0 doesn't have option OwnBook

[WARN  ] [06:19:51.051893] <   > fastchess --- Warning; Stash_17.0 doesn't have option OwnBook

[WARN  ] [06:21:19.631143] <   > fastchess --- Warning; Stash_17.0 doesn't have option OwnBook

[WARN  ] [06:22:02.751751] <   > fastchess --- Warning; Stash_17.0 doesn't have option OwnBook

[WARN  ] [06:22:20.559148] <   > fastchess --- Warning; Stash_17.0 doesn't have option OwnBook

[WARN  ] [06:22:31.049444] <   > fastchess --- Warning; Stash_17.0 doesn't have option OwnBook

[WARN  ] [06:23:23.057093] <   > fastchess --- Warning; Stash_17.0 doesn't have option OwnBook

[WARN  ] [06:24:09.680167] <   > fastchess --- Warning; Stash_17.0 doesn't have option OwnBook

[WARN  ] [06:24:36.845480] <   > fastchess --- Warning; Stash_17.0 doesn't have option OwnBook

[WARN  ] [06:25:37.335106] <   > fastchess --- Warning; Stash_17.0 doesn't have option OwnBook

[INFO  ] [06:28:39.462261] <   > fastchess --- 

[INFO  ] [06:28:39.462292] <   > fastchess --- Player: Stash_17.0

[INFO  ] [06:28:39.462312] <   > fastchess ---   Timeouts: 4

[INFO  ] [06:28:39.462324] <   > fastchess ---   Crashed: 0

[INFO  ] [06:28:39.462334] <   > fastchess --- 

[INFO  ] [06:28:40.339644] <   > fastchess --- Finished match

[INFO  ] [06:28:40.339705] <   > fastchess --- Total Time: 10:57:44 (hours:minutes:seconds)


