[INFO  ] [07:59:42.609261] <   > fastchess --- fastchess alpha 1.8.0 compiled for windows-latest 20260128-072859b (CI) 
[INFO  ] [07:59:42.609361] <   > fastchess --- Setting seed to: 9054734325604402291
[INFO  ] [07:59:42.638435] <   > fastchess --- Indexing opening suite...

[INFO  ] [07:59:42.647810] <   > fastchess --- Starting tournament...
[WARN  ] [07:59:42.996979] <   > fastchess --- Warning; Stash_12.0 doesn't have option OwnBook

[WARN  ] [07:59:42.997716] <   > fastchess --- Warning; Stash_12.0 doesn't have option OwnBook

[WARN  ] [07:59:43.227575] <   > fastchess --- Warning; Stash_12.0 doesn't have option OwnBook

[WARN  ] [07:59:43.227887] <   > fastchess --- Warning; Stash_12.0 doesn't have option OwnBook

[WARN  ] [07:59:58.357875] <   > fastchess --- Warning; Stash_12.0 doesn't have option OwnBook

[WARN  ] [07:59:58.913137] <   > fastchess --- Warning; Stash_12.0 doesn't have option OwnBook

[WARN  ] [08:00:06.867123] <   > fastchess --- Warning; Stash_12.0 doesn't have option OwnBook

[WARN  ] [08:00:23.998387] <   > fastchess --- Warning; Stash_12.0 doesn't have option OwnBook

[WARN  ] [08:00:26.039575] <   > fastchess --- Warning; Stash_12.0 doesn't have option OwnBook

[WARN  ] [08:00:28.045459] <   > fastchess --- Warning; Stash_12.0 doesn't have option OwnBook

[WARN  ] [08:00:39.884271] <   > fastchess --- Warning; Stash_12.0 doesn't have option OwnBook

[WARN  ] [08:00:42.826484] <   > fastchess --- Warning; Stash_12.0 doesn't have option OwnBook

[WARN  ] [08:00:49.999681] <   > fastchess --- Warning; Stash_12.0 doesn't have option OwnBook

[WARN  ] [08:00:50.749661] <   > fastchess --- Warning; Stash_12.0 doesn't have option OwnBook

[WARN  ] [08:01:03.738570] <   > fastchess --- Warning; Stash_12.0 doesn't have option OwnBook

[WARN  ] [08:01:08.983491] <   > fastchess --- Warning; Stash_12.0 doesn't have option OwnBook

[WARN  ] [08:01:16.736139] <   > fastchess --- Warning; Stash_12.0 doesn't have option OwnBook

[WARN  ] [08:01:25.358188] <   > fastchess --- Warning; Stash_12.0 doesn't have option OwnBook

[WARN  ] [08:01:26.069692] <   > fastchess --- Warning; Stash_12.0 doesn't have option OwnBook

[WARN  ] [08:01:32.389419] <   > fastchess --- Warning; Stash_12.0 doesn't have option OwnBook

[WARN  ] [08:01:41.418260] <   > fastchess --- Warning; Stash_12.0 doesn't have option OwnBook

[WARN  ] [08:01:52.309036] <   > fastchess --- Warning; Stash_12.0 doesn't have option OwnBook

[WARN  ] [08:01:54.143984] <   > fastchess --- Warning; Stash_12.0 doesn't have option OwnBook

[WARN  ] [08:02:06.074581] <   > fastchess --- Warning; Stash_12.0 doesn't have option OwnBook

[WARN  ] [08:02:08.781980] <   > fastchess --- Warning; Stash_12.0 doesn't have option OwnBook

[WARN  ] [08:02:09.612803] <   > fastchess --- Warning; Stash_12.0 doesn't have option OwnBook

[WARN  ] [08:02:18.530764] <   > fastchess --- Warning; Stash_12.0 doesn't have option OwnBook

[WARN  ] [08:02:19.827415] <   > fastchess --- Warning; Stash_12.0 doesn't have option OwnBook

[WARN  ] [08:02:21.557505] <   > fastchess --- Warning; Stash_12.0 doesn't have option OwnBook

[WARN  ] [08:02:24.232404] <   > fastchess --- Warning; Stash_12.0 doesn't have option OwnBook

[WARN  ] [08:02:34.486070] <   > fastchess --- Warning; Stash_12.0 doesn't have option OwnBook

[WARN  ] [08:02:44.283266] <   > fastchess --- Warning; Stash_12.0 doesn't have option OwnBook

[WARN  ] [08:02:49.918821] <   > fastchess --- Warning; Stash_12.0 doesn't have option OwnBook

[WARN  ] [08:02:56.202227] <   > fastchess --- Warning; Stash_12.0 doesn't have option OwnBook

[WARN  ] [08:02:57.092085] <   > fastchess --- Warning; Stash_12.0 doesn't have option OwnBook

[WARN  ] [08:03:07.434432] <   > fastchess --- Warning; Stash_12.0 doesn't have option OwnBook

[WARN  ] [08:03:09.060708] <   > fastchess --- Warning; Stash_12.0 doesn't have option OwnBook

[WARN  ] [08:03:10.525449] <   > fastchess --- Warning; Stash_12.0 doesn't have option OwnBook

[WARN  ] [08:03:19.107645] <   > fastchess --- Warning; Stash_12.0 doesn't have option OwnBook

[WARN  ] [08:03:31.013936] <   > fastchess --- Warning; Stash_12.0 doesn't have option OwnBook

[WARN  ] [08:03:34.118750] <   > fastchess --- Warning; Stash_12.0 doesn't have option OwnBook

[WARN  ] [08:03:37.109945] <   > fastchess --- Warning; Stash_12.0 doesn't have option OwnBook

[WARN  ] [08:03:46.944716] <   > fastchess --- Warning; Stash_12.0 doesn't have option OwnBook

[WARN  ] [08:04:00.124269] <   > fastchess --- Warning; Stash_12.0 doesn't have option OwnBook

[WARN  ] [08:04:07.210736] <   > fastchess --- Warning; Stash_12.0 doesn't have option OwnBook

[WARN  ] [08:04:11.801461] <   > fastchess --- Warning; Stash_12.0 doesn't have option OwnBook

[WARN  ] [08:04:13.671613] <   > fastchess --- Warning; Stash_12.0 doesn't have option OwnBook

[WARN  ] [08:04:27.779744] <   > fastchess --- Warning; Stash_12.0 doesn't have option OwnBook

[WARN  ] [08:04:28.692543] <   > fastchess --- Warning; Stash_12.0 doesn't have option OwnBook

[WARN  ] [08:04:35.477694] <   > fastchess --- Warning; Stash_12.0 doesn't have option OwnBook

[WARN  ] [08:04:39.460315] <   > fastchess --- Warning; Stash_12.0 doesn't have option OwnBook

[WARN  ] [08:04:46.791810] <   > fastchess --- Warning; Stash_12.0 doesn't have option OwnBook

[WARN  ] [08:05:04.137133] <   > fastchess --- Warning; Stash_12.0 doesn't have option OwnBook

[WARN  ] [08:05:04.906563] <   > fastchess --- Warning; Stash_12.0 doesn't have option OwnBook

[WARN  ] [08:05:04.936065] <   > fastchess --- Warning; Stash_12.0 doesn't have option OwnBook

[WARN  ] [08:05:22.291960] <   > fastchess --- Warning; Stash_12.0 doesn't have option OwnBook

[WARN  ] [08:05:27.200063] <   > fastchess --- Warning; Stash_12.0 doesn't have option OwnBook

[WARN  ] [08:05:28.359552] <   > fastchess --- Warning; Stash_12.0 doesn't have option OwnBook

[WARN  ] [08:05:33.147376] <   > fastchess --- Warning; Stash_12.0 doesn't have option OwnBook

[WARN  ] [08:05:39.156262] <   > fastchess --- Warning; Stash_12.0 doesn't have option OwnBook

[WARN  ] [08:05:45.674805] <   > fastchess --- Warning; Stash_12.0 doesn't have option OwnBook

[WARN  ] [08:05:48.170861] <   > fastchess --- Warning; Stash_12.0 doesn't have option OwnBook

[WARN  ] [08:05:55.497808] <   > fastchess --- Warning; Stash_12.0 doesn't have option OwnBook

[WARN  ] [08:06:02.336391] <   > fastchess --- Warning; Stash_12.0 doesn't have option OwnBook

[WARN  ] [08:06:02.578631] <   > fastchess --- Warning; Stash_12.0 doesn't have option OwnBook

[WARN  ] [08:06:07.438557] <   > fastchess --- Warning; Stash_12.0 doesn't have option OwnBook

[WARN  ] [08:06:20.750548] <   > fastchess --- Warning; Stash_12.0 doesn't have option OwnBook

[WARN  ] [08:06:22.434827] <   > fastchess --- Warning; Stash_12.0 doesn't have option OwnBook

[WARN  ] [08:06:30.472895] <   > fastchess --- Warning; Stash_12.0 doesn't have option OwnBook

[WARN  ] [08:06:34.477569] <   > fastchess --- Warning; Stash_12.0 doesn't have option OwnBook

[WARN  ] [08:06:42.317503] <   > fastchess --- Warning; Stash_12.0 doesn't have option OwnBook

[WARN  ] [08:06:49.074533] <   > fastchess --- Warning; Stash_12.0 doesn't have option OwnBook

[WARN  ] [08:06:55.930495] <   > fastchess --- Warning; Stash_12.0 doesn't have option OwnBook

[WARN  ] [08:07:01.023113] <   > fastchess --- Warning; Stash_12.0 doesn't have option OwnBook

[WARN  ] [08:07:14.196560] <   > fastchess --- Warning; Stash_12.0 doesn't have option OwnBook

[WARN  ] [08:07:17.150018] <   > fastchess --- Warning; Stash_12.0 doesn't have option OwnBook

[WARN  ] [08:07:21.285288] <   > fastchess --- Warning; Stash_12.0 doesn't have option OwnBook

[WARN  ] [08:07:23.914542] <   > fastchess --- Warning; Stash_12.0 doesn't have option OwnBook

[WARN  ] [08:07:37.459723] <   > fastchess --- Warning; Stash_12.0 doesn't have option OwnBook

[WARN  ] [08:07:38.877642] <   > fastchess --- Warning; Stash_12.0 doesn't have option OwnBook

[WARN  ] [08:07:42.676631] <   > fastchess --- Warning; Stash_12.0 doesn't have option OwnBook

[WARN  ] [08:07:51.366719] <   > fastchess --- Warning; Stash_12.0 doesn't have option OwnBook

[WARN  ] [08:08:00.233223] <   > fastchess --- Warning; Stash_12.0 doesn't have option OwnBook

[WARN  ] [08:08:06.467204] <   > fastchess --- Warning; Stash_12.0 doesn't have option OwnBook

[WARN  ] [08:08:10.541561] <   > fastchess --- Warning; Stash_12.0 doesn't have option OwnBook

[WARN  ] [08:08:21.651833] <   > fastchess --- Warning; Stash_12.0 doesn't have option OwnBook

[WARN  ] [08:08:22.170718] <   > fastchess --- Warning; Stash_12.0 doesn't have option OwnBook

[WARN  ] [08:08:31.310882] <   > fastchess --- Warning; Stash_12.0 doesn't have option OwnBook

[WARN  ] [08:08:31.641961] <   > fastchess --- Warning; Stash_12.0 doesn't have option OwnBook

[WARN  ] [08:08:35.472815] <   > fastchess --- Warning; Stash_12.0 doesn't have option OwnBook

[WARN  ] [08:08:47.676873] <   > fastchess --- Warning; Stash_12.0 doesn't have option OwnBook

[WARN  ] [08:08:53.440235] <   > fastchess --- Warning; Stash_12.0 doesn't have option OwnBook

[WARN  ] [08:09:02.479333] <   > fastchess --- Warning; Stash_12.0 doesn't have option OwnBook

[WARN  ] [08:09:07.894595] <   > fastchess --- Warning; Stash_12.0 doesn't have option OwnBook

[WARN  ] [08:09:15.451490] <   > fastchess --- Warning; Stash_12.0 doesn't have option OwnBook

[WARN  ] [08:09:15.737693] <   > fastchess --- Warning; Stash_12.0 doesn't have option OwnBook

[WARN  ] [08:09:17.754214] <   > fastchess --- Warning; Stash_12.0 doesn't have option OwnBook

[WARN  ] [08:09:31.236889] <   > fastchess --- Warning; Stash_12.0 doesn't have option OwnBook

[WARN  ] [08:09:40.079348] <   > fastchess --- Warning; Stash_12.0 doesn't have option OwnBook

[WARN  ] [08:09:41.403510] <   > fastchess --- Warning; Stash_12.0 doesn't have option OwnBook

[WARN  ] [08:09:42.820509] <   > fastchess --- Warning; Stash_12.0 doesn't have option OwnBook

[WARN  ] [08:09:52.398359] <   > fastchess --- Warning; Stash_12.0 doesn't have option OwnBook

[WARN  ] [08:10:00.137551] <   > fastchess --- Warning; Stash_12.0 doesn't have option OwnBook

[WARN  ] [08:10:03.484544] <   > fastchess --- Warning; Stash_12.0 doesn't have option OwnBook

[WARN  ] [08:10:12.401269] <   > fastchess --- Warning; Stash_12.0 doesn't have option OwnBook

[WARN  ] [08:10:17.644475] <   > fastchess --- Warning; Stash_12.0 doesn't have option OwnBook

[WARN  ] [08:10:19.104610] <   > fastchess --- Warning; Stash_12.0 doesn't have option OwnBook

[WARN  ] [08:10:33.176124] <   > fastchess --- Warning; Stash_12.0 doesn't have option OwnBook

[WARN  ] [08:10:34.457692] <   > fastchess --- Warning; Stash_12.0 doesn't have option OwnBook

[WARN  ] [08:10:39.022696] <   > fastchess --- Warning; Stash_12.0 doesn't have option OwnBook

[WARN  ] [08:10:42.583782] <   > fastchess --- Warning; Stash_12.0 doesn't have option OwnBook

[WARN  ] [08:10:44.909922] <   > fastchess --- Warning; Stash_12.0 doesn't have option OwnBook

[WARN  ] [08:11:00.000771] <   > fastchess --- Warning; Stash_12.0 doesn't have option OwnBook

[WARN  ] [08:11:07.761283] <   > fastchess --- Warning; Stash_12.0 doesn't have option OwnBook

[WARN  ] [08:11:13.380400] <   > fastchess --- Warning; Stash_12.0 doesn't have option OwnBook

[WARN  ] [08:11:17.500450] <   > fastchess --- Warning; Stash_12.0 doesn't have option OwnBook

[WARN  ] [08:11:27.097029] <   > fastchess --- Warning; Stash_12.0 doesn't have option OwnBook

[WARN  ] [08:11:35.273179] <   > fastchess --- Warning; Stash_12.0 doesn't have option OwnBook

[WARN  ] [08:11:38.449512] <   > fastchess --- Warning; Stash_12.0 doesn't have option OwnBook

[WARN  ] [08:11:46.267276] <   > fastchess --- Warning; Stash_12.0 doesn't have option OwnBook

[WARN  ] [08:11:52.113710] <   > fastchess --- Warning; Stash_12.0 doesn't have option OwnBook

[WARN  ] [08:12:01.705314] <   > fastchess --- Warning; Stash_12.0 doesn't have option OwnBook

[WARN  ] [08:12:03.287435] <   > fastchess --- Warning; Stash_12.0 doesn't have option OwnBook

[WARN  ] [08:12:06.399256] <   > fastchess --- Warning; Stash_12.0 doesn't have option OwnBook

[WARN  ] [08:12:06.708417] <   > fastchess --- Warning; Stash_12.0 doesn't have option OwnBook

[WARN  ] [08:12:16.182671] <   > fastchess --- Warning; Stash_12.0 doesn't have option OwnBook

[WARN  ] [08:12:24.728009] <   > fastchess --- Warning; Stash_12.0 doesn't have option OwnBook

[WARN  ] [08:12:25.167832] <   > fastchess --- Warning; Stash_12.0 doesn't have option OwnBook

[WARN  ] [08:12:30.623745] <   > fastchess --- Warning; Stash_12.0 doesn't have option OwnBook

[WARN  ] [08:12:34.634890] <   > fastchess --- Warning; Stash_12.0 doesn't have option OwnBook

[WARN  ] [08:12:43.839830] <   > fastchess --- Warning; Stash_12.0 doesn't have option OwnBook

[WARN  ] [08:12:48.576165] <   > fastchess --- Warning; Stash_12.0 doesn't have option OwnBook

[WARN  ] [08:12:49.582922] <   > fastchess --- Warning; Stash_12.0 doesn't have option OwnBook

[WARN  ] [08:12:56.439759] <   > fastchess --- Warning; Stash_12.0 doesn't have option OwnBook

[WARN  ] [08:13:03.860757] <   > fastchess --- Warning; Stash_12.0 doesn't have option OwnBook

[WARN  ] [08:13:07.588149] <   > fastchess --- Warning; Stash_12.0 doesn't have option OwnBook

[WARN  ] [08:13:13.966911] <   > fastchess --- Warning; Stash_12.0 doesn't have option OwnBook

[WARN  ] [08:13:16.716796] <   > fastchess --- Warning; Stash_12.0 doesn't have option OwnBook

[WARN  ] [08:13:22.268075] <   > fastchess --- Warning; Stash_12.0 doesn't have option OwnBook

[WARN  ] [08:13:22.519946] <   > fastchess --- Warning; Stash_12.0 doesn't have option OwnBook

[WARN  ] [08:13:23.942279] <   > fastchess --- Warning; Stash_12.0 doesn't have option OwnBook

[WARN  ] [08:13:45.281000] <   > fastchess --- Warning; Stash_12.0 doesn't have option OwnBook

[WARN  ] [08:13:50.170501] <   > fastchess --- Warning; Stash_12.0 doesn't have option OwnBook

[WARN  ] [08:13:55.011005] <   > fastchess --- Warning; Stash_12.0 doesn't have option OwnBook

[WARN  ] [08:14:09.321882] <   > fastchess --- Warning; Stash_12.0 doesn't have option OwnBook

[WARN  ] [08:14:19.116084] <   > fastchess --- Warning; Stash_12.0 doesn't have option OwnBook

[WARN  ] [08:14:23.854311] <   > fastchess --- Warning; Stash_12.0 doesn't have option OwnBook

[WARN  ] [08:14:35.293380] <   > fastchess --- Warning; Stash_12.0 doesn't have option OwnBook

[WARN  ] [08:14:35.753069] <   > fastchess --- Warning; Stash_12.0 doesn't have option OwnBook

[WARN  ] [08:14:37.194792] <   > fastchess --- Warning; Stash_12.0 doesn't have option OwnBook

[WARN  ] [08:14:46.864313] <   > fastchess --- Warning; Stash_12.0 doesn't have option OwnBook

[WARN  ] [08:14:48.152448] <   > fastchess --- Warning; Stash_12.0 doesn't have option OwnBook

[WARN  ] [08:15:04.347895] <   > fastchess --- Warning; Stash_12.0 doesn't have option OwnBook

[WARN  ] [08:15:04.687280] <   > fastchess --- Warning; Stash_12.0 doesn't have option OwnBook

[WARN  ] [08:15:17.669870] <   > fastchess --- Warning; Stash_12.0 doesn't have option OwnBook

[WARN  ] [08:15:20.890303] <   > fastchess --- Warning; Stash_12.0 doesn't have option OwnBook

[WARN  ] [08:15:21.626064] <   > fastchess --- Warning; Stash_12.0 doesn't have option OwnBook

[WARN  ] [08:15:25.319233] <   > fastchess --- Warning; Stash_12.0 doesn't have option OwnBook

[WARN  ] [08:15:36.541808] <   > fastchess --- Warning; Stash_12.0 doesn't have option OwnBook

[WARN  ] [08:15:42.188405] <   > fastchess --- Warning; Stash_12.0 doesn't have option OwnBook

[WARN  ] [08:15:43.649394] <   > fastchess --- Warning; Stash_12.0 doesn't have option OwnBook

[WARN  ] [08:15:46.444049] <   > fastchess --- Warning; Stash_12.0 doesn't have option OwnBook

[WARN  ] [08:15:56.257459] <   > fastchess --- Warning; Stash_12.0 doesn't have option OwnBook

[WARN  ] [08:16:06.086051] <   > fastchess --- Warning; Stash_12.0 doesn't have option OwnBook

[WARN  ] [08:16:08.386480] <   > fastchess --- Warning; Stash_12.0 doesn't have option OwnBook

[WARN  ] [08:16:11.165617] <   > fastchess --- Warning; Stash_12.0 doesn't have option OwnBook

[WARN  ] [08:16:22.013451] <   > fastchess --- Warning; Stash_12.0 doesn't have option OwnBook

[WARN  ] [08:16:25.335308] <   > fastchess --- Warning; Stash_12.0 doesn't have option OwnBook

[WARN  ] [08:16:26.840393] <   > fastchess --- Warning; Stash_12.0 doesn't have option OwnBook

[WARN  ] [08:16:30.650882] <   > fastchess --- Warning; Stash_12.0 doesn't have option OwnBook

[WARN  ] [08:16:42.540899] <   > fastchess --- Warning; Stash_12.0 doesn't have option OwnBook

[WARN  ] [08:16:57.782821] <   > fastchess --- Warning; Stash_12.0 doesn't have option OwnBook

[WARN  ] [08:17:03.595697] <   > fastchess --- Warning; Stash_12.0 doesn't have option OwnBook

[WARN  ] [08:17:09.333531] <   > fastchess --- Warning; Stash_12.0 doesn't have option OwnBook

[WARN  ] [08:17:14.913718] <   > fastchess --- Warning; Stash_12.0 doesn't have option OwnBook

[WARN  ] [08:17:18.981167] <   > fastchess --- Warning; Stash_12.0 doesn't have option OwnBook

[WARN  ] [08:17:24.906716] <   > fastchess --- Warning; Stash_12.0 doesn't have option OwnBook

[WARN  ] [08:17:27.602723] <   > fastchess --- Warning; Stash_12.0 doesn't have option OwnBook

[WARN  ] [08:17:42.619075] <   > fastchess --- Warning; Stash_12.0 doesn't have option OwnBook

[WARN  ] [08:17:46.946794] <   > fastchess --- Warning; Stash_12.0 doesn't have option OwnBook

[WARN  ] [08:17:48.065682] <   > fastchess --- Warning; Stash_12.0 doesn't have option OwnBook

[WARN  ] [08:17:48.683055] <   > fastchess --- Warning; Stash_12.0 doesn't have option OwnBook

[WARN  ] [08:18:01.189447] <   > fastchess --- Warning; Stash_12.0 doesn't have option OwnBook

[WARN  ] [08:18:01.977714] <   > fastchess --- Warning; Stash_12.0 doesn't have option OwnBook

[WARN  ] [08:18:03.651570] <   > fastchess --- Warning; Stash_12.0 doesn't have option OwnBook

[WARN  ] [08:18:05.571215] <   > fastchess --- Warning; Stash_12.0 doesn't have option OwnBook

[WARN  ] [08:18:20.395458] <   > fastchess --- Warning; Stash_12.0 doesn't have option OwnBook

[WARN  ] [08:18:20.457762] <   > fastchess --- Warning; Stash_12.0 doesn't have option OwnBook

[WARN  ] [08:18:23.619276] <   > fastchess --- Warning; Stash_12.0 doesn't have option OwnBook

[WARN  ] [08:18:31.201926] <   > fastchess --- Warning; Stash_12.0 doesn't have option OwnBook

[WARN  ] [08:18:36.455055] <   > fastchess --- Warning; Stash_12.0 doesn't have option OwnBook

[WARN  ] [08:18:48.551853] <   > fastchess --- Warning; Stash_12.0 doesn't have option OwnBook

[WARN  ] [08:18:50.142519] <   > fastchess --- Warning; Stash_12.0 doesn't have option OwnBook

[WARN  ] [08:18:57.117468] <   > fastchess --- Warning; Stash_12.0 doesn't have option OwnBook

[WARN  ] [08:19:05.984104] <   > fastchess --- Warning; Stash_12.0 doesn't have option OwnBook

[WARN  ] [08:19:14.475266] <   > fastchess --- Warning; Stash_12.0 doesn't have option OwnBook

[WARN  ] [08:19:18.352513] <   > fastchess --- Warning; Stash_12.0 doesn't have option OwnBook

[WARN  ] [08:19:23.660924] <   > fastchess --- Warning; Stash_12.0 doesn't have option OwnBook

[WARN  ] [08:19:30.289437] <   > fastchess --- Warning; Stash_12.0 doesn't have option OwnBook

[WARN  ] [08:19:30.921065] <   > fastchess --- Warning; Stash_12.0 doesn't have option OwnBook

[INFO  ] [08:19:55.161829] <   > fastchess --- Finished match

[INFO  ] [08:19:55.161883] <   > fastchess --- Total Time: 00:20:12 (hours:minutes:seconds)


