[INFO  ] [17:58:54.800062] <   > fastchess --- fastchess alpha 1.8.0 compiled for windows-latest 20260128-072859b (CI) 
[INFO  ] [17:58:54.800184] <   > fastchess --- Setting seed to: 14415519318788071220
[INFO  ] [17:58:54.828900] <   > fastchess --- Indexing opening suite...

[INFO  ] [17:58:54.833547] <   > fastchess --- Starting tournament...
[WARN  ] [18:05:00.323912] <   > fastchess --- Warning; Illegal PV move - move h5h4 from Huginn_t10
Info; info depth 5 seldepth 5 multipv 1 score cp 90 nodes 413 nps 413000 hashfull 1000 tbhits 0 time 0 pv f6f5 b3a4 f5g4 a4a5 g4g3 a5a6 g3h4 a6b5 h5h4 b5c5
Position; fen rnbqkbnr/ppp3pp/3p4/4pp2/8/PP1P4/2P1PPPP/RNBQKBNR w KQkq - 0 4
Moves; e2e4 b8c6 b1c3 g8f6 g2g3 d6d5 f1g2 d5e4 d3e4 d8d1 e1d1 f8c5 c3d5 a8b8 c1e3 c5e3 d5f6 g7f6 f2e3 c8e6 d1e2 e8e7 a1f1 f5e4 g2e4 c6a5 f1d1 h7h5 g1f3 f6f5 e4d5 b8d8 d5e6 e7e6 h1f1 d8d1 f1d1 h8g8 f3e1 b7b6 e2f1 a5c6 f1e2 c6a5 e2f1 a5c6 f1f2 g8d8 d1d8 c6d8 e1d3 c7c5 f2e2 d8f7 d3f2 f7g5 h2h4 g5f7 c2c4 f7d6 e2d3 e6f6 b3b4 a7a6 b4c5 b6c5 d3c3 f6e6 c3d3 e6f6 d3c3 d6e4 f2e4 f5e4 c3b3

[WARN  ] [18:05:00.325188] <   > fastchess --- Warning; Illegal PV move - move h5h4 from Huginn_t10
Info; info depth 6 seldepth 6 multipv 1 score cp 90 nodes 712 nps 712000 hashfull 1000 tbhits 0 time 0 pv f6f5 b3a4 f5g4 a4a5 g4g3 a5a6 g3h4 a6b5 h5h4 b5c5
Position; fen rnbqkbnr/ppp3pp/3p4/4pp2/8/PP1P4/2P1PPPP/RNBQKBNR w KQkq - 0 4
Moves; e2e4 b8c6 b1c3 g8f6 g2g3 d6d5 f1g2 d5e4 d3e4 d8d1 e1d1 f8c5 c3d5 a8b8 c1e3 c5e3 d5f6 g7f6 f2e3 c8e6 d1e2 e8e7 a1f1 f5e4 g2e4 c6a5 f1d1 h7h5 g1f3 f6f5 e4d5 b8d8 d5e6 e7e6 h1f1 d8d1 f1d1 h8g8 f3e1 b7b6 e2f1 a5c6 f1e2 c6a5 e2f1 a5c6 f1f2 g8d8 d1d8 c6d8 e1d3 c7c5 f2e2 d8f7 d3f2 f7g5 h2h4 g5f7 c2c4 f7d6 e2d3 e6f6 b3b4 a7a6 b4c5 b6c5 d3c3 f6e6 c3d3 e6f6 d3c3 d6e4 f2e4 f5e4 c3b3

[WARN  ] [18:05:00.325208] <   > fastchess --- Warning; Illegal PV move - move h5h4 from Huginn_t10
Info; info depth 7 seldepth 7 multipv 1 score cp 90 nodes 995 nps 995000 hashfull 1000 tbhits 0 time 0 pv f6f5 b3a4 f5g4 a4a5 g4g3 a5a6 g3h4 a6b5 h5h4 b5c5
Position; fen rnbqkbnr/ppp3pp/3p4/4pp2/8/PP1P4/2P1PPPP/RNBQKBNR w KQkq - 0 4
Moves; e2e4 b8c6 b1c3 g8f6 g2g3 d6d5 f1g2 d5e4 d3e4 d8d1 e1d1 f8c5 c3d5 a8b8 c1e3 c5e3 d5f6 g7f6 f2e3 c8e6 d1e2 e8e7 a1f1 f5e4 g2e4 c6a5 f1d1 h7h5 g1f3 f6f5 e4d5 b8d8 d5e6 e7e6 h1f1 d8d1 f1d1 h8g8 f3e1 b7b6 e2f1 a5c6 f1e2 c6a5 e2f1 a5c6 f1f2 g8d8 d1d8 c6d8 e1d3 c7c5 f2e2 d8f7 d3f2 f7g5 h2h4 g5f7 c2c4 f7d6 e2d3 e6f6 b3b4 a7a6 b4c5 b6c5 d3c3 f6e6 c3d3 e6f6 d3c3 d6e4 f2e4 f5e4 c3b3

[WARN  ] [18:05:00.325249] <   > fastchess --- Warning; Illegal PV move - move h5h4 from Huginn_t10
Info; info depth 8 seldepth 8 multipv 1 score cp 90 nodes 1377 nps 1377000 hashfull 1000 tbhits 0 time 0 pv f6f5 b3a4 f5g4 a4a5 g4g3 a5a6 g3h4 a6b5 h5h4 b5c5
Position; fen rnbqkbnr/ppp3pp/3p4/4pp2/8/PP1P4/2P1PPPP/RNBQKBNR w KQkq - 0 4
Moves; e2e4 b8c6 b1c3 g8f6 g2g3 d6d5 f1g2 d5e4 d3e4 d8d1 e1d1 f8c5 c3d5 a8b8 c1e3 c5e3 d5f6 g7f6 f2e3 c8e6 d1e2 e8e7 a1f1 f5e4 g2e4 c6a5 f1d1 h7h5 g1f3 f6f5 e4d5 b8d8 d5e6 e7e6 h1f1 d8d1 f1d1 h8g8 f3e1 b7b6 e2f1 a5c6 f1e2 c6a5 e2f1 a5c6 f1f2 g8d8 d1d8 c6d8 e1d3 c7c5 f2e2 d8f7 d3f2 f7g5 h2h4 g5f7 c2c4 f7d6 e2d3 e6f6 b3b4 a7a6 b4c5 b6c5 d3c3 f6e6 c3d3 e6f6 d3c3 d6e4 f2e4 f5e4 c3b3

[WARN  ] [18:05:00.515561] <   > fastchess --- Warning; Illegal PV move - move h5h4 from Huginn_t10
Info; info depth 2 seldepth 2 multipv 1 score cp 65 nodes 42 nps 42000 hashfull 1000 tbhits 0 time 0 pv f5g4 c2c3 g4g3 a3a4 g3h4 a4a5 h5h4 c3b2
Position; fen rnbqkbnr/ppp3pp/3p4/4pp2/8/PP1P4/2P1PPPP/RNBQKBNR w KQkq - 0 4
Moves; e2e4 b8c6 b1c3 g8f6 g2g3 d6d5 f1g2 d5e4 d3e4 d8d1 e1d1 f8c5 c3d5 a8b8 c1e3 c5e3 d5f6 g7f6 f2e3 c8e6 d1e2 e8e7 a1f1 f5e4 g2e4 c6a5 f1d1 h7h5 g1f3 f6f5 e4d5 b8d8 d5e6 e7e6 h1f1 d8d1 f1d1 h8g8 f3e1 b7b6 e2f1 a5c6 f1e2 c6a5 e2f1 a5c6 f1f2 g8d8 d1d8 c6d8 e1d3 c7c5 f2e2 d8f7 d3f2 f7g5 h2h4 g5f7 c2c4 f7d6 e2d3 e6f6 b3b4 a7a6 b4c5 b6c5 d3c3 f6e6 c3d3 e6f6 d3c3 d6e4 f2e4 f5e4 c3b3 f6f5 b3c2

[WARN  ] [18:05:00.515587] <   > fastchess --- Warning; Illegal PV move - move h5h4 from Huginn_t10
Info; info depth 3 seldepth 3 multipv 1 score cp 65 nodes 153 nps 153000 hashfull 1000 tbhits 0 time 0 pv f5g4 c2c3 g4g3 a3a4 g3h4 a4a5 h5h4 c3b2
Position; fen rnbqkbnr/ppp3pp/3p4/4pp2/8/PP1P4/2P1PPPP/RNBQKBNR w KQkq - 0 4
Moves; e2e4 b8c6 b1c3 g8f6 g2g3 d6d5 f1g2 d5e4 d3e4 d8d1 e1d1 f8c5 c3d5 a8b8 c1e3 c5e3 d5f6 g7f6 f2e3 c8e6 d1e2 e8e7 a1f1 f5e4 g2e4 c6a5 f1d1 h7h5 g1f3 f6f5 e4d5 b8d8 d5e6 e7e6 h1f1 d8d1 f1d1 h8g8 f3e1 b7b6 e2f1 a5c6 f1e2 c6a5 e2f1 a5c6 f1f2 g8d8 d1d8 c6d8 e1d3 c7c5 f2e2 d8f7 d3f2 f7g5 h2h4 g5f7 c2c4 f7d6 e2d3 e6f6 b3b4 a7a6 b4c5 b6c5 d3c3 f6e6 c3d3 e6f6 d3c3 d6e4 f2e4 f5e4 c3b3 f6f5 b3c2

[WARN  ] [18:05:00.515634] <   > fastchess --- Warning; Illegal PV move - move h5h4 from Huginn_t10
Info; info depth 4 seldepth 4 multipv 1 score cp 160 nodes 209 nps 209000 hashfull 1000 tbhits 0 time 0 pv f5g4 c2c3 g4g3 a3a4 g3h4 a4a5 h5h4 c3b2
Position; fen rnbqkbnr/ppp3pp/3p4/4pp2/8/PP1P4/2P1PPPP/RNBQKBNR w KQkq - 0 4
Moves; e2e4 b8c6 b1c3 g8f6 g2g3 d6d5 f1g2 d5e4 d3e4 d8d1 e1d1 f8c5 c3d5 a8b8 c1e3 c5e3 d5f6 g7f6 f2e3 c8e6 d1e2 e8e7 a1f1 f5e4 g2e4 c6a5 f1d1 h7h5 g1f3 f6f5 e4d5 b8d8 d5e6 e7e6 h1f1 d8d1 f1d1 h8g8 f3e1 b7b6 e2f1 a5c6 f1e2 c6a5 e2f1 a5c6 f1f2 g8d8 d1d8 c6d8 e1d3 c7c5 f2e2 d8f7 d3f2 f7g5 h2h4 g5f7 c2c4 f7d6 e2d3 e6f6 b3b4 a7a6 b4c5 b6c5 d3c3 f6e6 c3d3 e6f6 d3c3 d6e4 f2e4 f5e4 c3b3 f6f5 b3c2

[WARN  ] [18:05:01.240372] <   > fastchess --- Warning; Illegal PV move - move h5h4 from Huginn_current
Info; info depth 2 seldepth 2 multipv 1 score cp -210 nodes 42 nps 42000 hashfull 1000 tbhits 0 time 0 pv e2d2 g3h4 d2c3 h5h4 c3c2 a5a4 c2b1 h4h3 b1c2 h3h2 c2d2
Position; fen rnbqkbnr/ppp3pp/3p4/4pp2/8/PP1P4/2P1PPPP/RNBQKBNR w KQkq - 0 4
Moves; e2e4 b8c6 b1c3 g8f6 g2g3 d6d5 f1g2 d5e4 d3e4 d8d1 e1d1 f8c5 c3d5 a8b8 c1e3 c5e3 d5f6 g7f6 f2e3 c8e6 d1e2 e8e7 a1f1 f5e4 g2e4 c6a5 f1d1 h7h5 g1f3 f6f5 e4d5 b8d8 d5e6 e7e6 h1f1 d8d1 f1d1 h8g8 f3e1 b7b6 e2f1 a5c6 f1e2 c6a5 e2f1 a5c6 f1f2 g8d8 d1d8 c6d8 e1d3 c7c5 f2e2 d8f7 d3f2 f7g5 h2h4 g5f7 c2c4 f7d6 e2d3 e6f6 b3b4 a7a6 b4c5 b6c5 d3c3 f6e6 c3d3 e6f6 d3c3 d6e4 f2e4 f5e4 c3b3 f6f5 b3c2 f5g4 c2d1 g4g3 d1e2 a6a5

[WARN  ] [18:05:01.240404] <   > fastchess --- Warning; Illegal PV move - move h5h4 from Huginn_current
Info; info depth 3 seldepth 3 multipv 1 score cp -210 nodes 81 nps 81000 hashfull 1000 tbhits 0 time 0 pv e2d2 g3h4 d2c3 h5h4 c3c2 a5a4 c2b1 h4h3 b1c2 h3h2 c2d2
Position; fen rnbqkbnr/ppp3pp/3p4/4pp2/8/PP1P4/2P1PPPP/RNBQKBNR w KQkq - 0 4
Moves; e2e4 b8c6 b1c3 g8f6 g2g3 d6d5 f1g2 d5e4 d3e4 d8d1 e1d1 f8c5 c3d5 a8b8 c1e3 c5e3 d5f6 g7f6 f2e3 c8e6 d1e2 e8e7 a1f1 f5e4 g2e4 c6a5 f1d1 h7h5 g1f3 f6f5 e4d5 b8d8 d5e6 e7e6 h1f1 d8d1 f1d1 h8g8 f3e1 b7b6 e2f1 a5c6 f1e2 c6a5 e2f1 a5c6 f1f2 g8d8 d1d8 c6d8 e1d3 c7c5 f2e2 d8f7 d3f2 f7g5 h2h4 g5f7 c2c4 f7d6 e2d3 e6f6 b3b4 a7a6 b4c5 b6c5 d3c3 f6e6 c3d3 e6f6 d3c3 d6e4 f2e4 f5e4 c3b3 f6f5 b3c2 f5g4 c2d1 g4g3 d1e2 a6a5

[WARN  ] [18:11:14.943168] <   > fastchess --- Warning; PV continues after fifty-move rule - move b3c3 from Huginn_current
Info; info depth 1 seldepth 1 multipv 1 score cp -756 nodes 2 nps 2000 hashfull 1000 tbhits 0 time 0 pv a8a7 c1e2 a7a6 e2g1 a6a5 e5c3 a5a4 g1f3 a4b3 f3d2 b3c3 d2f1 c3b2
Position; fen r1bqkbnr/pppnpppp/8/3p4/P7/4P3/1PPPNPPP/RNBQKB1R w KQkq - 0 4
Moves; b1c3 e7e6 d2d4 d8h4 g2g3 h4f6 e2g1 f8b4 c1d2 c7c6 f2f4 g8e7 f1d3 a7a6 d1h5 g7g6 h5g5 f6g5 f4g5 e6e5 c3b1 b4d6 e1f2 c6c5 c2c3 h8f8 g1h3 d7b6 f2g2 b6c4 d2c1 c8f5 h3f2 c5d4 c3d4 f5d3 f2d3 e5e4 d3f2 c4a5 b1d2 e7f5 f2g4 d6e7 h2h4 a8c8 h1f1 b7b6 a1b1 c8c2 f1f2 c2c8 b2b4 a5b7 c1a3 c8c3 b1b3 c3b3 d2b3 b7d6 a3c1 d6c4 a4a5 b6a5 b3a5 c4a5 b4a5 e8d7 c1d2 f8c8 g2h3 c8c2 d2e1 c2f2 e1f2 d7e6 f2e1 e7a3 e1d2 a3d6 d2e1 f7f6 g4f6 f5e3 f6h7 e3f5 g3g4 f5d4 h4h5 g6h5 g4h5 d4c2 e1c3 d5d4 c3b2 e4e3 g5g6 e3e2 h7g5 e6f5 g5f3 d6e5 b2c1 e2e1r f3e1 c2e1 h5h6 f5g6 h3g4 e1d3 c1a3 e5f4 g4f3 f4h6 f3e4 d3e1 e4d4 e1c2 d4c5 c2a3 c5b6 a3c4 b6a6 h6d2 a6b5 c4a5 b5c5 d2c3 c5d5 g6f5 d5d6 f5e4 d6c5 c3e5 c5b5 a5b3 b5b4 b3c1 b4c5 c1e2 c5b6 e4d5 b6a5 d5c5 a5a4 c5c4 a4a5 e5d4 a5a6 e2f4 a6b7 c4d5 b7c7 f4d3 c7b7 d4e5 b7b6 d3b2 b6b5 b2d3 b5b6 d3b2 b6a5 d5c5 a5a6 b2a4 a6b7 a4b6 b7a7 b6a4 a7b7 a4b6 b7a7 c5c6 a7a6 b6c4 a6a7 c4d2 a7a6 d2c4 a6a7 c4d2 a7a6 d2b3 a6a7 e5c7 a7a6 b3c5 a6a7 c5b3 a7a8 b3a5 a8a7 a5b7 a7a6 b7c5 a6a7 c5b7 a7a8 b7a5 a8a7 c7h2 a7a8 a5c4 a8a7 c4a5 a7a6 a5b3 a6a7 b3c1 a7a6 c1b3 a6a7 b3c1 a7a8 h2e5

[WARN  ] [18:11:14.943238] <   > fastchess --- Warning; PV continues after fifty-move rule - move b3a2 from Huginn_current
Info; info depth 6 seldepth 7 multipv 1 score cp -788 nodes 2300 nps 2300000 hashfull 1000 tbhits 18 time 0 pv a8a7 c1a2 a7a6 a2b4 a6a5 b4d3 a5a4 d3e1 a4b3 e1g2 b3a2 g2e3 a2b1 e3d1 b1c2 d1f2
Position; fen r1bqkbnr/pppnpppp/8/3p4/P7/4P3/1PPPNPPP/RNBQKB1R w KQkq - 0 4
Moves; b1c3 e7e6 d2d4 d8h4 g2g3 h4f6 e2g1 f8b4 c1d2 c7c6 f2f4 g8e7 f1d3 a7a6 d1h5 g7g6 h5g5 f6g5 f4g5 e6e5 c3b1 b4d6 e1f2 c6c5 c2c3 h8f8 g1h3 d7b6 f2g2 b6c4 d2c1 c8f5 h3f2 c5d4 c3d4 f5d3 f2d3 e5e4 d3f2 c4a5 b1d2 e7f5 f2g4 d6e7 h2h4 a8c8 h1f1 b7b6 a1b1 c8c2 f1f2 c2c8 b2b4 a5b7 c1a3 c8c3 b1b3 c3b3 d2b3 b7d6 a3c1 d6c4 a4a5 b6a5 b3a5 c4a5 b4a5 e8d7 c1d2 f8c8 g2h3 c8c2 d2e1 c2f2 e1f2 d7e6 f2e1 e7a3 e1d2 a3d6 d2e1 f7f6 g4f6 f5e3 f6h7 e3f5 g3g4 f5d4 h4h5 g6h5 g4h5 d4c2 e1c3 d5d4 c3b2 e4e3 g5g6 e3e2 h7g5 e6f5 g5f3 d6e5 b2c1 e2e1r f3e1 c2e1 h5h6 f5g6 h3g4 e1d3 c1a3 e5f4 g4f3 f4h6 f3e4 d3e1 e4d4 e1c2 d4c5 c2a3 c5b6 a3c4 b6a6 h6d2 a6b5 c4a5 b5c5 d2c3 c5d5 g6f5 d5d6 f5e4 d6c5 c3e5 c5b5 a5b3 b5b4 b3c1 b4c5 c1e2 c5b6 e4d5 b6a5 d5c5 a5a4 c5c4 a4a5 e5d4 a5a6 e2f4 a6b7 c4d5 b7c7 f4d3 c7b7 d4e5 b7b6 d3b2 b6b5 b2d3 b5b6 d3b2 b6a5 d5c5 a5a6 b2a4 a6b7 a4b6 b7a7 b6a4 a7b7 a4b6 b7a7 c5c6 a7a6 b6c4 a6a7 c4d2 a7a6 d2c4 a6a7 c4d2 a7a6 d2b3 a6a7 e5c7 a7a6 b3c5 a6a7 c5b3 a7a8 b3a5 a8a7 a5b7 a7a6 b7c5 a6a7 c5b7 a7a8 b7a5 a8a7 c7h2 a7a8 a5c4 a8a7 c4a5 a7a6 a5b3 a6a7 b3c1 a7a6 c1b3 a6a7 b3c1 a7a8 h2e5

[WARN  ] [18:11:14.943268] <   > fastchess --- Warning; PV continues after fifty-move rule - move a5a6 from Huginn_current
Info; info depth 10 seldepth 11 multipv 1 score cp -777 nodes 54154 nps 6017111 hashfull 1000 tbhits 118 time 9 pv a8a7 c1d3 a7a8 e5d6 a8a7 d3b2 a7a6 d6h2 a6a5 h2d6 a5a6
Position; fen r1bqkbnr/pppnpppp/8/3p4/P7/4P3/1PPPNPPP/RNBQKB1R w KQkq - 0 4
Moves; b1c3 e7e6 d2d4 d8h4 g2g3 h4f6 e2g1 f8b4 c1d2 c7c6 f2f4 g8e7 f1d3 a7a6 d1h5 g7g6 h5g5 f6g5 f4g5 e6e5 c3b1 b4d6 e1f2 c6c5 c2c3 h8f8 g1h3 d7b6 f2g2 b6c4 d2c1 c8f5 h3f2 c5d4 c3d4 f5d3 f2d3 e5e4 d3f2 c4a5 b1d2 e7f5 f2g4 d6e7 h2h4 a8c8 h1f1 b7b6 a1b1 c8c2 f1f2 c2c8 b2b4 a5b7 c1a3 c8c3 b1b3 c3b3 d2b3 b7d6 a3c1 d6c4 a4a5 b6a5 b3a5 c4a5 b4a5 e8d7 c1d2 f8c8 g2h3 c8c2 d2e1 c2f2 e1f2 d7e6 f2e1 e7a3 e1d2 a3d6 d2e1 f7f6 g4f6 f5e3 f6h7 e3f5 g3g4 f5d4 h4h5 g6h5 g4h5 d4c2 e1c3 d5d4 c3b2 e4e3 g5g6 e3e2 h7g5 e6f5 g5f3 d6e5 b2c1 e2e1r f3e1 c2e1 h5h6 f5g6 h3g4 e1d3 c1a3 e5f4 g4f3 f4h6 f3e4 d3e1 e4d4 e1c2 d4c5 c2a3 c5b6 a3c4 b6a6 h6d2 a6b5 c4a5 b5c5 d2c3 c5d5 g6f5 d5d6 f5e4 d6c5 c3e5 c5b5 a5b3 b5b4 b3c1 b4c5 c1e2 c5b6 e4d5 b6a5 d5c5 a5a4 c5c4 a4a5 e5d4 a5a6 e2f4 a6b7 c4d5 b7c7 f4d3 c7b7 d4e5 b7b6 d3b2 b6b5 b2d3 b5b6 d3b2 b6a5 d5c5 a5a6 b2a4 a6b7 a4b6 b7a7 b6a4 a7b7 a4b6 b7a7 c5c6 a7a6 b6c4 a6a7 c4d2 a7a6 d2c4 a6a7 c4d2 a7a6 d2b3 a6a7 e5c7 a7a6 b3c5 a6a7 c5b3 a7a8 b3a5 a8a7 a5b7 a7a6 b7c5 a6a7 c5b7 a7a8 b7a5 a8a7 c7h2 a7a8 a5c4 a8a7 c4a5 a7a6 a5b3 a6a7 b3c1 a7a6 c1b3 a6a7 b3c1 a7a8 h2e5

[WARN  ] [18:11:15.179189] <   > fastchess --- Warning; PV continues after fifty-move rule - move b6b5 from Huginn_current
Info; info depth 7 seldepth 8 multipv 1 score cp -766 nodes 2422 nps 2422000 hashfull 1000 tbhits 18 time 0 pv a7a6 c6c5 a6b7 b3d4 b7a6 c5d5 a6b6 d4c2 b6b5 c2e3 b5b6 e3g2 b6b7 g2e3 b7b6
Position; fen r1bqkbnr/pppnpppp/8/3p4/P7/4P3/1PPPNPPP/RNBQKB1R w KQkq - 0 4
Moves; b1c3 e7e6 d2d4 d8h4 g2g3 h4f6 e2g1 f8b4 c1d2 c7c6 f2f4 g8e7 f1d3 a7a6 d1h5 g7g6 h5g5 f6g5 f4g5 e6e5 c3b1 b4d6 e1f2 c6c5 c2c3 h8f8 g1h3 d7b6 f2g2 b6c4 d2c1 c8f5 h3f2 c5d4 c3d4 f5d3 f2d3 e5e4 d3f2 c4a5 b1d2 e7f5 f2g4 d6e7 h2h4 a8c8 h1f1 b7b6 a1b1 c8c2 f1f2 c2c8 b2b4 a5b7 c1a3 c8c3 b1b3 c3b3 d2b3 b7d6 a3c1 d6c4 a4a5 b6a5 b3a5 c4a5 b4a5 e8d7 c1d2 f8c8 g2h3 c8c2 d2e1 c2f2 e1f2 d7e6 f2e1 e7a3 e1d2 a3d6 d2e1 f7f6 g4f6 f5e3 f6h7 e3f5 g3g4 f5d4 h4h5 g6h5 g4h5 d4c2 e1c3 d5d4 c3b2 e4e3 g5g6 e3e2 h7g5 e6f5 g5f3 d6e5 b2c1 e2e1r f3e1 c2e1 h5h6 f5g6 h3g4 e1d3 c1a3 e5f4 g4f3 f4h6 f3e4 d3e1 e4d4 e1c2 d4c5 c2a3 c5b6 a3c4 b6a6 h6d2 a6b5 c4a5 b5c5 d2c3 c5d5 g6f5 d5d6 f5e4 d6c5 c3e5 c5b5 a5b3 b5b4 b3c1 b4c5 c1e2 c5b6 e4d5 b6a5 d5c5 a5a4 c5c4 a4a5 e5d4 a5a6 e2f4 a6b7 c4d5 b7c7 f4d3 c7b7 d4e5 b7b6 d3b2 b6b5 b2d3 b5b6 d3b2 b6a5 d5c5 a5a6 b2a4 a6b7 a4b6 b7a7 b6a4 a7b7 a4b6 b7a7 c5c6 a7a6 b6c4 a6a7 c4d2 a7a6 d2c4 a6a7 c4d2 a7a6 d2b3 a6a7 e5c7 a7a6 b3c5 a6a7 c5b3 a7a8 b3a5 a8a7 a5b7 a7a6 b7c5 a6a7 c5b7 a7a8 b7a5 a8a7 c7h2 a7a8 a5c4 a8a7 c4a5 a7a6 a5b3 a6a7 b3c1 a7a6 c1b3 a6a7 b3c1 a7a8 h2e5 a8a7 c1b3

[WARN  ] [18:11:15.179224] <   > fastchess --- Warning; PV continues after fifty-move rule - move b4b3 from Huginn_current
Info; info depth 8 seldepth 8 multipv 1 score cp -760 nodes 8340 nps 4170000 hashfull 1000 tbhits 55 time 2 pv a7a6 b3d4 a6a5 c6c5 a5a4 c5d5 a4b4 d4c6 b4b3 e5d4 b3c2
Position; fen r1bqkbnr/pppnpppp/8/3p4/P7/4P3/1PPPNPPP/RNBQKB1R w KQkq - 0 4
Moves; b1c3 e7e6 d2d4 d8h4 g2g3 h4f6 e2g1 f8b4 c1d2 c7c6 f2f4 g8e7 f1d3 a7a6 d1h5 g7g6 h5g5 f6g5 f4g5 e6e5 c3b1 b4d6 e1f2 c6c5 c2c3 h8f8 g1h3 d7b6 f2g2 b6c4 d2c1 c8f5 h3f2 c5d4 c3d4 f5d3 f2d3 e5e4 d3f2 c4a5 b1d2 e7f5 f2g4 d6e7 h2h4 a8c8 h1f1 b7b6 a1b1 c8c2 f1f2 c2c8 b2b4 a5b7 c1a3 c8c3 b1b3 c3b3 d2b3 b7d6 a3c1 d6c4 a4a5 b6a5 b3a5 c4a5 b4a5 e8d7 c1d2 f8c8 g2h3 c8c2 d2e1 c2f2 e1f2 d7e6 f2e1 e7a3 e1d2 a3d6 d2e1 f7f6 g4f6 f5e3 f6h7 e3f5 g3g4 f5d4 h4h5 g6h5 g4h5 d4c2 e1c3 d5d4 c3b2 e4e3 g5g6 e3e2 h7g5 e6f5 g5f3 d6e5 b2c1 e2e1r f3e1 c2e1 h5h6 f5g6 h3g4 e1d3 c1a3 e5f4 g4f3 f4h6 f3e4 d3e1 e4d4 e1c2 d4c5 c2a3 c5b6 a3c4 b6a6 h6d2 a6b5 c4a5 b5c5 d2c3 c5d5 g6f5 d5d6 f5e4 d6c5 c3e5 c5b5 a5b3 b5b4 b3c1 b4c5 c1e2 c5b6 e4d5 b6a5 d5c5 a5a4 c5c4 a4a5 e5d4 a5a6 e2f4 a6b7 c4d5 b7c7 f4d3 c7b7 d4e5 b7b6 d3b2 b6b5 b2d3 b5b6 d3b2 b6a5 d5c5 a5a6 b2a4 a6b7 a4b6 b7a7 b6a4 a7b7 a4b6 b7a7 c5c6 a7a6 b6c4 a6a7 c4d2 a7a6 d2c4 a6a7 c4d2 a7a6 d2b3 a6a7 e5c7 a7a6 b3c5 a6a7 c5b3 a7a8 b3a5 a8a7 a5b7 a7a6 b7c5 a6a7 c5b7 a7a8 b7a5 a8a7 c7h2 a7a8 a5c4 a8a7 c4a5 a7a6 a5b3 a6a7 b3c1 a7a6 c1b3 a6a7 b3c1 a7a8 h2e5 a8a7 c1b3

[WARN  ] [18:11:15.179250] <   > fastchess --- Warning; PV continues after fifty-move rule - move a5a4 from Huginn_current
Info; info depth 11 seldepth 13 multipv 1 score cp -765 nodes 36548 nps 6091333 hashfull 1000 tbhits 67 time 6 pv a7a6 b3d2 a6a5 e5c3 a5a6 c3a1 a6a5 d2b3 a5a4 b3d2 a4b4 c6d5 b4a5
Position; fen r1bqkbnr/pppnpppp/8/3p4/P7/4P3/1PPPNPPP/RNBQKB1R w KQkq - 0 4
Moves; b1c3 e7e6 d2d4 d8h4 g2g3 h4f6 e2g1 f8b4 c1d2 c7c6 f2f4 g8e7 f1d3 a7a6 d1h5 g7g6 h5g5 f6g5 f4g5 e6e5 c3b1 b4d6 e1f2 c6c5 c2c3 h8f8 g1h3 d7b6 f2g2 b6c4 d2c1 c8f5 h3f2 c5d4 c3d4 f5d3 f2d3 e5e4 d3f2 c4a5 b1d2 e7f5 f2g4 d6e7 h2h4 a8c8 h1f1 b7b6 a1b1 c8c2 f1f2 c2c8 b2b4 a5b7 c1a3 c8c3 b1b3 c3b3 d2b3 b7d6 a3c1 d6c4 a4a5 b6a5 b3a5 c4a5 b4a5 e8d7 c1d2 f8c8 g2h3 c8c2 d2e1 c2f2 e1f2 d7e6 f2e1 e7a3 e1d2 a3d6 d2e1 f7f6 g4f6 f5e3 f6h7 e3f5 g3g4 f5d4 h4h5 g6h5 g4h5 d4c2 e1c3 d5d4 c3b2 e4e3 g5g6 e3e2 h7g5 e6f5 g5f3 d6e5 b2c1 e2e1r f3e1 c2e1 h5h6 f5g6 h3g4 e1d3 c1a3 e5f4 g4f3 f4h6 f3e4 d3e1 e4d4 e1c2 d4c5 c2a3 c5b6 a3c4 b6a6 h6d2 a6b5 c4a5 b5c5 d2c3 c5d5 g6f5 d5d6 f5e4 d6c5 c3e5 c5b5 a5b3 b5b4 b3c1 b4c5 c1e2 c5b6 e4d5 b6a5 d5c5 a5a4 c5c4 a4a5 e5d4 a5a6 e2f4 a6b7 c4d5 b7c7 f4d3 c7b7 d4e5 b7b6 d3b2 b6b5 b2d3 b5b6 d3b2 b6a5 d5c5 a5a6 b2a4 a6b7 a4b6 b7a7 b6a4 a7b7 a4b6 b7a7 c5c6 a7a6 b6c4 a6a7 c4d2 a7a6 d2c4 a6a7 c4d2 a7a6 d2b3 a6a7 e5c7 a7a6 b3c5 a6a7 c5b3 a7a8 b3a5 a8a7 a5b7 a7a6 b7c5 a6a7 c5b7 a7a8 b7a5 a8a7 c7h2 a7a8 a5c4 a8a7 c4a5 a7a6 a5b3 a6a7 b3c1 a7a6 c1b3 a6a7 b3c1 a7a8 h2e5 a8a7 c1b3

[WARN  ] [18:11:15.179276] <   > fastchess --- Warning; PV continues after fifty-move rule - move a7a8 from Huginn_current
Info; info depth 15 seldepth 24 multipv 1 score cp -25 nodes 1469998 nps 10425517 hashfull 1000 tbhits 6076 time 141 pv a7a6 b3d2 a6a5 d2f1 a5a6 f1e3 a6a7 e3f1 a7a8 f1e3 a8a7
Position; fen r1bqkbnr/pppnpppp/8/3p4/P7/4P3/1PPPNPPP/RNBQKB1R w KQkq - 0 4
Moves; b1c3 e7e6 d2d4 d8h4 g2g3 h4f6 e2g1 f8b4 c1d2 c7c6 f2f4 g8e7 f1d3 a7a6 d1h5 g7g6 h5g5 f6g5 f4g5 e6e5 c3b1 b4d6 e1f2 c6c5 c2c3 h8f8 g1h3 d7b6 f2g2 b6c4 d2c1 c8f5 h3f2 c5d4 c3d4 f5d3 f2d3 e5e4 d3f2 c4a5 b1d2 e7f5 f2g4 d6e7 h2h4 a8c8 h1f1 b7b6 a1b1 c8c2 f1f2 c2c8 b2b4 a5b7 c1a3 c8c3 b1b3 c3b3 d2b3 b7d6 a3c1 d6c4 a4a5 b6a5 b3a5 c4a5 b4a5 e8d7 c1d2 f8c8 g2h3 c8c2 d2e1 c2f2 e1f2 d7e6 f2e1 e7a3 e1d2 a3d6 d2e1 f7f6 g4f6 f5e3 f6h7 e3f5 g3g4 f5d4 h4h5 g6h5 g4h5 d4c2 e1c3 d5d4 c3b2 e4e3 g5g6 e3e2 h7g5 e6f5 g5f3 d6e5 b2c1 e2e1r f3e1 c2e1 h5h6 f5g6 h3g4 e1d3 c1a3 e5f4 g4f3 f4h6 f3e4 d3e1 e4d4 e1c2 d4c5 c2a3 c5b6 a3c4 b6a6 h6d2 a6b5 c4a5 b5c5 d2c3 c5d5 g6f5 d5d6 f5e4 d6c5 c3e5 c5b5 a5b3 b5b4 b3c1 b4c5 c1e2 c5b6 e4d5 b6a5 d5c5 a5a4 c5c4 a4a5 e5d4 a5a6 e2f4 a6b7 c4d5 b7c7 f4d3 c7b7 d4e5 b7b6 d3b2 b6b5 b2d3 b5b6 d3b2 b6a5 d5c5 a5a6 b2a4 a6b7 a4b6 b7a7 b6a4 a7b7 a4b6 b7a7 c5c6 a7a6 b6c4 a6a7 c4d2 a7a6 d2c4 a6a7 c4d2 a7a6 d2b3 a6a7 e5c7 a7a6 b3c5 a6a7 c5b3 a7a8 b3a5 a8a7 a5b7 a7a6 b7c5 a6a7 c5b7 a7a8 b7a5 a8a7 c7h2 a7a8 a5c4 a8a7 c4a5 a7a6 a5b3 a6a7 b3c1 a7a6 c1b3 a6a7 b3c1 a7a8 h2e5 a8a7 c1b3

[WARN  ] [18:11:15.495173] <   > fastchess --- Warning; PV continues after fifty-move rule - move b3c2 from Huginn_current
Info; info depth 2 seldepth 2 multipv 1 score cp -768 nodes 49 nps 49000 hashfull 1000 tbhits 0 time 0 pv a6a5 c5d3 a5a4 c6d5 a4b3 d3c1 b3c2
Position; fen r1bqkbnr/pppnpppp/8/3p4/P7/4P3/1PPPNPPP/RNBQKB1R w KQkq - 0 4
Moves; b1c3 e7e6 d2d4 d8h4 g2g3 h4f6 e2g1 f8b4 c1d2 c7c6 f2f4 g8e7 f1d3 a7a6 d1h5 g7g6 h5g5 f6g5 f4g5 e6e5 c3b1 b4d6 e1f2 c6c5 c2c3 h8f8 g1h3 d7b6 f2g2 b6c4 d2c1 c8f5 h3f2 c5d4 c3d4 f5d3 f2d3 e5e4 d3f2 c4a5 b1d2 e7f5 f2g4 d6e7 h2h4 a8c8 h1f1 b7b6 a1b1 c8c2 f1f2 c2c8 b2b4 a5b7 c1a3 c8c3 b1b3 c3b3 d2b3 b7d6 a3c1 d6c4 a4a5 b6a5 b3a5 c4a5 b4a5 e8d7 c1d2 f8c8 g2h3 c8c2 d2e1 c2f2 e1f2 d7e6 f2e1 e7a3 e1d2 a3d6 d2e1 f7f6 g4f6 f5e3 f6h7 e3f5 g3g4 f5d4 h4h5 g6h5 g4h5 d4c2 e1c3 d5d4 c3b2 e4e3 g5g6 e3e2 h7g5 e6f5 g5f3 d6e5 b2c1 e2e1r f3e1 c2e1 h5h6 f5g6 h3g4 e1d3 c1a3 e5f4 g4f3 f4h6 f3e4 d3e1 e4d4 e1c2 d4c5 c2a3 c5b6 a3c4 b6a6 h6d2 a6b5 c4a5 b5c5 d2c3 c5d5 g6f5 d5d6 f5e4 d6c5 c3e5 c5b5 a5b3 b5b4 b3c1 b4c5 c1e2 c5b6 e4d5 b6a5 d5c5 a5a4 c5c4 a4a5 e5d4 a5a6 e2f4 a6b7 c4d5 b7c7 f4d3 c7b7 d4e5 b7b6 d3b2 b6b5 b2d3 b5b6 d3b2 b6a5 d5c5 a5a6 b2a4 a6b7 a4b6 b7a7 b6a4 a7b7 a4b6 b7a7 c5c6 a7a6 b6c4 a6a7 c4d2 a7a6 d2c4 a6a7 c4d2 a7a6 d2b3 a6a7 e5c7 a7a6 b3c5 a6a7 c5b3 a7a8 b3a5 a8a7 a5b7 a7a6 b7c5 a6a7 c5b7 a7a8 b7a5 a8a7 c7h2 a7a8 a5c4 a8a7 c4a5 a7a6 a5b3 a6a7 b3c1 a7a6 c1b3 a6a7 b3c1 a7a8 h2e5 a8a7 c1b3 a7a6 b3c5

[WARN  ] [18:11:15.495225] <   > fastchess --- Warning; PV continues after fifty-move rule - move a7a6 from Huginn_current
Info; info depth 16 seldepth 16 multipv 1 score cp -821 nodes 82013 nps 8201300 hashfull 1000 tbhits 0 time 10 pv a6a7 e5h2 a7a8 c5d3 a8a7 h2g1 a7a6 d3b4 a6a5 b4a2 a5a6 a2c1 a6a5 c1b3 a5a6 b3c1
Position; fen r1bqkbnr/pppnpppp/8/3p4/P7/4P3/1PPPNPPP/RNBQKB1R w KQkq - 0 4
Moves; b1c3 e7e6 d2d4 d8h4 g2g3 h4f6 e2g1 f8b4 c1d2 c7c6 f2f4 g8e7 f1d3 a7a6 d1h5 g7g6 h5g5 f6g5 f4g5 e6e5 c3b1 b4d6 e1f2 c6c5 c2c3 h8f8 g1h3 d7b6 f2g2 b6c4 d2c1 c8f5 h3f2 c5d4 c3d4 f5d3 f2d3 e5e4 d3f2 c4a5 b1d2 e7f5 f2g4 d6e7 h2h4 a8c8 h1f1 b7b6 a1b1 c8c2 f1f2 c2c8 b2b4 a5b7 c1a3 c8c3 b1b3 c3b3 d2b3 b7d6 a3c1 d6c4 a4a5 b6a5 b3a5 c4a5 b4a5 e8d7 c1d2 f8c8 g2h3 c8c2 d2e1 c2f2 e1f2 d7e6 f2e1 e7a3 e1d2 a3d6 d2e1 f7f6 g4f6 f5e3 f6h7 e3f5 g3g4 f5d4 h4h5 g6h5 g4h5 d4c2 e1c3 d5d4 c3b2 e4e3 g5g6 e3e2 h7g5 e6f5 g5f3 d6e5 b2c1 e2e1r f3e1 c2e1 h5h6 f5g6 h3g4 e1d3 c1a3 e5f4 g4f3 f4h6 f3e4 d3e1 e4d4 e1c2 d4c5 c2a3 c5b6 a3c4 b6a6 h6d2 a6b5 c4a5 b5c5 d2c3 c5d5 g6f5 d5d6 f5e4 d6c5 c3e5 c5b5 a5b3 b5b4 b3c1 b4c5 c1e2 c5b6 e4d5 b6a5 d5c5 a5a4 c5c4 a4a5 e5d4 a5a6 e2f4 a6b7 c4d5 b7c7 f4d3 c7b7 d4e5 b7b6 d3b2 b6b5 b2d3 b5b6 d3b2 b6a5 d5c5 a5a6 b2a4 a6b7 a4b6 b7a7 b6a4 a7b7 a4b6 b7a7 c5c6 a7a6 b6c4 a6a7 c4d2 a7a6 d2c4 a6a7 c4d2 a7a6 d2b3 a6a7 e5c7 a7a6 b3c5 a6a7 c5b3 a7a8 b3a5 a8a7 a5b7 a7a6 b7c5 a6a7 c5b7 a7a8 b7a5 a8a7 c7h2 a7a8 a5c4 a8a7 c4a5 a7a6 a5b3 a6a7 b3c1 a7a6 c1b3 a6a7 b3c1 a7a8 h2e5 a8a7 c1b3 a7a6 b3c5

[WARN  ] [18:11:15.495246] <   > fastchess --- Warning; PV continues after fifty-move rule - move a7a8 from Huginn_current
Info; info depth 17 seldepth 24 multipv 1 score cp -25 nodes 911810 nps 10727176 hashfull 1000 tbhits 3390 time 85 pv a6a7 c5d3 a7a8 d3e1 a8a7 e1g2 a7a8
Position; fen r1bqkbnr/pppnpppp/8/3p4/P7/4P3/1PPPNPPP/RNBQKB1R w KQkq - 0 4
Moves; b1c3 e7e6 d2d4 d8h4 g2g3 h4f6 e2g1 f8b4 c1d2 c7c6 f2f4 g8e7 f1d3 a7a6 d1h5 g7g6 h5g5 f6g5 f4g5 e6e5 c3b1 b4d6 e1f2 c6c5 c2c3 h8f8 g1h3 d7b6 f2g2 b6c4 d2c1 c8f5 h3f2 c5d4 c3d4 f5d3 f2d3 e5e4 d3f2 c4a5 b1d2 e7f5 f2g4 d6e7 h2h4 a8c8 h1f1 b7b6 a1b1 c8c2 f1f2 c2c8 b2b4 a5b7 c1a3 c8c3 b1b3 c3b3 d2b3 b7d6 a3c1 d6c4 a4a5 b6a5 b3a5 c4a5 b4a5 e8d7 c1d2 f8c8 g2h3 c8c2 d2e1 c2f2 e1f2 d7e6 f2e1 e7a3 e1d2 a3d6 d2e1 f7f6 g4f6 f5e3 f6h7 e3f5 g3g4 f5d4 h4h5 g6h5 g4h5 d4c2 e1c3 d5d4 c3b2 e4e3 g5g6 e3e2 h7g5 e6f5 g5f3 d6e5 b2c1 e2e1r f3e1 c2e1 h5h6 f5g6 h3g4 e1d3 c1a3 e5f4 g4f3 f4h6 f3e4 d3e1 e4d4 e1c2 d4c5 c2a3 c5b6 a3c4 b6a6 h6d2 a6b5 c4a5 b5c5 d2c3 c5d5 g6f5 d5d6 f5e4 d6c5 c3e5 c5b5 a5b3 b5b4 b3c1 b4c5 c1e2 c5b6 e4d5 b6a5 d5c5 a5a4 c5c4 a4a5 e5d4 a5a6 e2f4 a6b7 c4d5 b7c7 f4d3 c7b7 d4e5 b7b6 d3b2 b6b5 b2d3 b5b6 d3b2 b6a5 d5c5 a5a6 b2a4 a6b7 a4b6 b7a7 b6a4 a7b7 a4b6 b7a7 c5c6 a7a6 b6c4 a6a7 c4d2 a7a6 d2c4 a6a7 c4d2 a7a6 d2b3 a6a7 e5c7 a7a6 b3c5 a6a7 c5b3 a7a8 b3a5 a8a7 a5b7 a7a6 b7c5 a6a7 c5b7 a7a8 b7a5 a8a7 c7h2 a7a8 a5c4 a8a7 c4a5 a7a6 a5b3 a6a7 b3c1 a7a6 c1b3 a6a7 b3c1 a7a8 h2e5 a8a7 c1b3 a7a6 b3c5

[WARN  ] [18:12:12.353590] <   > fastchess --- Warning; Illegal PV move - move h5h4 from Huginn_current
Info; info depth 3 seldepth 3 multipv 1 score cp 260 nodes 53 nps 53000 hashfull 1000 tbhits 2 time 0 pv h6h5 g1g2 g4h4 g2f2 h5h4 f2g2 h4h3 g2f2
Position; fen rnbqkbnr/p2ppppp/8/2p5/1p3P2/NP6/P1PPP1PP/R1BQKBNR w KQkq - 0 4
Moves; a3b1 d7d5 d2d4 d8d6 e2e3 c5d4 e3d4 b8c6 d1d3 g7g6 d3e3 g8f6 g1f3 f6g4 e3d2 f8g7 f1e2 c8f5 a2a3 g4f6 a3b4 f6e4 d2e3 d6b4 c2c3 b4b3 f3e5 c6e5 f4e5 a7a5 g2g4 f5d7 h1f1 h8f8 c3c4 b3e3 c1e3 f7f6 e5e6 d7e6 e2f3 f6f5 g4f5 e6f5 f3h1 a5a4 b1d2 e7e5 d2e4 f5e4 h1e4 f8f1 e1f1 d5e4 d4d5 a4a3 c4c5 a3a2 c5c6 e8e7 c6c7 e7d7 d5d6 g7f8 e3c5 e4e3 f1g1 f8d6 c5d6 d7d6 a1a2 a8c8 a2a3 c8c7 a3e3 d6d5 e3d3 d5e6 d3a3 c7c1 g1f2 c1c2 f2g3 c2c7 a3a2 c7f7 a2a6 e6f5 a6a2 f7d7 a2f2 f5e6 f2c2 d7f7 c2e2 g6g5 e2c2 e6d5 g3g4 h7h6 c2d2 d5c6 d2a2 f7f4 g4g3 c6b6 a2a8 e5e4 a8e8 b6c7 e8e6 f4h4 e6f6 c7d7 f6f2 d7d6 f2a2 d6c5 a2a5 c5b6 a5e5 b6c7 e5a5 c7b6 a5d5 b6c6 d5a5 c6d6 a5a1 e4e3 a1e1 h4e4 g3f3 e4h4 e1e2 d6d5 f3e3 h4e4 e3f2 e4e2 f2e2 d5e4 e2e1 e4f3 e1f1 f3g4 f1g1

[WARN  ] [18:12:12.353618] <   > fastchess --- Warning; Illegal PV move - move h5h4 from Huginn_current
Info; info depth 4 seldepth 4 multipv 1 score cp 260 nodes 78 nps 78000 hashfull 1000 tbhits 0 time 0 pv h6h5 g1g2 g4h4 g2f2 h5h4 f2g2 h4h3 g2f2
Position; fen rnbqkbnr/p2ppppp/8/2p5/1p3P2/NP6/P1PPP1PP/R1BQKBNR w KQkq - 0 4
Moves; a3b1 d7d5 d2d4 d8d6 e2e3 c5d4 e3d4 b8c6 d1d3 g7g6 d3e3 g8f6 g1f3 f6g4 e3d2 f8g7 f1e2 c8f5 a2a3 g4f6 a3b4 f6e4 d2e3 d6b4 c2c3 b4b3 f3e5 c6e5 f4e5 a7a5 g2g4 f5d7 h1f1 h8f8 c3c4 b3e3 c1e3 f7f6 e5e6 d7e6 e2f3 f6f5 g4f5 e6f5 f3h1 a5a4 b1d2 e7e5 d2e4 f5e4 h1e4 f8f1 e1f1 d5e4 d4d5 a4a3 c4c5 a3a2 c5c6 e8e7 c6c7 e7d7 d5d6 g7f8 e3c5 e4e3 f1g1 f8d6 c5d6 d7d6 a1a2 a8c8 a2a3 c8c7 a3e3 d6d5 e3d3 d5e6 d3a3 c7c1 g1f2 c1c2 f2g3 c2c7 a3a2 c7f7 a2a6 e6f5 a6a2 f7d7 a2f2 f5e6 f2c2 d7f7 c2e2 g6g5 e2c2 e6d5 g3g4 h7h6 c2d2 d5c6 d2a2 f7f4 g4g3 c6b6 a2a8 e5e4 a8e8 b6c7 e8e6 f4h4 e6f6 c7d7 f6f2 d7d6 f2a2 d6c5 a2a5 c5b6 a5e5 b6c7 e5a5 c7b6 a5d5 b6c6 d5a5 c6d6 a5a1 e4e3 a1e1 h4e4 g3f3 e4h4 e1e2 d6d5 f3e3 h4e4 e3f2 e4e2 f2e2 d5e4 e2e1 e4f3 e1f1 f3g4 f1g1

[WARN  ] [18:12:12.353635] <   > fastchess --- Warning; Illegal PV move - move h5h4 from Huginn_current
Info; info depth 5 seldepth 5 multipv 1 score cp 260 nodes 109 nps 109000 hashfull 1000 tbhits 0 time 0 pv h6h5 g1g2 g4h4 g2f2 h5h4 f2g2 h4h3 g2f2
Position; fen rnbqkbnr/p2ppppp/8/2p5/1p3P2/NP6/P1PPP1PP/R1BQKBNR w KQkq - 0 4
Moves; a3b1 d7d5 d2d4 d8d6 e2e3 c5d4 e3d4 b8c6 d1d3 g7g6 d3e3 g8f6 g1f3 f6g4 e3d2 f8g7 f1e2 c8f5 a2a3 g4f6 a3b4 f6e4 d2e3 d6b4 c2c3 b4b3 f3e5 c6e5 f4e5 a7a5 g2g4 f5d7 h1f1 h8f8 c3c4 b3e3 c1e3 f7f6 e5e6 d7e6 e2f3 f6f5 g4f5 e6f5 f3h1 a5a4 b1d2 e7e5 d2e4 f5e4 h1e4 f8f1 e1f1 d5e4 d4d5 a4a3 c4c5 a3a2 c5c6 e8e7 c6c7 e7d7 d5d6 g7f8 e3c5 e4e3 f1g1 f8d6 c5d6 d7d6 a1a2 a8c8 a2a3 c8c7 a3e3 d6d5 e3d3 d5e6 d3a3 c7c1 g1f2 c1c2 f2g3 c2c7 a3a2 c7f7 a2a6 e6f5 a6a2 f7d7 a2f2 f5e6 f2c2 d7f7 c2e2 g6g5 e2c2 e6d5 g3g4 h7h6 c2d2 d5c6 d2a2 f7f4 g4g3 c6b6 a2a8 e5e4 a8e8 b6c7 e8e6 f4h4 e6f6 c7d7 f6f2 d7d6 f2a2 d6c5 a2a5 c5b6 a5e5 b6c7 e5a5 c7b6 a5d5 b6c6 d5a5 c6d6 a5a1 e4e3 a1e1 h4e4 g3f3 e4h4 e1e2 d6d5 f3e3 h4e4 e3f2 e4e2 f2e2 d5e4 e2e1 e4f3 e1f1 f3g4 f1g1

[WARN  ] [18:12:12.353651] <   > fastchess --- Warning; Illegal PV move - move h5h4 from Huginn_current
Info; info depth 6 seldepth 6 multipv 1 score cp 260 nodes 140 nps 140000 hashfull 1000 tbhits 0 time 0 pv h6h5 g1g2 g4h4 g2f2 h5h4 f2g2 h4h3 g2f2
Position; fen rnbqkbnr/p2ppppp/8/2p5/1p3P2/NP6/P1PPP1PP/R1BQKBNR w KQkq - 0 4
Moves; a3b1 d7d5 d2d4 d8d6 e2e3 c5d4 e3d4 b8c6 d1d3 g7g6 d3e3 g8f6 g1f3 f6g4 e3d2 f8g7 f1e2 c8f5 a2a3 g4f6 a3b4 f6e4 d2e3 d6b4 c2c3 b4b3 f3e5 c6e5 f4e5 a7a5 g2g4 f5d7 h1f1 h8f8 c3c4 b3e3 c1e3 f7f6 e5e6 d7e6 e2f3 f6f5 g4f5 e6f5 f3h1 a5a4 b1d2 e7e5 d2e4 f5e4 h1e4 f8f1 e1f1 d5e4 d4d5 a4a3 c4c5 a3a2 c5c6 e8e7 c6c7 e7d7 d5d6 g7f8 e3c5 e4e3 f1g1 f8d6 c5d6 d7d6 a1a2 a8c8 a2a3 c8c7 a3e3 d6d5 e3d3 d5e6 d3a3 c7c1 g1f2 c1c2 f2g3 c2c7 a3a2 c7f7 a2a6 e6f5 a6a2 f7d7 a2f2 f5e6 f2c2 d7f7 c2e2 g6g5 e2c2 e6d5 g3g4 h7h6 c2d2 d5c6 d2a2 f7f4 g4g3 c6b6 a2a8 e5e4 a8e8 b6c7 e8e6 f4h4 e6f6 c7d7 f6f2 d7d6 f2a2 d6c5 a2a5 c5b6 a5e5 b6c7 e5a5 c7b6 a5d5 b6c6 d5a5 c6d6 a5a1 e4e3 a1e1 h4e4 g3f3 e4h4 e1e2 d6d5 f3e3 h4e4 e3f2 e4e2 f2e2 d5e4 e2e1 e4f3 e1f1 f3g4 f1g1

[WARN  ] [18:12:12.353667] <   > fastchess --- Warning; Illegal PV move - move h5h4 from Huginn_current
Info; info depth 7 seldepth 7 multipv 1 score cp 260 nodes 171 nps 171000 hashfull 1000 tbhits 0 time 0 pv h6h5 g1g2 g4h4 g2f2 h5h4 f2g2 h4h3 g2f2
Position; fen rnbqkbnr/p2ppppp/8/2p5/1p3P2/NP6/P1PPP1PP/R1BQKBNR w KQkq - 0 4
Moves; a3b1 d7d5 d2d4 d8d6 e2e3 c5d4 e3d4 b8c6 d1d3 g7g6 d3e3 g8f6 g1f3 f6g4 e3d2 f8g7 f1e2 c8f5 a2a3 g4f6 a3b4 f6e4 d2e3 d6b4 c2c3 b4b3 f3e5 c6e5 f4e5 a7a5 g2g4 f5d7 h1f1 h8f8 c3c4 b3e3 c1e3 f7f6 e5e6 d7e6 e2f3 f6f5 g4f5 e6f5 f3h1 a5a4 b1d2 e7e5 d2e4 f5e4 h1e4 f8f1 e1f1 d5e4 d4d5 a4a3 c4c5 a3a2 c5c6 e8e7 c6c7 e7d7 d5d6 g7f8 e3c5 e4e3 f1g1 f8d6 c5d6 d7d6 a1a2 a8c8 a2a3 c8c7 a3e3 d6d5 e3d3 d5e6 d3a3 c7c1 g1f2 c1c2 f2g3 c2c7 a3a2 c7f7 a2a6 e6f5 a6a2 f7d7 a2f2 f5e6 f2c2 d7f7 c2e2 g6g5 e2c2 e6d5 g3g4 h7h6 c2d2 d5c6 d2a2 f7f4 g4g3 c6b6 a2a8 e5e4 a8e8 b6c7 e8e6 f4h4 e6f6 c7d7 f6f2 d7d6 f2a2 d6c5 a2a5 c5b6 a5e5 b6c7 e5a5 c7b6 a5d5 b6c6 d5a5 c6d6 a5a1 e4e3 a1e1 h4e4 g3f3 e4h4 e1e2 d6d5 f3e3 h4e4 e3f2 e4e2 f2e2 d5e4 e2e1 e4f3 e1f1 f3g4 f1g1

[WARN  ] [18:12:12.353682] <   > fastchess --- Warning; Illegal PV move - move h5h4 from Huginn_current
Info; info depth 8 seldepth 8 multipv 1 score cp 260 nodes 203 nps 203000 hashfull 1000 tbhits 0 time 0 pv h6h5 g1g2 g4h4 g2f2 h5h4 f2g2 h4h3 g2f2
Position; fen rnbqkbnr/p2ppppp/8/2p5/1p3P2/NP6/P1PPP1PP/R1BQKBNR w KQkq - 0 4
Moves; a3b1 d7d5 d2d4 d8d6 e2e3 c5d4 e3d4 b8c6 d1d3 g7g6 d3e3 g8f6 g1f3 f6g4 e3d2 f8g7 f1e2 c8f5 a2a3 g4f6 a3b4 f6e4 d2e3 d6b4 c2c3 b4b3 f3e5 c6e5 f4e5 a7a5 g2g4 f5d7 h1f1 h8f8 c3c4 b3e3 c1e3 f7f6 e5e6 d7e6 e2f3 f6f5 g4f5 e6f5 f3h1 a5a4 b1d2 e7e5 d2e4 f5e4 h1e4 f8f1 e1f1 d5e4 d4d5 a4a3 c4c5 a3a2 c5c6 e8e7 c6c7 e7d7 d5d6 g7f8 e3c5 e4e3 f1g1 f8d6 c5d6 d7d6 a1a2 a8c8 a2a3 c8c7 a3e3 d6d5 e3d3 d5e6 d3a3 c7c1 g1f2 c1c2 f2g3 c2c7 a3a2 c7f7 a2a6 e6f5 a6a2 f7d7 a2f2 f5e6 f2c2 d7f7 c2e2 g6g5 e2c2 e6d5 g3g4 h7h6 c2d2 d5c6 d2a2 f7f4 g4g3 c6b6 a2a8 e5e4 a8e8 b6c7 e8e6 f4h4 e6f6 c7d7 f6f2 d7d6 f2a2 d6c5 a2a5 c5b6 a5e5 b6c7 e5a5 c7b6 a5d5 b6c6 d5a5 c6d6 a5a1 e4e3 a1e1 h4e4 g3f3 e4h4 e1e2 d6d5 f3e3 h4e4 e3f2 e4e2 f2e2 d5e4 e2e1 e4f3 e1f1 f3g4 f1g1

[WARN  ] [18:12:12.353697] <   > fastchess --- Warning; Illegal PV move - move h5h4 from Huginn_current
Info; info depth 9 seldepth 9 multipv 1 score cp 260 nodes 236 nps 236000 hashfull 1000 tbhits 0 time 0 pv h6h5 g1g2 g4h4 g2f2 h5h4 f2g2 h4h3 g2f2
Position; fen rnbqkbnr/p2ppppp/8/2p5/1p3P2/NP6/P1PPP1PP/R1BQKBNR w KQkq - 0 4
Moves; a3b1 d7d5 d2d4 d8d6 e2e3 c5d4 e3d4 b8c6 d1d3 g7g6 d3e3 g8f6 g1f3 f6g4 e3d2 f8g7 f1e2 c8f5 a2a3 g4f6 a3b4 f6e4 d2e3 d6b4 c2c3 b4b3 f3e5 c6e5 f4e5 a7a5 g2g4 f5d7 h1f1 h8f8 c3c4 b3e3 c1e3 f7f6 e5e6 d7e6 e2f3 f6f5 g4f5 e6f5 f3h1 a5a4 b1d2 e7e5 d2e4 f5e4 h1e4 f8f1 e1f1 d5e4 d4d5 a4a3 c4c5 a3a2 c5c6 e8e7 c6c7 e7d7 d5d6 g7f8 e3c5 e4e3 f1g1 f8d6 c5d6 d7d6 a1a2 a8c8 a2a3 c8c7 a3e3 d6d5 e3d3 d5e6 d3a3 c7c1 g1f2 c1c2 f2g3 c2c7 a3a2 c7f7 a2a6 e6f5 a6a2 f7d7 a2f2 f5e6 f2c2 d7f7 c2e2 g6g5 e2c2 e6d5 g3g4 h7h6 c2d2 d5c6 d2a2 f7f4 g4g3 c6b6 a2a8 e5e4 a8e8 b6c7 e8e6 f4h4 e6f6 c7d7 f6f2 d7d6 f2a2 d6c5 a2a5 c5b6 a5e5 b6c7 e5a5 c7b6 a5d5 b6c6 d5a5 c6d6 a5a1 e4e3 a1e1 h4e4 g3f3 e4h4 e1e2 d6d5 f3e3 h4e4 e3f2 e4e2 f2e2 d5e4 e2e1 e4f3 e1f1 f3g4 f1g1

[WARN  ] [18:12:12.353714] <   > fastchess --- Warning; Illegal PV move - move h5h4 from Huginn_current
Info; info depth 10 seldepth 10 multipv 1 score cp 260 nodes 268 nps 268000 hashfull 1000 tbhits 0 time 0 pv h6h5 g1g2 g4h4 g2f2 h5h4 f2g2 h4h3 g2f2
Position; fen rnbqkbnr/p2ppppp/8/2p5/1p3P2/NP6/P1PPP1PP/R1BQKBNR w KQkq - 0 4
Moves; a3b1 d7d5 d2d4 d8d6 e2e3 c5d4 e3d4 b8c6 d1d3 g7g6 d3e3 g8f6 g1f3 f6g4 e3d2 f8g7 f1e2 c8f5 a2a3 g4f6 a3b4 f6e4 d2e3 d6b4 c2c3 b4b3 f3e5 c6e5 f4e5 a7a5 g2g4 f5d7 h1f1 h8f8 c3c4 b3e3 c1e3 f7f6 e5e6 d7e6 e2f3 f6f5 g4f5 e6f5 f3h1 a5a4 b1d2 e7e5 d2e4 f5e4 h1e4 f8f1 e1f1 d5e4 d4d5 a4a3 c4c5 a3a2 c5c6 e8e7 c6c7 e7d7 d5d6 g7f8 e3c5 e4e3 f1g1 f8d6 c5d6 d7d6 a1a2 a8c8 a2a3 c8c7 a3e3 d6d5 e3d3 d5e6 d3a3 c7c1 g1f2 c1c2 f2g3 c2c7 a3a2 c7f7 a2a6 e6f5 a6a2 f7d7 a2f2 f5e6 f2c2 d7f7 c2e2 g6g5 e2c2 e6d5 g3g4 h7h6 c2d2 d5c6 d2a2 f7f4 g4g3 c6b6 a2a8 e5e4 a8e8 b6c7 e8e6 f4h4 e6f6 c7d7 f6f2 d7d6 f2a2 d6c5 a2a5 c5b6 a5e5 b6c7 e5a5 c7b6 a5d5 b6c6 d5a5 c6d6 a5a1 e4e3 a1e1 h4e4 g3f3 e4h4 e1e2 d6d5 f3e3 h4e4 e3f2 e4e2 f2e2 d5e4 e2e1 e4f3 e1f1 f3g4 f1g1

[WARN  ] [18:12:12.353730] <   > fastchess --- Warning; Illegal PV move - move h5h4 from Huginn_current
Info; info depth 11 seldepth 11 multipv 1 score cp 260 nodes 301 nps 301000 hashfull 1000 tbhits 0 time 0 pv h6h5 g1g2 g4h4 g2f2 h5h4 f2g2 h4h3 g2f2
Position; fen rnbqkbnr/p2ppppp/8/2p5/1p3P2/NP6/P1PPP1PP/R1BQKBNR w KQkq - 0 4
Moves; a3b1 d7d5 d2d4 d8d6 e2e3 c5d4 e3d4 b8c6 d1d3 g7g6 d3e3 g8f6 g1f3 f6g4 e3d2 f8g7 f1e2 c8f5 a2a3 g4f6 a3b4 f6e4 d2e3 d6b4 c2c3 b4b3 f3e5 c6e5 f4e5 a7a5 g2g4 f5d7 h1f1 h8f8 c3c4 b3e3 c1e3 f7f6 e5e6 d7e6 e2f3 f6f5 g4f5 e6f5 f3h1 a5a4 b1d2 e7e5 d2e4 f5e4 h1e4 f8f1 e1f1 d5e4 d4d5 a4a3 c4c5 a3a2 c5c6 e8e7 c6c7 e7d7 d5d6 g7f8 e3c5 e4e3 f1g1 f8d6 c5d6 d7d6 a1a2 a8c8 a2a3 c8c7 a3e3 d6d5 e3d3 d5e6 d3a3 c7c1 g1f2 c1c2 f2g3 c2c7 a3a2 c7f7 a2a6 e6f5 a6a2 f7d7 a2f2 f5e6 f2c2 d7f7 c2e2 g6g5 e2c2 e6d5 g3g4 h7h6 c2d2 d5c6 d2a2 f7f4 g4g3 c6b6 a2a8 e5e4 a8e8 b6c7 e8e6 f4h4 e6f6 c7d7 f6f2 d7d6 f2a2 d6c5 a2a5 c5b6 a5e5 b6c7 e5a5 c7b6 a5d5 b6c6 d5a5 c6d6 a5a1 e4e3 a1e1 h4e4 g3f3 e4h4 e1e2 d6d5 f3e3 h4e4 e3f2 e4e2 f2e2 d5e4 e2e1 e4f3 e1f1 f3g4 f1g1

[WARN  ] [18:12:12.353745] <   > fastchess --- Warning; Illegal PV move - move h5h4 from Huginn_current
Info; info depth 12 seldepth 12 multipv 1 score cp 260 nodes 334 nps 334000 hashfull 1000 tbhits 0 time 0 pv h6h5 g1g2 g4h4 g2f2 h5h4 f2g2 h4h3 g2f2
Position; fen rnbqkbnr/p2ppppp/8/2p5/1p3P2/NP6/P1PPP1PP/R1BQKBNR w KQkq - 0 4
Moves; a3b1 d7d5 d2d4 d8d6 e2e3 c5d4 e3d4 b8c6 d1d3 g7g6 d3e3 g8f6 g1f3 f6g4 e3d2 f8g7 f1e2 c8f5 a2a3 g4f6 a3b4 f6e4 d2e3 d6b4 c2c3 b4b3 f3e5 c6e5 f4e5 a7a5 g2g4 f5d7 h1f1 h8f8 c3c4 b3e3 c1e3 f7f6 e5e6 d7e6 e2f3 f6f5 g4f5 e6f5 f3h1 a5a4 b1d2 e7e5 d2e4 f5e4 h1e4 f8f1 e1f1 d5e4 d4d5 a4a3 c4c5 a3a2 c5c6 e8e7 c6c7 e7d7 d5d6 g7f8 e3c5 e4e3 f1g1 f8d6 c5d6 d7d6 a1a2 a8c8 a2a3 c8c7 a3e3 d6d5 e3d3 d5e6 d3a3 c7c1 g1f2 c1c2 f2g3 c2c7 a3a2 c7f7 a2a6 e6f5 a6a2 f7d7 a2f2 f5e6 f2c2 d7f7 c2e2 g6g5 e2c2 e6d5 g3g4 h7h6 c2d2 d5c6 d2a2 f7f4 g4g3 c6b6 a2a8 e5e4 a8e8 b6c7 e8e6 f4h4 e6f6 c7d7 f6f2 d7d6 f2a2 d6c5 a2a5 c5b6 a5e5 b6c7 e5a5 c7b6 a5d5 b6c6 d5a5 c6d6 a5a1 e4e3 a1e1 h4e4 g3f3 e4h4 e1e2 d6d5 f3e3 h4e4 e3f2 e4e2 f2e2 d5e4 e2e1 e4f3 e1f1 f3g4 f1g1

[WARN  ] [18:12:12.353760] <   > fastchess --- Warning; Illegal PV move - move h5h4 from Huginn_current
Info; info depth 13 seldepth 13 multipv 1 score cp 260 nodes 369 nps 369000 hashfull 1000 tbhits 0 time 0 pv h6h5 g1g2 g4h4 g2f2 h5h4 f2g2 h4h3 g2f2
Position; fen rnbqkbnr/p2ppppp/8/2p5/1p3P2/NP6/P1PPP1PP/R1BQKBNR w KQkq - 0 4
Moves; a3b1 d7d5 d2d4 d8d6 e2e3 c5d4 e3d4 b8c6 d1d3 g7g6 d3e3 g8f6 g1f3 f6g4 e3d2 f8g7 f1e2 c8f5 a2a3 g4f6 a3b4 f6e4 d2e3 d6b4 c2c3 b4b3 f3e5 c6e5 f4e5 a7a5 g2g4 f5d7 h1f1 h8f8 c3c4 b3e3 c1e3 f7f6 e5e6 d7e6 e2f3 f6f5 g4f5 e6f5 f3h1 a5a4 b1d2 e7e5 d2e4 f5e4 h1e4 f8f1 e1f1 d5e4 d4d5 a4a3 c4c5 a3a2 c5c6 e8e7 c6c7 e7d7 d5d6 g7f8 e3c5 e4e3 f1g1 f8d6 c5d6 d7d6 a1a2 a8c8 a2a3 c8c7 a3e3 d6d5 e3d3 d5e6 d3a3 c7c1 g1f2 c1c2 f2g3 c2c7 a3a2 c7f7 a2a6 e6f5 a6a2 f7d7 a2f2 f5e6 f2c2 d7f7 c2e2 g6g5 e2c2 e6d5 g3g4 h7h6 c2d2 d5c6 d2a2 f7f4 g4g3 c6b6 a2a8 e5e4 a8e8 b6c7 e8e6 f4h4 e6f6 c7d7 f6f2 d7d6 f2a2 d6c5 a2a5 c5b6 a5e5 b6c7 e5a5 c7b6 a5d5 b6c6 d5a5 c6d6 a5a1 e4e3 a1e1 h4e4 g3f3 e4h4 e1e2 d6d5 f3e3 h4e4 e3f2 e4e2 f2e2 d5e4 e2e1 e4f3 e1f1 f3g4 f1g1

[WARN  ] [18:12:12.353775] <   > fastchess --- Warning; Illegal PV move - move h5h4 from Huginn_current
Info; info depth 14 seldepth 14 multipv 1 score cp 260 nodes 403 nps 403000 hashfull 1000 tbhits 0 time 0 pv h6h5 g1g2 g4h4 g2f2 h5h4 f2g2 h4h3 g2f2
Position; fen rnbqkbnr/p2ppppp/8/2p5/1p3P2/NP6/P1PPP1PP/R1BQKBNR w KQkq - 0 4
Moves; a3b1 d7d5 d2d4 d8d6 e2e3 c5d4 e3d4 b8c6 d1d3 g7g6 d3e3 g8f6 g1f3 f6g4 e3d2 f8g7 f1e2 c8f5 a2a3 g4f6 a3b4 f6e4 d2e3 d6b4 c2c3 b4b3 f3e5 c6e5 f4e5 a7a5 g2g4 f5d7 h1f1 h8f8 c3c4 b3e3 c1e3 f7f6 e5e6 d7e6 e2f3 f6f5 g4f5 e6f5 f3h1 a5a4 b1d2 e7e5 d2e4 f5e4 h1e4 f8f1 e1f1 d5e4 d4d5 a4a3 c4c5 a3a2 c5c6 e8e7 c6c7 e7d7 d5d6 g7f8 e3c5 e4e3 f1g1 f8d6 c5d6 d7d6 a1a2 a8c8 a2a3 c8c7 a3e3 d6d5 e3d3 d5e6 d3a3 c7c1 g1f2 c1c2 f2g3 c2c7 a3a2 c7f7 a2a6 e6f5 a6a2 f7d7 a2f2 f5e6 f2c2 d7f7 c2e2 g6g5 e2c2 e6d5 g3g4 h7h6 c2d2 d5c6 d2a2 f7f4 g4g3 c6b6 a2a8 e5e4 a8e8 b6c7 e8e6 f4h4 e6f6 c7d7 f6f2 d7d6 f2a2 d6c5 a2a5 c5b6 a5e5 b6c7 e5a5 c7b6 a5d5 b6c6 d5a5 c6d6 a5a1 e4e3 a1e1 h4e4 g3f3 e4h4 e1e2 d6d5 f3e3 h4e4 e3f2 e4e2 f2e2 d5e4 e2e1 e4f3 e1f1 f3g4 f1g1

[WARN  ] [18:12:12.353792] <   > fastchess --- Warning; Illegal PV move - move h5h4 from Huginn_current
Info; info depth 15 seldepth 15 multipv 1 score cp 260 nodes 443 nps 443000 hashfull 1000 tbhits 0 time 1 pv h6h5 g1g2 g4h4 g2f2 h5h4 f2g2 h4h3 g2f2
Position; fen rnbqkbnr/p2ppppp/8/2p5/1p3P2/NP6/P1PPP1PP/R1BQKBNR w KQkq - 0 4
Moves; a3b1 d7d5 d2d4 d8d6 e2e3 c5d4 e3d4 b8c6 d1d3 g7g6 d3e3 g8f6 g1f3 f6g4 e3d2 f8g7 f1e2 c8f5 a2a3 g4f6 a3b4 f6e4 d2e3 d6b4 c2c3 b4b3 f3e5 c6e5 f4e5 a7a5 g2g4 f5d7 h1f1 h8f8 c3c4 b3e3 c1e3 f7f6 e5e6 d7e6 e2f3 f6f5 g4f5 e6f5 f3h1 a5a4 b1d2 e7e5 d2e4 f5e4 h1e4 f8f1 e1f1 d5e4 d4d5 a4a3 c4c5 a3a2 c5c6 e8e7 c6c7 e7d7 d5d6 g7f8 e3c5 e4e3 f1g1 f8d6 c5d6 d7d6 a1a2 a8c8 a2a3 c8c7 a3e3 d6d5 e3d3 d5e6 d3a3 c7c1 g1f2 c1c2 f2g3 c2c7 a3a2 c7f7 a2a6 e6f5 a6a2 f7d7 a2f2 f5e6 f2c2 d7f7 c2e2 g6g5 e2c2 e6d5 g3g4 h7h6 c2d2 d5c6 d2a2 f7f4 g4g3 c6b6 a2a8 e5e4 a8e8 b6c7 e8e6 f4h4 e6f6 c7d7 f6f2 d7d6 f2a2 d6c5 a2a5 c5b6 a5e5 b6c7 e5a5 c7b6 a5d5 b6c6 d5a5 c6d6 a5a1 e4e3 a1e1 h4e4 g3f3 e4h4 e1e2 d6d5 f3e3 h4e4 e3f2 e4e2 f2e2 d5e4 e2e1 e4f3 e1f1 f3g4 f1g1

[WARN  ] [18:12:12.353807] <   > fastchess --- Warning; Illegal PV move - move h5h4 from Huginn_current
Info; info depth 16 seldepth 16 multipv 1 score cp 260 nodes 1962 nps 1962000 hashfull 1000 tbhits 129 time 1 pv h6h5 g1g2 g4h4 g2f2 h5h4 f2g2 h4h3 g2f2
Position; fen rnbqkbnr/p2ppppp/8/2p5/1p3P2/NP6/P1PPP1PP/R1BQKBNR w KQkq - 0 4
Moves; a3b1 d7d5 d2d4 d8d6 e2e3 c5d4 e3d4 b8c6 d1d3 g7g6 d3e3 g8f6 g1f3 f6g4 e3d2 f8g7 f1e2 c8f5 a2a3 g4f6 a3b4 f6e4 d2e3 d6b4 c2c3 b4b3 f3e5 c6e5 f4e5 a7a5 g2g4 f5d7 h1f1 h8f8 c3c4 b3e3 c1e3 f7f6 e5e6 d7e6 e2f3 f6f5 g4f5 e6f5 f3h1 a5a4 b1d2 e7e5 d2e4 f5e4 h1e4 f8f1 e1f1 d5e4 d4d5 a4a3 c4c5 a3a2 c5c6 e8e7 c6c7 e7d7 d5d6 g7f8 e3c5 e4e3 f1g1 f8d6 c5d6 d7d6 a1a2 a8c8 a2a3 c8c7 a3e3 d6d5 e3d3 d5e6 d3a3 c7c1 g1f2 c1c2 f2g3 c2c7 a3a2 c7f7 a2a6 e6f5 a6a2 f7d7 a2f2 f5e6 f2c2 d7f7 c2e2 g6g5 e2c2 e6d5 g3g4 h7h6 c2d2 d5c6 d2a2 f7f4 g4g3 c6b6 a2a8 e5e4 a8e8 b6c7 e8e6 f4h4 e6f6 c7d7 f6f2 d7d6 f2a2 d6c5 a2a5 c5b6 a5e5 b6c7 e5a5 c7b6 a5d5 b6c6 d5a5 c6d6 a5a1 e4e3 a1e1 h4e4 g3f3 e4h4 e1e2 d6d5 f3e3 h4e4 e3f2 e4e2 f2e2 d5e4 e2e1 e4f3 e1f1 f3g4 f1g1

[WARN  ] [18:12:12.353823] <   > fastchess --- Warning; Illegal PV move - move h5h4 from Huginn_current
Info; info depth 17 seldepth 21 multipv 1 score cp 260 nodes 15944 nps 3986000 hashfull 1000 tbhits 750 time 4 pv h6h5 g1g2 g4h4 g2f2 h5h4 f2g2 h4h3 g2f2
Position; fen rnbqkbnr/p2ppppp/8/2p5/1p3P2/NP6/P1PPP1PP/R1BQKBNR w KQkq - 0 4
Moves; a3b1 d7d5 d2d4 d8d6 e2e3 c5d4 e3d4 b8c6 d1d3 g7g6 d3e3 g8f6 g1f3 f6g4 e3d2 f8g7 f1e2 c8f5 a2a3 g4f6 a3b4 f6e4 d2e3 d6b4 c2c3 b4b3 f3e5 c6e5 f4e5 a7a5 g2g4 f5d7 h1f1 h8f8 c3c4 b3e3 c1e3 f7f6 e5e6 d7e6 e2f3 f6f5 g4f5 e6f5 f3h1 a5a4 b1d2 e7e5 d2e4 f5e4 h1e4 f8f1 e1f1 d5e4 d4d5 a4a3 c4c5 a3a2 c5c6 e8e7 c6c7 e7d7 d5d6 g7f8 e3c5 e4e3 f1g1 f8d6 c5d6 d7d6 a1a2 a8c8 a2a3 c8c7 a3e3 d6d5 e3d3 d5e6 d3a3 c7c1 g1f2 c1c2 f2g3 c2c7 a3a2 c7f7 a2a6 e6f5 a6a2 f7d7 a2f2 f5e6 f2c2 d7f7 c2e2 g6g5 e2c2 e6d5 g3g4 h7h6 c2d2 d5c6 d2a2 f7f4 g4g3 c6b6 a2a8 e5e4 a8e8 b6c7 e8e6 f4h4 e6f6 c7d7 f6f2 d7d6 f2a2 d6c5 a2a5 c5b6 a5e5 b6c7 e5a5 c7b6 a5d5 b6c6 d5a5 c6d6 a5a1 e4e3 a1e1 h4e4 g3f3 e4h4 e1e2 d6d5 f3e3 h4e4 e3f2 e4e2 f2e2 d5e4 e2e1 e4f3 e1f1 f3g4 f1g1

[WARN  ] [18:12:12.353838] <   > fastchess --- Warning; Illegal PV move - move h5h4 from Huginn_current
Info; info depth 18 seldepth 19 multipv 1 score cp 260 nodes 27319 nps 5463800 hashfull 1000 tbhits 530 time 5 pv h6h5 g1g2 g4h4 g2f2 h5h4 f2g2 h4h3 g2f2
Position; fen rnbqkbnr/p2ppppp/8/2p5/1p3P2/NP6/P1PPP1PP/R1BQKBNR w KQkq - 0 4
Moves; a3b1 d7d5 d2d4 d8d6 e2e3 c5d4 e3d4 b8c6 d1d3 g7g6 d3e3 g8f6 g1f3 f6g4 e3d2 f8g7 f1e2 c8f5 a2a3 g4f6 a3b4 f6e4 d2e3 d6b4 c2c3 b4b3 f3e5 c6e5 f4e5 a7a5 g2g4 f5d7 h1f1 h8f8 c3c4 b3e3 c1e3 f7f6 e5e6 d7e6 e2f3 f6f5 g4f5 e6f5 f3h1 a5a4 b1d2 e7e5 d2e4 f5e4 h1e4 f8f1 e1f1 d5e4 d4d5 a4a3 c4c5 a3a2 c5c6 e8e7 c6c7 e7d7 d5d6 g7f8 e3c5 e4e3 f1g1 f8d6 c5d6 d7d6 a1a2 a8c8 a2a3 c8c7 a3e3 d6d5 e3d3 d5e6 d3a3 c7c1 g1f2 c1c2 f2g3 c2c7 a3a2 c7f7 a2a6 e6f5 a6a2 f7d7 a2f2 f5e6 f2c2 d7f7 c2e2 g6g5 e2c2 e6d5 g3g4 h7h6 c2d2 d5c6 d2a2 f7f4 g4g3 c6b6 a2a8 e5e4 a8e8 b6c7 e8e6 f4h4 e6f6 c7d7 f6f2 d7d6 f2a2 d6c5 a2a5 c5b6 a5e5 b6c7 e5a5 c7b6 a5d5 b6c6 d5a5 c6d6 a5a1 e4e3 a1e1 h4e4 g3f3 e4h4 e1e2 d6d5 f3e3 h4e4 e3f2 e4e2 f2e2 d5e4 e2e1 e4f3 e1f1 f3g4 f1g1

[WARN  ] [18:12:12.353854] <   > fastchess --- Warning; Illegal PV move - move h5h4 from Huginn_current
Info; info depth 19 seldepth 23 multipv 1 score cp 260 nodes 62870 nps 5239166 hashfull 1000 tbhits 1910 time 12 pv h6h5 g1g2 g4h4 g2f2 h5h4 f2g2 h4h3 g2f2
Position; fen rnbqkbnr/p2ppppp/8/2p5/1p3P2/NP6/P1PPP1PP/R1BQKBNR w KQkq - 0 4
Moves; a3b1 d7d5 d2d4 d8d6 e2e3 c5d4 e3d4 b8c6 d1d3 g7g6 d3e3 g8f6 g1f3 f6g4 e3d2 f8g7 f1e2 c8f5 a2a3 g4f6 a3b4 f6e4 d2e3 d6b4 c2c3 b4b3 f3e5 c6e5 f4e5 a7a5 g2g4 f5d7 h1f1 h8f8 c3c4 b3e3 c1e3 f7f6 e5e6 d7e6 e2f3 f6f5 g4f5 e6f5 f3h1 a5a4 b1d2 e7e5 d2e4 f5e4 h1e4 f8f1 e1f1 d5e4 d4d5 a4a3 c4c5 a3a2 c5c6 e8e7 c6c7 e7d7 d5d6 g7f8 e3c5 e4e3 f1g1 f8d6 c5d6 d7d6 a1a2 a8c8 a2a3 c8c7 a3e3 d6d5 e3d3 d5e6 d3a3 c7c1 g1f2 c1c2 f2g3 c2c7 a3a2 c7f7 a2a6 e6f5 a6a2 f7d7 a2f2 f5e6 f2c2 d7f7 c2e2 g6g5 e2c2 e6d5 g3g4 h7h6 c2d2 d5c6 d2a2 f7f4 g4g3 c6b6 a2a8 e5e4 a8e8 b6c7 e8e6 f4h4 e6f6 c7d7 f6f2 d7d6 f2a2 d6c5 a2a5 c5b6 a5e5 b6c7 e5a5 c7b6 a5d5 b6c6 d5a5 c6d6 a5a1 e4e3 a1e1 h4e4 g3f3 e4h4 e1e2 d6d5 f3e3 h4e4 e3f2 e4e2 f2e2 d5e4 e2e1 e4f3 e1f1 f3g4 f1g1

[WARN  ] [18:12:12.353870] <   > fastchess --- Warning; Illegal PV move - move h5h4 from Huginn_current
Info; info depth 20 seldepth 23 multipv 1 score cp 260 nodes 102921 nps 5717833 hashfull 1000 tbhits 2154 time 18 pv h6h5 g1g2 g4h4 g2f2 h5h4 f2g2 h4h3 g2f2
Position; fen rnbqkbnr/p2ppppp/8/2p5/1p3P2/NP6/P1PPP1PP/R1BQKBNR w KQkq - 0 4
Moves; a3b1 d7d5 d2d4 d8d6 e2e3 c5d4 e3d4 b8c6 d1d3 g7g6 d3e3 g8f6 g1f3 f6g4 e3d2 f8g7 f1e2 c8f5 a2a3 g4f6 a3b4 f6e4 d2e3 d6b4 c2c3 b4b3 f3e5 c6e5 f4e5 a7a5 g2g4 f5d7 h1f1 h8f8 c3c4 b3e3 c1e3 f7f6 e5e6 d7e6 e2f3 f6f5 g4f5 e6f5 f3h1 a5a4 b1d2 e7e5 d2e4 f5e4 h1e4 f8f1 e1f1 d5e4 d4d5 a4a3 c4c5 a3a2 c5c6 e8e7 c6c7 e7d7 d5d6 g7f8 e3c5 e4e3 f1g1 f8d6 c5d6 d7d6 a1a2 a8c8 a2a3 c8c7 a3e3 d6d5 e3d3 d5e6 d3a3 c7c1 g1f2 c1c2 f2g3 c2c7 a3a2 c7f7 a2a6 e6f5 a6a2 f7d7 a2f2 f5e6 f2c2 d7f7 c2e2 g6g5 e2c2 e6d5 g3g4 h7h6 c2d2 d5c6 d2a2 f7f4 g4g3 c6b6 a2a8 e5e4 a8e8 b6c7 e8e6 f4h4 e6f6 c7d7 f6f2 d7d6 f2a2 d6c5 a2a5 c5b6 a5e5 b6c7 e5a5 c7b6 a5d5 b6c6 d5a5 c6d6 a5a1 e4e3 a1e1 h4e4 g3f3 e4h4 e1e2 d6d5 f3e3 h4e4 e3f2 e4e2 f2e2 d5e4 e2e1 e4f3 e1f1 f3g4 f1g1

[WARN  ] [18:42:36.430737] <   > fastchess --- Warning; PV continues after fifty-move rule - move b4c2 from Huginn_t10
Info; info depth 1 seldepth 1 multipv 1 score cp -123 nodes 20 nps 20000 hashfull 1000 tbhits 0 time 0 pv g7c3 d3c1 d6e6 c1a2 c3e5 a2b4 e6d6 b4c2 e5c3 c2e3 c3f6 e3d1 f6e5 d1f2 e5c3 f2d1
Position; fen r1bqkbnr/pp1pppp1/2n4p/2p5/4PB2/3P4/PPP2PPP/RN1QKBNR w KQkq - 0 4
Moves; g1f3 d7d6 c2c4 e7e5 f4e3 d8b6 d1b3 g8f6 b3b6 a7b6 b1c3 c6b4 c3b5 e8d8 e1d1 b4a2 d1e1 a8a4 b2b4 f6g4 e3d2 f8e7 f1e2 c5b4 e2d1 a4a5 d1b3 a2c3 a1a5 b6a5 b5c3 b4c3 d2c3 b7b6 h2h3 g4f6 c4c5 b6c5 c3a5 d8e8 e1e2 c8e6 b3e6 f7e6 a5c3 e8f7 h1a1 h8b8 g2g4 b8b3 e2d2 c5c4 g4g5 f6d7 g5h6 g7h6 d2c2 d7c5 d3c4 b3b8 a1e1 b8a8 c3b2 a8a4 c2c3 e7d8 f3d2 d8a5 c3c2 a5d2 c2d2 a4a2 e1b1 c5e4 d2c2 f7e7 b1f1 a2a4 c2b3 a4c4 b3c4 e4d2 c4d3 d2f1 b2c1 h6h5 c1g5 e7d7 d3e4 f1h2 g5e3 d7c6 e3h6 c6c7 f2f4 e5f4 e4f4 h2f1 f4f3 h5h4 h6g5 e6e5 g5h4 f1d2 f3e3 d2c4 e3d3 d6d5 h4g5 c4d6 g5f6 d6c4 h3h4 c7d6 f6g5 d6e6 h4h5 e6f5 g5c1 f5f6 h5h6 f6g6 d3c3 c4d6 c3b4 d6e4 c1b2 g6h6 b2e5 h6g6 e5d4 g6f5 b4b3 e4g3 b3b4 g3e4 b4b3 e4g5 b3b4 g5e6 d4c3 f5e4 b4b5 e6d4 b5c5 d4e2 c3g7 e2g3 g7f6 g3h5 f6d4 h5f4 d4a1 f4e6 c5d6 e6d4 a1b2 d4c2 d6c5 c2e1 c5b5 e1d3 b2c3 d3c1 c3g7 c1e2 b5c5 e2g3 c5b5 g3f5 g7f6 f5e3 b5c5 e3c2 c5c6 c2d4 c6d6 d4f5 d6c6 f5d4 c6d6 d4f5 d6e6 f5e3 f6e5 e3d1 e5f6 d1e3 f6e5 e3d1 e5a1 d1f2 a1c3 f2g4 c3a1 g4f2 a1c3 f2g4 c3a1 g4h2 a1b2 h2f3 b2a1 f3d4 e6d6 d4f3 a1f6 f3g1 f6e5 g1f3 e5f6 f3g1 d6c5 g1h3 c5d6 h3f4 f6g7 f4d3 g7f6 d3f4 f6g7 f4d3

[WARN  ] [18:42:36.430826] <   > fastchess --- Warning; PV continues after fifty-move rule - move b4c2 from Huginn_t10
Info; info depth 2 seldepth 2 multipv 1 score cp -123 nodes 40 nps 40000 hashfull 1000 tbhits 0 time 0 pv g7c3 d3c1 d6e6 c1a2 c3e5 a2b4 e6d6 b4c2 e5c3 c2e3 c3f6 e3d1 f6e5 d1f2 e5c3 f2d1
Position; fen r1bqkbnr/pp1pppp1/2n4p/2p5/4PB2/3P4/PPP2PPP/RN1QKBNR w KQkq - 0 4
Moves; g1f3 d7d6 c2c4 e7e5 f4e3 d8b6 d1b3 g8f6 b3b6 a7b6 b1c3 c6b4 c3b5 e8d8 e1d1 b4a2 d1e1 a8a4 b2b4 f6g4 e3d2 f8e7 f1e2 c5b4 e2d1 a4a5 d1b3 a2c3 a1a5 b6a5 b5c3 b4c3 d2c3 b7b6 h2h3 g4f6 c4c5 b6c5 c3a5 d8e8 e1e2 c8e6 b3e6 f7e6 a5c3 e8f7 h1a1 h8b8 g2g4 b8b3 e2d2 c5c4 g4g5 f6d7 g5h6 g7h6 d2c2 d7c5 d3c4 b3b8 a1e1 b8a8 c3b2 a8a4 c2c3 e7d8 f3d2 d8a5 c3c2 a5d2 c2d2 a4a2 e1b1 c5e4 d2c2 f7e7 b1f1 a2a4 c2b3 a4c4 b3c4 e4d2 c4d3 d2f1 b2c1 h6h5 c1g5 e7d7 d3e4 f1h2 g5e3 d7c6 e3h6 c6c7 f2f4 e5f4 e4f4 h2f1 f4f3 h5h4 h6g5 e6e5 g5h4 f1d2 f3e3 d2c4 e3d3 d6d5 h4g5 c4d6 g5f6 d6c4 h3h4 c7d6 f6g5 d6e6 h4h5 e6f5 g5c1 f5f6 h5h6 f6g6 d3c3 c4d6 c3b4 d6e4 c1b2 g6h6 b2e5 h6g6 e5d4 g6f5 b4b3 e4g3 b3b4 g3e4 b4b3 e4g5 b3b4 g5e6 d4c3 f5e4 b4b5 e6d4 b5c5 d4e2 c3g7 e2g3 g7f6 g3h5 f6d4 h5f4 d4a1 f4e6 c5d6 e6d4 a1b2 d4c2 d6c5 c2e1 c5b5 e1d3 b2c3 d3c1 c3g7 c1e2 b5c5 e2g3 c5b5 g3f5 g7f6 f5e3 b5c5 e3c2 c5c6 c2d4 c6d6 d4f5 d6c6 f5d4 c6d6 d4f5 d6e6 f5e3 f6e5 e3d1 e5f6 d1e3 f6e5 e3d1 e5a1 d1f2 a1c3 f2g4 c3a1 g4f2 a1c3 f2g4 c3a1 g4h2 a1b2 h2f3 b2a1 f3d4 e6d6 d4f3 a1f6 f3g1 f6e5 g1f3 e5f6 f3g1 d6c5 g1h3 c5d6 h3f4 f6g7 f4d3 g7f6 d3f4 f6g7 f4d3

[WARN  ] [18:42:36.430848] <   > fastchess --- Warning; PV continues after fifty-move rule - move b4c2 from Huginn_t10
Info; info depth 3 seldepth 3 multipv 1 score cp -123 nodes 178 nps 178000 hashfull 1000 tbhits 1 time 0 pv g7c3 d3c1 d6e6 c1a2 c3e5 a2b4 e6d6 b4c2 e5c3 c2e3 c3f6 e3d1 f6e5 d1f2 e5c3 f2d1
Position; fen r1bqkbnr/pp1pppp1/2n4p/2p5/4PB2/3P4/PPP2PPP/RN1QKBNR w KQkq - 0 4
Moves; g1f3 d7d6 c2c4 e7e5 f4e3 d8b6 d1b3 g8f6 b3b6 a7b6 b1c3 c6b4 c3b5 e8d8 e1d1 b4a2 d1e1 a8a4 b2b4 f6g4 e3d2 f8e7 f1e2 c5b4 e2d1 a4a5 d1b3 a2c3 a1a5 b6a5 b5c3 b4c3 d2c3 b7b6 h2h3 g4f6 c4c5 b6c5 c3a5 d8e8 e1e2 c8e6 b3e6 f7e6 a5c3 e8f7 h1a1 h8b8 g2g4 b8b3 e2d2 c5c4 g4g5 f6d7 g5h6 g7h6 d2c2 d7c5 d3c4 b3b8 a1e1 b8a8 c3b2 a8a4 c2c3 e7d8 f3d2 d8a5 c3c2 a5d2 c2d2 a4a2 e1b1 c5e4 d2c2 f7e7 b1f1 a2a4 c2b3 a4c4 b3c4 e4d2 c4d3 d2f1 b2c1 h6h5 c1g5 e7d7 d3e4 f1h2 g5e3 d7c6 e3h6 c6c7 f2f4 e5f4 e4f4 h2f1 f4f3 h5h4 h6g5 e6e5 g5h4 f1d2 f3e3 d2c4 e3d3 d6d5 h4g5 c4d6 g5f6 d6c4 h3h4 c7d6 f6g5 d6e6 h4h5 e6f5 g5c1 f5f6 h5h6 f6g6 d3c3 c4d6 c3b4 d6e4 c1b2 g6h6 b2e5 h6g6 e5d4 g6f5 b4b3 e4g3 b3b4 g3e4 b4b3 e4g5 b3b4 g5e6 d4c3 f5e4 b4b5 e6d4 b5c5 d4e2 c3g7 e2g3 g7f6 g3h5 f6d4 h5f4 d4a1 f4e6 c5d6 e6d4 a1b2 d4c2 d6c5 c2e1 c5b5 e1d3 b2c3 d3c1 c3g7 c1e2 b5c5 e2g3 c5b5 g3f5 g7f6 f5e3 b5c5 e3c2 c5c6 c2d4 c6d6 d4f5 d6c6 f5d4 c6d6 d4f5 d6e6 f5e3 f6e5 e3d1 e5f6 d1e3 f6e5 e3d1 e5a1 d1f2 a1c3 f2g4 c3a1 g4f2 a1c3 f2g4 c3a1 g4h2 a1b2 h2f3 b2a1 f3d4 e6d6 d4f3 a1f6 f3g1 f6e5 g1f3 e5f6 f3g1 d6c5 g1h3 c5d6 h3f4 f6g7 f4d3 g7f6 d3f4 f6g7 f4d3

[WARN  ] [18:42:36.430867] <   > fastchess --- Warning; PV continues after fifty-move rule - move b4c2 from Huginn_t10
Info; info depth 4 seldepth 4 multipv 1 score cp -123 nodes 493 nps 493000 hashfull 1000 tbhits 14 time 0 pv g7c3 d3c1 d6e6 c1a2 c3e5 a2b4 e6d6 b4c2 e5c3 c2e3 c3f6 e3d1 f6e5 d1f2 e5c3 f2d1
Position; fen r1bqkbnr/pp1pppp1/2n4p/2p5/4PB2/3P4/PPP2PPP/RN1QKBNR w KQkq - 0 4
Moves; g1f3 d7d6 c2c4 e7e5 f4e3 d8b6 d1b3 g8f6 b3b6 a7b6 b1c3 c6b4 c3b5 e8d8 e1d1 b4a2 d1e1 a8a4 b2b4 f6g4 e3d2 f8e7 f1e2 c5b4 e2d1 a4a5 d1b3 a2c3 a1a5 b6a5 b5c3 b4c3 d2c3 b7b6 h2h3 g4f6 c4c5 b6c5 c3a5 d8e8 e1e2 c8e6 b3e6 f7e6 a5c3 e8f7 h1a1 h8b8 g2g4 b8b3 e2d2 c5c4 g4g5 f6d7 g5h6 g7h6 d2c2 d7c5 d3c4 b3b8 a1e1 b8a8 c3b2 a8a4 c2c3 e7d8 f3d2 d8a5 c3c2 a5d2 c2d2 a4a2 e1b1 c5e4 d2c2 f7e7 b1f1 a2a4 c2b3 a4c4 b3c4 e4d2 c4d3 d2f1 b2c1 h6h5 c1g5 e7d7 d3e4 f1h2 g5e3 d7c6 e3h6 c6c7 f2f4 e5f4 e4f4 h2f1 f4f3 h5h4 h6g5 e6e5 g5h4 f1d2 f3e3 d2c4 e3d3 d6d5 h4g5 c4d6 g5f6 d6c4 h3h4 c7d6 f6g5 d6e6 h4h5 e6f5 g5c1 f5f6 h5h6 f6g6 d3c3 c4d6 c3b4 d6e4 c1b2 g6h6 b2e5 h6g6 e5d4 g6f5 b4b3 e4g3 b3b4 g3e4 b4b3 e4g5 b3b4 g5e6 d4c3 f5e4 b4b5 e6d4 b5c5 d4e2 c3g7 e2g3 g7f6 g3h5 f6d4 h5f4 d4a1 f4e6 c5d6 e6d4 a1b2 d4c2 d6c5 c2e1 c5b5 e1d3 b2c3 d3c1 c3g7 c1e2 b5c5 e2g3 c5b5 g3f5 g7f6 f5e3 b5c5 e3c2 c5c6 c2d4 c6d6 d4f5 d6c6 f5d4 c6d6 d4f5 d6e6 f5e3 f6e5 e3d1 e5f6 d1e3 f6e5 e3d1 e5a1 d1f2 a1c3 f2g4 c3a1 g4f2 a1c3 f2g4 c3a1 g4h2 a1b2 h2f3 b2a1 f3d4 e6d6 d4f3 a1f6 f3g1 f6e5 g1f3 e5f6 f3g1 d6c5 g1h3 c5d6 h3f4 f6g7 f4d3 g7f6 d3f4 f6g7 f4d3

[WARN  ] [18:42:36.430917] <   > fastchess --- Warning; PV continues after fifty-move rule - move b4c2 from Huginn_t10
Info; info depth 5 seldepth 5 multipv 1 score cp -123 nodes 680 nps 680000 hashfull 1000 tbhits 10 time 0 pv g7c3 d3c1 d6e6 c1a2 c3e5 a2b4 e6d6 b4c2 e5c3 c2e3 c3f6 e3d1 f6e5 d1f2 e5c3 f2d1
Position; fen r1bqkbnr/pp1pppp1/2n4p/2p5/4PB2/3P4/PPP2PPP/RN1QKBNR w KQkq - 0 4
Moves; g1f3 d7d6 c2c4 e7e5 f4e3 d8b6 d1b3 g8f6 b3b6 a7b6 b1c3 c6b4 c3b5 e8d8 e1d1 b4a2 d1e1 a8a4 b2b4 f6g4 e3d2 f8e7 f1e2 c5b4 e2d1 a4a5 d1b3 a2c3 a1a5 b6a5 b5c3 b4c3 d2c3 b7b6 h2h3 g4f6 c4c5 b6c5 c3a5 d8e8 e1e2 c8e6 b3e6 f7e6 a5c3 e8f7 h1a1 h8b8 g2g4 b8b3 e2d2 c5c4 g4g5 f6d7 g5h6 g7h6 d2c2 d7c5 d3c4 b3b8 a1e1 b8a8 c3b2 a8a4 c2c3 e7d8 f3d2 d8a5 c3c2 a5d2 c2d2 a4a2 e1b1 c5e4 d2c2 f7e7 b1f1 a2a4 c2b3 a4c4 b3c4 e4d2 c4d3 d2f1 b2c1 h6h5 c1g5 e7d7 d3e4 f1h2 g5e3 d7c6 e3h6 c6c7 f2f4 e5f4 e4f4 h2f1 f4f3 h5h4 h6g5 e6e5 g5h4 f1d2 f3e3 d2c4 e3d3 d6d5 h4g5 c4d6 g5f6 d6c4 h3h4 c7d6 f6g5 d6e6 h4h5 e6f5 g5c1 f5f6 h5h6 f6g6 d3c3 c4d6 c3b4 d6e4 c1b2 g6h6 b2e5 h6g6 e5d4 g6f5 b4b3 e4g3 b3b4 g3e4 b4b3 e4g5 b3b4 g5e6 d4c3 f5e4 b4b5 e6d4 b5c5 d4e2 c3g7 e2g3 g7f6 g3h5 f6d4 h5f4 d4a1 f4e6 c5d6 e6d4 a1b2 d4c2 d6c5 c2e1 c5b5 e1d3 b2c3 d3c1 c3g7 c1e2 b5c5 e2g3 c5b5 g3f5 g7f6 f5e3 b5c5 e3c2 c5c6 c2d4 c6d6 d4f5 d6c6 f5d4 c6d6 d4f5 d6e6 f5e3 f6e5 e3d1 e5f6 d1e3 f6e5 e3d1 e5a1 d1f2 a1c3 f2g4 c3a1 g4f2 a1c3 f2g4 c3a1 g4h2 a1b2 h2f3 b2a1 f3d4 e6d6 d4f3 a1f6 f3g1 f6e5 g1f3 e5f6 f3g1 d6c5 g1h3 c5d6 h3f4 f6g7 f4d3 g7f6 d3f4 f6g7 f4d3

[WARN  ] [18:42:36.430935] <   > fastchess --- Warning; PV continues after fifty-move rule - move b4c2 from Huginn_t10
Info; info depth 6 seldepth 6 multipv 1 score cp -123 nodes 700 nps 700000 hashfull 1000 tbhits 0 time 0 pv g7c3 d3c1 d6e6 c1a2 c3e5 a2b4 e6d6 b4c2 e5c3 c2e3 c3f6 e3d1 f6e5 d1f2 e5c3 f2d1
Position; fen r1bqkbnr/pp1pppp1/2n4p/2p5/4PB2/3P4/PPP2PPP/RN1QKBNR w KQkq - 0 4
Moves; g1f3 d7d6 c2c4 e7e5 f4e3 d8b6 d1b3 g8f6 b3b6 a7b6 b1c3 c6b4 c3b5 e8d8 e1d1 b4a2 d1e1 a8a4 b2b4 f6g4 e3d2 f8e7 f1e2 c5b4 e2d1 a4a5 d1b3 a2c3 a1a5 b6a5 b5c3 b4c3 d2c3 b7b6 h2h3 g4f6 c4c5 b6c5 c3a5 d8e8 e1e2 c8e6 b3e6 f7e6 a5c3 e8f7 h1a1 h8b8 g2g4 b8b3 e2d2 c5c4 g4g5 f6d7 g5h6 g7h6 d2c2 d7c5 d3c4 b3b8 a1e1 b8a8 c3b2 a8a4 c2c3 e7d8 f3d2 d8a5 c3c2 a5d2 c2d2 a4a2 e1b1 c5e4 d2c2 f7e7 b1f1 a2a4 c2b3 a4c4 b3c4 e4d2 c4d3 d2f1 b2c1 h6h5 c1g5 e7d7 d3e4 f1h2 g5e3 d7c6 e3h6 c6c7 f2f4 e5f4 e4f4 h2f1 f4f3 h5h4 h6g5 e6e5 g5h4 f1d2 f3e3 d2c4 e3d3 d6d5 h4g5 c4d6 g5f6 d6c4 h3h4 c7d6 f6g5 d6e6 h4h5 e6f5 g5c1 f5f6 h5h6 f6g6 d3c3 c4d6 c3b4 d6e4 c1b2 g6h6 b2e5 h6g6 e5d4 g6f5 b4b3 e4g3 b3b4 g3e4 b4b3 e4g5 b3b4 g5e6 d4c3 f5e4 b4b5 e6d4 b5c5 d4e2 c3g7 e2g3 g7f6 g3h5 f6d4 h5f4 d4a1 f4e6 c5d6 e6d4 a1b2 d4c2 d6c5 c2e1 c5b5 e1d3 b2c3 d3c1 c3g7 c1e2 b5c5 e2g3 c5b5 g3f5 g7f6 f5e3 b5c5 e3c2 c5c6 c2d4 c6d6 d4f5 d6c6 f5d4 c6d6 d4f5 d6e6 f5e3 f6e5 e3d1 e5f6 d1e3 f6e5 e3d1 e5a1 d1f2 a1c3 f2g4 c3a1 g4f2 a1c3 f2g4 c3a1 g4h2 a1b2 h2f3 b2a1 f3d4 e6d6 d4f3 a1f6 f3g1 f6e5 g1f3 e5f6 f3g1 d6c5 g1h3 c5d6 h3f4 f6g7 f4d3 g7f6 d3f4 f6g7 f4d3

[WARN  ] [18:42:36.430953] <   > fastchess --- Warning; PV continues after fifty-move rule - move b4c2 from Huginn_t10
Info; info depth 7 seldepth 7 multipv 1 score cp -123 nodes 722 nps 722000 hashfull 1000 tbhits 0 time 0 pv g7c3 d3c1 d6e6 c1a2 c3e5 a2b4 e6d6 b4c2 e5c3 c2e3 c3f6 e3d1 f6e5 d1f2 e5c3 f2d1
Position; fen r1bqkbnr/pp1pppp1/2n4p/2p5/4PB2/3P4/PPP2PPP/RN1QKBNR w KQkq - 0 4
Moves; g1f3 d7d6 c2c4 e7e5 f4e3 d8b6 d1b3 g8f6 b3b6 a7b6 b1c3 c6b4 c3b5 e8d8 e1d1 b4a2 d1e1 a8a4 b2b4 f6g4 e3d2 f8e7 f1e2 c5b4 e2d1 a4a5 d1b3 a2c3 a1a5 b6a5 b5c3 b4c3 d2c3 b7b6 h2h3 g4f6 c4c5 b6c5 c3a5 d8e8 e1e2 c8e6 b3e6 f7e6 a5c3 e8f7 h1a1 h8b8 g2g4 b8b3 e2d2 c5c4 g4g5 f6d7 g5h6 g7h6 d2c2 d7c5 d3c4 b3b8 a1e1 b8a8 c3b2 a8a4 c2c3 e7d8 f3d2 d8a5 c3c2 a5d2 c2d2 a4a2 e1b1 c5e4 d2c2 f7e7 b1f1 a2a4 c2b3 a4c4 b3c4 e4d2 c4d3 d2f1 b2c1 h6h5 c1g5 e7d7 d3e4 f1h2 g5e3 d7c6 e3h6 c6c7 f2f4 e5f4 e4f4 h2f1 f4f3 h5h4 h6g5 e6e5 g5h4 f1d2 f3e3 d2c4 e3d3 d6d5 h4g5 c4d6 g5f6 d6c4 h3h4 c7d6 f6g5 d6e6 h4h5 e6f5 g5c1 f5f6 h5h6 f6g6 d3c3 c4d6 c3b4 d6e4 c1b2 g6h6 b2e5 h6g6 e5d4 g6f5 b4b3 e4g3 b3b4 g3e4 b4b3 e4g5 b3b4 g5e6 d4c3 f5e4 b4b5 e6d4 b5c5 d4e2 c3g7 e2g3 g7f6 g3h5 f6d4 h5f4 d4a1 f4e6 c5d6 e6d4 a1b2 d4c2 d6c5 c2e1 c5b5 e1d3 b2c3 d3c1 c3g7 c1e2 b5c5 e2g3 c5b5 g3f5 g7f6 f5e3 b5c5 e3c2 c5c6 c2d4 c6d6 d4f5 d6c6 f5d4 c6d6 d4f5 d6e6 f5e3 f6e5 e3d1 e5f6 d1e3 f6e5 e3d1 e5a1 d1f2 a1c3 f2g4 c3a1 g4f2 a1c3 f2g4 c3a1 g4h2 a1b2 h2f3 b2a1 f3d4 e6d6 d4f3 a1f6 f3g1 f6e5 g1f3 e5f6 f3g1 d6c5 g1h3 c5d6 h3f4 f6g7 f4d3 g7f6 d3f4 f6g7 f4d3

[WARN  ] [18:42:36.430972] <   > fastchess --- Warning; PV continues after fifty-move rule - move b4c2 from Huginn_t10
Info; info depth 8 seldepth 8 multipv 1 score cp -123 nodes 745 nps 745000 hashfull 1000 tbhits 0 time 0 pv g7c3 d3c1 d6e6 c1a2 c3e5 a2b4 e6d6 b4c2 e5c3 c2e3 c3f6 e3d1 f6e5 d1f2 e5c3 f2d1
Position; fen r1bqkbnr/pp1pppp1/2n4p/2p5/4PB2/3P4/PPP2PPP/RN1QKBNR w KQkq - 0 4
Moves; g1f3 d7d6 c2c4 e7e5 f4e3 d8b6 d1b3 g8f6 b3b6 a7b6 b1c3 c6b4 c3b5 e8d8 e1d1 b4a2 d1e1 a8a4 b2b4 f6g4 e3d2 f8e7 f1e2 c5b4 e2d1 a4a5 d1b3 a2c3 a1a5 b6a5 b5c3 b4c3 d2c3 b7b6 h2h3 g4f6 c4c5 b6c5 c3a5 d8e8 e1e2 c8e6 b3e6 f7e6 a5c3 e8f7 h1a1 h8b8 g2g4 b8b3 e2d2 c5c4 g4g5 f6d7 g5h6 g7h6 d2c2 d7c5 d3c4 b3b8 a1e1 b8a8 c3b2 a8a4 c2c3 e7d8 f3d2 d8a5 c3c2 a5d2 c2d2 a4a2 e1b1 c5e4 d2c2 f7e7 b1f1 a2a4 c2b3 a4c4 b3c4 e4d2 c4d3 d2f1 b2c1 h6h5 c1g5 e7d7 d3e4 f1h2 g5e3 d7c6 e3h6 c6c7 f2f4 e5f4 e4f4 h2f1 f4f3 h5h4 h6g5 e6e5 g5h4 f1d2 f3e3 d2c4 e3d3 d6d5 h4g5 c4d6 g5f6 d6c4 h3h4 c7d6 f6g5 d6e6 h4h5 e6f5 g5c1 f5f6 h5h6 f6g6 d3c3 c4d6 c3b4 d6e4 c1b2 g6h6 b2e5 h6g6 e5d4 g6f5 b4b3 e4g3 b3b4 g3e4 b4b3 e4g5 b3b4 g5e6 d4c3 f5e4 b4b5 e6d4 b5c5 d4e2 c3g7 e2g3 g7f6 g3h5 f6d4 h5f4 d4a1 f4e6 c5d6 e6d4 a1b2 d4c2 d6c5 c2e1 c5b5 e1d3 b2c3 d3c1 c3g7 c1e2 b5c5 e2g3 c5b5 g3f5 g7f6 f5e3 b5c5 e3c2 c5c6 c2d4 c6d6 d4f5 d6c6 f5d4 c6d6 d4f5 d6e6 f5e3 f6e5 e3d1 e5f6 d1e3 f6e5 e3d1 e5a1 d1f2 a1c3 f2g4 c3a1 g4f2 a1c3 f2g4 c3a1 g4h2 a1b2 h2f3 b2a1 f3d4 e6d6 d4f3 a1f6 f3g1 f6e5 g1f3 e5f6 f3g1 d6c5 g1h3 c5d6 h3f4 f6g7 f4d3 g7f6 d3f4 f6g7 f4d3

[WARN  ] [18:42:36.430989] <   > fastchess --- Warning; PV continues after fifty-move rule - move b4c2 from Huginn_t10
Info; info depth 9 seldepth 9 multipv 1 score cp -123 nodes 769 nps 769000 hashfull 1000 tbhits 0 time 0 pv g7c3 d3c1 d6e6 c1a2 c3e5 a2b4 e6d6 b4c2 e5c3 c2e3 c3f6 e3d1 f6e5 d1f2 e5c3 f2d1
Position; fen r1bqkbnr/pp1pppp1/2n4p/2p5/4PB2/3P4/PPP2PPP/RN1QKBNR w KQkq - 0 4
Moves; g1f3 d7d6 c2c4 e7e5 f4e3 d8b6 d1b3 g8f6 b3b6 a7b6 b1c3 c6b4 c3b5 e8d8 e1d1 b4a2 d1e1 a8a4 b2b4 f6g4 e3d2 f8e7 f1e2 c5b4 e2d1 a4a5 d1b3 a2c3 a1a5 b6a5 b5c3 b4c3 d2c3 b7b6 h2h3 g4f6 c4c5 b6c5 c3a5 d8e8 e1e2 c8e6 b3e6 f7e6 a5c3 e8f7 h1a1 h8b8 g2g4 b8b3 e2d2 c5c4 g4g5 f6d7 g5h6 g7h6 d2c2 d7c5 d3c4 b3b8 a1e1 b8a8 c3b2 a8a4 c2c3 e7d8 f3d2 d8a5 c3c2 a5d2 c2d2 a4a2 e1b1 c5e4 d2c2 f7e7 b1f1 a2a4 c2b3 a4c4 b3c4 e4d2 c4d3 d2f1 b2c1 h6h5 c1g5 e7d7 d3e4 f1h2 g5e3 d7c6 e3h6 c6c7 f2f4 e5f4 e4f4 h2f1 f4f3 h5h4 h6g5 e6e5 g5h4 f1d2 f3e3 d2c4 e3d3 d6d5 h4g5 c4d6 g5f6 d6c4 h3h4 c7d6 f6g5 d6e6 h4h5 e6f5 g5c1 f5f6 h5h6 f6g6 d3c3 c4d6 c3b4 d6e4 c1b2 g6h6 b2e5 h6g6 e5d4 g6f5 b4b3 e4g3 b3b4 g3e4 b4b3 e4g5 b3b4 g5e6 d4c3 f5e4 b4b5 e6d4 b5c5 d4e2 c3g7 e2g3 g7f6 g3h5 f6d4 h5f4 d4a1 f4e6 c5d6 e6d4 a1b2 d4c2 d6c5 c2e1 c5b5 e1d3 b2c3 d3c1 c3g7 c1e2 b5c5 e2g3 c5b5 g3f5 g7f6 f5e3 b5c5 e3c2 c5c6 c2d4 c6d6 d4f5 d6c6 f5d4 c6d6 d4f5 d6e6 f5e3 f6e5 e3d1 e5f6 d1e3 f6e5 e3d1 e5a1 d1f2 a1c3 f2g4 c3a1 g4f2 a1c3 f2g4 c3a1 g4h2 a1b2 h2f3 b2a1 f3d4 e6d6 d4f3 a1f6 f3g1 f6e5 g1f3 e5f6 f3g1 d6c5 g1h3 c5d6 h3f4 f6g7 f4d3 g7f6 d3f4 f6g7 f4d3

[WARN  ] [18:42:36.431009] <   > fastchess --- Warning; PV continues after fifty-move rule - move b4c2 from Huginn_t10
Info; info depth 10 seldepth 10 multipv 1 score cp -123 nodes 793 nps 793000 hashfull 1000 tbhits 0 time 0 pv g7c3 d3c1 d6e6 c1a2 c3e5 a2b4 e6d6 b4c2 e5c3 c2e3 c3f6 e3d1 f6e5 d1f2 e5c3 f2d1
Position; fen r1bqkbnr/pp1pppp1/2n4p/2p5/4PB2/3P4/PPP2PPP/RN1QKBNR w KQkq - 0 4
Moves; g1f3 d7d6 c2c4 e7e5 f4e3 d8b6 d1b3 g8f6 b3b6 a7b6 b1c3 c6b4 c3b5 e8d8 e1d1 b4a2 d1e1 a8a4 b2b4 f6g4 e3d2 f8e7 f1e2 c5b4 e2d1 a4a5 d1b3 a2c3 a1a5 b6a5 b5c3 b4c3 d2c3 b7b6 h2h3 g4f6 c4c5 b6c5 c3a5 d8e8 e1e2 c8e6 b3e6 f7e6 a5c3 e8f7 h1a1 h8b8 g2g4 b8b3 e2d2 c5c4 g4g5 f6d7 g5h6 g7h6 d2c2 d7c5 d3c4 b3b8 a1e1 b8a8 c3b2 a8a4 c2c3 e7d8 f3d2 d8a5 c3c2 a5d2 c2d2 a4a2 e1b1 c5e4 d2c2 f7e7 b1f1 a2a4 c2b3 a4c4 b3c4 e4d2 c4d3 d2f1 b2c1 h6h5 c1g5 e7d7 d3e4 f1h2 g5e3 d7c6 e3h6 c6c7 f2f4 e5f4 e4f4 h2f1 f4f3 h5h4 h6g5 e6e5 g5h4 f1d2 f3e3 d2c4 e3d3 d6d5 h4g5 c4d6 g5f6 d6c4 h3h4 c7d6 f6g5 d6e6 h4h5 e6f5 g5c1 f5f6 h5h6 f6g6 d3c3 c4d6 c3b4 d6e4 c1b2 g6h6 b2e5 h6g6 e5d4 g6f5 b4b3 e4g3 b3b4 g3e4 b4b3 e4g5 b3b4 g5e6 d4c3 f5e4 b4b5 e6d4 b5c5 d4e2 c3g7 e2g3 g7f6 g3h5 f6d4 h5f4 d4a1 f4e6 c5d6 e6d4 a1b2 d4c2 d6c5 c2e1 c5b5 e1d3 b2c3 d3c1 c3g7 c1e2 b5c5 e2g3 c5b5 g3f5 g7f6 f5e3 b5c5 e3c2 c5c6 c2d4 c6d6 d4f5 d6c6 f5d4 c6d6 d4f5 d6e6 f5e3 f6e5 e3d1 e5f6 d1e3 f6e5 e3d1 e5a1 d1f2 a1c3 f2g4 c3a1 g4f2 a1c3 f2g4 c3a1 g4h2 a1b2 h2f3 b2a1 f3d4 e6d6 d4f3 a1f6 f3g1 f6e5 g1f3 e5f6 f3g1 d6c5 g1h3 c5d6 h3f4 f6g7 f4d3 g7f6 d3f4 f6g7 f4d3

[WARN  ] [18:42:36.431027] <   > fastchess --- Warning; PV continues after fifty-move rule - move b4c2 from Huginn_t10
Info; info depth 11 seldepth 11 multipv 1 score cp -123 nodes 817 nps 817000 hashfull 1000 tbhits 0 time 1 pv g7c3 d3c1 d6e6 c1a2 c3e5 a2b4 e6d6 b4c2 e5c3 c2e3 c3f6 e3d1 f6e5 d1f2 e5c3 f2d1
Position; fen r1bqkbnr/pp1pppp1/2n4p/2p5/4PB2/3P4/PPP2PPP/RN1QKBNR w KQkq - 0 4
Moves; g1f3 d7d6 c2c4 e7e5 f4e3 d8b6 d1b3 g8f6 b3b6 a7b6 b1c3 c6b4 c3b5 e8d8 e1d1 b4a2 d1e1 a8a4 b2b4 f6g4 e3d2 f8e7 f1e2 c5b4 e2d1 a4a5 d1b3 a2c3 a1a5 b6a5 b5c3 b4c3 d2c3 b7b6 h2h3 g4f6 c4c5 b6c5 c3a5 d8e8 e1e2 c8e6 b3e6 f7e6 a5c3 e8f7 h1a1 h8b8 g2g4 b8b3 e2d2 c5c4 g4g5 f6d7 g5h6 g7h6 d2c2 d7c5 d3c4 b3b8 a1e1 b8a8 c3b2 a8a4 c2c3 e7d8 f3d2 d8a5 c3c2 a5d2 c2d2 a4a2 e1b1 c5e4 d2c2 f7e7 b1f1 a2a4 c2b3 a4c4 b3c4 e4d2 c4d3 d2f1 b2c1 h6h5 c1g5 e7d7 d3e4 f1h2 g5e3 d7c6 e3h6 c6c7 f2f4 e5f4 e4f4 h2f1 f4f3 h5h4 h6g5 e6e5 g5h4 f1d2 f3e3 d2c4 e3d3 d6d5 h4g5 c4d6 g5f6 d6c4 h3h4 c7d6 f6g5 d6e6 h4h5 e6f5 g5c1 f5f6 h5h6 f6g6 d3c3 c4d6 c3b4 d6e4 c1b2 g6h6 b2e5 h6g6 e5d4 g6f5 b4b3 e4g3 b3b4 g3e4 b4b3 e4g5 b3b4 g5e6 d4c3 f5e4 b4b5 e6d4 b5c5 d4e2 c3g7 e2g3 g7f6 g3h5 f6d4 h5f4 d4a1 f4e6 c5d6 e6d4 a1b2 d4c2 d6c5 c2e1 c5b5 e1d3 b2c3 d3c1 c3g7 c1e2 b5c5 e2g3 c5b5 g3f5 g7f6 f5e3 b5c5 e3c2 c5c6 c2d4 c6d6 d4f5 d6c6 f5d4 c6d6 d4f5 d6e6 f5e3 f6e5 e3d1 e5f6 d1e3 f6e5 e3d1 e5a1 d1f2 a1c3 f2g4 c3a1 g4f2 a1c3 f2g4 c3a1 g4h2 a1b2 h2f3 b2a1 f3d4 e6d6 d4f3 a1f6 f3g1 f6e5 g1f3 e5f6 f3g1 d6c5 g1h3 c5d6 h3f4 f6g7 f4d3 g7f6 d3f4 f6g7 f4d3

[WARN  ] [18:42:36.431045] <   > fastchess --- Warning; PV continues after fifty-move rule - move b4c2 from Huginn_t10
Info; info depth 12 seldepth 12 multipv 1 score cp -123 nodes 842 nps 842000 hashfull 1000 tbhits 0 time 1 pv g7c3 d3c1 d6e6 c1a2 c3e5 a2b4 e6d6 b4c2 e5c3 c2e3 c3f6 e3d1 f6e5 d1f2 e5c3 f2d1
Position; fen r1bqkbnr/pp1pppp1/2n4p/2p5/4PB2/3P4/PPP2PPP/RN1QKBNR w KQkq - 0 4
Moves; g1f3 d7d6 c2c4 e7e5 f4e3 d8b6 d1b3 g8f6 b3b6 a7b6 b1c3 c6b4 c3b5 e8d8 e1d1 b4a2 d1e1 a8a4 b2b4 f6g4 e3d2 f8e7 f1e2 c5b4 e2d1 a4a5 d1b3 a2c3 a1a5 b6a5 b5c3 b4c3 d2c3 b7b6 h2h3 g4f6 c4c5 b6c5 c3a5 d8e8 e1e2 c8e6 b3e6 f7e6 a5c3 e8f7 h1a1 h8b8 g2g4 b8b3 e2d2 c5c4 g4g5 f6d7 g5h6 g7h6 d2c2 d7c5 d3c4 b3b8 a1e1 b8a8 c3b2 a8a4 c2c3 e7d8 f3d2 d8a5 c3c2 a5d2 c2d2 a4a2 e1b1 c5e4 d2c2 f7e7 b1f1 a2a4 c2b3 a4c4 b3c4 e4d2 c4d3 d2f1 b2c1 h6h5 c1g5 e7d7 d3e4 f1h2 g5e3 d7c6 e3h6 c6c7 f2f4 e5f4 e4f4 h2f1 f4f3 h5h4 h6g5 e6e5 g5h4 f1d2 f3e3 d2c4 e3d3 d6d5 h4g5 c4d6 g5f6 d6c4 h3h4 c7d6 f6g5 d6e6 h4h5 e6f5 g5c1 f5f6 h5h6 f6g6 d3c3 c4d6 c3b4 d6e4 c1b2 g6h6 b2e5 h6g6 e5d4 g6f5 b4b3 e4g3 b3b4 g3e4 b4b3 e4g5 b3b4 g5e6 d4c3 f5e4 b4b5 e6d4 b5c5 d4e2 c3g7 e2g3 g7f6 g3h5 f6d4 h5f4 d4a1 f4e6 c5d6 e6d4 a1b2 d4c2 d6c5 c2e1 c5b5 e1d3 b2c3 d3c1 c3g7 c1e2 b5c5 e2g3 c5b5 g3f5 g7f6 f5e3 b5c5 e3c2 c5c6 c2d4 c6d6 d4f5 d6c6 f5d4 c6d6 d4f5 d6e6 f5e3 f6e5 e3d1 e5f6 d1e3 f6e5 e3d1 e5a1 d1f2 a1c3 f2g4 c3a1 g4f2 a1c3 f2g4 c3a1 g4h2 a1b2 h2f3 b2a1 f3d4 e6d6 d4f3 a1f6 f3g1 f6e5 g1f3 e5f6 f3g1 d6c5 g1h3 c5d6 h3f4 f6g7 f4d3 g7f6 d3f4 f6g7 f4d3

[WARN  ] [18:42:36.431063] <   > fastchess --- Warning; PV continues after fifty-move rule - move b4c2 from Huginn_t10
Info; info depth 13 seldepth 13 multipv 1 score cp -123 nodes 867 nps 867000 hashfull 1000 tbhits 0 time 1 pv g7c3 d3c1 d6e6 c1a2 c3e5 a2b4 e6d6 b4c2 e5c3 c2e3 c3f6 e3d1 f6e5 d1f2 e5c3 f2d1
Position; fen r1bqkbnr/pp1pppp1/2n4p/2p5/4PB2/3P4/PPP2PPP/RN1QKBNR w KQkq - 0 4
Moves; g1f3 d7d6 c2c4 e7e5 f4e3 d8b6 d1b3 g8f6 b3b6 a7b6 b1c3 c6b4 c3b5 e8d8 e1d1 b4a2 d1e1 a8a4 b2b4 f6g4 e3d2 f8e7 f1e2 c5b4 e2d1 a4a5 d1b3 a2c3 a1a5 b6a5 b5c3 b4c3 d2c3 b7b6 h2h3 g4f6 c4c5 b6c5 c3a5 d8e8 e1e2 c8e6 b3e6 f7e6 a5c3 e8f7 h1a1 h8b8 g2g4 b8b3 e2d2 c5c4 g4g5 f6d7 g5h6 g7h6 d2c2 d7c5 d3c4 b3b8 a1e1 b8a8 c3b2 a8a4 c2c3 e7d8 f3d2 d8a5 c3c2 a5d2 c2d2 a4a2 e1b1 c5e4 d2c2 f7e7 b1f1 a2a4 c2b3 a4c4 b3c4 e4d2 c4d3 d2f1 b2c1 h6h5 c1g5 e7d7 d3e4 f1h2 g5e3 d7c6 e3h6 c6c7 f2f4 e5f4 e4f4 h2f1 f4f3 h5h4 h6g5 e6e5 g5h4 f1d2 f3e3 d2c4 e3d3 d6d5 h4g5 c4d6 g5f6 d6c4 h3h4 c7d6 f6g5 d6e6 h4h5 e6f5 g5c1 f5f6 h5h6 f6g6 d3c3 c4d6 c3b4 d6e4 c1b2 g6h6 b2e5 h6g6 e5d4 g6f5 b4b3 e4g3 b3b4 g3e4 b4b3 e4g5 b3b4 g5e6 d4c3 f5e4 b4b5 e6d4 b5c5 d4e2 c3g7 e2g3 g7f6 g3h5 f6d4 h5f4 d4a1 f4e6 c5d6 e6d4 a1b2 d4c2 d6c5 c2e1 c5b5 e1d3 b2c3 d3c1 c3g7 c1e2 b5c5 e2g3 c5b5 g3f5 g7f6 f5e3 b5c5 e3c2 c5c6 c2d4 c6d6 d4f5 d6c6 f5d4 c6d6 d4f5 d6e6 f5e3 f6e5 e3d1 e5f6 d1e3 f6e5 e3d1 e5a1 d1f2 a1c3 f2g4 c3a1 g4f2 a1c3 f2g4 c3a1 g4h2 a1b2 h2f3 b2a1 f3d4 e6d6 d4f3 a1f6 f3g1 f6e5 g1f3 e5f6 f3g1 d6c5 g1h3 c5d6 h3f4 f6g7 f4d3 g7f6 d3f4 f6g7 f4d3

[WARN  ] [18:42:36.431080] <   > fastchess --- Warning; PV continues after fifty-move rule - move b4c2 from Huginn_t10
Info; info depth 14 seldepth 14 multipv 1 score cp -123 nodes 893 nps 893000 hashfull 1000 tbhits 0 time 1 pv g7c3 d3c1 d6e6 c1a2 c3e5 a2b4 e6d6 b4c2 e5c3 c2e3 c3f6 e3d1 f6e5 d1f2 e5c3 f2d1
Position; fen r1bqkbnr/pp1pppp1/2n4p/2p5/4PB2/3P4/PPP2PPP/RN1QKBNR w KQkq - 0 4
Moves; g1f3 d7d6 c2c4 e7e5 f4e3 d8b6 d1b3 g8f6 b3b6 a7b6 b1c3 c6b4 c3b5 e8d8 e1d1 b4a2 d1e1 a8a4 b2b4 f6g4 e3d2 f8e7 f1e2 c5b4 e2d1 a4a5 d1b3 a2c3 a1a5 b6a5 b5c3 b4c3 d2c3 b7b6 h2h3 g4f6 c4c5 b6c5 c3a5 d8e8 e1e2 c8e6 b3e6 f7e6 a5c3 e8f7 h1a1 h8b8 g2g4 b8b3 e2d2 c5c4 g4g5 f6d7 g5h6 g7h6 d2c2 d7c5 d3c4 b3b8 a1e1 b8a8 c3b2 a8a4 c2c3 e7d8 f3d2 d8a5 c3c2 a5d2 c2d2 a4a2 e1b1 c5e4 d2c2 f7e7 b1f1 a2a4 c2b3 a4c4 b3c4 e4d2 c4d3 d2f1 b2c1 h6h5 c1g5 e7d7 d3e4 f1h2 g5e3 d7c6 e3h6 c6c7 f2f4 e5f4 e4f4 h2f1 f4f3 h5h4 h6g5 e6e5 g5h4 f1d2 f3e3 d2c4 e3d3 d6d5 h4g5 c4d6 g5f6 d6c4 h3h4 c7d6 f6g5 d6e6 h4h5 e6f5 g5c1 f5f6 h5h6 f6g6 d3c3 c4d6 c3b4 d6e4 c1b2 g6h6 b2e5 h6g6 e5d4 g6f5 b4b3 e4g3 b3b4 g3e4 b4b3 e4g5 b3b4 g5e6 d4c3 f5e4 b4b5 e6d4 b5c5 d4e2 c3g7 e2g3 g7f6 g3h5 f6d4 h5f4 d4a1 f4e6 c5d6 e6d4 a1b2 d4c2 d6c5 c2e1 c5b5 e1d3 b2c3 d3c1 c3g7 c1e2 b5c5 e2g3 c5b5 g3f5 g7f6 f5e3 b5c5 e3c2 c5c6 c2d4 c6d6 d4f5 d6c6 f5d4 c6d6 d4f5 d6e6 f5e3 f6e5 e3d1 e5f6 d1e3 f6e5 e3d1 e5a1 d1f2 a1c3 f2g4 c3a1 g4f2 a1c3 f2g4 c3a1 g4h2 a1b2 h2f3 b2a1 f3d4 e6d6 d4f3 a1f6 f3g1 f6e5 g1f3 e5f6 f3g1 d6c5 g1h3 c5d6 h3f4 f6g7 f4d3 g7f6 d3f4 f6g7 f4d3

[WARN  ] [18:42:36.431097] <   > fastchess --- Warning; PV continues after fifty-move rule - move b4c2 from Huginn_t10
Info; info depth 15 seldepth 15 multipv 1 score cp -123 nodes 919 nps 919000 hashfull 1000 tbhits 0 time 1 pv g7c3 d3c1 d6e6 c1a2 c3e5 a2b4 e6d6 b4c2 e5c3 c2e3 c3f6 e3d1 f6e5 d1f2 e5c3 f2d1
Position; fen r1bqkbnr/pp1pppp1/2n4p/2p5/4PB2/3P4/PPP2PPP/RN1QKBNR w KQkq - 0 4
Moves; g1f3 d7d6 c2c4 e7e5 f4e3 d8b6 d1b3 g8f6 b3b6 a7b6 b1c3 c6b4 c3b5 e8d8 e1d1 b4a2 d1e1 a8a4 b2b4 f6g4 e3d2 f8e7 f1e2 c5b4 e2d1 a4a5 d1b3 a2c3 a1a5 b6a5 b5c3 b4c3 d2c3 b7b6 h2h3 g4f6 c4c5 b6c5 c3a5 d8e8 e1e2 c8e6 b3e6 f7e6 a5c3 e8f7 h1a1 h8b8 g2g4 b8b3 e2d2 c5c4 g4g5 f6d7 g5h6 g7h6 d2c2 d7c5 d3c4 b3b8 a1e1 b8a8 c3b2 a8a4 c2c3 e7d8 f3d2 d8a5 c3c2 a5d2 c2d2 a4a2 e1b1 c5e4 d2c2 f7e7 b1f1 a2a4 c2b3 a4c4 b3c4 e4d2 c4d3 d2f1 b2c1 h6h5 c1g5 e7d7 d3e4 f1h2 g5e3 d7c6 e3h6 c6c7 f2f4 e5f4 e4f4 h2f1 f4f3 h5h4 h6g5 e6e5 g5h4 f1d2 f3e3 d2c4 e3d3 d6d5 h4g5 c4d6 g5f6 d6c4 h3h4 c7d6 f6g5 d6e6 h4h5 e6f5 g5c1 f5f6 h5h6 f6g6 d3c3 c4d6 c3b4 d6e4 c1b2 g6h6 b2e5 h6g6 e5d4 g6f5 b4b3 e4g3 b3b4 g3e4 b4b3 e4g5 b3b4 g5e6 d4c3 f5e4 b4b5 e6d4 b5c5 d4e2 c3g7 e2g3 g7f6 g3h5 f6d4 h5f4 d4a1 f4e6 c5d6 e6d4 a1b2 d4c2 d6c5 c2e1 c5b5 e1d3 b2c3 d3c1 c3g7 c1e2 b5c5 e2g3 c5b5 g3f5 g7f6 f5e3 b5c5 e3c2 c5c6 c2d4 c6d6 d4f5 d6c6 f5d4 c6d6 d4f5 d6e6 f5e3 f6e5 e3d1 e5f6 d1e3 f6e5 e3d1 e5a1 d1f2 a1c3 f2g4 c3a1 g4f2 a1c3 f2g4 c3a1 g4h2 a1b2 h2f3 b2a1 f3d4 e6d6 d4f3 a1f6 f3g1 f6e5 g1f3 e5f6 f3g1 d6c5 g1h3 c5d6 h3f4 f6g7 f4d3 g7f6 d3f4 f6g7 f4d3

[WARN  ] [18:42:36.431115] <   > fastchess --- Warning; PV continues after fifty-move rule - move b4c2 from Huginn_t10
Info; info depth 16 seldepth 16 multipv 1 score cp -123 nodes 945 nps 945000 hashfull 1000 tbhits 0 time 1 pv g7c3 d3c1 d6e6 c1a2 c3e5 a2b4 e6d6 b4c2 e5c3 c2e3 c3f6 e3d1 f6e5 d1f2 e5c3 f2d1
Position; fen r1bqkbnr/pp1pppp1/2n4p/2p5/4PB2/3P4/PPP2PPP/RN1QKBNR w KQkq - 0 4
Moves; g1f3 d7d6 c2c4 e7e5 f4e3 d8b6 d1b3 g8f6 b3b6 a7b6 b1c3 c6b4 c3b5 e8d8 e1d1 b4a2 d1e1 a8a4 b2b4 f6g4 e3d2 f8e7 f1e2 c5b4 e2d1 a4a5 d1b3 a2c3 a1a5 b6a5 b5c3 b4c3 d2c3 b7b6 h2h3 g4f6 c4c5 b6c5 c3a5 d8e8 e1e2 c8e6 b3e6 f7e6 a5c3 e8f7 h1a1 h8b8 g2g4 b8b3 e2d2 c5c4 g4g5 f6d7 g5h6 g7h6 d2c2 d7c5 d3c4 b3b8 a1e1 b8a8 c3b2 a8a4 c2c3 e7d8 f3d2 d8a5 c3c2 a5d2 c2d2 a4a2 e1b1 c5e4 d2c2 f7e7 b1f1 a2a4 c2b3 a4c4 b3c4 e4d2 c4d3 d2f1 b2c1 h6h5 c1g5 e7d7 d3e4 f1h2 g5e3 d7c6 e3h6 c6c7 f2f4 e5f4 e4f4 h2f1 f4f3 h5h4 h6g5 e6e5 g5h4 f1d2 f3e3 d2c4 e3d3 d6d5 h4g5 c4d6 g5f6 d6c4 h3h4 c7d6 f6g5 d6e6 h4h5 e6f5 g5c1 f5f6 h5h6 f6g6 d3c3 c4d6 c3b4 d6e4 c1b2 g6h6 b2e5 h6g6 e5d4 g6f5 b4b3 e4g3 b3b4 g3e4 b4b3 e4g5 b3b4 g5e6 d4c3 f5e4 b4b5 e6d4 b5c5 d4e2 c3g7 e2g3 g7f6 g3h5 f6d4 h5f4 d4a1 f4e6 c5d6 e6d4 a1b2 d4c2 d6c5 c2e1 c5b5 e1d3 b2c3 d3c1 c3g7 c1e2 b5c5 e2g3 c5b5 g3f5 g7f6 f5e3 b5c5 e3c2 c5c6 c2d4 c6d6 d4f5 d6c6 f5d4 c6d6 d4f5 d6e6 f5e3 f6e5 e3d1 e5f6 d1e3 f6e5 e3d1 e5a1 d1f2 a1c3 f2g4 c3a1 g4f2 a1c3 f2g4 c3a1 g4h2 a1b2 h2f3 b2a1 f3d4 e6d6 d4f3 a1f6 f3g1 f6e5 g1f3 e5f6 f3g1 d6c5 g1h3 c5d6 h3f4 f6g7 f4d3 g7f6 d3f4 f6g7 f4d3

[WARN  ] [18:42:36.431132] <   > fastchess --- Warning; PV continues after fifty-move rule - move b4c2 from Huginn_t10
Info; info depth 17 seldepth 17 multipv 1 score cp -123 nodes 971 nps 971000 hashfull 1000 tbhits 0 time 1 pv g7c3 d3c1 d6e6 c1a2 c3e5 a2b4 e6d6 b4c2 e5c3 c2e3 c3f6 e3d1 f6e5 d1f2 e5c3 f2d1
Position; fen r1bqkbnr/pp1pppp1/2n4p/2p5/4PB2/3P4/PPP2PPP/RN1QKBNR w KQkq - 0 4
Moves; g1f3 d7d6 c2c4 e7e5 f4e3 d8b6 d1b3 g8f6 b3b6 a7b6 b1c3 c6b4 c3b5 e8d8 e1d1 b4a2 d1e1 a8a4 b2b4 f6g4 e3d2 f8e7 f1e2 c5b4 e2d1 a4a5 d1b3 a2c3 a1a5 b6a5 b5c3 b4c3 d2c3 b7b6 h2h3 g4f6 c4c5 b6c5 c3a5 d8e8 e1e2 c8e6 b3e6 f7e6 a5c3 e8f7 h1a1 h8b8 g2g4 b8b3 e2d2 c5c4 g4g5 f6d7 g5h6 g7h6 d2c2 d7c5 d3c4 b3b8 a1e1 b8a8 c3b2 a8a4 c2c3 e7d8 f3d2 d8a5 c3c2 a5d2 c2d2 a4a2 e1b1 c5e4 d2c2 f7e7 b1f1 a2a4 c2b3 a4c4 b3c4 e4d2 c4d3 d2f1 b2c1 h6h5 c1g5 e7d7 d3e4 f1h2 g5e3 d7c6 e3h6 c6c7 f2f4 e5f4 e4f4 h2f1 f4f3 h5h4 h6g5 e6e5 g5h4 f1d2 f3e3 d2c4 e3d3 d6d5 h4g5 c4d6 g5f6 d6c4 h3h4 c7d6 f6g5 d6e6 h4h5 e6f5 g5c1 f5f6 h5h6 f6g6 d3c3 c4d6 c3b4 d6e4 c1b2 g6h6 b2e5 h6g6 e5d4 g6f5 b4b3 e4g3 b3b4 g3e4 b4b3 e4g5 b3b4 g5e6 d4c3 f5e4 b4b5 e6d4 b5c5 d4e2 c3g7 e2g3 g7f6 g3h5 f6d4 h5f4 d4a1 f4e6 c5d6 e6d4 a1b2 d4c2 d6c5 c2e1 c5b5 e1d3 b2c3 d3c1 c3g7 c1e2 b5c5 e2g3 c5b5 g3f5 g7f6 f5e3 b5c5 e3c2 c5c6 c2d4 c6d6 d4f5 d6c6 f5d4 c6d6 d4f5 d6e6 f5e3 f6e5 e3d1 e5f6 d1e3 f6e5 e3d1 e5a1 d1f2 a1c3 f2g4 c3a1 g4f2 a1c3 f2g4 c3a1 g4h2 a1b2 h2f3 b2a1 f3d4 e6d6 d4f3 a1f6 f3g1 f6e5 g1f3 e5f6 f3g1 d6c5 g1h3 c5d6 h3f4 f6g7 f4d3 g7f6 d3f4 f6g7 f4d3

[WARN  ] [18:42:36.431163] <   > fastchess --- Warning; PV continues after fifty-move rule - move b4c2 from Huginn_t10
Info; info depth 18 seldepth 18 multipv 1 score cp -123 nodes 997 nps 997000 hashfull 1000 tbhits 0 time 1 pv g7c3 d3c1 d6e6 c1a2 c3e5 a2b4 e6d6 b4c2 e5c3 c2e3 c3f6 e3d1 f6e5 d1f2 e5c3 f2d1
Position; fen r1bqkbnr/pp1pppp1/2n4p/2p5/4PB2/3P4/PPP2PPP/RN1QKBNR w KQkq - 0 4
Moves; g1f3 d7d6 c2c4 e7e5 f4e3 d8b6 d1b3 g8f6 b3b6 a7b6 b1c3 c6b4 c3b5 e8d8 e1d1 b4a2 d1e1 a8a4 b2b4 f6g4 e3d2 f8e7 f1e2 c5b4 e2d1 a4a5 d1b3 a2c3 a1a5 b6a5 b5c3 b4c3 d2c3 b7b6 h2h3 g4f6 c4c5 b6c5 c3a5 d8e8 e1e2 c8e6 b3e6 f7e6 a5c3 e8f7 h1a1 h8b8 g2g4 b8b3 e2d2 c5c4 g4g5 f6d7 g5h6 g7h6 d2c2 d7c5 d3c4 b3b8 a1e1 b8a8 c3b2 a8a4 c2c3 e7d8 f3d2 d8a5 c3c2 a5d2 c2d2 a4a2 e1b1 c5e4 d2c2 f7e7 b1f1 a2a4 c2b3 a4c4 b3c4 e4d2 c4d3 d2f1 b2c1 h6h5 c1g5 e7d7 d3e4 f1h2 g5e3 d7c6 e3h6 c6c7 f2f4 e5f4 e4f4 h2f1 f4f3 h5h4 h6g5 e6e5 g5h4 f1d2 f3e3 d2c4 e3d3 d6d5 h4g5 c4d6 g5f6 d6c4 h3h4 c7d6 f6g5 d6e6 h4h5 e6f5 g5c1 f5f6 h5h6 f6g6 d3c3 c4d6 c3b4 d6e4 c1b2 g6h6 b2e5 h6g6 e5d4 g6f5 b4b3 e4g3 b3b4 g3e4 b4b3 e4g5 b3b4 g5e6 d4c3 f5e4 b4b5 e6d4 b5c5 d4e2 c3g7 e2g3 g7f6 g3h5 f6d4 h5f4 d4a1 f4e6 c5d6 e6d4 a1b2 d4c2 d6c5 c2e1 c5b5 e1d3 b2c3 d3c1 c3g7 c1e2 b5c5 e2g3 c5b5 g3f5 g7f6 f5e3 b5c5 e3c2 c5c6 c2d4 c6d6 d4f5 d6c6 f5d4 c6d6 d4f5 d6e6 f5e3 f6e5 e3d1 e5f6 d1e3 f6e5 e3d1 e5a1 d1f2 a1c3 f2g4 c3a1 g4f2 a1c3 f2g4 c3a1 g4h2 a1b2 h2f3 b2a1 f3d4 e6d6 d4f3 a1f6 f3g1 f6e5 g1f3 e5f6 f3g1 d6c5 g1h3 c5d6 h3f4 f6g7 f4d3 g7f6 d3f4 f6g7 f4d3

[WARN  ] [18:42:36.431182] <   > fastchess --- Warning; PV continues after fifty-move rule - move b4c2 from Huginn_t10
Info; info depth 19 seldepth 19 multipv 1 score cp -123 nodes 1023 nps 1023000 hashfull 1000 tbhits 0 time 1 pv g7c3 d3c1 d6e6 c1a2 c3e5 a2b4 e6d6 b4c2 e5c3 c2e3 c3f6 e3d1 f6e5 d1f2 e5c3 f2d1
Position; fen r1bqkbnr/pp1pppp1/2n4p/2p5/4PB2/3P4/PPP2PPP/RN1QKBNR w KQkq - 0 4
Moves; g1f3 d7d6 c2c4 e7e5 f4e3 d8b6 d1b3 g8f6 b3b6 a7b6 b1c3 c6b4 c3b5 e8d8 e1d1 b4a2 d1e1 a8a4 b2b4 f6g4 e3d2 f8e7 f1e2 c5b4 e2d1 a4a5 d1b3 a2c3 a1a5 b6a5 b5c3 b4c3 d2c3 b7b6 h2h3 g4f6 c4c5 b6c5 c3a5 d8e8 e1e2 c8e6 b3e6 f7e6 a5c3 e8f7 h1a1 h8b8 g2g4 b8b3 e2d2 c5c4 g4g5 f6d7 g5h6 g7h6 d2c2 d7c5 d3c4 b3b8 a1e1 b8a8 c3b2 a8a4 c2c3 e7d8 f3d2 d8a5 c3c2 a5d2 c2d2 a4a2 e1b1 c5e4 d2c2 f7e7 b1f1 a2a4 c2b3 a4c4 b3c4 e4d2 c4d3 d2f1 b2c1 h6h5 c1g5 e7d7 d3e4 f1h2 g5e3 d7c6 e3h6 c6c7 f2f4 e5f4 e4f4 h2f1 f4f3 h5h4 h6g5 e6e5 g5h4 f1d2 f3e3 d2c4 e3d3 d6d5 h4g5 c4d6 g5f6 d6c4 h3h4 c7d6 f6g5 d6e6 h4h5 e6f5 g5c1 f5f6 h5h6 f6g6 d3c3 c4d6 c3b4 d6e4 c1b2 g6h6 b2e5 h6g6 e5d4 g6f5 b4b3 e4g3 b3b4 g3e4 b4b3 e4g5 b3b4 g5e6 d4c3 f5e4 b4b5 e6d4 b5c5 d4e2 c3g7 e2g3 g7f6 g3h5 f6d4 h5f4 d4a1 f4e6 c5d6 e6d4 a1b2 d4c2 d6c5 c2e1 c5b5 e1d3 b2c3 d3c1 c3g7 c1e2 b5c5 e2g3 c5b5 g3f5 g7f6 f5e3 b5c5 e3c2 c5c6 c2d4 c6d6 d4f5 d6c6 f5d4 c6d6 d4f5 d6e6 f5e3 f6e5 e3d1 e5f6 d1e3 f6e5 e3d1 e5a1 d1f2 a1c3 f2g4 c3a1 g4f2 a1c3 f2g4 c3a1 g4h2 a1b2 h2f3 b2a1 f3d4 e6d6 d4f3 a1f6 f3g1 f6e5 g1f3 e5f6 f3g1 d6c5 g1h3 c5d6 h3f4 f6g7 f4d3 g7f6 d3f4 f6g7 f4d3

[WARN  ] [19:00:28.971327] <   > fastchess --- Warning; Illegal PV move - move h5h4 from Huginn_current
Info; info depth 1 seldepth 1 multipv 1 score cp -416 nodes 13 nps 13000 hashfull 1000 tbhits 0 time 0 pv g6f6 g4h4 f6e5 h5h4
Position; fen rnbqkbnr/p3pppp/1p6/2pp4/P7/5N1P/1PPPPPP1/RNBQKB1R w KQkq - 0 4
Moves; d2d4 c5d4 c1f4 f7f6 d1d4 e7e5 f3e5 f6e5 d4e5 e8f7 e2e4 g8f6 f4g5 f8b4 c2c3 b4d6 e5d5 f6d5 g5d8 h8d8 f1c4 c8b7 c4d5 b7d5 e4d5 d6e5 f2f4 e5f6 a4a5 b6b5 d5d6 d8d6 e1f2 b8a6 h1e1 a6c5 f2g3 d6d3 g3h2 f6h4 e1f1 a8e8 b1a3 a7a6 c3c4 c5b3 a1d1 h4g3 h2g1 d3d1 f1d1 b5b4 a3c2 b3a5 c2b4 a5c4 b2b3 c4e3 d1d7 e8e7 d7e7 f7e7 b4a6 e7d6 b3b4 d6c6 a6c5 g3f4 c5e6 f4e5 e6d8 c6b5 g1f2 e3c4 f2f3 b5b4 d8c6 b4c5 c6e5 c4e5 f3e4 e5g6 g2g3 g6e7 e4e5 c5c4 e5e6 e7d5 h3h4 h7h5 e6f7 d5f6 f7g7 f6e4 g7g6 e4g3 g6g5 c4d4 g5f4 g3e4 f4f5 d4e3 f5g6 e4g3 g6g5 e3f3 g5g6 f3g4

[WARN  ] [19:00:28.971357] <   > fastchess --- Warning; Illegal PV move - move h5h4 from Huginn_current
Info; info depth 2 seldepth 2 multipv 1 score cp -28000 nodes 36 nps 36000 hashfull 1000 tbhits 2 time 0 pv g6f6 g4h4 f6e5 h5h4
Position; fen rnbqkbnr/p3pppp/1p6/2pp4/P7/5N1P/1PPPPPP1/RNBQKB1R w KQkq - 0 4
Moves; d2d4 c5d4 c1f4 f7f6 d1d4 e7e5 f3e5 f6e5 d4e5 e8f7 e2e4 g8f6 f4g5 f8b4 c2c3 b4d6 e5d5 f6d5 g5d8 h8d8 f1c4 c8b7 c4d5 b7d5 e4d5 d6e5 f2f4 e5f6 a4a5 b6b5 d5d6 d8d6 e1f2 b8a6 h1e1 a6c5 f2g3 d6d3 g3h2 f6h4 e1f1 a8e8 b1a3 a7a6 c3c4 c5b3 a1d1 h4g3 h2g1 d3d1 f1d1 b5b4 a3c2 b3a5 c2b4 a5c4 b2b3 c4e3 d1d7 e8e7 d7e7 f7e7 b4a6 e7d6 b3b4 d6c6 a6c5 g3f4 c5e6 f4e5 e6d8 c6b5 g1f2 e3c4 f2f3 b5b4 d8c6 b4c5 c6e5 c4e5 f3e4 e5g6 g2g3 g6e7 e4e5 c5c4 e5e6 e7d5 h3h4 h7h5 e6f7 d5f6 f7g7 f6e4 g7g6 e4g3 g6g5 c4d4 g5f4 g3e4 f4f5 d4e3 f5g6 e4g3 g6g5 e3f3 g5g6 f3g4

[WARN  ] [19:00:28.971376] <   > fastchess --- Warning; Illegal PV move - move h5h4 from Huginn_current
Info; info depth 3 seldepth 3 multipv 1 score cp -28000 nodes 58 nps 58000 hashfull 1000 tbhits 2 time 0 pv g6f6 g4h4 f6e5 h5h4
Position; fen rnbqkbnr/p3pppp/1p6/2pp4/P7/5N1P/1PPPPPP1/RNBQKB1R w KQkq - 0 4
Moves; d2d4 c5d4 c1f4 f7f6 d1d4 e7e5 f3e5 f6e5 d4e5 e8f7 e2e4 g8f6 f4g5 f8b4 c2c3 b4d6 e5d5 f6d5 g5d8 h8d8 f1c4 c8b7 c4d5 b7d5 e4d5 d6e5 f2f4 e5f6 a4a5 b6b5 d5d6 d8d6 e1f2 b8a6 h1e1 a6c5 f2g3 d6d3 g3h2 f6h4 e1f1 a8e8 b1a3 a7a6 c3c4 c5b3 a1d1 h4g3 h2g1 d3d1 f1d1 b5b4 a3c2 b3a5 c2b4 a5c4 b2b3 c4e3 d1d7 e8e7 d7e7 f7e7 b4a6 e7d6 b3b4 d6c6 a6c5 g3f4 c5e6 f4e5 e6d8 c6b5 g1f2 e3c4 f2f3 b5b4 d8c6 b4c5 c6e5 c4e5 f3e4 e5g6 g2g3 g6e7 e4e5 c5c4 e5e6 e7d5 h3h4 h7h5 e6f7 d5f6 f7g7 f6e4 g7g6 e4g3 g6g5 c4d4 g5f4 g3e4 f4f5 d4e3 f5g6 e4g3 g6g5 e3f3 g5g6 f3g4

[WARN  ] [19:00:28.971390] <   > fastchess --- Warning; Illegal PV move - move h5h4 from Huginn_current
Info; info depth 4 seldepth 4 multipv 1 score cp -28000 nodes 88 nps 88000 hashfull 1000 tbhits 0 time 0 pv g6f6 g4h4 f6e5 h5h4
Position; fen rnbqkbnr/p3pppp/1p6/2pp4/P7/5N1P/1PPPPPP1/RNBQKB1R w KQkq - 0 4
Moves; d2d4 c5d4 c1f4 f7f6 d1d4 e7e5 f3e5 f6e5 d4e5 e8f7 e2e4 g8f6 f4g5 f8b4 c2c3 b4d6 e5d5 f6d5 g5d8 h8d8 f1c4 c8b7 c4d5 b7d5 e4d5 d6e5 f2f4 e5f6 a4a5 b6b5 d5d6 d8d6 e1f2 b8a6 h1e1 a6c5 f2g3 d6d3 g3h2 f6h4 e1f1 a8e8 b1a3 a7a6 c3c4 c5b3 a1d1 h4g3 h2g1 d3d1 f1d1 b5b4 a3c2 b3a5 c2b4 a5c4 b2b3 c4e3 d1d7 e8e7 d7e7 f7e7 b4a6 e7d6 b3b4 d6c6 a6c5 g3f4 c5e6 f4e5 e6d8 c6b5 g1f2 e3c4 f2f3 b5b4 d8c6 b4c5 c6e5 c4e5 f3e4 e5g6 g2g3 g6e7 e4e5 c5c4 e5e6 e7d5 h3h4 h7h5 e6f7 d5f6 f7g7 f6e4 g7g6 e4g3 g6g5 c4d4 g5f4 g3e4 f4f5 d4e3 f5g6 e4g3 g6g5 e3f3 g5g6 f3g4

[WARN  ] [19:00:28.971411] <   > fastchess --- Warning; Illegal PV move - move h5h4 from Huginn_current
Info; info depth 5 seldepth 5 multipv 1 score cp -28000 nodes 118 nps 118000 hashfull 1000 tbhits 0 time 0 pv g6f6 g4h4 f6e5 h5h4
Position; fen rnbqkbnr/p3pppp/1p6/2pp4/P7/5N1P/1PPPPPP1/RNBQKB1R w KQkq - 0 4
Moves; d2d4 c5d4 c1f4 f7f6 d1d4 e7e5 f3e5 f6e5 d4e5 e8f7 e2e4 g8f6 f4g5 f8b4 c2c3 b4d6 e5d5 f6d5 g5d8 h8d8 f1c4 c8b7 c4d5 b7d5 e4d5 d6e5 f2f4 e5f6 a4a5 b6b5 d5d6 d8d6 e1f2 b8a6 h1e1 a6c5 f2g3 d6d3 g3h2 f6h4 e1f1 a8e8 b1a3 a7a6 c3c4 c5b3 a1d1 h4g3 h2g1 d3d1 f1d1 b5b4 a3c2 b3a5 c2b4 a5c4 b2b3 c4e3 d1d7 e8e7 d7e7 f7e7 b4a6 e7d6 b3b4 d6c6 a6c5 g3f4 c5e6 f4e5 e6d8 c6b5 g1f2 e3c4 f2f3 b5b4 d8c6 b4c5 c6e5 c4e5 f3e4 e5g6 g2g3 g6e7 e4e5 c5c4 e5e6 e7d5 h3h4 h7h5 e6f7 d5f6 f7g7 f6e4 g7g6 e4g3 g6g5 c4d4 g5f4 g3e4 f4f5 d4e3 f5g6 e4g3 g6g5 e3f3 g5g6 f3g4

[WARN  ] [19:00:28.971426] <   > fastchess --- Warning; Illegal PV move - move h5h4 from Huginn_current
Info; info depth 6 seldepth 6 multipv 1 score cp -28000 nodes 157 nps 157000 hashfull 1000 tbhits 0 time 0 pv g6f6 g4h4 f6e5 h5h4
Position; fen rnbqkbnr/p3pppp/1p6/2pp4/P7/5N1P/1PPPPPP1/RNBQKB1R w KQkq - 0 4
Moves; d2d4 c5d4 c1f4 f7f6 d1d4 e7e5 f3e5 f6e5 d4e5 e8f7 e2e4 g8f6 f4g5 f8b4 c2c3 b4d6 e5d5 f6d5 g5d8 h8d8 f1c4 c8b7 c4d5 b7d5 e4d5 d6e5 f2f4 e5f6 a4a5 b6b5 d5d6 d8d6 e1f2 b8a6 h1e1 a6c5 f2g3 d6d3 g3h2 f6h4 e1f1 a8e8 b1a3 a7a6 c3c4 c5b3 a1d1 h4g3 h2g1 d3d1 f1d1 b5b4 a3c2 b3a5 c2b4 a5c4 b2b3 c4e3 d1d7 e8e7 d7e7 f7e7 b4a6 e7d6 b3b4 d6c6 a6c5 g3f4 c5e6 f4e5 e6d8 c6b5 g1f2 e3c4 f2f3 b5b4 d8c6 b4c5 c6e5 c4e5 f3e4 e5g6 g2g3 g6e7 e4e5 c5c4 e5e6 e7d5 h3h4 h7h5 e6f7 d5f6 f7g7 f6e4 g7g6 e4g3 g6g5 c4d4 g5f4 g3e4 f4f5 d4e3 f5g6 e4g3 g6g5 e3f3 g5g6 f3g4

[WARN  ] [19:00:28.971441] <   > fastchess --- Warning; Illegal PV move - move h5h4 from Huginn_current
Info; info depth 7 seldepth 7 multipv 1 score cp -28000 nodes 221 nps 221000 hashfull 1000 tbhits 0 time 0 pv g6f6 g4h4 f6e5 h5h4
Position; fen rnbqkbnr/p3pppp/1p6/2pp4/P7/5N1P/1PPPPPP1/RNBQKB1R w KQkq - 0 4
Moves; d2d4 c5d4 c1f4 f7f6 d1d4 e7e5 f3e5 f6e5 d4e5 e8f7 e2e4 g8f6 f4g5 f8b4 c2c3 b4d6 e5d5 f6d5 g5d8 h8d8 f1c4 c8b7 c4d5 b7d5 e4d5 d6e5 f2f4 e5f6 a4a5 b6b5 d5d6 d8d6 e1f2 b8a6 h1e1 a6c5 f2g3 d6d3 g3h2 f6h4 e1f1 a8e8 b1a3 a7a6 c3c4 c5b3 a1d1 h4g3 h2g1 d3d1 f1d1 b5b4 a3c2 b3a5 c2b4 a5c4 b2b3 c4e3 d1d7 e8e7 d7e7 f7e7 b4a6 e7d6 b3b4 d6c6 a6c5 g3f4 c5e6 f4e5 e6d8 c6b5 g1f2 e3c4 f2f3 b5b4 d8c6 b4c5 c6e5 c4e5 f3e4 e5g6 g2g3 g6e7 e4e5 c5c4 e5e6 e7d5 h3h4 h7h5 e6f7 d5f6 f7g7 f6e4 g7g6 e4g3 g6g5 c4d4 g5f4 g3e4 f4f5 d4e3 f5g6 e4g3 g6g5 e3f3 g5g6 f3g4

[WARN  ] [19:00:28.971455] <   > fastchess --- Warning; Illegal PV move - move h5h4 from Huginn_current
Info; info depth 8 seldepth 8 multipv 1 score cp -28000 nodes 511 nps 511000 hashfull 1000 tbhits 9 time 0 pv g6f6 g4h4 f6e5 h5h4
Position; fen rnbqkbnr/p3pppp/1p6/2pp4/P7/5N1P/1PPPPPP1/RNBQKB1R w KQkq - 0 4
Moves; d2d4 c5d4 c1f4 f7f6 d1d4 e7e5 f3e5 f6e5 d4e5 e8f7 e2e4 g8f6 f4g5 f8b4 c2c3 b4d6 e5d5 f6d5 g5d8 h8d8 f1c4 c8b7 c4d5 b7d5 e4d5 d6e5 f2f4 e5f6 a4a5 b6b5 d5d6 d8d6 e1f2 b8a6 h1e1 a6c5 f2g3 d6d3 g3h2 f6h4 e1f1 a8e8 b1a3 a7a6 c3c4 c5b3 a1d1 h4g3 h2g1 d3d1 f1d1 b5b4 a3c2 b3a5 c2b4 a5c4 b2b3 c4e3 d1d7 e8e7 d7e7 f7e7 b4a6 e7d6 b3b4 d6c6 a6c5 g3f4 c5e6 f4e5 e6d8 c6b5 g1f2 e3c4 f2f3 b5b4 d8c6 b4c5 c6e5 c4e5 f3e4 e5g6 g2g3 g6e7 e4e5 c5c4 e5e6 e7d5 h3h4 h7h5 e6f7 d5f6 f7g7 f6e4 g7g6 e4g3 g6g5 c4d4 g5f4 g3e4 f4f5 d4e3 f5g6 e4g3 g6g5 e3f3 g5g6 f3g4

[WARN  ] [19:00:28.971470] <   > fastchess --- Warning; Illegal PV move - move h5h4 from Huginn_current
Info; info depth 9 seldepth 9 multipv 1 score cp -28000 nodes 1023 nps 1023000 hashfull 1000 tbhits 18 time 0 pv g6f6 g4h4 f6e5 h5h4
Position; fen rnbqkbnr/p3pppp/1p6/2pp4/P7/5N1P/1PPPPPP1/RNBQKB1R w KQkq - 0 4
Moves; d2d4 c5d4 c1f4 f7f6 d1d4 e7e5 f3e5 f6e5 d4e5 e8f7 e2e4 g8f6 f4g5 f8b4 c2c3 b4d6 e5d5 f6d5 g5d8 h8d8 f1c4 c8b7 c4d5 b7d5 e4d5 d6e5 f2f4 e5f6 a4a5 b6b5 d5d6 d8d6 e1f2 b8a6 h1e1 a6c5 f2g3 d6d3 g3h2 f6h4 e1f1 a8e8 b1a3 a7a6 c3c4 c5b3 a1d1 h4g3 h2g1 d3d1 f1d1 b5b4 a3c2 b3a5 c2b4 a5c4 b2b3 c4e3 d1d7 e8e7 d7e7 f7e7 b4a6 e7d6 b3b4 d6c6 a6c5 g3f4 c5e6 f4e5 e6d8 c6b5 g1f2 e3c4 f2f3 b5b4 d8c6 b4c5 c6e5 c4e5 f3e4 e5g6 g2g3 g6e7 e4e5 c5c4 e5e6 e7d5 h3h4 h7h5 e6f7 d5f6 f7g7 f6e4 g7g6 e4g3 g6g5 c4d4 g5f4 g3e4 f4f5 d4e3 f5g6 e4g3 g6g5 e3f3 g5g6 f3g4

[WARN  ] [19:17:32.033314] <   > fastchess --- Warning; Illegal PV move - move b2b1r from Huginn_current
Info; info depth 11 seldepth 19 multipv 1 score cp 1051 nodes 478131 nps 7470796 hashfull 1000 tbhits 3025 time 64 pv c4a2 d2c2 f2e2 c2c1 a2c4 c1b1 e2f2 b1a1 c4a4 a1b1 f2e2 b2b1r a4g4
Position; fen rnbqkbnr/1ppp1p1p/p3p1p1/8/8/4P1P1/PPPPNP1P/RNBQKB1R w KQkq - 0 4
Moves; b1c3 d8f6 e2d4 d7d5 d4b3 b7b5 a2a3 f6f5 b3d4 f5f6 d1f3 c8d7 f1e2 c7c5 f3f6 g8f6 d4f3 b8c6 d2d4 f8d6 c1d2 e8e7 e1g1 c5c4 g1g2 h7h6 f1h1 a8c8 a1b1 e7f8 b1d1 f8e7 d1a1 c8c7 f3h4 g6g5 h4f3 g5g4 f3h4 e6e5 d4e5 c6e5 f2f4 e5c6 h1e1 c7c8 e2d1 h8h7 e3e4 d5e4 c3e4 f6e4 e1e4 e7f8 f4f5 h6h5 d2e3 c6a5 e3f4 d6f4 e4f4 d7c6 g2f2 c8d8 a1c1 h7h6 b2b4 c4b3 c2b3 d8d2 f2g1 h6d6 f4f1 c6d7 f1e1 f8g7 a3a4 b5b4 c1a1 a5c6 d1e2 c6a5 a1b1 g7f6 e1d1 d2d1 b1d1 d6d1 e2d1 d7f5 h4f5 f6f5 g1f2 f5e4 f2e2 a5b7 d1c2 e4d4 c2d3 b7a5 d3a6 a5b3 a6b5 b3c5 b5e8 b4b3 e2d1 f7f5 a4a5 d4c3 e8f7 c5e4 a5a6 b3b2 f7a2 c3d3 a2b1 d3c4 a6a7 c4b3 b1c2 b3c3 a7a8q e4f2 d1e2 c3c2 a8c6 c2b3 c6b5 b3a2 b5a4 a2b1 e2f2 f5f4 a4f4 b1c2 f4c4 c2d2 c4b4 d2c2 b4c4 c2d2

[INFO  ] [19:21:27.405734] <   > fastchess --- Finished match

[INFO  ] [19:21:27.405830] <   > fastchess --- Total Time: 01:22:32 (hours:minutes:seconds)


