[INFO  ] [22:25:48.661662] <   > fastchess --- fastchess alpha 1.8.0 compiled for windows-latest 20260128-072859b (CI) 
[INFO  ] [22:25:48.661776] <   > fastchess --- Setting seed to: 14733244896097724325
[INFO  ] [22:25:48.695306] <   > fastchess --- Indexing opening suite...

[INFO  ] [22:25:48.704758] <   > fastchess --- Starting tournament...
[WARN  ] [22:26:48.821540] <   > fastchess --- Warning; Illegal PV move - move h5h4 from Huginn_current
Info; info depth 15 seldepth 23 multipv 1 score cp 1277 nodes 1128088 nps 5785066 hashfull 891 tbhits 210 time 195 pv f4f3 h3g3 f3f2 c1c2 d2c2 g3g2 g6g5 g2f1 g5g4 f1g2 h6h5 g2f1 g4h4 f1g2 h5h4 g2f1
Position; fen rnbqkbnr/1p1ppp1p/6p1/p1p5/5P2/3PP3/PPP3PP/RNBQKBNR w KQkq - 0 4
Moves; g1f3 f8g7 f1e2 g8f6 e1g1 b8c6 c2c4 d7d6 c1d2 e7e5 f4e5 d6e5 b1c3 e8g8 f3e1 c8e6 a2a3 e5e4 d2c1 f8e8 d1a4 h7h6 d3e4 c6e5 g2g3 f6h7 a4b3 e6h3 f1f4 h3c8 c3a4 h7g5 g1h1 g5e6 f4f1 c8d7 a4c3 d7c6 b3c2 e5d7 c2d2 e6g5 h1g1 a5a4 e1g2 d8a5 g2f4 d7f6 e2d3 a5d8 d3c2 d8d2 c1d2 f6e4 c3e4 c6e4 c2e4 g5e4 d2c1 e4d6 f4d3 b7b6 g1g2 d6c4 f1f4 c4e3 c1e3 e8e3 a1d1 e3e2 g2h1 e2e3 h1g2 e3e2 g2g1 g6g5 f4c4 g7d4 g1h1 b6b5 c4c1 c5c4 d3f4 g5f4 d1d4 f4g3 h2g3 e2b2 d4g4 g8f8 g4h4 f8g7 h4g4 g7f8 g4h4 a8d8 h4h2 b2h2 h1h2 d8d3 c1a1 d3d2 h2h3 c4c3 a1c1 c3c2 h3g4 d2f2 g4h3 f7f5 c1a1 f2d2 a1c1 f8f7 g3g4 f5f4 c1f1 f7g6 f1c1

[WARN  ] [22:26:49.011625] <   > fastchess --- Warning; Illegal PV move - move h5h4 from Huginn_current
Info; info depth 1 seldepth 1 multipv 1 score cp 1277 nodes 31 nps 31000 hashfull 891 tbhits 0 time 0 pv f3f2 c1c2 d2c2 g3g2 g6g5 g2f1 g5g4 f1g2 h6h5 g2f1 g4h4 f1g2 h5h4 g2f1
Position; fen rnbqkbnr/1p1ppp1p/6p1/p1p5/5P2/3PP3/PPP3PP/RNBQKBNR w KQkq - 0 4
Moves; g1f3 f8g7 f1e2 g8f6 e1g1 b8c6 c2c4 d7d6 c1d2 e7e5 f4e5 d6e5 b1c3 e8g8 f3e1 c8e6 a2a3 e5e4 d2c1 f8e8 d1a4 h7h6 d3e4 c6e5 g2g3 f6h7 a4b3 e6h3 f1f4 h3c8 c3a4 h7g5 g1h1 g5e6 f4f1 c8d7 a4c3 d7c6 b3c2 e5d7 c2d2 e6g5 h1g1 a5a4 e1g2 d8a5 g2f4 d7f6 e2d3 a5d8 d3c2 d8d2 c1d2 f6e4 c3e4 c6e4 c2e4 g5e4 d2c1 e4d6 f4d3 b7b6 g1g2 d6c4 f1f4 c4e3 c1e3 e8e3 a1d1 e3e2 g2h1 e2e3 h1g2 e3e2 g2g1 g6g5 f4c4 g7d4 g1h1 b6b5 c4c1 c5c4 d3f4 g5f4 d1d4 f4g3 h2g3 e2b2 d4g4 g8f8 g4h4 f8g7 h4g4 g7f8 g4h4 a8d8 h4h2 b2h2 h1h2 d8d3 c1a1 d3d2 h2h3 c4c3 a1c1 c3c2 h3g4 d2f2 g4h3 f7f5 c1a1 f2d2 a1c1 f8f7 g3g4 f5f4 c1f1 f7g6 f1c1 f4f3 h3g3

[WARN  ] [22:26:49.011755] <   > fastchess --- Warning; Illegal PV move - move h5h4 from Huginn_current
Info; info depth 2 seldepth 2 multipv 1 score cp 1277 nodes 50 nps 50000 hashfull 891 tbhits 0 time 0 pv f3f2 c1c2 d2c2 g3g2 g6g5 g2f1 g5g4 f1g2 h6h5 g2f1 g4h4 f1g2 h5h4 g2f1
Position; fen rnbqkbnr/1p1ppp1p/6p1/p1p5/5P2/3PP3/PPP3PP/RNBQKBNR w KQkq - 0 4
Moves; g1f3 f8g7 f1e2 g8f6 e1g1 b8c6 c2c4 d7d6 c1d2 e7e5 f4e5 d6e5 b1c3 e8g8 f3e1 c8e6 a2a3 e5e4 d2c1 f8e8 d1a4 h7h6 d3e4 c6e5 g2g3 f6h7 a4b3 e6h3 f1f4 h3c8 c3a4 h7g5 g1h1 g5e6 f4f1 c8d7 a4c3 d7c6 b3c2 e5d7 c2d2 e6g5 h1g1 a5a4 e1g2 d8a5 g2f4 d7f6 e2d3 a5d8 d3c2 d8d2 c1d2 f6e4 c3e4 c6e4 c2e4 g5e4 d2c1 e4d6 f4d3 b7b6 g1g2 d6c4 f1f4 c4e3 c1e3 e8e3 a1d1 e3e2 g2h1 e2e3 h1g2 e3e2 g2g1 g6g5 f4c4 g7d4 g1h1 b6b5 c4c1 c5c4 d3f4 g5f4 d1d4 f4g3 h2g3 e2b2 d4g4 g8f8 g4h4 f8g7 h4g4 g7f8 g4h4 a8d8 h4h2 b2h2 h1h2 d8d3 c1a1 d3d2 h2h3 c4c3 a1c1 c3c2 h3g4 d2f2 g4h3 f7f5 c1a1 f2d2 a1c1 f8f7 g3g4 f5f4 c1f1 f7g6 f1c1 f4f3 h3g3

[WARN  ] [22:26:49.011862] <   > fastchess --- Warning; Illegal PV move - move h5h4 from Huginn_current
Info; info depth 3 seldepth 3 multipv 1 score cp 1277 nodes 69 nps 69000 hashfull 891 tbhits 0 time 0 pv f3f2 c1c2 d2c2 g3g2 g6g5 g2f1 g5g4 f1g2 h6h5 g2f1 g4h4 f1g2 h5h4 g2f1
Position; fen rnbqkbnr/1p1ppp1p/6p1/p1p5/5P2/3PP3/PPP3PP/RNBQKBNR w KQkq - 0 4
Moves; g1f3 f8g7 f1e2 g8f6 e1g1 b8c6 c2c4 d7d6 c1d2 e7e5 f4e5 d6e5 b1c3 e8g8 f3e1 c8e6 a2a3 e5e4 d2c1 f8e8 d1a4 h7h6 d3e4 c6e5 g2g3 f6h7 a4b3 e6h3 f1f4 h3c8 c3a4 h7g5 g1h1 g5e6 f4f1 c8d7 a4c3 d7c6 b3c2 e5d7 c2d2 e6g5 h1g1 a5a4 e1g2 d8a5 g2f4 d7f6 e2d3 a5d8 d3c2 d8d2 c1d2 f6e4 c3e4 c6e4 c2e4 g5e4 d2c1 e4d6 f4d3 b7b6 g1g2 d6c4 f1f4 c4e3 c1e3 e8e3 a1d1 e3e2 g2h1 e2e3 h1g2 e3e2 g2g1 g6g5 f4c4 g7d4 g1h1 b6b5 c4c1 c5c4 d3f4 g5f4 d1d4 f4g3 h2g3 e2b2 d4g4 g8f8 g4h4 f8g7 h4g4 g7f8 g4h4 a8d8 h4h2 b2h2 h1h2 d8d3 c1a1 d3d2 h2h3 c4c3 a1c1 c3c2 h3g4 d2f2 g4h3 f7f5 c1a1 f2d2 a1c1 f8f7 g3g4 f5f4 c1f1 f7g6 f1c1 f4f3 h3g3

[WARN  ] [22:26:49.011984] <   > fastchess --- Warning; Illegal PV move - move h5h4 from Huginn_current
Info; info depth 4 seldepth 4 multipv 1 score cp 1277 nodes 88 nps 88000 hashfull 891 tbhits 0 time 0 pv f3f2 c1c2 d2c2 g3g2 g6g5 g2f1 g5g4 f1g2 h6h5 g2f1 g4h4 f1g2 h5h4 g2f1
Position; fen rnbqkbnr/1p1ppp1p/6p1/p1p5/5P2/3PP3/PPP3PP/RNBQKBNR w KQkq - 0 4
Moves; g1f3 f8g7 f1e2 g8f6 e1g1 b8c6 c2c4 d7d6 c1d2 e7e5 f4e5 d6e5 b1c3 e8g8 f3e1 c8e6 a2a3 e5e4 d2c1 f8e8 d1a4 h7h6 d3e4 c6e5 g2g3 f6h7 a4b3 e6h3 f1f4 h3c8 c3a4 h7g5 g1h1 g5e6 f4f1 c8d7 a4c3 d7c6 b3c2 e5d7 c2d2 e6g5 h1g1 a5a4 e1g2 d8a5 g2f4 d7f6 e2d3 a5d8 d3c2 d8d2 c1d2 f6e4 c3e4 c6e4 c2e4 g5e4 d2c1 e4d6 f4d3 b7b6 g1g2 d6c4 f1f4 c4e3 c1e3 e8e3 a1d1 e3e2 g2h1 e2e3 h1g2 e3e2 g2g1 g6g5 f4c4 g7d4 g1h1 b6b5 c4c1 c5c4 d3f4 g5f4 d1d4 f4g3 h2g3 e2b2 d4g4 g8f8 g4h4 f8g7 h4g4 g7f8 g4h4 a8d8 h4h2 b2h2 h1h2 d8d3 c1a1 d3d2 h2h3 c4c3 a1c1 c3c2 h3g4 d2f2 g4h3 f7f5 c1a1 f2d2 a1c1 f8f7 g3g4 f5f4 c1f1 f7g6 f1c1 f4f3 h3g3

[WARN  ] [22:26:49.012060] <   > fastchess --- Warning; Illegal PV move - move h5h4 from Huginn_current
Info; info depth 5 seldepth 5 multipv 1 score cp 1277 nodes 107 nps 107000 hashfull 891 tbhits 0 time 0 pv f3f2 c1c2 d2c2 g3g2 g6g5 g2f1 g5g4 f1g2 h6h5 g2f1 g4h4 f1g2 h5h4 g2f1
Position; fen rnbqkbnr/1p1ppp1p/6p1/p1p5/5P2/3PP3/PPP3PP/RNBQKBNR w KQkq - 0 4
Moves; g1f3 f8g7 f1e2 g8f6 e1g1 b8c6 c2c4 d7d6 c1d2 e7e5 f4e5 d6e5 b1c3 e8g8 f3e1 c8e6 a2a3 e5e4 d2c1 f8e8 d1a4 h7h6 d3e4 c6e5 g2g3 f6h7 a4b3 e6h3 f1f4 h3c8 c3a4 h7g5 g1h1 g5e6 f4f1 c8d7 a4c3 d7c6 b3c2 e5d7 c2d2 e6g5 h1g1 a5a4 e1g2 d8a5 g2f4 d7f6 e2d3 a5d8 d3c2 d8d2 c1d2 f6e4 c3e4 c6e4 c2e4 g5e4 d2c1 e4d6 f4d3 b7b6 g1g2 d6c4 f1f4 c4e3 c1e3 e8e3 a1d1 e3e2 g2h1 e2e3 h1g2 e3e2 g2g1 g6g5 f4c4 g7d4 g1h1 b6b5 c4c1 c5c4 d3f4 g5f4 d1d4 f4g3 h2g3 e2b2 d4g4 g8f8 g4h4 f8g7 h4g4 g7f8 g4h4 a8d8 h4h2 b2h2 h1h2 d8d3 c1a1 d3d2 h2h3 c4c3 a1c1 c3c2 h3g4 d2f2 g4h3 f7f5 c1a1 f2d2 a1c1 f8f7 g3g4 f5f4 c1f1 f7g6 f1c1 f4f3 h3g3

[WARN  ] [22:26:49.012166] <   > fastchess --- Warning; Illegal PV move - move h5h4 from Huginn_current
Info; info depth 6 seldepth 6 multipv 1 score cp 1277 nodes 126 nps 126000 hashfull 891 tbhits 0 time 0 pv f3f2 c1c2 d2c2 g3g2 g6g5 g2f1 g5g4 f1g2 h6h5 g2f1 g4h4 f1g2 h5h4 g2f1
Position; fen rnbqkbnr/1p1ppp1p/6p1/p1p5/5P2/3PP3/PPP3PP/RNBQKBNR w KQkq - 0 4
Moves; g1f3 f8g7 f1e2 g8f6 e1g1 b8c6 c2c4 d7d6 c1d2 e7e5 f4e5 d6e5 b1c3 e8g8 f3e1 c8e6 a2a3 e5e4 d2c1 f8e8 d1a4 h7h6 d3e4 c6e5 g2g3 f6h7 a4b3 e6h3 f1f4 h3c8 c3a4 h7g5 g1h1 g5e6 f4f1 c8d7 a4c3 d7c6 b3c2 e5d7 c2d2 e6g5 h1g1 a5a4 e1g2 d8a5 g2f4 d7f6 e2d3 a5d8 d3c2 d8d2 c1d2 f6e4 c3e4 c6e4 c2e4 g5e4 d2c1 e4d6 f4d3 b7b6 g1g2 d6c4 f1f4 c4e3 c1e3 e8e3 a1d1 e3e2 g2h1 e2e3 h1g2 e3e2 g2g1 g6g5 f4c4 g7d4 g1h1 b6b5 c4c1 c5c4 d3f4 g5f4 d1d4 f4g3 h2g3 e2b2 d4g4 g8f8 g4h4 f8g7 h4g4 g7f8 g4h4 a8d8 h4h2 b2h2 h1h2 d8d3 c1a1 d3d2 h2h3 c4c3 a1c1 c3c2 h3g4 d2f2 g4h3 f7f5 c1a1 f2d2 a1c1 f8f7 g3g4 f5f4 c1f1 f7g6 f1c1 f4f3 h3g3

[WARN  ] [22:26:49.012293] <   > fastchess --- Warning; Illegal PV move - move h5h4 from Huginn_current
Info; info depth 7 seldepth 7 multipv 1 score cp 1277 nodes 145 nps 145000 hashfull 891 tbhits 0 time 0 pv f3f2 c1c2 d2c2 g3g2 g6g5 g2f1 g5g4 f1g2 h6h5 g2f1 g4h4 f1g2 h5h4 g2f1
Position; fen rnbqkbnr/1p1ppp1p/6p1/p1p5/5P2/3PP3/PPP3PP/RNBQKBNR w KQkq - 0 4
Moves; g1f3 f8g7 f1e2 g8f6 e1g1 b8c6 c2c4 d7d6 c1d2 e7e5 f4e5 d6e5 b1c3 e8g8 f3e1 c8e6 a2a3 e5e4 d2c1 f8e8 d1a4 h7h6 d3e4 c6e5 g2g3 f6h7 a4b3 e6h3 f1f4 h3c8 c3a4 h7g5 g1h1 g5e6 f4f1 c8d7 a4c3 d7c6 b3c2 e5d7 c2d2 e6g5 h1g1 a5a4 e1g2 d8a5 g2f4 d7f6 e2d3 a5d8 d3c2 d8d2 c1d2 f6e4 c3e4 c6e4 c2e4 g5e4 d2c1 e4d6 f4d3 b7b6 g1g2 d6c4 f1f4 c4e3 c1e3 e8e3 a1d1 e3e2 g2h1 e2e3 h1g2 e3e2 g2g1 g6g5 f4c4 g7d4 g1h1 b6b5 c4c1 c5c4 d3f4 g5f4 d1d4 f4g3 h2g3 e2b2 d4g4 g8f8 g4h4 f8g7 h4g4 g7f8 g4h4 a8d8 h4h2 b2h2 h1h2 d8d3 c1a1 d3d2 h2h3 c4c3 a1c1 c3c2 h3g4 d2f2 g4h3 f7f5 c1a1 f2d2 a1c1 f8f7 g3g4 f5f4 c1f1 f7g6 f1c1 f4f3 h3g3

[WARN  ] [22:26:49.012386] <   > fastchess --- Warning; Illegal PV move - move h5h4 from Huginn_current
Info; info depth 8 seldepth 8 multipv 1 score cp 1277 nodes 179 nps 179000 hashfull 891 tbhits 0 time 0 pv f3f2 c1c2 d2c2 g3g2 g6g5 g2f1 g5g4 f1g2 h6h5 g2f1 g4h4 f1g2 h5h4 g2f1
Position; fen rnbqkbnr/1p1ppp1p/6p1/p1p5/5P2/3PP3/PPP3PP/RNBQKBNR w KQkq - 0 4
Moves; g1f3 f8g7 f1e2 g8f6 e1g1 b8c6 c2c4 d7d6 c1d2 e7e5 f4e5 d6e5 b1c3 e8g8 f3e1 c8e6 a2a3 e5e4 d2c1 f8e8 d1a4 h7h6 d3e4 c6e5 g2g3 f6h7 a4b3 e6h3 f1f4 h3c8 c3a4 h7g5 g1h1 g5e6 f4f1 c8d7 a4c3 d7c6 b3c2 e5d7 c2d2 e6g5 h1g1 a5a4 e1g2 d8a5 g2f4 d7f6 e2d3 a5d8 d3c2 d8d2 c1d2 f6e4 c3e4 c6e4 c2e4 g5e4 d2c1 e4d6 f4d3 b7b6 g1g2 d6c4 f1f4 c4e3 c1e3 e8e3 a1d1 e3e2 g2h1 e2e3 h1g2 e3e2 g2g1 g6g5 f4c4 g7d4 g1h1 b6b5 c4c1 c5c4 d3f4 g5f4 d1d4 f4g3 h2g3 e2b2 d4g4 g8f8 g4h4 f8g7 h4g4 g7f8 g4h4 a8d8 h4h2 b2h2 h1h2 d8d3 c1a1 d3d2 h2h3 c4c3 a1c1 c3c2 h3g4 d2f2 g4h3 f7f5 c1a1 f2d2 a1c1 f8f7 g3g4 f5f4 c1f1 f7g6 f1c1 f4f3 h3g3

[WARN  ] [22:26:49.012522] <   > fastchess --- Warning; Illegal PV move - move h5h4 from Huginn_current
Info; info depth 9 seldepth 9 multipv 1 score cp 1277 nodes 213 nps 213000 hashfull 891 tbhits 0 time 0 pv f3f2 c1c2 d2c2 g3g2 g6g5 g2f1 g5g4 f1g2 h6h5 g2f1 g4h4 f1g2 h5h4 g2f1
Position; fen rnbqkbnr/1p1ppp1p/6p1/p1p5/5P2/3PP3/PPP3PP/RNBQKBNR w KQkq - 0 4
Moves; g1f3 f8g7 f1e2 g8f6 e1g1 b8c6 c2c4 d7d6 c1d2 e7e5 f4e5 d6e5 b1c3 e8g8 f3e1 c8e6 a2a3 e5e4 d2c1 f8e8 d1a4 h7h6 d3e4 c6e5 g2g3 f6h7 a4b3 e6h3 f1f4 h3c8 c3a4 h7g5 g1h1 g5e6 f4f1 c8d7 a4c3 d7c6 b3c2 e5d7 c2d2 e6g5 h1g1 a5a4 e1g2 d8a5 g2f4 d7f6 e2d3 a5d8 d3c2 d8d2 c1d2 f6e4 c3e4 c6e4 c2e4 g5e4 d2c1 e4d6 f4d3 b7b6 g1g2 d6c4 f1f4 c4e3 c1e3 e8e3 a1d1 e3e2 g2h1 e2e3 h1g2 e3e2 g2g1 g6g5 f4c4 g7d4 g1h1 b6b5 c4c1 c5c4 d3f4 g5f4 d1d4 f4g3 h2g3 e2b2 d4g4 g8f8 g4h4 f8g7 h4g4 g7f8 g4h4 a8d8 h4h2 b2h2 h1h2 d8d3 c1a1 d3d2 h2h3 c4c3 a1c1 c3c2 h3g4 d2f2 g4h3 f7f5 c1a1 f2d2 a1c1 f8f7 g3g4 f5f4 c1f1 f7g6 f1c1 f4f3 h3g3

[WARN  ] [22:26:49.012616] <   > fastchess --- Warning; Illegal PV move - move h5h4 from Huginn_current
Info; info depth 10 seldepth 10 multipv 1 score cp 1277 nodes 366 nps 366000 hashfull 891 tbhits 0 time 0 pv f3f2 c1c2 d2c2 g3g2 g6g5 g2f1 g5g4 f1g2 h6h5 g2f1 g4h4 f1g2 h5h4 g2f1
Position; fen rnbqkbnr/1p1ppp1p/6p1/p1p5/5P2/3PP3/PPP3PP/RNBQKBNR w KQkq - 0 4
Moves; g1f3 f8g7 f1e2 g8f6 e1g1 b8c6 c2c4 d7d6 c1d2 e7e5 f4e5 d6e5 b1c3 e8g8 f3e1 c8e6 a2a3 e5e4 d2c1 f8e8 d1a4 h7h6 d3e4 c6e5 g2g3 f6h7 a4b3 e6h3 f1f4 h3c8 c3a4 h7g5 g1h1 g5e6 f4f1 c8d7 a4c3 d7c6 b3c2 e5d7 c2d2 e6g5 h1g1 a5a4 e1g2 d8a5 g2f4 d7f6 e2d3 a5d8 d3c2 d8d2 c1d2 f6e4 c3e4 c6e4 c2e4 g5e4 d2c1 e4d6 f4d3 b7b6 g1g2 d6c4 f1f4 c4e3 c1e3 e8e3 a1d1 e3e2 g2h1 e2e3 h1g2 e3e2 g2g1 g6g5 f4c4 g7d4 g1h1 b6b5 c4c1 c5c4 d3f4 g5f4 d1d4 f4g3 h2g3 e2b2 d4g4 g8f8 g4h4 f8g7 h4g4 g7f8 g4h4 a8d8 h4h2 b2h2 h1h2 d8d3 c1a1 d3d2 h2h3 c4c3 a1c1 c3c2 h3g4 d2f2 g4h3 f7f5 c1a1 f2d2 a1c1 f8f7 g3g4 f5f4 c1f1 f7g6 f1c1 f4f3 h3g3

[WARN  ] [22:26:49.012718] <   > fastchess --- Warning; Illegal PV move - move h5h4 from Huginn_current
Info; info depth 11 seldepth 11 multipv 1 score cp 1277 nodes 567 nps 567000 hashfull 891 tbhits 0 time 0 pv f3f2 c1c2 d2c2 g3g2 g6g5 g2f1 g5g4 f1g2 h6h5 g2f1 g4h4 f1g2 h5h4 g2f1
Position; fen rnbqkbnr/1p1ppp1p/6p1/p1p5/5P2/3PP3/PPP3PP/RNBQKBNR w KQkq - 0 4
Moves; g1f3 f8g7 f1e2 g8f6 e1g1 b8c6 c2c4 d7d6 c1d2 e7e5 f4e5 d6e5 b1c3 e8g8 f3e1 c8e6 a2a3 e5e4 d2c1 f8e8 d1a4 h7h6 d3e4 c6e5 g2g3 f6h7 a4b3 e6h3 f1f4 h3c8 c3a4 h7g5 g1h1 g5e6 f4f1 c8d7 a4c3 d7c6 b3c2 e5d7 c2d2 e6g5 h1g1 a5a4 e1g2 d8a5 g2f4 d7f6 e2d3 a5d8 d3c2 d8d2 c1d2 f6e4 c3e4 c6e4 c2e4 g5e4 d2c1 e4d6 f4d3 b7b6 g1g2 d6c4 f1f4 c4e3 c1e3 e8e3 a1d1 e3e2 g2h1 e2e3 h1g2 e3e2 g2g1 g6g5 f4c4 g7d4 g1h1 b6b5 c4c1 c5c4 d3f4 g5f4 d1d4 f4g3 h2g3 e2b2 d4g4 g8f8 g4h4 f8g7 h4g4 g7f8 g4h4 a8d8 h4h2 b2h2 h1h2 d8d3 c1a1 d3d2 h2h3 c4c3 a1c1 c3c2 h3g4 d2f2 g4h3 f7f5 c1a1 f2d2 a1c1 f8f7 g3g4 f5f4 c1f1 f7g6 f1c1 f4f3 h3g3

[WARN  ] [22:26:49.012821] <   > fastchess --- Warning; Illegal PV move - move h5h4 from Huginn_current
Info; info depth 12 seldepth 12 multipv 1 score cp 1277 nodes 791 nps 791000 hashfull 891 tbhits 0 time 0 pv f3f2 c1c2 d2c2 g3g2 g6g5 g2f1 g5g4 f1g2 h6h5 g2f1 g4h4 f1g2 h5h4 g2f1
Position; fen rnbqkbnr/1p1ppp1p/6p1/p1p5/5P2/3PP3/PPP3PP/RNBQKBNR w KQkq - 0 4
Moves; g1f3 f8g7 f1e2 g8f6 e1g1 b8c6 c2c4 d7d6 c1d2 e7e5 f4e5 d6e5 b1c3 e8g8 f3e1 c8e6 a2a3 e5e4 d2c1 f8e8 d1a4 h7h6 d3e4 c6e5 g2g3 f6h7 a4b3 e6h3 f1f4 h3c8 c3a4 h7g5 g1h1 g5e6 f4f1 c8d7 a4c3 d7c6 b3c2 e5d7 c2d2 e6g5 h1g1 a5a4 e1g2 d8a5 g2f4 d7f6 e2d3 a5d8 d3c2 d8d2 c1d2 f6e4 c3e4 c6e4 c2e4 g5e4 d2c1 e4d6 f4d3 b7b6 g1g2 d6c4 f1f4 c4e3 c1e3 e8e3 a1d1 e3e2 g2h1 e2e3 h1g2 e3e2 g2g1 g6g5 f4c4 g7d4 g1h1 b6b5 c4c1 c5c4 d3f4 g5f4 d1d4 f4g3 h2g3 e2b2 d4g4 g8f8 g4h4 f8g7 h4g4 g7f8 g4h4 a8d8 h4h2 b2h2 h1h2 d8d3 c1a1 d3d2 h2h3 c4c3 a1c1 c3c2 h3g4 d2f2 g4h3 f7f5 c1a1 f2d2 a1c1 f8f7 g3g4 f5f4 c1f1 f7g6 f1c1 f4f3 h3g3

[WARN  ] [22:26:49.012944] <   > fastchess --- Warning; Illegal PV move - move h5h4 from Huginn_current
Info; info depth 13 seldepth 13 multipv 1 score cp 1277 nodes 1187 nps 1187000 hashfull 891 tbhits 0 time 0 pv f3f2 c1c2 d2c2 g3g2 g6g5 g2f1 g5g4 f1g2 h6h5 g2f1 g4h4 f1g2 h5h4 g2f1
Position; fen rnbqkbnr/1p1ppp1p/6p1/p1p5/5P2/3PP3/PPP3PP/RNBQKBNR w KQkq - 0 4
Moves; g1f3 f8g7 f1e2 g8f6 e1g1 b8c6 c2c4 d7d6 c1d2 e7e5 f4e5 d6e5 b1c3 e8g8 f3e1 c8e6 a2a3 e5e4 d2c1 f8e8 d1a4 h7h6 d3e4 c6e5 g2g3 f6h7 a4b3 e6h3 f1f4 h3c8 c3a4 h7g5 g1h1 g5e6 f4f1 c8d7 a4c3 d7c6 b3c2 e5d7 c2d2 e6g5 h1g1 a5a4 e1g2 d8a5 g2f4 d7f6 e2d3 a5d8 d3c2 d8d2 c1d2 f6e4 c3e4 c6e4 c2e4 g5e4 d2c1 e4d6 f4d3 b7b6 g1g2 d6c4 f1f4 c4e3 c1e3 e8e3 a1d1 e3e2 g2h1 e2e3 h1g2 e3e2 g2g1 g6g5 f4c4 g7d4 g1h1 b6b5 c4c1 c5c4 d3f4 g5f4 d1d4 f4g3 h2g3 e2b2 d4g4 g8f8 g4h4 f8g7 h4g4 g7f8 g4h4 a8d8 h4h2 b2h2 h1h2 d8d3 c1a1 d3d2 h2h3 c4c3 a1c1 c3c2 h3g4 d2f2 g4h3 f7f5 c1a1 f2d2 a1c1 f8f7 g3g4 f5f4 c1f1 f7g6 f1c1 f4f3 h3g3

[WARN  ] [22:30:41.231861] <   > fastchess --- Warning; Illegal PV move - move h5h4 from Huginn_t13
Info; info depth 2 seldepth 2 multipv 1 score cp 373 nodes 46 nps 46000 hashfull 1000 tbhits 0 time 0 pv b2a1 f3g3 b5d6 g3h4 b4b5 h5h4 b5b6 h4h3 b6b7 h3h2 b7b8q
Position; fen rnbqk1nr/pp1pppbp/2p3p1/8/2P5/PP6/3PPPPP/RNBQKBNR w KQkq - 0 4
Moves; d2d4 g8f6 b1c3 d7d5 c1f4 f6h5 f4b8 a8b8 c4d5 c6d5 e2e3 e8g8 f1d3 e7e6 g2g4 h5f6 g4g5 f6e8 g1f3 c8d7 e1g1 f7f6 g5f6 d8f6 f3e5 f6g5 d1g4 g5g4 e5g4 e8d6 f1c1 d7e8 a1a2 a7a6 c3e2 d6f7 f2f4 f7d6 a2c2 h7h5 g4e5 d6f5 g1f2 f5h4 c2c8 b8c8 c1c8 b7b5 c8a8 b5b4 a3b4 e8b5 a8f8 g7f8 d3b5 a6b5 e5c6 h4f5 e2c3 f8h6 c6d8 g6g5 d8e6 g5f4 e6f4 h6f4 e3f4 f5d4 c3d5 d4b3 f2e3 g8f7 h2h4 b3a1 e3d3 a1b3 d5c3 f7e7 c3e2 e7e6 d3c2 b3a1 c2b2 e6f5 e2d4 f5f4 d4b5 f4f3

[WARN  ] [22:40:43.297011] <   > fastchess --- Warning; Illegal PV move - move d1h5 from Huginn_current
Info; info depth 5 seldepth 6 multipv 1 score cp -1622 nodes 1220 nps 1220000 hashfull 1000 tbhits 0 time 0 pv e7e6 d2d1q a4c6 h5g4 e6f7 d1h5
Position; fen rnbqkb1r/ppp1ppp1/5n2/3p3p/5P2/3BP3/PPPP2PP/RNBQK1NR w KQkq - 0 4
Moves; g1f3 c7c5 e1g1 c5c4 d3e2 h5h4 d2d3 c4d3 e2d3 h4h3 g2g3 c8g4 b1c3 b8c6 a2a3 e7e6 g1h1 a8c8 c1d2 a7a6 c3e2 f8c5 b2b3 e8g8 b3b4 c5a7 a3a4 d8d7 b4b5 c6e7 b5a6 b7a6 d3a6 g4f3 f1f3 c8b8 a6b5 d7c7 f4f5 f6g4 f5e6 f7e6 e2f4 f8f6 d2c1 g8h8 f4h3 f6h6 h1g2 c7e5 f3f7 e5e4 d1f3 e4c2 f3e2 c2e4 e2f3 e4c2 f3e2 c2e4 g2g1 g4e3 f7e7 e3c4 c1e3 e4e3 e2e3 a7e3 g1h1 h6h3 e7e6 h3h6 e6h6 e3h6 a1e1 h6d2 e1d1 b8d8 d1f1 d8b8 f1d1 b8d8 h2h3 d2a5 d1d3 c4b6 d3d4 d8c8 h1g2 c8c1 h3h4 h8h7 h4h5 c1c5 b5d3 h7h6 d3e2 c5c2 g2f1 c2c1 f1g2 c1c2 g2f1 c2c1 d4d1 c1d1 e2d1 b6c4 d1e2 c4b2 g3g4 b2a4 f1f2 d5d4 f2f3 a4c5 f3f4 a5d2 f4e5 d4d3 e2f3 h6g5 e5d6 g5f4 f3d1 c5e4 d6e6 e4f2 d1a4 d2c3 e6d6 d3d2 d6e6 f4g4 e6e7 g4h5 a4e8 h5h4 e8a4 h4h5

[WARN  ] [22:46:17.625157] <   > fastchess --- Warning; Illegal PV move - move g5g4 from Huginn_current
Info; info depth 14 seldepth 18 multipv 1 score cp -28000 nodes 127853 nps 4566178 hashfull 1000 tbhits 27477 time 28 pv h3g4 g6f6 b2c1 f6e5 c1d2 e5f4 d2c1 f4g4 c1c2 f7f6 c2b1 f6f5 b1c1 f5f4 c1b2 f4f3 b2a1 g5g4
Position; fen r1bqkbnr/pp1pppp1/2n4p/2p5/4P3/1P1P4/P1P2PPP/RNBQKBNR w KQkq - 0 4
Moves; g1f3 e7e6 f1e2 d7d5 c1b2 g8f6 b1d2 f8e7 a2a4 e8g8 e1g1 c8d7 f3e5 d5d4 e5d7 f6d7 d2c4 a7a6 d1d2 d7e5 f2f4 e5c4 d3c4 e6e5 f4e5 e7g5 d2e1 d8c7 e1g3 c7e5 g3e5 c6e5 g1h1 f8e8 a4a5 a8d8 a1d1 g7g6 b2a3 e5d7 e2d3 g8g7 h2h3 d8b8 h1h2 g5e7 f1f2 b7b6 a5b6 e7d6 g2g3 d7e5 d3e2 b8b6 a3c1 a6a5 c1f4 e5d7 f4d2 d7f6 e2d3 f6e4 d3e4 e8e4 d2a5 b6a6 a5d2 a6a2 d2c1 e4e8 h2g2 d6b8 d1f1 e8e7 g3g4 g6g5 f1d1 b8c7 b3b4 c5b4 c4c5 e7e4 c5c6 c7b6 d1d3 e4e6 d3f3 e6c6 c1d2 a2c2 d2b4 c2f2 f3f2 d4d3 f2d2 c6c4 b4d6 c4c2 d2c2 d3c2 d6a3 b6e3 g2f3 c2c1b f3e4 c1a3 e4e3 g7g6 e3d2 h6h5 d2c2 a3b2 c2b2 h5g4

[WARN  ] [22:46:17.625319] <   > fastchess --- Warning; Illegal PV move - move g5g4 from Huginn_current
Info; info depth 15 seldepth 20 multipv 1 score cp -28000 nodes 155038 nps 4429657 hashfull 1000 tbhits 6140 time 35 pv h3g4 g6f6 b2c1 f6e5 c1d2 e5f4 d2c1 f4g4 c1c2 f7f6 c2b1 f6f5 b1c1 f5f4 c1b2 f4f3 b2a1 g5g4
Position; fen r1bqkbnr/pp1pppp1/2n4p/2p5/4P3/1P1P4/P1P2PPP/RNBQKBNR w KQkq - 0 4
Moves; g1f3 e7e6 f1e2 d7d5 c1b2 g8f6 b1d2 f8e7 a2a4 e8g8 e1g1 c8d7 f3e5 d5d4 e5d7 f6d7 d2c4 a7a6 d1d2 d7e5 f2f4 e5c4 d3c4 e6e5 f4e5 e7g5 d2e1 d8c7 e1g3 c7e5 g3e5 c6e5 g1h1 f8e8 a4a5 a8d8 a1d1 g7g6 b2a3 e5d7 e2d3 g8g7 h2h3 d8b8 h1h2 g5e7 f1f2 b7b6 a5b6 e7d6 g2g3 d7e5 d3e2 b8b6 a3c1 a6a5 c1f4 e5d7 f4d2 d7f6 e2d3 f6e4 d3e4 e8e4 d2a5 b6a6 a5d2 a6a2 d2c1 e4e8 h2g2 d6b8 d1f1 e8e7 g3g4 g6g5 f1d1 b8c7 b3b4 c5b4 c4c5 e7e4 c5c6 c7b6 d1d3 e4e6 d3f3 e6c6 c1d2 a2c2 d2b4 c2f2 f3f2 d4d3 f2d2 c6c4 b4d6 c4c2 d2c2 d3c2 d6a3 b6e3 g2f3 c2c1b f3e4 c1a3 e4e3 g7g6 e3d2 h6h5 d2c2 a3b2 c2b2 h5g4

[WARN  ] [22:46:17.625432] <   > fastchess --- Warning; Illegal PV move - move g5g4 from Huginn_current
Info; info depth 16 seldepth 21 multipv 1 score cp -28000 nodes 258211 nps 4530017 hashfull 1000 tbhits 14535 time 57 pv h3g4 g6f6 b2c1 f6e5 c1d2 e5f4 d2c1 f4g4 c1c2 f7f6 c2b1 f6f5 b1c1 f5f4 c1b2 f4f3 b2a1 g5g4
Position; fen r1bqkbnr/pp1pppp1/2n4p/2p5/4P3/1P1P4/P1P2PPP/RNBQKBNR w KQkq - 0 4
Moves; g1f3 e7e6 f1e2 d7d5 c1b2 g8f6 b1d2 f8e7 a2a4 e8g8 e1g1 c8d7 f3e5 d5d4 e5d7 f6d7 d2c4 a7a6 d1d2 d7e5 f2f4 e5c4 d3c4 e6e5 f4e5 e7g5 d2e1 d8c7 e1g3 c7e5 g3e5 c6e5 g1h1 f8e8 a4a5 a8d8 a1d1 g7g6 b2a3 e5d7 e2d3 g8g7 h2h3 d8b8 h1h2 g5e7 f1f2 b7b6 a5b6 e7d6 g2g3 d7e5 d3e2 b8b6 a3c1 a6a5 c1f4 e5d7 f4d2 d7f6 e2d3 f6e4 d3e4 e8e4 d2a5 b6a6 a5d2 a6a2 d2c1 e4e8 h2g2 d6b8 d1f1 e8e7 g3g4 g6g5 f1d1 b8c7 b3b4 c5b4 c4c5 e7e4 c5c6 c7b6 d1d3 e4e6 d3f3 e6c6 c1d2 a2c2 d2b4 c2f2 f3f2 d4d3 f2d2 c6c4 b4d6 c4c2 d2c2 d3c2 d6a3 b6e3 g2f3 c2c1b f3e4 c1a3 e4e3 g7g6 e3d2 h6h5 d2c2 a3b2 c2b2 h5g4

[WARN  ] [22:46:17.625539] <   > fastchess --- Warning; Illegal PV move - move g5g4 from Huginn_current
Info; info depth 17 seldepth 21 multipv 1 score cp -28000 nodes 363628 nps 4602886 hashfull 1000 tbhits 20576 time 79 pv h3g4 g6f6 b2c1 f6e5 c1d2 e5f4 d2c1 f4g4 c1c2 f7f6 c2b1 f6f5 b1c1 f5f4 c1b2 f4f3 b2a1 g5g4
Position; fen r1bqkbnr/pp1pppp1/2n4p/2p5/4P3/1P1P4/P1P2PPP/RNBQKBNR w KQkq - 0 4
Moves; g1f3 e7e6 f1e2 d7d5 c1b2 g8f6 b1d2 f8e7 a2a4 e8g8 e1g1 c8d7 f3e5 d5d4 e5d7 f6d7 d2c4 a7a6 d1d2 d7e5 f2f4 e5c4 d3c4 e6e5 f4e5 e7g5 d2e1 d8c7 e1g3 c7e5 g3e5 c6e5 g1h1 f8e8 a4a5 a8d8 a1d1 g7g6 b2a3 e5d7 e2d3 g8g7 h2h3 d8b8 h1h2 g5e7 f1f2 b7b6 a5b6 e7d6 g2g3 d7e5 d3e2 b8b6 a3c1 a6a5 c1f4 e5d7 f4d2 d7f6 e2d3 f6e4 d3e4 e8e4 d2a5 b6a6 a5d2 a6a2 d2c1 e4e8 h2g2 d6b8 d1f1 e8e7 g3g4 g6g5 f1d1 b8c7 b3b4 c5b4 c4c5 e7e4 c5c6 c7b6 d1d3 e4e6 d3f3 e6c6 c1d2 a2c2 d2b4 c2f2 f3f2 d4d3 f2d2 c6c4 b4d6 c4c2 d2c2 d3c2 d6a3 b6e3 g2f3 c2c1b f3e4 c1a3 e4e3 g7g6 e3d2 h6h5 d2c2 a3b2 c2b2 h5g4

[WARN  ] [23:10:35.140628] <   > fastchess --- Warning; PV continues after fifty-move rule - move c3b4 from Huginn_current
Info; info depth 3 seldepth 4 multipv 1 score cp -1232 nodes 712 nps 712000 hashfull 1000 tbhits 4 time 0 pv b1a1 g2g4 a1b2 g4d1 b2c3 d1d5 c3b4
Position; fen r1bqkb1r/ppppppp1/2n2n1p/8/8/4P3/PPPP1PPP/RNBQKBNR w KQkq - 0 4
Moves; d2d4 d7d5 f1b5 c8g4 g1f3 d8d7 h2h3 g4f3 d1f3 a7a6 b5a4 b7b5 a4b3 e7e5 a2a4 e5e4 f3g3 b5b4 e1g1 c6a5 b1d2 d7c6 b3a2 c6c2 g3e5 f8e7 a2d5 a5c6 d5e4 f6e4 e5e4 b4b3 a4a5 a8d8 a1a4 d8d7 a4c4 c2e4 d2e4 c6a5 c4a4 a5c6 a4a6 c6b4 a6a3 f7f5 e4g3 f5f4 g3e2 f4e3 f2e3 h8f8 f1f8 e8f8 a3b3 f8f7 c1d2 b4c6 g1f2 e7h4 g2g3 h4f6 b3c3 c6d8 e2f4 g7g5 f4d3 f6g7 f2f3 f7g6 c3c5 d7f7 f3g2 g7f6 b2b4 d8b7 c5c6 f7e7 d3e5 g6g7 e5g4 b7d6 b4b5 f6d4 e3d4 e7e2 g2f3 e2d2 b5b6 h6h5 b6c7 h5g4 f3e3 d6c8 e3d2 g4h3 g3g4 h3h2 c6c1 g7f6 c1h1 f6e6 h1h2 e6d6 h2h7 c8b6 d2d3 b6c8 h7g7 c8b6 g7h7 b6c8 h7g7 c8b6 d3e4 d6c6 g7g6 c6c7 g6b6 c7b6 e4f5 b6b5 f5g5 b5c4 g5f4 c4d4 g4g5 d4d5 f4f5 d5d6 f5f6 d6c5 g5g6 c5d6 g6g7 d6d5 g7g8q d5e4 g8g5 e4f3 f6f7 f3f2 g5f4 f2e2 f4g3 e2d2 g3f4 d2c2 f4d6 c2c3 f7g6 c3c2 d6d4 c2c1 d4b4 c1c2 b4d6 c2c3 d6d1 c3c4 d1d7 c4c5 d7d1 c5c4 d1d2 c4b3 d2d3 b3b2 g6f7 b2a2 d3c2 a2a3 c2b1 a3a4 b1b6 a4a3 b6b1 a3a4 b1b6 a4a3 f7f6 a3a2 b6b4 a2a1 b4b5 a1a2 b5b7 a2a3 b7b6 a3a4 b6c5 a4b3 f6g6 b3b2 c5c4 b2a3 g6f5 a3b2 f5g6 b2a3 c4b5 a3a2 b5b4 a2a1 b4d2 a1b1 g6f7 b1a1 f7g6 a1b1 g6f5 b1a1 f5f6 a1b1 f6g6 b1a1 g6f6 a1b1 f6f5 b1a1 f5e6 a1b1 e6f6 b1a1 d2e2 a1b1 e2d2 b1a1 d2e2 a1b1 e2g2

[WARN  ] [23:10:35.140798] <   > fastchess --- Warning; PV continues after fifty-move rule - move a1b1 from Huginn_current
Info; info depth 7 seldepth 7 multipv 1 score cp -1301 nodes 4429 nps 4429000 hashfull 1000 tbhits 9 time 0 pv b1a1 g2g8 a1b2 g8c4 b2a1 c4c3 a1b1 c3b3 b1a1 b3a3 a1b1 a3b3
Position; fen r1bqkb1r/ppppppp1/2n2n1p/8/8/4P3/PPPP1PPP/RNBQKBNR w KQkq - 0 4
Moves; d2d4 d7d5 f1b5 c8g4 g1f3 d8d7 h2h3 g4f3 d1f3 a7a6 b5a4 b7b5 a4b3 e7e5 a2a4 e5e4 f3g3 b5b4 e1g1 c6a5 b1d2 d7c6 b3a2 c6c2 g3e5 f8e7 a2d5 a5c6 d5e4 f6e4 e5e4 b4b3 a4a5 a8d8 a1a4 d8d7 a4c4 c2e4 d2e4 c6a5 c4a4 a5c6 a4a6 c6b4 a6a3 f7f5 e4g3 f5f4 g3e2 f4e3 f2e3 h8f8 f1f8 e8f8 a3b3 f8f7 c1d2 b4c6 g1f2 e7h4 g2g3 h4f6 b3c3 c6d8 e2f4 g7g5 f4d3 f6g7 f2f3 f7g6 c3c5 d7f7 f3g2 g7f6 b2b4 d8b7 c5c6 f7e7 d3e5 g6g7 e5g4 b7d6 b4b5 f6d4 e3d4 e7e2 g2f3 e2d2 b5b6 h6h5 b6c7 h5g4 f3e3 d6c8 e3d2 g4h3 g3g4 h3h2 c6c1 g7f6 c1h1 f6e6 h1h2 e6d6 h2h7 c8b6 d2d3 b6c8 h7g7 c8b6 g7h7 b6c8 h7g7 c8b6 d3e4 d6c6 g7g6 c6c7 g6b6 c7b6 e4f5 b6b5 f5g5 b5c4 g5f4 c4d4 g4g5 d4d5 f4f5 d5d6 f5f6 d6c5 g5g6 c5d6 g6g7 d6d5 g7g8q d5e4 g8g5 e4f3 f6f7 f3f2 g5f4 f2e2 f4g3 e2d2 g3f4 d2c2 f4d6 c2c3 f7g6 c3c2 d6d4 c2c1 d4b4 c1c2 b4d6 c2c3 d6d1 c3c4 d1d7 c4c5 d7d1 c5c4 d1d2 c4b3 d2d3 b3b2 g6f7 b2a2 d3c2 a2a3 c2b1 a3a4 b1b6 a4a3 b6b1 a3a4 b1b6 a4a3 f7f6 a3a2 b6b4 a2a1 b4b5 a1a2 b5b7 a2a3 b7b6 a3a4 b6c5 a4b3 f6g6 b3b2 c5c4 b2a3 g6f5 a3b2 f5g6 b2a3 c4b5 a3a2 b5b4 a2a1 b4d2 a1b1 g6f7 b1a1 f7g6 a1b1 g6f5 b1a1 f5f6 a1b1 f6g6 b1a1 g6f6 a1b1 f6f5 b1a1 f5e6 a1b1 e6f6 b1a1 d2e2 a1b1 e2d2 b1a1 d2e2 a1b1 e2g2

[WARN  ] [23:10:35.140923] <   > fastchess --- Warning; PV continues after fifty-move rule - move a1b1 from Huginn_current
Info; info depth 11 seldepth 14 multipv 1 score cp -1301 nodes 21744 nps 7248000 hashfull 1000 tbhits 2 time 3 pv b1a1 g2f1 a1b2 f1c4 b2a1 c4c3 a1b1 c3b3 b1a1 b3a3 a1b1 a3b3
Position; fen r1bqkb1r/ppppppp1/2n2n1p/8/8/4P3/PPPP1PPP/RNBQKBNR w KQkq - 0 4
Moves; d2d4 d7d5 f1b5 c8g4 g1f3 d8d7 h2h3 g4f3 d1f3 a7a6 b5a4 b7b5 a4b3 e7e5 a2a4 e5e4 f3g3 b5b4 e1g1 c6a5 b1d2 d7c6 b3a2 c6c2 g3e5 f8e7 a2d5 a5c6 d5e4 f6e4 e5e4 b4b3 a4a5 a8d8 a1a4 d8d7 a4c4 c2e4 d2e4 c6a5 c4a4 a5c6 a4a6 c6b4 a6a3 f7f5 e4g3 f5f4 g3e2 f4e3 f2e3 h8f8 f1f8 e8f8 a3b3 f8f7 c1d2 b4c6 g1f2 e7h4 g2g3 h4f6 b3c3 c6d8 e2f4 g7g5 f4d3 f6g7 f2f3 f7g6 c3c5 d7f7 f3g2 g7f6 b2b4 d8b7 c5c6 f7e7 d3e5 g6g7 e5g4 b7d6 b4b5 f6d4 e3d4 e7e2 g2f3 e2d2 b5b6 h6h5 b6c7 h5g4 f3e3 d6c8 e3d2 g4h3 g3g4 h3h2 c6c1 g7f6 c1h1 f6e6 h1h2 e6d6 h2h7 c8b6 d2d3 b6c8 h7g7 c8b6 g7h7 b6c8 h7g7 c8b6 d3e4 d6c6 g7g6 c6c7 g6b6 c7b6 e4f5 b6b5 f5g5 b5c4 g5f4 c4d4 g4g5 d4d5 f4f5 d5d6 f5f6 d6c5 g5g6 c5d6 g6g7 d6d5 g7g8q d5e4 g8g5 e4f3 f6f7 f3f2 g5f4 f2e2 f4g3 e2d2 g3f4 d2c2 f4d6 c2c3 f7g6 c3c2 d6d4 c2c1 d4b4 c1c2 b4d6 c2c3 d6d1 c3c4 d1d7 c4c5 d7d1 c5c4 d1d2 c4b3 d2d3 b3b2 g6f7 b2a2 d3c2 a2a3 c2b1 a3a4 b1b6 a4a3 b6b1 a3a4 b1b6 a4a3 f7f6 a3a2 b6b4 a2a1 b4b5 a1a2 b5b7 a2a3 b7b6 a3a4 b6c5 a4b3 f6g6 b3b2 c5c4 b2a3 g6f5 a3b2 f5g6 b2a3 c4b5 a3a2 b5b4 a2a1 b4d2 a1b1 g6f7 b1a1 f7g6 a1b1 g6f5 b1a1 f5f6 a1b1 f6g6 b1a1 g6f6 a1b1 f6f5 b1a1 f5e6 a1b1 e6f6 b1a1 d2e2 a1b1 e2d2 b1a1 d2e2 a1b1 e2g2

[WARN  ] [23:10:35.141039] <   > fastchess --- Warning; PV continues after fifty-move rule - move a1b1 from Huginn_current
Info; info depth 12 seldepth 12 multipv 1 score cp -1301 nodes 29049 nps 7262250 hashfull 1000 tbhits 21 time 4 pv b1a1 g2f1 a1b2 f1c4 b2a1 c4c3 a1b1 c3b3 b1a1 b3a3 a1b1 a3b3
Position; fen r1bqkb1r/ppppppp1/2n2n1p/8/8/4P3/PPPP1PPP/RNBQKBNR w KQkq - 0 4
Moves; d2d4 d7d5 f1b5 c8g4 g1f3 d8d7 h2h3 g4f3 d1f3 a7a6 b5a4 b7b5 a4b3 e7e5 a2a4 e5e4 f3g3 b5b4 e1g1 c6a5 b1d2 d7c6 b3a2 c6c2 g3e5 f8e7 a2d5 a5c6 d5e4 f6e4 e5e4 b4b3 a4a5 a8d8 a1a4 d8d7 a4c4 c2e4 d2e4 c6a5 c4a4 a5c6 a4a6 c6b4 a6a3 f7f5 e4g3 f5f4 g3e2 f4e3 f2e3 h8f8 f1f8 e8f8 a3b3 f8f7 c1d2 b4c6 g1f2 e7h4 g2g3 h4f6 b3c3 c6d8 e2f4 g7g5 f4d3 f6g7 f2f3 f7g6 c3c5 d7f7 f3g2 g7f6 b2b4 d8b7 c5c6 f7e7 d3e5 g6g7 e5g4 b7d6 b4b5 f6d4 e3d4 e7e2 g2f3 e2d2 b5b6 h6h5 b6c7 h5g4 f3e3 d6c8 e3d2 g4h3 g3g4 h3h2 c6c1 g7f6 c1h1 f6e6 h1h2 e6d6 h2h7 c8b6 d2d3 b6c8 h7g7 c8b6 g7h7 b6c8 h7g7 c8b6 d3e4 d6c6 g7g6 c6c7 g6b6 c7b6 e4f5 b6b5 f5g5 b5c4 g5f4 c4d4 g4g5 d4d5 f4f5 d5d6 f5f6 d6c5 g5g6 c5d6 g6g7 d6d5 g7g8q d5e4 g8g5 e4f3 f6f7 f3f2 g5f4 f2e2 f4g3 e2d2 g3f4 d2c2 f4d6 c2c3 f7g6 c3c2 d6d4 c2c1 d4b4 c1c2 b4d6 c2c3 d6d1 c3c4 d1d7 c4c5 d7d1 c5c4 d1d2 c4b3 d2d3 b3b2 g6f7 b2a2 d3c2 a2a3 c2b1 a3a4 b1b6 a4a3 b6b1 a3a4 b1b6 a4a3 f7f6 a3a2 b6b4 a2a1 b4b5 a1a2 b5b7 a2a3 b7b6 a3a4 b6c5 a4b3 f6g6 b3b2 c5c4 b2a3 g6f5 a3b2 f5g6 b2a3 c4b5 a3a2 b5b4 a2a1 b4d2 a1b1 g6f7 b1a1 f7g6 a1b1 g6f5 b1a1 f5f6 a1b1 f6g6 b1a1 g6f6 a1b1 f6f5 b1a1 f5e6 a1b1 e6f6 b1a1 d2e2 a1b1 e2d2 b1a1 d2e2 a1b1 e2g2

[WARN  ] [23:10:35.141125] <   > fastchess --- Warning; PV continues after fifty-move rule - move a1b1 from Huginn_current
Info; info depth 13 seldepth 16 multipv 1 score cp -1301 nodes 44997 nps 7499500 hashfull 1000 tbhits 11 time 6 pv b1a1 g2g8 a1b2 g8c4 b2a1 c4c3 a1b1 c3b3 b1a1 b3a3 a1b1 a3b3
Position; fen r1bqkb1r/ppppppp1/2n2n1p/8/8/4P3/PPPP1PPP/RNBQKBNR w KQkq - 0 4
Moves; d2d4 d7d5 f1b5 c8g4 g1f3 d8d7 h2h3 g4f3 d1f3 a7a6 b5a4 b7b5 a4b3 e7e5 a2a4 e5e4 f3g3 b5b4 e1g1 c6a5 b1d2 d7c6 b3a2 c6c2 g3e5 f8e7 a2d5 a5c6 d5e4 f6e4 e5e4 b4b3 a4a5 a8d8 a1a4 d8d7 a4c4 c2e4 d2e4 c6a5 c4a4 a5c6 a4a6 c6b4 a6a3 f7f5 e4g3 f5f4 g3e2 f4e3 f2e3 h8f8 f1f8 e8f8 a3b3 f8f7 c1d2 b4c6 g1f2 e7h4 g2g3 h4f6 b3c3 c6d8 e2f4 g7g5 f4d3 f6g7 f2f3 f7g6 c3c5 d7f7 f3g2 g7f6 b2b4 d8b7 c5c6 f7e7 d3e5 g6g7 e5g4 b7d6 b4b5 f6d4 e3d4 e7e2 g2f3 e2d2 b5b6 h6h5 b6c7 h5g4 f3e3 d6c8 e3d2 g4h3 g3g4 h3h2 c6c1 g7f6 c1h1 f6e6 h1h2 e6d6 h2h7 c8b6 d2d3 b6c8 h7g7 c8b6 g7h7 b6c8 h7g7 c8b6 d3e4 d6c6 g7g6 c6c7 g6b6 c7b6 e4f5 b6b5 f5g5 b5c4 g5f4 c4d4 g4g5 d4d5 f4f5 d5d6 f5f6 d6c5 g5g6 c5d6 g6g7 d6d5 g7g8q d5e4 g8g5 e4f3 f6f7 f3f2 g5f4 f2e2 f4g3 e2d2 g3f4 d2c2 f4d6 c2c3 f7g6 c3c2 d6d4 c2c1 d4b4 c1c2 b4d6 c2c3 d6d1 c3c4 d1d7 c4c5 d7d1 c5c4 d1d2 c4b3 d2d3 b3b2 g6f7 b2a2 d3c2 a2a3 c2b1 a3a4 b1b6 a4a3 b6b1 a3a4 b1b6 a4a3 f7f6 a3a2 b6b4 a2a1 b4b5 a1a2 b5b7 a2a3 b7b6 a3a4 b6c5 a4b3 f6g6 b3b2 c5c4 b2a3 g6f5 a3b2 f5g6 b2a3 c4b5 a3a2 b5b4 a2a1 b4d2 a1b1 g6f7 b1a1 f7g6 a1b1 g6f5 b1a1 f5f6 a1b1 f6g6 b1a1 g6f6 a1b1 f6f5 b1a1 f5e6 a1b1 e6f6 b1a1 d2e2 a1b1 e2d2 b1a1 d2e2 a1b1 e2g2

[WARN  ] [23:10:35.181732] <   > fastchess --- Warning; PV continues after fifty-move rule - move b2a2 from Huginn_t13
Info; info depth 15 seldepth 18 multipv 1 score cp 25 nodes 105130 nps 8086923 hashfull 1000 tbhits 0 time 13 pv f6f5 a1b1 g2g1 b1b2 g1d1 b2a2 d1b1 a2b1 f5e5 b1b2 e5f5 b2b1
Position; fen r1bqkb1r/ppppppp1/2n2n1p/8/8/4P3/PPPP1PPP/RNBQKBNR w KQkq - 0 4
Moves; d2d4 d7d5 f1b5 c8g4 g1f3 d8d7 h2h3 g4f3 d1f3 a7a6 b5a4 b7b5 a4b3 e7e5 a2a4 e5e4 f3g3 b5b4 e1g1 c6a5 b1d2 d7c6 b3a2 c6c2 g3e5 f8e7 a2d5 a5c6 d5e4 f6e4 e5e4 b4b3 a4a5 a8d8 a1a4 d8d7 a4c4 c2e4 d2e4 c6a5 c4a4 a5c6 a4a6 c6b4 a6a3 f7f5 e4g3 f5f4 g3e2 f4e3 f2e3 h8f8 f1f8 e8f8 a3b3 f8f7 c1d2 b4c6 g1f2 e7h4 g2g3 h4f6 b3c3 c6d8 e2f4 g7g5 f4d3 f6g7 f2f3 f7g6 c3c5 d7f7 f3g2 g7f6 b2b4 d8b7 c5c6 f7e7 d3e5 g6g7 e5g4 b7d6 b4b5 f6d4 e3d4 e7e2 g2f3 e2d2 b5b6 h6h5 b6c7 h5g4 f3e3 d6c8 e3d2 g4h3 g3g4 h3h2 c6c1 g7f6 c1h1 f6e6 h1h2 e6d6 h2h7 c8b6 d2d3 b6c8 h7g7 c8b6 g7h7 b6c8 h7g7 c8b6 d3e4 d6c6 g7g6 c6c7 g6b6 c7b6 e4f5 b6b5 f5g5 b5c4 g5f4 c4d4 g4g5 d4d5 f4f5 d5d6 f5f6 d6c5 g5g6 c5d6 g6g7 d6d5 g7g8q d5e4 g8g5 e4f3 f6f7 f3f2 g5f4 f2e2 f4g3 e2d2 g3f4 d2c2 f4d6 c2c3 f7g6 c3c2 d6d4 c2c1 d4b4 c1c2 b4d6 c2c3 d6d1 c3c4 d1d7 c4c5 d7d1 c5c4 d1d2 c4b3 d2d3 b3b2 g6f7 b2a2 d3c2 a2a3 c2b1 a3a4 b1b6 a4a3 b6b1 a3a4 b1b6 a4a3 f7f6 a3a2 b6b4 a2a1 b4b5 a1a2 b5b7 a2a3 b7b6 a3a4 b6c5 a4b3 f6g6 b3b2 c5c4 b2a3 g6f5 a3b2 f5g6 b2a3 c4b5 a3a2 b5b4 a2a1 b4d2 a1b1 g6f7 b1a1 f7g6 a1b1 g6f5 b1a1 f5f6 a1b1 f6g6 b1a1 g6f6 a1b1 f6f5 b1a1 f5e6 a1b1 e6f6 b1a1 d2e2 a1b1 e2d2 b1a1 d2e2 a1b1 e2g2 b1a1

[WARN  ] [23:10:35.181862] <   > fastchess --- Warning; PV continues after fifty-move rule - move b2a2 from Huginn_t13
Info; info depth 16 seldepth 17 multipv 1 score cp 25 nodes 113762 nps 8125857 hashfull 1000 tbhits 0 time 14 pv f6f5 a1b1 g2g1 b1b2 g1d1 b2a2 d1b1 a2b1 f5e5 b1b2 e5f5 b2b1
Position; fen r1bqkb1r/ppppppp1/2n2n1p/8/8/4P3/PPPP1PPP/RNBQKBNR w KQkq - 0 4
Moves; d2d4 d7d5 f1b5 c8g4 g1f3 d8d7 h2h3 g4f3 d1f3 a7a6 b5a4 b7b5 a4b3 e7e5 a2a4 e5e4 f3g3 b5b4 e1g1 c6a5 b1d2 d7c6 b3a2 c6c2 g3e5 f8e7 a2d5 a5c6 d5e4 f6e4 e5e4 b4b3 a4a5 a8d8 a1a4 d8d7 a4c4 c2e4 d2e4 c6a5 c4a4 a5c6 a4a6 c6b4 a6a3 f7f5 e4g3 f5f4 g3e2 f4e3 f2e3 h8f8 f1f8 e8f8 a3b3 f8f7 c1d2 b4c6 g1f2 e7h4 g2g3 h4f6 b3c3 c6d8 e2f4 g7g5 f4d3 f6g7 f2f3 f7g6 c3c5 d7f7 f3g2 g7f6 b2b4 d8b7 c5c6 f7e7 d3e5 g6g7 e5g4 b7d6 b4b5 f6d4 e3d4 e7e2 g2f3 e2d2 b5b6 h6h5 b6c7 h5g4 f3e3 d6c8 e3d2 g4h3 g3g4 h3h2 c6c1 g7f6 c1h1 f6e6 h1h2 e6d6 h2h7 c8b6 d2d3 b6c8 h7g7 c8b6 g7h7 b6c8 h7g7 c8b6 d3e4 d6c6 g7g6 c6c7 g6b6 c7b6 e4f5 b6b5 f5g5 b5c4 g5f4 c4d4 g4g5 d4d5 f4f5 d5d6 f5f6 d6c5 g5g6 c5d6 g6g7 d6d5 g7g8q d5e4 g8g5 e4f3 f6f7 f3f2 g5f4 f2e2 f4g3 e2d2 g3f4 d2c2 f4d6 c2c3 f7g6 c3c2 d6d4 c2c1 d4b4 c1c2 b4d6 c2c3 d6d1 c3c4 d1d7 c4c5 d7d1 c5c4 d1d2 c4b3 d2d3 b3b2 g6f7 b2a2 d3c2 a2a3 c2b1 a3a4 b1b6 a4a3 b6b1 a3a4 b1b6 a4a3 f7f6 a3a2 b6b4 a2a1 b4b5 a1a2 b5b7 a2a3 b7b6 a3a4 b6c5 a4b3 f6g6 b3b2 c5c4 b2a3 g6f5 a3b2 f5g6 b2a3 c4b5 a3a2 b5b4 a2a1 b4d2 a1b1 g6f7 b1a1 f7g6 a1b1 g6f5 b1a1 f5f6 a1b1 f6g6 b1a1 g6f6 a1b1 f6f5 b1a1 f5e6 a1b1 e6f6 b1a1 d2e2 a1b1 e2d2 b1a1 d2e2 a1b1 e2g2 b1a1

[WARN  ] [23:10:35.182386] <   > fastchess --- Warning; PV continues after fifty-move rule - move a2b3 from Huginn_t13
Info; info depth 17 seldepth 20 multipv 1 score cp 25 nodes 179494 nps 8547333 hashfull 1000 tbhits 0 time 21 pv f6f5 a1b1 g2f1 b1a2 f1c1 a2b3
Position; fen r1bqkb1r/ppppppp1/2n2n1p/8/8/4P3/PPPP1PPP/RNBQKBNR w KQkq - 0 4
Moves; d2d4 d7d5 f1b5 c8g4 g1f3 d8d7 h2h3 g4f3 d1f3 a7a6 b5a4 b7b5 a4b3 e7e5 a2a4 e5e4 f3g3 b5b4 e1g1 c6a5 b1d2 d7c6 b3a2 c6c2 g3e5 f8e7 a2d5 a5c6 d5e4 f6e4 e5e4 b4b3 a4a5 a8d8 a1a4 d8d7 a4c4 c2e4 d2e4 c6a5 c4a4 a5c6 a4a6 c6b4 a6a3 f7f5 e4g3 f5f4 g3e2 f4e3 f2e3 h8f8 f1f8 e8f8 a3b3 f8f7 c1d2 b4c6 g1f2 e7h4 g2g3 h4f6 b3c3 c6d8 e2f4 g7g5 f4d3 f6g7 f2f3 f7g6 c3c5 d7f7 f3g2 g7f6 b2b4 d8b7 c5c6 f7e7 d3e5 g6g7 e5g4 b7d6 b4b5 f6d4 e3d4 e7e2 g2f3 e2d2 b5b6 h6h5 b6c7 h5g4 f3e3 d6c8 e3d2 g4h3 g3g4 h3h2 c6c1 g7f6 c1h1 f6e6 h1h2 e6d6 h2h7 c8b6 d2d3 b6c8 h7g7 c8b6 g7h7 b6c8 h7g7 c8b6 d3e4 d6c6 g7g6 c6c7 g6b6 c7b6 e4f5 b6b5 f5g5 b5c4 g5f4 c4d4 g4g5 d4d5 f4f5 d5d6 f5f6 d6c5 g5g6 c5d6 g6g7 d6d5 g7g8q d5e4 g8g5 e4f3 f6f7 f3f2 g5f4 f2e2 f4g3 e2d2 g3f4 d2c2 f4d6 c2c3 f7g6 c3c2 d6d4 c2c1 d4b4 c1c2 b4d6 c2c3 d6d1 c3c4 d1d7 c4c5 d7d1 c5c4 d1d2 c4b3 d2d3 b3b2 g6f7 b2a2 d3c2 a2a3 c2b1 a3a4 b1b6 a4a3 b6b1 a3a4 b1b6 a4a3 f7f6 a3a2 b6b4 a2a1 b4b5 a1a2 b5b7 a2a3 b7b6 a3a4 b6c5 a4b3 f6g6 b3b2 c5c4 b2a3 g6f5 a3b2 f5g6 b2a3 c4b5 a3a2 b5b4 a2a1 b4d2 a1b1 g6f7 b1a1 f7g6 a1b1 g6f5 b1a1 f5f6 a1b1 f6g6 b1a1 g6f6 a1b1 f6f5 b1a1 f5e6 a1b1 e6f6 b1a1 d2e2 a1b1 e2d2 b1a1 d2e2 a1b1 e2g2 b1a1

[WARN  ] [23:10:35.182482] <   > fastchess --- Warning; PV continues after fifty-move rule - move a2b3 from Huginn_t13
Info; info depth 18 seldepth 20 multipv 1 score cp 25 nodes 189046 nps 8593000 hashfull 1000 tbhits 0 time 22 pv f6f5 a1b1 g2f1 b1a2 f1c1 a2b3
Position; fen r1bqkb1r/ppppppp1/2n2n1p/8/8/4P3/PPPP1PPP/RNBQKBNR w KQkq - 0 4
Moves; d2d4 d7d5 f1b5 c8g4 g1f3 d8d7 h2h3 g4f3 d1f3 a7a6 b5a4 b7b5 a4b3 e7e5 a2a4 e5e4 f3g3 b5b4 e1g1 c6a5 b1d2 d7c6 b3a2 c6c2 g3e5 f8e7 a2d5 a5c6 d5e4 f6e4 e5e4 b4b3 a4a5 a8d8 a1a4 d8d7 a4c4 c2e4 d2e4 c6a5 c4a4 a5c6 a4a6 c6b4 a6a3 f7f5 e4g3 f5f4 g3e2 f4e3 f2e3 h8f8 f1f8 e8f8 a3b3 f8f7 c1d2 b4c6 g1f2 e7h4 g2g3 h4f6 b3c3 c6d8 e2f4 g7g5 f4d3 f6g7 f2f3 f7g6 c3c5 d7f7 f3g2 g7f6 b2b4 d8b7 c5c6 f7e7 d3e5 g6g7 e5g4 b7d6 b4b5 f6d4 e3d4 e7e2 g2f3 e2d2 b5b6 h6h5 b6c7 h5g4 f3e3 d6c8 e3d2 g4h3 g3g4 h3h2 c6c1 g7f6 c1h1 f6e6 h1h2 e6d6 h2h7 c8b6 d2d3 b6c8 h7g7 c8b6 g7h7 b6c8 h7g7 c8b6 d3e4 d6c6 g7g6 c6c7 g6b6 c7b6 e4f5 b6b5 f5g5 b5c4 g5f4 c4d4 g4g5 d4d5 f4f5 d5d6 f5f6 d6c5 g5g6 c5d6 g6g7 d6d5 g7g8q d5e4 g8g5 e4f3 f6f7 f3f2 g5f4 f2e2 f4g3 e2d2 g3f4 d2c2 f4d6 c2c3 f7g6 c3c2 d6d4 c2c1 d4b4 c1c2 b4d6 c2c3 d6d1 c3c4 d1d7 c4c5 d7d1 c5c4 d1d2 c4b3 d2d3 b3b2 g6f7 b2a2 d3c2 a2a3 c2b1 a3a4 b1b6 a4a3 b6b1 a3a4 b1b6 a4a3 f7f6 a3a2 b6b4 a2a1 b4b5 a1a2 b5b7 a2a3 b7b6 a3a4 b6c5 a4b3 f6g6 b3b2 c5c4 b2a3 g6f5 a3b2 f5g6 b2a3 c4b5 a3a2 b5b4 a2a1 b4d2 a1b1 g6f7 b1a1 f7g6 a1b1 g6f5 b1a1 f5f6 a1b1 f6g6 b1a1 g6f6 a1b1 f6f5 b1a1 f5e6 a1b1 e6f6 b1a1 d2e2 a1b1 e2d2 b1a1 d2e2 a1b1 e2g2 b1a1

[WARN  ] [23:10:35.182624] <   > fastchess --- Warning; PV continues after fifty-move rule - move a2b3 from Huginn_t13
Info; info depth 19 seldepth 22 multipv 1 score cp 25 nodes 218348 nps 8398000 hashfull 1000 tbhits 0 time 26 pv f6f5 a1b1 g2f1 b1a2 f1c1 a2b3
Position; fen r1bqkb1r/ppppppp1/2n2n1p/8/8/4P3/PPPP1PPP/RNBQKBNR w KQkq - 0 4
Moves; d2d4 d7d5 f1b5 c8g4 g1f3 d8d7 h2h3 g4f3 d1f3 a7a6 b5a4 b7b5 a4b3 e7e5 a2a4 e5e4 f3g3 b5b4 e1g1 c6a5 b1d2 d7c6 b3a2 c6c2 g3e5 f8e7 a2d5 a5c6 d5e4 f6e4 e5e4 b4b3 a4a5 a8d8 a1a4 d8d7 a4c4 c2e4 d2e4 c6a5 c4a4 a5c6 a4a6 c6b4 a6a3 f7f5 e4g3 f5f4 g3e2 f4e3 f2e3 h8f8 f1f8 e8f8 a3b3 f8f7 c1d2 b4c6 g1f2 e7h4 g2g3 h4f6 b3c3 c6d8 e2f4 g7g5 f4d3 f6g7 f2f3 f7g6 c3c5 d7f7 f3g2 g7f6 b2b4 d8b7 c5c6 f7e7 d3e5 g6g7 e5g4 b7d6 b4b5 f6d4 e3d4 e7e2 g2f3 e2d2 b5b6 h6h5 b6c7 h5g4 f3e3 d6c8 e3d2 g4h3 g3g4 h3h2 c6c1 g7f6 c1h1 f6e6 h1h2 e6d6 h2h7 c8b6 d2d3 b6c8 h7g7 c8b6 g7h7 b6c8 h7g7 c8b6 d3e4 d6c6 g7g6 c6c7 g6b6 c7b6 e4f5 b6b5 f5g5 b5c4 g5f4 c4d4 g4g5 d4d5 f4f5 d5d6 f5f6 d6c5 g5g6 c5d6 g6g7 d6d5 g7g8q d5e4 g8g5 e4f3 f6f7 f3f2 g5f4 f2e2 f4g3 e2d2 g3f4 d2c2 f4d6 c2c3 f7g6 c3c2 d6d4 c2c1 d4b4 c1c2 b4d6 c2c3 d6d1 c3c4 d1d7 c4c5 d7d1 c5c4 d1d2 c4b3 d2d3 b3b2 g6f7 b2a2 d3c2 a2a3 c2b1 a3a4 b1b6 a4a3 b6b1 a3a4 b1b6 a4a3 f7f6 a3a2 b6b4 a2a1 b4b5 a1a2 b5b7 a2a3 b7b6 a3a4 b6c5 a4b3 f6g6 b3b2 c5c4 b2a3 g6f5 a3b2 f5g6 b2a3 c4b5 a3a2 b5b4 a2a1 b4d2 a1b1 g6f7 b1a1 f7g6 a1b1 g6f5 b1a1 f5f6 a1b1 f6g6 b1a1 g6f6 a1b1 f6f5 b1a1 f5e6 a1b1 e6f6 b1a1 d2e2 a1b1 e2d2 b1a1 d2e2 a1b1 e2g2 b1a1

[WARN  ] [23:10:35.182721] <   > fastchess --- Warning; PV continues after fifty-move rule - move a2b3 from Huginn_t13
Info; info depth 20 seldepth 21 multipv 1 score cp 25 nodes 227432 nps 8423407 hashfull 1000 tbhits 0 time 27 pv f6f5 a1b1 g2f1 b1a2 f1c1 a2b3
Position; fen r1bqkb1r/ppppppp1/2n2n1p/8/8/4P3/PPPP1PPP/RNBQKBNR w KQkq - 0 4
Moves; d2d4 d7d5 f1b5 c8g4 g1f3 d8d7 h2h3 g4f3 d1f3 a7a6 b5a4 b7b5 a4b3 e7e5 a2a4 e5e4 f3g3 b5b4 e1g1 c6a5 b1d2 d7c6 b3a2 c6c2 g3e5 f8e7 a2d5 a5c6 d5e4 f6e4 e5e4 b4b3 a4a5 a8d8 a1a4 d8d7 a4c4 c2e4 d2e4 c6a5 c4a4 a5c6 a4a6 c6b4 a6a3 f7f5 e4g3 f5f4 g3e2 f4e3 f2e3 h8f8 f1f8 e8f8 a3b3 f8f7 c1d2 b4c6 g1f2 e7h4 g2g3 h4f6 b3c3 c6d8 e2f4 g7g5 f4d3 f6g7 f2f3 f7g6 c3c5 d7f7 f3g2 g7f6 b2b4 d8b7 c5c6 f7e7 d3e5 g6g7 e5g4 b7d6 b4b5 f6d4 e3d4 e7e2 g2f3 e2d2 b5b6 h6h5 b6c7 h5g4 f3e3 d6c8 e3d2 g4h3 g3g4 h3h2 c6c1 g7f6 c1h1 f6e6 h1h2 e6d6 h2h7 c8b6 d2d3 b6c8 h7g7 c8b6 g7h7 b6c8 h7g7 c8b6 d3e4 d6c6 g7g6 c6c7 g6b6 c7b6 e4f5 b6b5 f5g5 b5c4 g5f4 c4d4 g4g5 d4d5 f4f5 d5d6 f5f6 d6c5 g5g6 c5d6 g6g7 d6d5 g7g8q d5e4 g8g5 e4f3 f6f7 f3f2 g5f4 f2e2 f4g3 e2d2 g3f4 d2c2 f4d6 c2c3 f7g6 c3c2 d6d4 c2c1 d4b4 c1c2 b4d6 c2c3 d6d1 c3c4 d1d7 c4c5 d7d1 c5c4 d1d2 c4b3 d2d3 b3b2 g6f7 b2a2 d3c2 a2a3 c2b1 a3a4 b1b6 a4a3 b6b1 a3a4 b1b6 a4a3 f7f6 a3a2 b6b4 a2a1 b4b5 a1a2 b5b7 a2a3 b7b6 a3a4 b6c5 a4b3 f6g6 b3b2 c5c4 b2a3 g6f5 a3b2 f5g6 b2a3 c4b5 a3a2 b5b4 a2a1 b4d2 a1b1 g6f7 b1a1 f7g6 a1b1 g6f5 b1a1 f5f6 a1b1 f6g6 b1a1 g6f6 a1b1 f6f5 b1a1 f5e6 a1b1 e6f6 b1a1 d2e2 a1b1 e2d2 b1a1 d2e2 a1b1 e2g2 b1a1

[WARN  ] [23:10:35.182833] <   > fastchess --- Warning; PV continues after fifty-move rule - move a2b3 from Huginn_t13
Info; info depth 21 seldepth 24 multipv 1 score cp 25 nodes 254947 nps 8498233 hashfull 1000 tbhits 0 time 30 pv f6f5 a1b1 g2f1 b1a2 f1c1 a2b3
Position; fen r1bqkb1r/ppppppp1/2n2n1p/8/8/4P3/PPPP1PPP/RNBQKBNR w KQkq - 0 4
Moves; d2d4 d7d5 f1b5 c8g4 g1f3 d8d7 h2h3 g4f3 d1f3 a7a6 b5a4 b7b5 a4b3 e7e5 a2a4 e5e4 f3g3 b5b4 e1g1 c6a5 b1d2 d7c6 b3a2 c6c2 g3e5 f8e7 a2d5 a5c6 d5e4 f6e4 e5e4 b4b3 a4a5 a8d8 a1a4 d8d7 a4c4 c2e4 d2e4 c6a5 c4a4 a5c6 a4a6 c6b4 a6a3 f7f5 e4g3 f5f4 g3e2 f4e3 f2e3 h8f8 f1f8 e8f8 a3b3 f8f7 c1d2 b4c6 g1f2 e7h4 g2g3 h4f6 b3c3 c6d8 e2f4 g7g5 f4d3 f6g7 f2f3 f7g6 c3c5 d7f7 f3g2 g7f6 b2b4 d8b7 c5c6 f7e7 d3e5 g6g7 e5g4 b7d6 b4b5 f6d4 e3d4 e7e2 g2f3 e2d2 b5b6 h6h5 b6c7 h5g4 f3e3 d6c8 e3d2 g4h3 g3g4 h3h2 c6c1 g7f6 c1h1 f6e6 h1h2 e6d6 h2h7 c8b6 d2d3 b6c8 h7g7 c8b6 g7h7 b6c8 h7g7 c8b6 d3e4 d6c6 g7g6 c6c7 g6b6 c7b6 e4f5 b6b5 f5g5 b5c4 g5f4 c4d4 g4g5 d4d5 f4f5 d5d6 f5f6 d6c5 g5g6 c5d6 g6g7 d6d5 g7g8q d5e4 g8g5 e4f3 f6f7 f3f2 g5f4 f2e2 f4g3 e2d2 g3f4 d2c2 f4d6 c2c3 f7g6 c3c2 d6d4 c2c1 d4b4 c1c2 b4d6 c2c3 d6d1 c3c4 d1d7 c4c5 d7d1 c5c4 d1d2 c4b3 d2d3 b3b2 g6f7 b2a2 d3c2 a2a3 c2b1 a3a4 b1b6 a4a3 b6b1 a3a4 b1b6 a4a3 f7f6 a3a2 b6b4 a2a1 b4b5 a1a2 b5b7 a2a3 b7b6 a3a4 b6c5 a4b3 f6g6 b3b2 c5c4 b2a3 g6f5 a3b2 f5g6 b2a3 c4b5 a3a2 b5b4 a2a1 b4d2 a1b1 g6f7 b1a1 f7g6 a1b1 g6f5 b1a1 f5f6 a1b1 f6g6 b1a1 g6f6 a1b1 f6f5 b1a1 f5e6 a1b1 e6f6 b1a1 d2e2 a1b1 e2d2 b1a1 d2e2 a1b1 e2g2 b1a1

[WARN  ] [23:10:35.182966] <   > fastchess --- Warning; PV continues after fifty-move rule - move a2b3 from Huginn_t13
Info; info depth 22 seldepth 23 multipv 1 score cp 25 nodes 265066 nps 8550516 hashfull 1000 tbhits 0 time 31 pv f6f5 a1b1 g2f1 b1a2 f1c1 a2b3
Position; fen r1bqkb1r/ppppppp1/2n2n1p/8/8/4P3/PPPP1PPP/RNBQKBNR w KQkq - 0 4
Moves; d2d4 d7d5 f1b5 c8g4 g1f3 d8d7 h2h3 g4f3 d1f3 a7a6 b5a4 b7b5 a4b3 e7e5 a2a4 e5e4 f3g3 b5b4 e1g1 c6a5 b1d2 d7c6 b3a2 c6c2 g3e5 f8e7 a2d5 a5c6 d5e4 f6e4 e5e4 b4b3 a4a5 a8d8 a1a4 d8d7 a4c4 c2e4 d2e4 c6a5 c4a4 a5c6 a4a6 c6b4 a6a3 f7f5 e4g3 f5f4 g3e2 f4e3 f2e3 h8f8 f1f8 e8f8 a3b3 f8f7 c1d2 b4c6 g1f2 e7h4 g2g3 h4f6 b3c3 c6d8 e2f4 g7g5 f4d3 f6g7 f2f3 f7g6 c3c5 d7f7 f3g2 g7f6 b2b4 d8b7 c5c6 f7e7 d3e5 g6g7 e5g4 b7d6 b4b5 f6d4 e3d4 e7e2 g2f3 e2d2 b5b6 h6h5 b6c7 h5g4 f3e3 d6c8 e3d2 g4h3 g3g4 h3h2 c6c1 g7f6 c1h1 f6e6 h1h2 e6d6 h2h7 c8b6 d2d3 b6c8 h7g7 c8b6 g7h7 b6c8 h7g7 c8b6 d3e4 d6c6 g7g6 c6c7 g6b6 c7b6 e4f5 b6b5 f5g5 b5c4 g5f4 c4d4 g4g5 d4d5 f4f5 d5d6 f5f6 d6c5 g5g6 c5d6 g6g7 d6d5 g7g8q d5e4 g8g5 e4f3 f6f7 f3f2 g5f4 f2e2 f4g3 e2d2 g3f4 d2c2 f4d6 c2c3 f7g6 c3c2 d6d4 c2c1 d4b4 c1c2 b4d6 c2c3 d6d1 c3c4 d1d7 c4c5 d7d1 c5c4 d1d2 c4b3 d2d3 b3b2 g6f7 b2a2 d3c2 a2a3 c2b1 a3a4 b1b6 a4a3 b6b1 a3a4 b1b6 a4a3 f7f6 a3a2 b6b4 a2a1 b4b5 a1a2 b5b7 a2a3 b7b6 a3a4 b6c5 a4b3 f6g6 b3b2 c5c4 b2a3 g6f5 a3b2 f5g6 b2a3 c4b5 a3a2 b5b4 a2a1 b4d2 a1b1 g6f7 b1a1 f7g6 a1b1 g6f5 b1a1 f5f6 a1b1 f6g6 b1a1 g6f6 a1b1 f6f5 b1a1 f5e6 a1b1 e6f6 b1a1 d2e2 a1b1 e2d2 b1a1 d2e2 a1b1 e2g2 b1a1

[WARN  ] [23:10:35.183044] <   > fastchess --- Warning; PV continues after fifty-move rule - move a2b3 from Huginn_t13
Info; info depth 23 seldepth 25 multipv 1 score cp 25 nodes 292036 nps 8589294 hashfull 1000 tbhits 0 time 34 pv f6f5 a1b1 g2f1 b1a2 f1c1 a2b3
Position; fen r1bqkb1r/ppppppp1/2n2n1p/8/8/4P3/PPPP1PPP/RNBQKBNR w KQkq - 0 4
Moves; d2d4 d7d5 f1b5 c8g4 g1f3 d8d7 h2h3 g4f3 d1f3 a7a6 b5a4 b7b5 a4b3 e7e5 a2a4 e5e4 f3g3 b5b4 e1g1 c6a5 b1d2 d7c6 b3a2 c6c2 g3e5 f8e7 a2d5 a5c6 d5e4 f6e4 e5e4 b4b3 a4a5 a8d8 a1a4 d8d7 a4c4 c2e4 d2e4 c6a5 c4a4 a5c6 a4a6 c6b4 a6a3 f7f5 e4g3 f5f4 g3e2 f4e3 f2e3 h8f8 f1f8 e8f8 a3b3 f8f7 c1d2 b4c6 g1f2 e7h4 g2g3 h4f6 b3c3 c6d8 e2f4 g7g5 f4d3 f6g7 f2f3 f7g6 c3c5 d7f7 f3g2 g7f6 b2b4 d8b7 c5c6 f7e7 d3e5 g6g7 e5g4 b7d6 b4b5 f6d4 e3d4 e7e2 g2f3 e2d2 b5b6 h6h5 b6c7 h5g4 f3e3 d6c8 e3d2 g4h3 g3g4 h3h2 c6c1 g7f6 c1h1 f6e6 h1h2 e6d6 h2h7 c8b6 d2d3 b6c8 h7g7 c8b6 g7h7 b6c8 h7g7 c8b6 d3e4 d6c6 g7g6 c6c7 g6b6 c7b6 e4f5 b6b5 f5g5 b5c4 g5f4 c4d4 g4g5 d4d5 f4f5 d5d6 f5f6 d6c5 g5g6 c5d6 g6g7 d6d5 g7g8q d5e4 g8g5 e4f3 f6f7 f3f2 g5f4 f2e2 f4g3 e2d2 g3f4 d2c2 f4d6 c2c3 f7g6 c3c2 d6d4 c2c1 d4b4 c1c2 b4d6 c2c3 d6d1 c3c4 d1d7 c4c5 d7d1 c5c4 d1d2 c4b3 d2d3 b3b2 g6f7 b2a2 d3c2 a2a3 c2b1 a3a4 b1b6 a4a3 b6b1 a3a4 b1b6 a4a3 f7f6 a3a2 b6b4 a2a1 b4b5 a1a2 b5b7 a2a3 b7b6 a3a4 b6c5 a4b3 f6g6 b3b2 c5c4 b2a3 g6f5 a3b2 f5g6 b2a3 c4b5 a3a2 b5b4 a2a1 b4d2 a1b1 g6f7 b1a1 f7g6 a1b1 g6f5 b1a1 f5f6 a1b1 f6g6 b1a1 g6f6 a1b1 f6f5 b1a1 f5e6 a1b1 e6f6 b1a1 d2e2 a1b1 e2d2 b1a1 d2e2 a1b1 e2g2 b1a1

[WARN  ] [23:10:35.183138] <   > fastchess --- Warning; PV continues after fifty-move rule - move a2b3 from Huginn_t13
Info; info depth 24 seldepth 25 multipv 1 score cp 25 nodes 302777 nps 8410472 hashfull 1000 tbhits 0 time 36 pv f6f5 a1b1 g2f1 b1a2 f1c1 a2b3
Position; fen r1bqkb1r/ppppppp1/2n2n1p/8/8/4P3/PPPP1PPP/RNBQKBNR w KQkq - 0 4
Moves; d2d4 d7d5 f1b5 c8g4 g1f3 d8d7 h2h3 g4f3 d1f3 a7a6 b5a4 b7b5 a4b3 e7e5 a2a4 e5e4 f3g3 b5b4 e1g1 c6a5 b1d2 d7c6 b3a2 c6c2 g3e5 f8e7 a2d5 a5c6 d5e4 f6e4 e5e4 b4b3 a4a5 a8d8 a1a4 d8d7 a4c4 c2e4 d2e4 c6a5 c4a4 a5c6 a4a6 c6b4 a6a3 f7f5 e4g3 f5f4 g3e2 f4e3 f2e3 h8f8 f1f8 e8f8 a3b3 f8f7 c1d2 b4c6 g1f2 e7h4 g2g3 h4f6 b3c3 c6d8 e2f4 g7g5 f4d3 f6g7 f2f3 f7g6 c3c5 d7f7 f3g2 g7f6 b2b4 d8b7 c5c6 f7e7 d3e5 g6g7 e5g4 b7d6 b4b5 f6d4 e3d4 e7e2 g2f3 e2d2 b5b6 h6h5 b6c7 h5g4 f3e3 d6c8 e3d2 g4h3 g3g4 h3h2 c6c1 g7f6 c1h1 f6e6 h1h2 e6d6 h2h7 c8b6 d2d3 b6c8 h7g7 c8b6 g7h7 b6c8 h7g7 c8b6 d3e4 d6c6 g7g6 c6c7 g6b6 c7b6 e4f5 b6b5 f5g5 b5c4 g5f4 c4d4 g4g5 d4d5 f4f5 d5d6 f5f6 d6c5 g5g6 c5d6 g6g7 d6d5 g7g8q d5e4 g8g5 e4f3 f6f7 f3f2 g5f4 f2e2 f4g3 e2d2 g3f4 d2c2 f4d6 c2c3 f7g6 c3c2 d6d4 c2c1 d4b4 c1c2 b4d6 c2c3 d6d1 c3c4 d1d7 c4c5 d7d1 c5c4 d1d2 c4b3 d2d3 b3b2 g6f7 b2a2 d3c2 a2a3 c2b1 a3a4 b1b6 a4a3 b6b1 a3a4 b1b6 a4a3 f7f6 a3a2 b6b4 a2a1 b4b5 a1a2 b5b7 a2a3 b7b6 a3a4 b6c5 a4b3 f6g6 b3b2 c5c4 b2a3 g6f5 a3b2 f5g6 b2a3 c4b5 a3a2 b5b4 a2a1 b4d2 a1b1 g6f7 b1a1 f7g6 a1b1 g6f5 b1a1 f5f6 a1b1 f6g6 b1a1 g6f6 a1b1 f6f5 b1a1 f5e6 a1b1 e6f6 b1a1 d2e2 a1b1 e2d2 b1a1 d2e2 a1b1 e2g2 b1a1

[WARN  ] [23:10:35.183238] <   > fastchess --- Warning; PV continues after fifty-move rule - move a2b3 from Huginn_t13
Info; info depth 25 seldepth 26 multipv 1 score cp 25 nodes 330544 nps 8475487 hashfull 1000 tbhits 0 time 39 pv f6f5 a1b1 g2f1 b1a2 f1c1 a2b3
Position; fen r1bqkb1r/ppppppp1/2n2n1p/8/8/4P3/PPPP1PPP/RNBQKBNR w KQkq - 0 4
Moves; d2d4 d7d5 f1b5 c8g4 g1f3 d8d7 h2h3 g4f3 d1f3 a7a6 b5a4 b7b5 a4b3 e7e5 a2a4 e5e4 f3g3 b5b4 e1g1 c6a5 b1d2 d7c6 b3a2 c6c2 g3e5 f8e7 a2d5 a5c6 d5e4 f6e4 e5e4 b4b3 a4a5 a8d8 a1a4 d8d7 a4c4 c2e4 d2e4 c6a5 c4a4 a5c6 a4a6 c6b4 a6a3 f7f5 e4g3 f5f4 g3e2 f4e3 f2e3 h8f8 f1f8 e8f8 a3b3 f8f7 c1d2 b4c6 g1f2 e7h4 g2g3 h4f6 b3c3 c6d8 e2f4 g7g5 f4d3 f6g7 f2f3 f7g6 c3c5 d7f7 f3g2 g7f6 b2b4 d8b7 c5c6 f7e7 d3e5 g6g7 e5g4 b7d6 b4b5 f6d4 e3d4 e7e2 g2f3 e2d2 b5b6 h6h5 b6c7 h5g4 f3e3 d6c8 e3d2 g4h3 g3g4 h3h2 c6c1 g7f6 c1h1 f6e6 h1h2 e6d6 h2h7 c8b6 d2d3 b6c8 h7g7 c8b6 g7h7 b6c8 h7g7 c8b6 d3e4 d6c6 g7g6 c6c7 g6b6 c7b6 e4f5 b6b5 f5g5 b5c4 g5f4 c4d4 g4g5 d4d5 f4f5 d5d6 f5f6 d6c5 g5g6 c5d6 g6g7 d6d5 g7g8q d5e4 g8g5 e4f3 f6f7 f3f2 g5f4 f2e2 f4g3 e2d2 g3f4 d2c2 f4d6 c2c3 f7g6 c3c2 d6d4 c2c1 d4b4 c1c2 b4d6 c2c3 d6d1 c3c4 d1d7 c4c5 d7d1 c5c4 d1d2 c4b3 d2d3 b3b2 g6f7 b2a2 d3c2 a2a3 c2b1 a3a4 b1b6 a4a3 b6b1 a3a4 b1b6 a4a3 f7f6 a3a2 b6b4 a2a1 b4b5 a1a2 b5b7 a2a3 b7b6 a3a4 b6c5 a4b3 f6g6 b3b2 c5c4 b2a3 g6f5 a3b2 f5g6 b2a3 c4b5 a3a2 b5b4 a2a1 b4d2 a1b1 g6f7 b1a1 f7g6 a1b1 g6f5 b1a1 f5f6 a1b1 f6g6 b1a1 g6f6 a1b1 f6f5 b1a1 f5e6 a1b1 e6f6 b1a1 d2e2 a1b1 e2d2 b1a1 d2e2 a1b1 e2g2 b1a1

[WARN  ] [23:10:35.186934] <   > fastchess --- Warning; PV continues after fifty-move rule - move b2b1 from Huginn_current
Info; info depth 2 seldepth 2 multipv 1 score cp -1154 nodes 38 nps 38000 hashfull 1000 tbhits 0 time 0 pv a1b1 g2g1 b1b2 g1b1 b2b1 f5f4 b1b2 f4g4 b2a2 g4g5 a2b3 g5h4 b3c4 h4h5 c4b3 h5g5 b3c2 g5h6 c2b2 h6g6 b2b1 g6f6 b1b2 f6e7 b2b1 e7d6 b1b2 d6e5 b2c2 e5f5 c2b3 f5g5
Position; fen r1bqkb1r/ppppppp1/2n2n1p/8/8/4P3/PPPP1PPP/RNBQKBNR w KQkq - 0 4
Moves; d2d4 d7d5 f1b5 c8g4 g1f3 d8d7 h2h3 g4f3 d1f3 a7a6 b5a4 b7b5 a4b3 e7e5 a2a4 e5e4 f3g3 b5b4 e1g1 c6a5 b1d2 d7c6 b3a2 c6c2 g3e5 f8e7 a2d5 a5c6 d5e4 f6e4 e5e4 b4b3 a4a5 a8d8 a1a4 d8d7 a4c4 c2e4 d2e4 c6a5 c4a4 a5c6 a4a6 c6b4 a6a3 f7f5 e4g3 f5f4 g3e2 f4e3 f2e3 h8f8 f1f8 e8f8 a3b3 f8f7 c1d2 b4c6 g1f2 e7h4 g2g3 h4f6 b3c3 c6d8 e2f4 g7g5 f4d3 f6g7 f2f3 f7g6 c3c5 d7f7 f3g2 g7f6 b2b4 d8b7 c5c6 f7e7 d3e5 g6g7 e5g4 b7d6 b4b5 f6d4 e3d4 e7e2 g2f3 e2d2 b5b6 h6h5 b6c7 h5g4 f3e3 d6c8 e3d2 g4h3 g3g4 h3h2 c6c1 g7f6 c1h1 f6e6 h1h2 e6d6 h2h7 c8b6 d2d3 b6c8 h7g7 c8b6 g7h7 b6c8 h7g7 c8b6 d3e4 d6c6 g7g6 c6c7 g6b6 c7b6 e4f5 b6b5 f5g5 b5c4 g5f4 c4d4 g4g5 d4d5 f4f5 d5d6 f5f6 d6c5 g5g6 c5d6 g6g7 d6d5 g7g8q d5e4 g8g5 e4f3 f6f7 f3f2 g5f4 f2e2 f4g3 e2d2 g3f4 d2c2 f4d6 c2c3 f7g6 c3c2 d6d4 c2c1 d4b4 c1c2 b4d6 c2c3 d6d1 c3c4 d1d7 c4c5 d7d1 c5c4 d1d2 c4b3 d2d3 b3b2 g6f7 b2a2 d3c2 a2a3 c2b1 a3a4 b1b6 a4a3 b6b1 a3a4 b1b6 a4a3 f7f6 a3a2 b6b4 a2a1 b4b5 a1a2 b5b7 a2a3 b7b6 a3a4 b6c5 a4b3 f6g6 b3b2 c5c4 b2a3 g6f5 a3b2 f5g6 b2a3 c4b5 a3a2 b5b4 a2a1 b4d2 a1b1 g6f7 b1a1 f7g6 a1b1 g6f5 b1a1 f5f6 a1b1 f6g6 b1a1 g6f6 a1b1 f6f5 b1a1 f5e6 a1b1 e6f6 b1a1 d2e2 a1b1 e2d2 b1a1 d2e2 a1b1 e2g2 b1a1 f6f5

[WARN  ] [23:10:35.187016] <   > fastchess --- Warning; PV continues after fifty-move rule - move b2c3 from Huginn_current
Info; info depth 3 seldepth 4 multipv 1 score cp -25 nodes 106 nps 106000 hashfull 1000 tbhits 0 time 0 pv a1b1 g2f1 b1b2 f1d1 b2c3 d1d6
Position; fen r1bqkb1r/ppppppp1/2n2n1p/8/8/4P3/PPPP1PPP/RNBQKBNR w KQkq - 0 4
Moves; d2d4 d7d5 f1b5 c8g4 g1f3 d8d7 h2h3 g4f3 d1f3 a7a6 b5a4 b7b5 a4b3 e7e5 a2a4 e5e4 f3g3 b5b4 e1g1 c6a5 b1d2 d7c6 b3a2 c6c2 g3e5 f8e7 a2d5 a5c6 d5e4 f6e4 e5e4 b4b3 a4a5 a8d8 a1a4 d8d7 a4c4 c2e4 d2e4 c6a5 c4a4 a5c6 a4a6 c6b4 a6a3 f7f5 e4g3 f5f4 g3e2 f4e3 f2e3 h8f8 f1f8 e8f8 a3b3 f8f7 c1d2 b4c6 g1f2 e7h4 g2g3 h4f6 b3c3 c6d8 e2f4 g7g5 f4d3 f6g7 f2f3 f7g6 c3c5 d7f7 f3g2 g7f6 b2b4 d8b7 c5c6 f7e7 d3e5 g6g7 e5g4 b7d6 b4b5 f6d4 e3d4 e7e2 g2f3 e2d2 b5b6 h6h5 b6c7 h5g4 f3e3 d6c8 e3d2 g4h3 g3g4 h3h2 c6c1 g7f6 c1h1 f6e6 h1h2 e6d6 h2h7 c8b6 d2d3 b6c8 h7g7 c8b6 g7h7 b6c8 h7g7 c8b6 d3e4 d6c6 g7g6 c6c7 g6b6 c7b6 e4f5 b6b5 f5g5 b5c4 g5f4 c4d4 g4g5 d4d5 f4f5 d5d6 f5f6 d6c5 g5g6 c5d6 g6g7 d6d5 g7g8q d5e4 g8g5 e4f3 f6f7 f3f2 g5f4 f2e2 f4g3 e2d2 g3f4 d2c2 f4d6 c2c3 f7g6 c3c2 d6d4 c2c1 d4b4 c1c2 b4d6 c2c3 d6d1 c3c4 d1d7 c4c5 d7d1 c5c4 d1d2 c4b3 d2d3 b3b2 g6f7 b2a2 d3c2 a2a3 c2b1 a3a4 b1b6 a4a3 b6b1 a3a4 b1b6 a4a3 f7f6 a3a2 b6b4 a2a1 b4b5 a1a2 b5b7 a2a3 b7b6 a3a4 b6c5 a4b3 f6g6 b3b2 c5c4 b2a3 g6f5 a3b2 f5g6 b2a3 c4b5 a3a2 b5b4 a2a1 b4d2 a1b1 g6f7 b1a1 f7g6 a1b1 g6f5 b1a1 f5f6 a1b1 f6g6 b1a1 g6f6 a1b1 f6f5 b1a1 f5e6 a1b1 e6f6 b1a1 d2e2 a1b1 e2d2 b1a1 d2e2 a1b1 e2g2 b1a1 f6f5

[WARN  ] [23:10:35.187137] <   > fastchess --- Warning; PV continues after fifty-move rule - move b2c3 from Huginn_current
Info; info depth 4 seldepth 4 multipv 1 score cp -25 nodes 140 nps 140000 hashfull 1000 tbhits 0 time 0 pv a1b1 g2f1 b1b2 f1d1 b2c3 d1d6
Position; fen r1bqkb1r/ppppppp1/2n2n1p/8/8/4P3/PPPP1PPP/RNBQKBNR w KQkq - 0 4
Moves; d2d4 d7d5 f1b5 c8g4 g1f3 d8d7 h2h3 g4f3 d1f3 a7a6 b5a4 b7b5 a4b3 e7e5 a2a4 e5e4 f3g3 b5b4 e1g1 c6a5 b1d2 d7c6 b3a2 c6c2 g3e5 f8e7 a2d5 a5c6 d5e4 f6e4 e5e4 b4b3 a4a5 a8d8 a1a4 d8d7 a4c4 c2e4 d2e4 c6a5 c4a4 a5c6 a4a6 c6b4 a6a3 f7f5 e4g3 f5f4 g3e2 f4e3 f2e3 h8f8 f1f8 e8f8 a3b3 f8f7 c1d2 b4c6 g1f2 e7h4 g2g3 h4f6 b3c3 c6d8 e2f4 g7g5 f4d3 f6g7 f2f3 f7g6 c3c5 d7f7 f3g2 g7f6 b2b4 d8b7 c5c6 f7e7 d3e5 g6g7 e5g4 b7d6 b4b5 f6d4 e3d4 e7e2 g2f3 e2d2 b5b6 h6h5 b6c7 h5g4 f3e3 d6c8 e3d2 g4h3 g3g4 h3h2 c6c1 g7f6 c1h1 f6e6 h1h2 e6d6 h2h7 c8b6 d2d3 b6c8 h7g7 c8b6 g7h7 b6c8 h7g7 c8b6 d3e4 d6c6 g7g6 c6c7 g6b6 c7b6 e4f5 b6b5 f5g5 b5c4 g5f4 c4d4 g4g5 d4d5 f4f5 d5d6 f5f6 d6c5 g5g6 c5d6 g6g7 d6d5 g7g8q d5e4 g8g5 e4f3 f6f7 f3f2 g5f4 f2e2 f4g3 e2d2 g3f4 d2c2 f4d6 c2c3 f7g6 c3c2 d6d4 c2c1 d4b4 c1c2 b4d6 c2c3 d6d1 c3c4 d1d7 c4c5 d7d1 c5c4 d1d2 c4b3 d2d3 b3b2 g6f7 b2a2 d3c2 a2a3 c2b1 a3a4 b1b6 a4a3 b6b1 a3a4 b1b6 a4a3 f7f6 a3a2 b6b4 a2a1 b4b5 a1a2 b5b7 a2a3 b7b6 a3a4 b6c5 a4b3 f6g6 b3b2 c5c4 b2a3 g6f5 a3b2 f5g6 b2a3 c4b5 a3a2 b5b4 a2a1 b4d2 a1b1 g6f7 b1a1 f7g6 a1b1 g6f5 b1a1 f5f6 a1b1 f6g6 b1a1 g6f6 a1b1 f6f5 b1a1 f5e6 a1b1 e6f6 b1a1 d2e2 a1b1 e2d2 b1a1 d2e2 a1b1 e2g2 b1a1 f6f5

[WARN  ] [23:10:35.187269] <   > fastchess --- Warning; PV continues after fifty-move rule - move b2c3 from Huginn_current
Info; info depth 5 seldepth 7 multipv 1 score cp -25 nodes 260 nps 260000 hashfull 1000 tbhits 0 time 0 pv a1b1 g2g1 b1b2 g1d1 b2c3 d1d6
Position; fen r1bqkb1r/ppppppp1/2n2n1p/8/8/4P3/PPPP1PPP/RNBQKBNR w KQkq - 0 4
Moves; d2d4 d7d5 f1b5 c8g4 g1f3 d8d7 h2h3 g4f3 d1f3 a7a6 b5a4 b7b5 a4b3 e7e5 a2a4 e5e4 f3g3 b5b4 e1g1 c6a5 b1d2 d7c6 b3a2 c6c2 g3e5 f8e7 a2d5 a5c6 d5e4 f6e4 e5e4 b4b3 a4a5 a8d8 a1a4 d8d7 a4c4 c2e4 d2e4 c6a5 c4a4 a5c6 a4a6 c6b4 a6a3 f7f5 e4g3 f5f4 g3e2 f4e3 f2e3 h8f8 f1f8 e8f8 a3b3 f8f7 c1d2 b4c6 g1f2 e7h4 g2g3 h4f6 b3c3 c6d8 e2f4 g7g5 f4d3 f6g7 f2f3 f7g6 c3c5 d7f7 f3g2 g7f6 b2b4 d8b7 c5c6 f7e7 d3e5 g6g7 e5g4 b7d6 b4b5 f6d4 e3d4 e7e2 g2f3 e2d2 b5b6 h6h5 b6c7 h5g4 f3e3 d6c8 e3d2 g4h3 g3g4 h3h2 c6c1 g7f6 c1h1 f6e6 h1h2 e6d6 h2h7 c8b6 d2d3 b6c8 h7g7 c8b6 g7h7 b6c8 h7g7 c8b6 d3e4 d6c6 g7g6 c6c7 g6b6 c7b6 e4f5 b6b5 f5g5 b5c4 g5f4 c4d4 g4g5 d4d5 f4f5 d5d6 f5f6 d6c5 g5g6 c5d6 g6g7 d6d5 g7g8q d5e4 g8g5 e4f3 f6f7 f3f2 g5f4 f2e2 f4g3 e2d2 g3f4 d2c2 f4d6 c2c3 f7g6 c3c2 d6d4 c2c1 d4b4 c1c2 b4d6 c2c3 d6d1 c3c4 d1d7 c4c5 d7d1 c5c4 d1d2 c4b3 d2d3 b3b2 g6f7 b2a2 d3c2 a2a3 c2b1 a3a4 b1b6 a4a3 b6b1 a3a4 b1b6 a4a3 f7f6 a3a2 b6b4 a2a1 b4b5 a1a2 b5b7 a2a3 b7b6 a3a4 b6c5 a4b3 f6g6 b3b2 c5c4 b2a3 g6f5 a3b2 f5g6 b2a3 c4b5 a3a2 b5b4 a2a1 b4d2 a1b1 g6f7 b1a1 f7g6 a1b1 g6f5 b1a1 f5f6 a1b1 f6g6 b1a1 g6f6 a1b1 f6f5 b1a1 f5e6 a1b1 e6f6 b1a1 d2e2 a1b1 e2d2 b1a1 d2e2 a1b1 e2g2 b1a1 f6f5

[WARN  ] [23:10:35.187425] <   > fastchess --- Warning; PV continues after fifty-move rule - move b2c3 from Huginn_current
Info; info depth 6 seldepth 6 multipv 1 score cp -25 nodes 323 nps 323000 hashfull 1000 tbhits 0 time 0 pv a1b1 g2g1 b1b2 g1d1 b2c3 d1d6
Position; fen r1bqkb1r/ppppppp1/2n2n1p/8/8/4P3/PPPP1PPP/RNBQKBNR w KQkq - 0 4
Moves; d2d4 d7d5 f1b5 c8g4 g1f3 d8d7 h2h3 g4f3 d1f3 a7a6 b5a4 b7b5 a4b3 e7e5 a2a4 e5e4 f3g3 b5b4 e1g1 c6a5 b1d2 d7c6 b3a2 c6c2 g3e5 f8e7 a2d5 a5c6 d5e4 f6e4 e5e4 b4b3 a4a5 a8d8 a1a4 d8d7 a4c4 c2e4 d2e4 c6a5 c4a4 a5c6 a4a6 c6b4 a6a3 f7f5 e4g3 f5f4 g3e2 f4e3 f2e3 h8f8 f1f8 e8f8 a3b3 f8f7 c1d2 b4c6 g1f2 e7h4 g2g3 h4f6 b3c3 c6d8 e2f4 g7g5 f4d3 f6g7 f2f3 f7g6 c3c5 d7f7 f3g2 g7f6 b2b4 d8b7 c5c6 f7e7 d3e5 g6g7 e5g4 b7d6 b4b5 f6d4 e3d4 e7e2 g2f3 e2d2 b5b6 h6h5 b6c7 h5g4 f3e3 d6c8 e3d2 g4h3 g3g4 h3h2 c6c1 g7f6 c1h1 f6e6 h1h2 e6d6 h2h7 c8b6 d2d3 b6c8 h7g7 c8b6 g7h7 b6c8 h7g7 c8b6 d3e4 d6c6 g7g6 c6c7 g6b6 c7b6 e4f5 b6b5 f5g5 b5c4 g5f4 c4d4 g4g5 d4d5 f4f5 d5d6 f5f6 d6c5 g5g6 c5d6 g6g7 d6d5 g7g8q d5e4 g8g5 e4f3 f6f7 f3f2 g5f4 f2e2 f4g3 e2d2 g3f4 d2c2 f4d6 c2c3 f7g6 c3c2 d6d4 c2c1 d4b4 c1c2 b4d6 c2c3 d6d1 c3c4 d1d7 c4c5 d7d1 c5c4 d1d2 c4b3 d2d3 b3b2 g6f7 b2a2 d3c2 a2a3 c2b1 a3a4 b1b6 a4a3 b6b1 a3a4 b1b6 a4a3 f7f6 a3a2 b6b4 a2a1 b4b5 a1a2 b5b7 a2a3 b7b6 a3a4 b6c5 a4b3 f6g6 b3b2 c5c4 b2a3 g6f5 a3b2 f5g6 b2a3 c4b5 a3a2 b5b4 a2a1 b4d2 a1b1 g6f7 b1a1 f7g6 a1b1 g6f5 b1a1 f5f6 a1b1 f6g6 b1a1 g6f6 a1b1 f6f5 b1a1 f5e6 a1b1 e6f6 b1a1 d2e2 a1b1 e2d2 b1a1 d2e2 a1b1 e2g2 b1a1 f6f5

[WARN  ] [23:10:35.187579] <   > fastchess --- Warning; PV continues after fifty-move rule - move b2c3 from Huginn_current
Info; info depth 7 seldepth 7 multipv 1 score cp -25 nodes 453 nps 453000 hashfull 1000 tbhits 0 time 0 pv a1b1 g2f1 b1b2 f1d1 b2c3 d1d6
Position; fen r1bqkb1r/ppppppp1/2n2n1p/8/8/4P3/PPPP1PPP/RNBQKBNR w KQkq - 0 4
Moves; d2d4 d7d5 f1b5 c8g4 g1f3 d8d7 h2h3 g4f3 d1f3 a7a6 b5a4 b7b5 a4b3 e7e5 a2a4 e5e4 f3g3 b5b4 e1g1 c6a5 b1d2 d7c6 b3a2 c6c2 g3e5 f8e7 a2d5 a5c6 d5e4 f6e4 e5e4 b4b3 a4a5 a8d8 a1a4 d8d7 a4c4 c2e4 d2e4 c6a5 c4a4 a5c6 a4a6 c6b4 a6a3 f7f5 e4g3 f5f4 g3e2 f4e3 f2e3 h8f8 f1f8 e8f8 a3b3 f8f7 c1d2 b4c6 g1f2 e7h4 g2g3 h4f6 b3c3 c6d8 e2f4 g7g5 f4d3 f6g7 f2f3 f7g6 c3c5 d7f7 f3g2 g7f6 b2b4 d8b7 c5c6 f7e7 d3e5 g6g7 e5g4 b7d6 b4b5 f6d4 e3d4 e7e2 g2f3 e2d2 b5b6 h6h5 b6c7 h5g4 f3e3 d6c8 e3d2 g4h3 g3g4 h3h2 c6c1 g7f6 c1h1 f6e6 h1h2 e6d6 h2h7 c8b6 d2d3 b6c8 h7g7 c8b6 g7h7 b6c8 h7g7 c8b6 d3e4 d6c6 g7g6 c6c7 g6b6 c7b6 e4f5 b6b5 f5g5 b5c4 g5f4 c4d4 g4g5 d4d5 f4f5 d5d6 f5f6 d6c5 g5g6 c5d6 g6g7 d6d5 g7g8q d5e4 g8g5 e4f3 f6f7 f3f2 g5f4 f2e2 f4g3 e2d2 g3f4 d2c2 f4d6 c2c3 f7g6 c3c2 d6d4 c2c1 d4b4 c1c2 b4d6 c2c3 d6d1 c3c4 d1d7 c4c5 d7d1 c5c4 d1d2 c4b3 d2d3 b3b2 g6f7 b2a2 d3c2 a2a3 c2b1 a3a4 b1b6 a4a3 b6b1 a3a4 b1b6 a4a3 f7f6 a3a2 b6b4 a2a1 b4b5 a1a2 b5b7 a2a3 b7b6 a3a4 b6c5 a4b3 f6g6 b3b2 c5c4 b2a3 g6f5 a3b2 f5g6 b2a3 c4b5 a3a2 b5b4 a2a1 b4d2 a1b1 g6f7 b1a1 f7g6 a1b1 g6f5 b1a1 f5f6 a1b1 f6g6 b1a1 g6f6 a1b1 f6f5 b1a1 f5e6 a1b1 e6f6 b1a1 d2e2 a1b1 e2d2 b1a1 d2e2 a1b1 e2g2 b1a1 f6f5

[WARN  ] [23:10:35.187697] <   > fastchess --- Warning; PV continues after fifty-move rule - move b2c3 from Huginn_current
Info; info depth 8 seldepth 8 multipv 1 score cp -25 nodes 516 nps 516000 hashfull 1000 tbhits 0 time 0 pv a1b1 g2f1 b1b2 f1d1 b2c3 d1d6
Position; fen r1bqkb1r/ppppppp1/2n2n1p/8/8/4P3/PPPP1PPP/RNBQKBNR w KQkq - 0 4
Moves; d2d4 d7d5 f1b5 c8g4 g1f3 d8d7 h2h3 g4f3 d1f3 a7a6 b5a4 b7b5 a4b3 e7e5 a2a4 e5e4 f3g3 b5b4 e1g1 c6a5 b1d2 d7c6 b3a2 c6c2 g3e5 f8e7 a2d5 a5c6 d5e4 f6e4 e5e4 b4b3 a4a5 a8d8 a1a4 d8d7 a4c4 c2e4 d2e4 c6a5 c4a4 a5c6 a4a6 c6b4 a6a3 f7f5 e4g3 f5f4 g3e2 f4e3 f2e3 h8f8 f1f8 e8f8 a3b3 f8f7 c1d2 b4c6 g1f2 e7h4 g2g3 h4f6 b3c3 c6d8 e2f4 g7g5 f4d3 f6g7 f2f3 f7g6 c3c5 d7f7 f3g2 g7f6 b2b4 d8b7 c5c6 f7e7 d3e5 g6g7 e5g4 b7d6 b4b5 f6d4 e3d4 e7e2 g2f3 e2d2 b5b6 h6h5 b6c7 h5g4 f3e3 d6c8 e3d2 g4h3 g3g4 h3h2 c6c1 g7f6 c1h1 f6e6 h1h2 e6d6 h2h7 c8b6 d2d3 b6c8 h7g7 c8b6 g7h7 b6c8 h7g7 c8b6 d3e4 d6c6 g7g6 c6c7 g6b6 c7b6 e4f5 b6b5 f5g5 b5c4 g5f4 c4d4 g4g5 d4d5 f4f5 d5d6 f5f6 d6c5 g5g6 c5d6 g6g7 d6d5 g7g8q d5e4 g8g5 e4f3 f6f7 f3f2 g5f4 f2e2 f4g3 e2d2 g3f4 d2c2 f4d6 c2c3 f7g6 c3c2 d6d4 c2c1 d4b4 c1c2 b4d6 c2c3 d6d1 c3c4 d1d7 c4c5 d7d1 c5c4 d1d2 c4b3 d2d3 b3b2 g6f7 b2a2 d3c2 a2a3 c2b1 a3a4 b1b6 a4a3 b6b1 a3a4 b1b6 a4a3 f7f6 a3a2 b6b4 a2a1 b4b5 a1a2 b5b7 a2a3 b7b6 a3a4 b6c5 a4b3 f6g6 b3b2 c5c4 b2a3 g6f5 a3b2 f5g6 b2a3 c4b5 a3a2 b5b4 a2a1 b4d2 a1b1 g6f7 b1a1 f7g6 a1b1 g6f5 b1a1 f5f6 a1b1 f6g6 b1a1 g6f6 a1b1 f6f5 b1a1 f5e6 a1b1 e6f6 b1a1 d2e2 a1b1 e2d2 b1a1 d2e2 a1b1 e2g2 b1a1 f6f5

[WARN  ] [23:10:35.187832] <   > fastchess --- Warning; PV continues after fifty-move rule - move b2c3 from Huginn_current
Info; info depth 9 seldepth 9 multipv 1 score cp -25 nodes 625 nps 625000 hashfull 1000 tbhits 0 time 0 pv a1b1 g2g1 b1b2 g1d1 b2c3 d1d6
Position; fen r1bqkb1r/ppppppp1/2n2n1p/8/8/4P3/PPPP1PPP/RNBQKBNR w KQkq - 0 4
Moves; d2d4 d7d5 f1b5 c8g4 g1f3 d8d7 h2h3 g4f3 d1f3 a7a6 b5a4 b7b5 a4b3 e7e5 a2a4 e5e4 f3g3 b5b4 e1g1 c6a5 b1d2 d7c6 b3a2 c6c2 g3e5 f8e7 a2d5 a5c6 d5e4 f6e4 e5e4 b4b3 a4a5 a8d8 a1a4 d8d7 a4c4 c2e4 d2e4 c6a5 c4a4 a5c6 a4a6 c6b4 a6a3 f7f5 e4g3 f5f4 g3e2 f4e3 f2e3 h8f8 f1f8 e8f8 a3b3 f8f7 c1d2 b4c6 g1f2 e7h4 g2g3 h4f6 b3c3 c6d8 e2f4 g7g5 f4d3 f6g7 f2f3 f7g6 c3c5 d7f7 f3g2 g7f6 b2b4 d8b7 c5c6 f7e7 d3e5 g6g7 e5g4 b7d6 b4b5 f6d4 e3d4 e7e2 g2f3 e2d2 b5b6 h6h5 b6c7 h5g4 f3e3 d6c8 e3d2 g4h3 g3g4 h3h2 c6c1 g7f6 c1h1 f6e6 h1h2 e6d6 h2h7 c8b6 d2d3 b6c8 h7g7 c8b6 g7h7 b6c8 h7g7 c8b6 d3e4 d6c6 g7g6 c6c7 g6b6 c7b6 e4f5 b6b5 f5g5 b5c4 g5f4 c4d4 g4g5 d4d5 f4f5 d5d6 f5f6 d6c5 g5g6 c5d6 g6g7 d6d5 g7g8q d5e4 g8g5 e4f3 f6f7 f3f2 g5f4 f2e2 f4g3 e2d2 g3f4 d2c2 f4d6 c2c3 f7g6 c3c2 d6d4 c2c1 d4b4 c1c2 b4d6 c2c3 d6d1 c3c4 d1d7 c4c5 d7d1 c5c4 d1d2 c4b3 d2d3 b3b2 g6f7 b2a2 d3c2 a2a3 c2b1 a3a4 b1b6 a4a3 b6b1 a3a4 b1b6 a4a3 f7f6 a3a2 b6b4 a2a1 b4b5 a1a2 b5b7 a2a3 b7b6 a3a4 b6c5 a4b3 f6g6 b3b2 c5c4 b2a3 g6f5 a3b2 f5g6 b2a3 c4b5 a3a2 b5b4 a2a1 b4d2 a1b1 g6f7 b1a1 f7g6 a1b1 g6f5 b1a1 f5f6 a1b1 f6g6 b1a1 g6f6 a1b1 f6f5 b1a1 f5e6 a1b1 e6f6 b1a1 d2e2 a1b1 e2d2 b1a1 d2e2 a1b1 e2g2 b1a1 f6f5

[WARN  ] [23:10:35.187947] <   > fastchess --- Warning; PV continues after fifty-move rule - move b2c3 from Huginn_current
Info; info depth 10 seldepth 10 multipv 1 score cp -25 nodes 659 nps 659000 hashfull 1000 tbhits 0 time 0 pv a1b1 g2g1 b1b2 g1d1 b2c3 d1d6
Position; fen r1bqkb1r/ppppppp1/2n2n1p/8/8/4P3/PPPP1PPP/RNBQKBNR w KQkq - 0 4
Moves; d2d4 d7d5 f1b5 c8g4 g1f3 d8d7 h2h3 g4f3 d1f3 a7a6 b5a4 b7b5 a4b3 e7e5 a2a4 e5e4 f3g3 b5b4 e1g1 c6a5 b1d2 d7c6 b3a2 c6c2 g3e5 f8e7 a2d5 a5c6 d5e4 f6e4 e5e4 b4b3 a4a5 a8d8 a1a4 d8d7 a4c4 c2e4 d2e4 c6a5 c4a4 a5c6 a4a6 c6b4 a6a3 f7f5 e4g3 f5f4 g3e2 f4e3 f2e3 h8f8 f1f8 e8f8 a3b3 f8f7 c1d2 b4c6 g1f2 e7h4 g2g3 h4f6 b3c3 c6d8 e2f4 g7g5 f4d3 f6g7 f2f3 f7g6 c3c5 d7f7 f3g2 g7f6 b2b4 d8b7 c5c6 f7e7 d3e5 g6g7 e5g4 b7d6 b4b5 f6d4 e3d4 e7e2 g2f3 e2d2 b5b6 h6h5 b6c7 h5g4 f3e3 d6c8 e3d2 g4h3 g3g4 h3h2 c6c1 g7f6 c1h1 f6e6 h1h2 e6d6 h2h7 c8b6 d2d3 b6c8 h7g7 c8b6 g7h7 b6c8 h7g7 c8b6 d3e4 d6c6 g7g6 c6c7 g6b6 c7b6 e4f5 b6b5 f5g5 b5c4 g5f4 c4d4 g4g5 d4d5 f4f5 d5d6 f5f6 d6c5 g5g6 c5d6 g6g7 d6d5 g7g8q d5e4 g8g5 e4f3 f6f7 f3f2 g5f4 f2e2 f4g3 e2d2 g3f4 d2c2 f4d6 c2c3 f7g6 c3c2 d6d4 c2c1 d4b4 c1c2 b4d6 c2c3 d6d1 c3c4 d1d7 c4c5 d7d1 c5c4 d1d2 c4b3 d2d3 b3b2 g6f7 b2a2 d3c2 a2a3 c2b1 a3a4 b1b6 a4a3 b6b1 a3a4 b1b6 a4a3 f7f6 a3a2 b6b4 a2a1 b4b5 a1a2 b5b7 a2a3 b7b6 a3a4 b6c5 a4b3 f6g6 b3b2 c5c4 b2a3 g6f5 a3b2 f5g6 b2a3 c4b5 a3a2 b5b4 a2a1 b4d2 a1b1 g6f7 b1a1 f7g6 a1b1 g6f5 b1a1 f5f6 a1b1 f6g6 b1a1 g6f6 a1b1 f6f5 b1a1 f5e6 a1b1 e6f6 b1a1 d2e2 a1b1 e2d2 b1a1 d2e2 a1b1 e2g2 b1a1 f6f5

[WARN  ] [23:10:35.188080] <   > fastchess --- Warning; PV continues after fifty-move rule - move b2c3 from Huginn_current
Info; info depth 11 seldepth 11 multipv 1 score cp -25 nodes 764 nps 764000 hashfull 1000 tbhits 0 time 0 pv a1b1 g2f1 b1b2 f1d1 b2c3 d1d6
Position; fen r1bqkb1r/ppppppp1/2n2n1p/8/8/4P3/PPPP1PPP/RNBQKBNR w KQkq - 0 4
Moves; d2d4 d7d5 f1b5 c8g4 g1f3 d8d7 h2h3 g4f3 d1f3 a7a6 b5a4 b7b5 a4b3 e7e5 a2a4 e5e4 f3g3 b5b4 e1g1 c6a5 b1d2 d7c6 b3a2 c6c2 g3e5 f8e7 a2d5 a5c6 d5e4 f6e4 e5e4 b4b3 a4a5 a8d8 a1a4 d8d7 a4c4 c2e4 d2e4 c6a5 c4a4 a5c6 a4a6 c6b4 a6a3 f7f5 e4g3 f5f4 g3e2 f4e3 f2e3 h8f8 f1f8 e8f8 a3b3 f8f7 c1d2 b4c6 g1f2 e7h4 g2g3 h4f6 b3c3 c6d8 e2f4 g7g5 f4d3 f6g7 f2f3 f7g6 c3c5 d7f7 f3g2 g7f6 b2b4 d8b7 c5c6 f7e7 d3e5 g6g7 e5g4 b7d6 b4b5 f6d4 e3d4 e7e2 g2f3 e2d2 b5b6 h6h5 b6c7 h5g4 f3e3 d6c8 e3d2 g4h3 g3g4 h3h2 c6c1 g7f6 c1h1 f6e6 h1h2 e6d6 h2h7 c8b6 d2d3 b6c8 h7g7 c8b6 g7h7 b6c8 h7g7 c8b6 d3e4 d6c6 g7g6 c6c7 g6b6 c7b6 e4f5 b6b5 f5g5 b5c4 g5f4 c4d4 g4g5 d4d5 f4f5 d5d6 f5f6 d6c5 g5g6 c5d6 g6g7 d6d5 g7g8q d5e4 g8g5 e4f3 f6f7 f3f2 g5f4 f2e2 f4g3 e2d2 g3f4 d2c2 f4d6 c2c3 f7g6 c3c2 d6d4 c2c1 d4b4 c1c2 b4d6 c2c3 d6d1 c3c4 d1d7 c4c5 d7d1 c5c4 d1d2 c4b3 d2d3 b3b2 g6f7 b2a2 d3c2 a2a3 c2b1 a3a4 b1b6 a4a3 b6b1 a3a4 b1b6 a4a3 f7f6 a3a2 b6b4 a2a1 b4b5 a1a2 b5b7 a2a3 b7b6 a3a4 b6c5 a4b3 f6g6 b3b2 c5c4 b2a3 g6f5 a3b2 f5g6 b2a3 c4b5 a3a2 b5b4 a2a1 b4d2 a1b1 g6f7 b1a1 f7g6 a1b1 g6f5 b1a1 f5f6 a1b1 f6g6 b1a1 g6f6 a1b1 f6f5 b1a1 f5e6 a1b1 e6f6 b1a1 d2e2 a1b1 e2d2 b1a1 d2e2 a1b1 e2g2 b1a1 f6f5

[WARN  ] [23:10:35.188191] <   > fastchess --- Warning; PV continues after fifty-move rule - move b2c3 from Huginn_current
Info; info depth 12 seldepth 12 multipv 1 score cp -25 nodes 798 nps 798000 hashfull 1000 tbhits 0 time 0 pv a1b1 g2f1 b1b2 f1d1 b2c3 d1d6
Position; fen r1bqkb1r/ppppppp1/2n2n1p/8/8/4P3/PPPP1PPP/RNBQKBNR w KQkq - 0 4
Moves; d2d4 d7d5 f1b5 c8g4 g1f3 d8d7 h2h3 g4f3 d1f3 a7a6 b5a4 b7b5 a4b3 e7e5 a2a4 e5e4 f3g3 b5b4 e1g1 c6a5 b1d2 d7c6 b3a2 c6c2 g3e5 f8e7 a2d5 a5c6 d5e4 f6e4 e5e4 b4b3 a4a5 a8d8 a1a4 d8d7 a4c4 c2e4 d2e4 c6a5 c4a4 a5c6 a4a6 c6b4 a6a3 f7f5 e4g3 f5f4 g3e2 f4e3 f2e3 h8f8 f1f8 e8f8 a3b3 f8f7 c1d2 b4c6 g1f2 e7h4 g2g3 h4f6 b3c3 c6d8 e2f4 g7g5 f4d3 f6g7 f2f3 f7g6 c3c5 d7f7 f3g2 g7f6 b2b4 d8b7 c5c6 f7e7 d3e5 g6g7 e5g4 b7d6 b4b5 f6d4 e3d4 e7e2 g2f3 e2d2 b5b6 h6h5 b6c7 h5g4 f3e3 d6c8 e3d2 g4h3 g3g4 h3h2 c6c1 g7f6 c1h1 f6e6 h1h2 e6d6 h2h7 c8b6 d2d3 b6c8 h7g7 c8b6 g7h7 b6c8 h7g7 c8b6 d3e4 d6c6 g7g6 c6c7 g6b6 c7b6 e4f5 b6b5 f5g5 b5c4 g5f4 c4d4 g4g5 d4d5 f4f5 d5d6 f5f6 d6c5 g5g6 c5d6 g6g7 d6d5 g7g8q d5e4 g8g5 e4f3 f6f7 f3f2 g5f4 f2e2 f4g3 e2d2 g3f4 d2c2 f4d6 c2c3 f7g6 c3c2 d6d4 c2c1 d4b4 c1c2 b4d6 c2c3 d6d1 c3c4 d1d7 c4c5 d7d1 c5c4 d1d2 c4b3 d2d3 b3b2 g6f7 b2a2 d3c2 a2a3 c2b1 a3a4 b1b6 a4a3 b6b1 a3a4 b1b6 a4a3 f7f6 a3a2 b6b4 a2a1 b4b5 a1a2 b5b7 a2a3 b7b6 a3a4 b6c5 a4b3 f6g6 b3b2 c5c4 b2a3 g6f5 a3b2 f5g6 b2a3 c4b5 a3a2 b5b4 a2a1 b4d2 a1b1 g6f7 b1a1 f7g6 a1b1 g6f5 b1a1 f5f6 a1b1 f6g6 b1a1 g6f6 a1b1 f6f5 b1a1 f5e6 a1b1 e6f6 b1a1 d2e2 a1b1 e2d2 b1a1 d2e2 a1b1 e2g2 b1a1 f6f5

[WARN  ] [23:10:35.188338] <   > fastchess --- Warning; PV continues after fifty-move rule - move b2c3 from Huginn_current
Info; info depth 13 seldepth 13 multipv 1 score cp -25 nodes 907 nps 907000 hashfull 1000 tbhits 0 time 0 pv a1b1 g2g1 b1b2 g1d1 b2c3 d1d6
Position; fen r1bqkb1r/ppppppp1/2n2n1p/8/8/4P3/PPPP1PPP/RNBQKBNR w KQkq - 0 4
Moves; d2d4 d7d5 f1b5 c8g4 g1f3 d8d7 h2h3 g4f3 d1f3 a7a6 b5a4 b7b5 a4b3 e7e5 a2a4 e5e4 f3g3 b5b4 e1g1 c6a5 b1d2 d7c6 b3a2 c6c2 g3e5 f8e7 a2d5 a5c6 d5e4 f6e4 e5e4 b4b3 a4a5 a8d8 a1a4 d8d7 a4c4 c2e4 d2e4 c6a5 c4a4 a5c6 a4a6 c6b4 a6a3 f7f5 e4g3 f5f4 g3e2 f4e3 f2e3 h8f8 f1f8 e8f8 a3b3 f8f7 c1d2 b4c6 g1f2 e7h4 g2g3 h4f6 b3c3 c6d8 e2f4 g7g5 f4d3 f6g7 f2f3 f7g6 c3c5 d7f7 f3g2 g7f6 b2b4 d8b7 c5c6 f7e7 d3e5 g6g7 e5g4 b7d6 b4b5 f6d4 e3d4 e7e2 g2f3 e2d2 b5b6 h6h5 b6c7 h5g4 f3e3 d6c8 e3d2 g4h3 g3g4 h3h2 c6c1 g7f6 c1h1 f6e6 h1h2 e6d6 h2h7 c8b6 d2d3 b6c8 h7g7 c8b6 g7h7 b6c8 h7g7 c8b6 d3e4 d6c6 g7g6 c6c7 g6b6 c7b6 e4f5 b6b5 f5g5 b5c4 g5f4 c4d4 g4g5 d4d5 f4f5 d5d6 f5f6 d6c5 g5g6 c5d6 g6g7 d6d5 g7g8q d5e4 g8g5 e4f3 f6f7 f3f2 g5f4 f2e2 f4g3 e2d2 g3f4 d2c2 f4d6 c2c3 f7g6 c3c2 d6d4 c2c1 d4b4 c1c2 b4d6 c2c3 d6d1 c3c4 d1d7 c4c5 d7d1 c5c4 d1d2 c4b3 d2d3 b3b2 g6f7 b2a2 d3c2 a2a3 c2b1 a3a4 b1b6 a4a3 b6b1 a3a4 b1b6 a4a3 f7f6 a3a2 b6b4 a2a1 b4b5 a1a2 b5b7 a2a3 b7b6 a3a4 b6c5 a4b3 f6g6 b3b2 c5c4 b2a3 g6f5 a3b2 f5g6 b2a3 c4b5 a3a2 b5b4 a2a1 b4d2 a1b1 g6f7 b1a1 f7g6 a1b1 g6f5 b1a1 f5f6 a1b1 f6g6 b1a1 g6f6 a1b1 f6f5 b1a1 f5e6 a1b1 e6f6 b1a1 d2e2 a1b1 e2d2 b1a1 d2e2 a1b1 e2g2 b1a1 f6f5

[WARN  ] [23:10:35.188455] <   > fastchess --- Warning; PV continues after fifty-move rule - move b2c3 from Huginn_current
Info; info depth 14 seldepth 14 multipv 1 score cp -25 nodes 941 nps 941000 hashfull 1000 tbhits 0 time 1 pv a1b1 g2g1 b1b2 g1d1 b2c3 d1d6
Position; fen r1bqkb1r/ppppppp1/2n2n1p/8/8/4P3/PPPP1PPP/RNBQKBNR w KQkq - 0 4
Moves; d2d4 d7d5 f1b5 c8g4 g1f3 d8d7 h2h3 g4f3 d1f3 a7a6 b5a4 b7b5 a4b3 e7e5 a2a4 e5e4 f3g3 b5b4 e1g1 c6a5 b1d2 d7c6 b3a2 c6c2 g3e5 f8e7 a2d5 a5c6 d5e4 f6e4 e5e4 b4b3 a4a5 a8d8 a1a4 d8d7 a4c4 c2e4 d2e4 c6a5 c4a4 a5c6 a4a6 c6b4 a6a3 f7f5 e4g3 f5f4 g3e2 f4e3 f2e3 h8f8 f1f8 e8f8 a3b3 f8f7 c1d2 b4c6 g1f2 e7h4 g2g3 h4f6 b3c3 c6d8 e2f4 g7g5 f4d3 f6g7 f2f3 f7g6 c3c5 d7f7 f3g2 g7f6 b2b4 d8b7 c5c6 f7e7 d3e5 g6g7 e5g4 b7d6 b4b5 f6d4 e3d4 e7e2 g2f3 e2d2 b5b6 h6h5 b6c7 h5g4 f3e3 d6c8 e3d2 g4h3 g3g4 h3h2 c6c1 g7f6 c1h1 f6e6 h1h2 e6d6 h2h7 c8b6 d2d3 b6c8 h7g7 c8b6 g7h7 b6c8 h7g7 c8b6 d3e4 d6c6 g7g6 c6c7 g6b6 c7b6 e4f5 b6b5 f5g5 b5c4 g5f4 c4d4 g4g5 d4d5 f4f5 d5d6 f5f6 d6c5 g5g6 c5d6 g6g7 d6d5 g7g8q d5e4 g8g5 e4f3 f6f7 f3f2 g5f4 f2e2 f4g3 e2d2 g3f4 d2c2 f4d6 c2c3 f7g6 c3c2 d6d4 c2c1 d4b4 c1c2 b4d6 c2c3 d6d1 c3c4 d1d7 c4c5 d7d1 c5c4 d1d2 c4b3 d2d3 b3b2 g6f7 b2a2 d3c2 a2a3 c2b1 a3a4 b1b6 a4a3 b6b1 a3a4 b1b6 a4a3 f7f6 a3a2 b6b4 a2a1 b4b5 a1a2 b5b7 a2a3 b7b6 a3a4 b6c5 a4b3 f6g6 b3b2 c5c4 b2a3 g6f5 a3b2 f5g6 b2a3 c4b5 a3a2 b5b4 a2a1 b4d2 a1b1 g6f7 b1a1 f7g6 a1b1 g6f5 b1a1 f5f6 a1b1 f6g6 b1a1 g6f6 a1b1 f6f5 b1a1 f5e6 a1b1 e6f6 b1a1 d2e2 a1b1 e2d2 b1a1 d2e2 a1b1 e2g2 b1a1 f6f5

[WARN  ] [23:10:35.188576] <   > fastchess --- Warning; PV continues after fifty-move rule - move b2c3 from Huginn_current
Info; info depth 15 seldepth 15 multipv 1 score cp -25 nodes 1046 nps 1046000 hashfull 1000 tbhits 0 time 1 pv a1b1 g2f1 b1b2 f1d1 b2c3 d1d6
Position; fen r1bqkb1r/ppppppp1/2n2n1p/8/8/4P3/PPPP1PPP/RNBQKBNR w KQkq - 0 4
Moves; d2d4 d7d5 f1b5 c8g4 g1f3 d8d7 h2h3 g4f3 d1f3 a7a6 b5a4 b7b5 a4b3 e7e5 a2a4 e5e4 f3g3 b5b4 e1g1 c6a5 b1d2 d7c6 b3a2 c6c2 g3e5 f8e7 a2d5 a5c6 d5e4 f6e4 e5e4 b4b3 a4a5 a8d8 a1a4 d8d7 a4c4 c2e4 d2e4 c6a5 c4a4 a5c6 a4a6 c6b4 a6a3 f7f5 e4g3 f5f4 g3e2 f4e3 f2e3 h8f8 f1f8 e8f8 a3b3 f8f7 c1d2 b4c6 g1f2 e7h4 g2g3 h4f6 b3c3 c6d8 e2f4 g7g5 f4d3 f6g7 f2f3 f7g6 c3c5 d7f7 f3g2 g7f6 b2b4 d8b7 c5c6 f7e7 d3e5 g6g7 e5g4 b7d6 b4b5 f6d4 e3d4 e7e2 g2f3 e2d2 b5b6 h6h5 b6c7 h5g4 f3e3 d6c8 e3d2 g4h3 g3g4 h3h2 c6c1 g7f6 c1h1 f6e6 h1h2 e6d6 h2h7 c8b6 d2d3 b6c8 h7g7 c8b6 g7h7 b6c8 h7g7 c8b6 d3e4 d6c6 g7g6 c6c7 g6b6 c7b6 e4f5 b6b5 f5g5 b5c4 g5f4 c4d4 g4g5 d4d5 f4f5 d5d6 f5f6 d6c5 g5g6 c5d6 g6g7 d6d5 g7g8q d5e4 g8g5 e4f3 f6f7 f3f2 g5f4 f2e2 f4g3 e2d2 g3f4 d2c2 f4d6 c2c3 f7g6 c3c2 d6d4 c2c1 d4b4 c1c2 b4d6 c2c3 d6d1 c3c4 d1d7 c4c5 d7d1 c5c4 d1d2 c4b3 d2d3 b3b2 g6f7 b2a2 d3c2 a2a3 c2b1 a3a4 b1b6 a4a3 b6b1 a3a4 b1b6 a4a3 f7f6 a3a2 b6b4 a2a1 b4b5 a1a2 b5b7 a2a3 b7b6 a3a4 b6c5 a4b3 f6g6 b3b2 c5c4 b2a3 g6f5 a3b2 f5g6 b2a3 c4b5 a3a2 b5b4 a2a1 b4d2 a1b1 g6f7 b1a1 f7g6 a1b1 g6f5 b1a1 f5f6 a1b1 f6g6 b1a1 g6f6 a1b1 f6f5 b1a1 f5e6 a1b1 e6f6 b1a1 d2e2 a1b1 e2d2 b1a1 d2e2 a1b1 e2g2 b1a1 f6f5

[WARN  ] [23:10:35.188710] <   > fastchess --- Warning; PV continues after fifty-move rule - move b2c3 from Huginn_current
Info; info depth 16 seldepth 16 multipv 1 score cp -25 nodes 1080 nps 1080000 hashfull 1000 tbhits 0 time 1 pv a1b1 g2f1 b1b2 f1d1 b2c3 d1d6
Position; fen r1bqkb1r/ppppppp1/2n2n1p/8/8/4P3/PPPP1PPP/RNBQKBNR w KQkq - 0 4
Moves; d2d4 d7d5 f1b5 c8g4 g1f3 d8d7 h2h3 g4f3 d1f3 a7a6 b5a4 b7b5 a4b3 e7e5 a2a4 e5e4 f3g3 b5b4 e1g1 c6a5 b1d2 d7c6 b3a2 c6c2 g3e5 f8e7 a2d5 a5c6 d5e4 f6e4 e5e4 b4b3 a4a5 a8d8 a1a4 d8d7 a4c4 c2e4 d2e4 c6a5 c4a4 a5c6 a4a6 c6b4 a6a3 f7f5 e4g3 f5f4 g3e2 f4e3 f2e3 h8f8 f1f8 e8f8 a3b3 f8f7 c1d2 b4c6 g1f2 e7h4 g2g3 h4f6 b3c3 c6d8 e2f4 g7g5 f4d3 f6g7 f2f3 f7g6 c3c5 d7f7 f3g2 g7f6 b2b4 d8b7 c5c6 f7e7 d3e5 g6g7 e5g4 b7d6 b4b5 f6d4 e3d4 e7e2 g2f3 e2d2 b5b6 h6h5 b6c7 h5g4 f3e3 d6c8 e3d2 g4h3 g3g4 h3h2 c6c1 g7f6 c1h1 f6e6 h1h2 e6d6 h2h7 c8b6 d2d3 b6c8 h7g7 c8b6 g7h7 b6c8 h7g7 c8b6 d3e4 d6c6 g7g6 c6c7 g6b6 c7b6 e4f5 b6b5 f5g5 b5c4 g5f4 c4d4 g4g5 d4d5 f4f5 d5d6 f5f6 d6c5 g5g6 c5d6 g6g7 d6d5 g7g8q d5e4 g8g5 e4f3 f6f7 f3f2 g5f4 f2e2 f4g3 e2d2 g3f4 d2c2 f4d6 c2c3 f7g6 c3c2 d6d4 c2c1 d4b4 c1c2 b4d6 c2c3 d6d1 c3c4 d1d7 c4c5 d7d1 c5c4 d1d2 c4b3 d2d3 b3b2 g6f7 b2a2 d3c2 a2a3 c2b1 a3a4 b1b6 a4a3 b6b1 a3a4 b1b6 a4a3 f7f6 a3a2 b6b4 a2a1 b4b5 a1a2 b5b7 a2a3 b7b6 a3a4 b6c5 a4b3 f6g6 b3b2 c5c4 b2a3 g6f5 a3b2 f5g6 b2a3 c4b5 a3a2 b5b4 a2a1 b4d2 a1b1 g6f7 b1a1 f7g6 a1b1 g6f5 b1a1 f5f6 a1b1 f6g6 b1a1 g6f6 a1b1 f6f5 b1a1 f5e6 a1b1 e6f6 b1a1 d2e2 a1b1 e2d2 b1a1 d2e2 a1b1 e2g2 b1a1 f6f5

[WARN  ] [23:10:35.188856] <   > fastchess --- Warning; PV continues after fifty-move rule - move b2c3 from Huginn_current
Info; info depth 17 seldepth 17 multipv 1 score cp -25 nodes 1189 nps 1189000 hashfull 1000 tbhits 0 time 1 pv a1b1 g2g1 b1b2 g1d1 b2c3 d1d6
Position; fen r1bqkb1r/ppppppp1/2n2n1p/8/8/4P3/PPPP1PPP/RNBQKBNR w KQkq - 0 4
Moves; d2d4 d7d5 f1b5 c8g4 g1f3 d8d7 h2h3 g4f3 d1f3 a7a6 b5a4 b7b5 a4b3 e7e5 a2a4 e5e4 f3g3 b5b4 e1g1 c6a5 b1d2 d7c6 b3a2 c6c2 g3e5 f8e7 a2d5 a5c6 d5e4 f6e4 e5e4 b4b3 a4a5 a8d8 a1a4 d8d7 a4c4 c2e4 d2e4 c6a5 c4a4 a5c6 a4a6 c6b4 a6a3 f7f5 e4g3 f5f4 g3e2 f4e3 f2e3 h8f8 f1f8 e8f8 a3b3 f8f7 c1d2 b4c6 g1f2 e7h4 g2g3 h4f6 b3c3 c6d8 e2f4 g7g5 f4d3 f6g7 f2f3 f7g6 c3c5 d7f7 f3g2 g7f6 b2b4 d8b7 c5c6 f7e7 d3e5 g6g7 e5g4 b7d6 b4b5 f6d4 e3d4 e7e2 g2f3 e2d2 b5b6 h6h5 b6c7 h5g4 f3e3 d6c8 e3d2 g4h3 g3g4 h3h2 c6c1 g7f6 c1h1 f6e6 h1h2 e6d6 h2h7 c8b6 d2d3 b6c8 h7g7 c8b6 g7h7 b6c8 h7g7 c8b6 d3e4 d6c6 g7g6 c6c7 g6b6 c7b6 e4f5 b6b5 f5g5 b5c4 g5f4 c4d4 g4g5 d4d5 f4f5 d5d6 f5f6 d6c5 g5g6 c5d6 g6g7 d6d5 g7g8q d5e4 g8g5 e4f3 f6f7 f3f2 g5f4 f2e2 f4g3 e2d2 g3f4 d2c2 f4d6 c2c3 f7g6 c3c2 d6d4 c2c1 d4b4 c1c2 b4d6 c2c3 d6d1 c3c4 d1d7 c4c5 d7d1 c5c4 d1d2 c4b3 d2d3 b3b2 g6f7 b2a2 d3c2 a2a3 c2b1 a3a4 b1b6 a4a3 b6b1 a3a4 b1b6 a4a3 f7f6 a3a2 b6b4 a2a1 b4b5 a1a2 b5b7 a2a3 b7b6 a3a4 b6c5 a4b3 f6g6 b3b2 c5c4 b2a3 g6f5 a3b2 f5g6 b2a3 c4b5 a3a2 b5b4 a2a1 b4d2 a1b1 g6f7 b1a1 f7g6 a1b1 g6f5 b1a1 f5f6 a1b1 f6g6 b1a1 g6f6 a1b1 f6f5 b1a1 f5e6 a1b1 e6f6 b1a1 d2e2 a1b1 e2d2 b1a1 d2e2 a1b1 e2g2 b1a1 f6f5

[WARN  ] [23:10:35.188990] <   > fastchess --- Warning; PV continues after fifty-move rule - move b2c3 from Huginn_current
Info; info depth 18 seldepth 18 multipv 1 score cp -25 nodes 1223 nps 1223000 hashfull 1000 tbhits 0 time 1 pv a1b1 g2g1 b1b2 g1d1 b2c3 d1d6
Position; fen r1bqkb1r/ppppppp1/2n2n1p/8/8/4P3/PPPP1PPP/RNBQKBNR w KQkq - 0 4
Moves; d2d4 d7d5 f1b5 c8g4 g1f3 d8d7 h2h3 g4f3 d1f3 a7a6 b5a4 b7b5 a4b3 e7e5 a2a4 e5e4 f3g3 b5b4 e1g1 c6a5 b1d2 d7c6 b3a2 c6c2 g3e5 f8e7 a2d5 a5c6 d5e4 f6e4 e5e4 b4b3 a4a5 a8d8 a1a4 d8d7 a4c4 c2e4 d2e4 c6a5 c4a4 a5c6 a4a6 c6b4 a6a3 f7f5 e4g3 f5f4 g3e2 f4e3 f2e3 h8f8 f1f8 e8f8 a3b3 f8f7 c1d2 b4c6 g1f2 e7h4 g2g3 h4f6 b3c3 c6d8 e2f4 g7g5 f4d3 f6g7 f2f3 f7g6 c3c5 d7f7 f3g2 g7f6 b2b4 d8b7 c5c6 f7e7 d3e5 g6g7 e5g4 b7d6 b4b5 f6d4 e3d4 e7e2 g2f3 e2d2 b5b6 h6h5 b6c7 h5g4 f3e3 d6c8 e3d2 g4h3 g3g4 h3h2 c6c1 g7f6 c1h1 f6e6 h1h2 e6d6 h2h7 c8b6 d2d3 b6c8 h7g7 c8b6 g7h7 b6c8 h7g7 c8b6 d3e4 d6c6 g7g6 c6c7 g6b6 c7b6 e4f5 b6b5 f5g5 b5c4 g5f4 c4d4 g4g5 d4d5 f4f5 d5d6 f5f6 d6c5 g5g6 c5d6 g6g7 d6d5 g7g8q d5e4 g8g5 e4f3 f6f7 f3f2 g5f4 f2e2 f4g3 e2d2 g3f4 d2c2 f4d6 c2c3 f7g6 c3c2 d6d4 c2c1 d4b4 c1c2 b4d6 c2c3 d6d1 c3c4 d1d7 c4c5 d7d1 c5c4 d1d2 c4b3 d2d3 b3b2 g6f7 b2a2 d3c2 a2a3 c2b1 a3a4 b1b6 a4a3 b6b1 a3a4 b1b6 a4a3 f7f6 a3a2 b6b4 a2a1 b4b5 a1a2 b5b7 a2a3 b7b6 a3a4 b6c5 a4b3 f6g6 b3b2 c5c4 b2a3 g6f5 a3b2 f5g6 b2a3 c4b5 a3a2 b5b4 a2a1 b4d2 a1b1 g6f7 b1a1 f7g6 a1b1 g6f5 b1a1 f5f6 a1b1 f6g6 b1a1 g6f6 a1b1 f6f5 b1a1 f5e6 a1b1 e6f6 b1a1 d2e2 a1b1 e2d2 b1a1 d2e2 a1b1 e2g2 b1a1 f6f5

[WARN  ] [23:10:35.189110] <   > fastchess --- Warning; PV continues after fifty-move rule - move b2c3 from Huginn_current
Info; info depth 19 seldepth 19 multipv 1 score cp -25 nodes 1775 nps 1775000 hashfull 1000 tbhits 0 time 1 pv a1b1 g2f1 b1b2 f1d1 b2c3 d1d6
Position; fen r1bqkb1r/ppppppp1/2n2n1p/8/8/4P3/PPPP1PPP/RNBQKBNR w KQkq - 0 4
Moves; d2d4 d7d5 f1b5 c8g4 g1f3 d8d7 h2h3 g4f3 d1f3 a7a6 b5a4 b7b5 a4b3 e7e5 a2a4 e5e4 f3g3 b5b4 e1g1 c6a5 b1d2 d7c6 b3a2 c6c2 g3e5 f8e7 a2d5 a5c6 d5e4 f6e4 e5e4 b4b3 a4a5 a8d8 a1a4 d8d7 a4c4 c2e4 d2e4 c6a5 c4a4 a5c6 a4a6 c6b4 a6a3 f7f5 e4g3 f5f4 g3e2 f4e3 f2e3 h8f8 f1f8 e8f8 a3b3 f8f7 c1d2 b4c6 g1f2 e7h4 g2g3 h4f6 b3c3 c6d8 e2f4 g7g5 f4d3 f6g7 f2f3 f7g6 c3c5 d7f7 f3g2 g7f6 b2b4 d8b7 c5c6 f7e7 d3e5 g6g7 e5g4 b7d6 b4b5 f6d4 e3d4 e7e2 g2f3 e2d2 b5b6 h6h5 b6c7 h5g4 f3e3 d6c8 e3d2 g4h3 g3g4 h3h2 c6c1 g7f6 c1h1 f6e6 h1h2 e6d6 h2h7 c8b6 d2d3 b6c8 h7g7 c8b6 g7h7 b6c8 h7g7 c8b6 d3e4 d6c6 g7g6 c6c7 g6b6 c7b6 e4f5 b6b5 f5g5 b5c4 g5f4 c4d4 g4g5 d4d5 f4f5 d5d6 f5f6 d6c5 g5g6 c5d6 g6g7 d6d5 g7g8q d5e4 g8g5 e4f3 f6f7 f3f2 g5f4 f2e2 f4g3 e2d2 g3f4 d2c2 f4d6 c2c3 f7g6 c3c2 d6d4 c2c1 d4b4 c1c2 b4d6 c2c3 d6d1 c3c4 d1d7 c4c5 d7d1 c5c4 d1d2 c4b3 d2d3 b3b2 g6f7 b2a2 d3c2 a2a3 c2b1 a3a4 b1b6 a4a3 b6b1 a3a4 b1b6 a4a3 f7f6 a3a2 b6b4 a2a1 b4b5 a1a2 b5b7 a2a3 b7b6 a3a4 b6c5 a4b3 f6g6 b3b2 c5c4 b2a3 g6f5 a3b2 f5g6 b2a3 c4b5 a3a2 b5b4 a2a1 b4d2 a1b1 g6f7 b1a1 f7g6 a1b1 g6f5 b1a1 f5f6 a1b1 f6g6 b1a1 g6f6 a1b1 f6f5 b1a1 f5e6 a1b1 e6f6 b1a1 d2e2 a1b1 e2d2 b1a1 d2e2 a1b1 e2g2 b1a1 f6f5

[WARN  ] [23:10:35.189256] <   > fastchess --- Warning; PV continues after fifty-move rule - move b2c3 from Huginn_current
Info; info depth 20 seldepth 20 multipv 1 score cp -25 nodes 2374 nps 2374000 hashfull 1000 tbhits 0 time 1 pv a1b1 g2f1 b1b2 f1d1 b2c3 d1d6
Position; fen r1bqkb1r/ppppppp1/2n2n1p/8/8/4P3/PPPP1PPP/RNBQKBNR w KQkq - 0 4
Moves; d2d4 d7d5 f1b5 c8g4 g1f3 d8d7 h2h3 g4f3 d1f3 a7a6 b5a4 b7b5 a4b3 e7e5 a2a4 e5e4 f3g3 b5b4 e1g1 c6a5 b1d2 d7c6 b3a2 c6c2 g3e5 f8e7 a2d5 a5c6 d5e4 f6e4 e5e4 b4b3 a4a5 a8d8 a1a4 d8d7 a4c4 c2e4 d2e4 c6a5 c4a4 a5c6 a4a6 c6b4 a6a3 f7f5 e4g3 f5f4 g3e2 f4e3 f2e3 h8f8 f1f8 e8f8 a3b3 f8f7 c1d2 b4c6 g1f2 e7h4 g2g3 h4f6 b3c3 c6d8 e2f4 g7g5 f4d3 f6g7 f2f3 f7g6 c3c5 d7f7 f3g2 g7f6 b2b4 d8b7 c5c6 f7e7 d3e5 g6g7 e5g4 b7d6 b4b5 f6d4 e3d4 e7e2 g2f3 e2d2 b5b6 h6h5 b6c7 h5g4 f3e3 d6c8 e3d2 g4h3 g3g4 h3h2 c6c1 g7f6 c1h1 f6e6 h1h2 e6d6 h2h7 c8b6 d2d3 b6c8 h7g7 c8b6 g7h7 b6c8 h7g7 c8b6 d3e4 d6c6 g7g6 c6c7 g6b6 c7b6 e4f5 b6b5 f5g5 b5c4 g5f4 c4d4 g4g5 d4d5 f4f5 d5d6 f5f6 d6c5 g5g6 c5d6 g6g7 d6d5 g7g8q d5e4 g8g5 e4f3 f6f7 f3f2 g5f4 f2e2 f4g3 e2d2 g3f4 d2c2 f4d6 c2c3 f7g6 c3c2 d6d4 c2c1 d4b4 c1c2 b4d6 c2c3 d6d1 c3c4 d1d7 c4c5 d7d1 c5c4 d1d2 c4b3 d2d3 b3b2 g6f7 b2a2 d3c2 a2a3 c2b1 a3a4 b1b6 a4a3 b6b1 a3a4 b1b6 a4a3 f7f6 a3a2 b6b4 a2a1 b4b5 a1a2 b5b7 a2a3 b7b6 a3a4 b6c5 a4b3 f6g6 b3b2 c5c4 b2a3 g6f5 a3b2 f5g6 b2a3 c4b5 a3a2 b5b4 a2a1 b4d2 a1b1 g6f7 b1a1 f7g6 a1b1 g6f5 b1a1 f5f6 a1b1 f6g6 b1a1 g6f6 a1b1 f6f5 b1a1 f5e6 a1b1 e6f6 b1a1 d2e2 a1b1 e2d2 b1a1 d2e2 a1b1 e2g2 b1a1 f6f5

[WARN  ] [23:10:35.189409] <   > fastchess --- Warning; PV continues after fifty-move rule - move b2c3 from Huginn_current
Info; info depth 21 seldepth 21 multipv 1 score cp -25 nodes 3184 nps 3184000 hashfull 1000 tbhits 0 time 1 pv a1b1 g2g1 b1b2 g1d1 b2c3 d1d6
Position; fen r1bqkb1r/ppppppp1/2n2n1p/8/8/4P3/PPPP1PPP/RNBQKBNR w KQkq - 0 4
Moves; d2d4 d7d5 f1b5 c8g4 g1f3 d8d7 h2h3 g4f3 d1f3 a7a6 b5a4 b7b5 a4b3 e7e5 a2a4 e5e4 f3g3 b5b4 e1g1 c6a5 b1d2 d7c6 b3a2 c6c2 g3e5 f8e7 a2d5 a5c6 d5e4 f6e4 e5e4 b4b3 a4a5 a8d8 a1a4 d8d7 a4c4 c2e4 d2e4 c6a5 c4a4 a5c6 a4a6 c6b4 a6a3 f7f5 e4g3 f5f4 g3e2 f4e3 f2e3 h8f8 f1f8 e8f8 a3b3 f8f7 c1d2 b4c6 g1f2 e7h4 g2g3 h4f6 b3c3 c6d8 e2f4 g7g5 f4d3 f6g7 f2f3 f7g6 c3c5 d7f7 f3g2 g7f6 b2b4 d8b7 c5c6 f7e7 d3e5 g6g7 e5g4 b7d6 b4b5 f6d4 e3d4 e7e2 g2f3 e2d2 b5b6 h6h5 b6c7 h5g4 f3e3 d6c8 e3d2 g4h3 g3g4 h3h2 c6c1 g7f6 c1h1 f6e6 h1h2 e6d6 h2h7 c8b6 d2d3 b6c8 h7g7 c8b6 g7h7 b6c8 h7g7 c8b6 d3e4 d6c6 g7g6 c6c7 g6b6 c7b6 e4f5 b6b5 f5g5 b5c4 g5f4 c4d4 g4g5 d4d5 f4f5 d5d6 f5f6 d6c5 g5g6 c5d6 g6g7 d6d5 g7g8q d5e4 g8g5 e4f3 f6f7 f3f2 g5f4 f2e2 f4g3 e2d2 g3f4 d2c2 f4d6 c2c3 f7g6 c3c2 d6d4 c2c1 d4b4 c1c2 b4d6 c2c3 d6d1 c3c4 d1d7 c4c5 d7d1 c5c4 d1d2 c4b3 d2d3 b3b2 g6f7 b2a2 d3c2 a2a3 c2b1 a3a4 b1b6 a4a3 b6b1 a3a4 b1b6 a4a3 f7f6 a3a2 b6b4 a2a1 b4b5 a1a2 b5b7 a2a3 b7b6 a3a4 b6c5 a4b3 f6g6 b3b2 c5c4 b2a3 g6f5 a3b2 f5g6 b2a3 c4b5 a3a2 b5b4 a2a1 b4d2 a1b1 g6f7 b1a1 f7g6 a1b1 g6f5 b1a1 f5f6 a1b1 f6g6 b1a1 g6f6 a1b1 f6f5 b1a1 f5e6 a1b1 e6f6 b1a1 d2e2 a1b1 e2d2 b1a1 d2e2 a1b1 e2g2 b1a1 f6f5

[WARN  ] [23:10:35.189578] <   > fastchess --- Warning; PV continues after fifty-move rule - move b2c3 from Huginn_current
Info; info depth 22 seldepth 22 multipv 1 score cp -25 nodes 3777 nps 3777000 hashfull 1000 tbhits 0 time 1 pv a1b1 g2g1 b1b2 g1d1 b2c3 d1d6
Position; fen r1bqkb1r/ppppppp1/2n2n1p/8/8/4P3/PPPP1PPP/RNBQKBNR w KQkq - 0 4
Moves; d2d4 d7d5 f1b5 c8g4 g1f3 d8d7 h2h3 g4f3 d1f3 a7a6 b5a4 b7b5 a4b3 e7e5 a2a4 e5e4 f3g3 b5b4 e1g1 c6a5 b1d2 d7c6 b3a2 c6c2 g3e5 f8e7 a2d5 a5c6 d5e4 f6e4 e5e4 b4b3 a4a5 a8d8 a1a4 d8d7 a4c4 c2e4 d2e4 c6a5 c4a4 a5c6 a4a6 c6b4 a6a3 f7f5 e4g3 f5f4 g3e2 f4e3 f2e3 h8f8 f1f8 e8f8 a3b3 f8f7 c1d2 b4c6 g1f2 e7h4 g2g3 h4f6 b3c3 c6d8 e2f4 g7g5 f4d3 f6g7 f2f3 f7g6 c3c5 d7f7 f3g2 g7f6 b2b4 d8b7 c5c6 f7e7 d3e5 g6g7 e5g4 b7d6 b4b5 f6d4 e3d4 e7e2 g2f3 e2d2 b5b6 h6h5 b6c7 h5g4 f3e3 d6c8 e3d2 g4h3 g3g4 h3h2 c6c1 g7f6 c1h1 f6e6 h1h2 e6d6 h2h7 c8b6 d2d3 b6c8 h7g7 c8b6 g7h7 b6c8 h7g7 c8b6 d3e4 d6c6 g7g6 c6c7 g6b6 c7b6 e4f5 b6b5 f5g5 b5c4 g5f4 c4d4 g4g5 d4d5 f4f5 d5d6 f5f6 d6c5 g5g6 c5d6 g6g7 d6d5 g7g8q d5e4 g8g5 e4f3 f6f7 f3f2 g5f4 f2e2 f4g3 e2d2 g3f4 d2c2 f4d6 c2c3 f7g6 c3c2 d6d4 c2c1 d4b4 c1c2 b4d6 c2c3 d6d1 c3c4 d1d7 c4c5 d7d1 c5c4 d1d2 c4b3 d2d3 b3b2 g6f7 b2a2 d3c2 a2a3 c2b1 a3a4 b1b6 a4a3 b6b1 a3a4 b1b6 a4a3 f7f6 a3a2 b6b4 a2a1 b4b5 a1a2 b5b7 a2a3 b7b6 a3a4 b6c5 a4b3 f6g6 b3b2 c5c4 b2a3 g6f5 a3b2 f5g6 b2a3 c4b5 a3a2 b5b4 a2a1 b4d2 a1b1 g6f7 b1a1 f7g6 a1b1 g6f5 b1a1 f5f6 a1b1 f6g6 b1a1 g6f6 a1b1 f6f5 b1a1 f5e6 a1b1 e6f6 b1a1 d2e2 a1b1 e2d2 b1a1 d2e2 a1b1 e2g2 b1a1 f6f5

[WARN  ] [23:10:35.189716] <   > fastchess --- Warning; PV continues after fifty-move rule - move b2c3 from Huginn_current
Info; info depth 23 seldepth 23 multipv 1 score cp -25 nodes 4831 nps 2415500 hashfull 1000 tbhits 0 time 2 pv a1b1 g2f1 b1b2 f1d1 b2c3 d1d6
Position; fen r1bqkb1r/ppppppp1/2n2n1p/8/8/4P3/PPPP1PPP/RNBQKBNR w KQkq - 0 4
Moves; d2d4 d7d5 f1b5 c8g4 g1f3 d8d7 h2h3 g4f3 d1f3 a7a6 b5a4 b7b5 a4b3 e7e5 a2a4 e5e4 f3g3 b5b4 e1g1 c6a5 b1d2 d7c6 b3a2 c6c2 g3e5 f8e7 a2d5 a5c6 d5e4 f6e4 e5e4 b4b3 a4a5 a8d8 a1a4 d8d7 a4c4 c2e4 d2e4 c6a5 c4a4 a5c6 a4a6 c6b4 a6a3 f7f5 e4g3 f5f4 g3e2 f4e3 f2e3 h8f8 f1f8 e8f8 a3b3 f8f7 c1d2 b4c6 g1f2 e7h4 g2g3 h4f6 b3c3 c6d8 e2f4 g7g5 f4d3 f6g7 f2f3 f7g6 c3c5 d7f7 f3g2 g7f6 b2b4 d8b7 c5c6 f7e7 d3e5 g6g7 e5g4 b7d6 b4b5 f6d4 e3d4 e7e2 g2f3 e2d2 b5b6 h6h5 b6c7 h5g4 f3e3 d6c8 e3d2 g4h3 g3g4 h3h2 c6c1 g7f6 c1h1 f6e6 h1h2 e6d6 h2h7 c8b6 d2d3 b6c8 h7g7 c8b6 g7h7 b6c8 h7g7 c8b6 d3e4 d6c6 g7g6 c6c7 g6b6 c7b6 e4f5 b6b5 f5g5 b5c4 g5f4 c4d4 g4g5 d4d5 f4f5 d5d6 f5f6 d6c5 g5g6 c5d6 g6g7 d6d5 g7g8q d5e4 g8g5 e4f3 f6f7 f3f2 g5f4 f2e2 f4g3 e2d2 g3f4 d2c2 f4d6 c2c3 f7g6 c3c2 d6d4 c2c1 d4b4 c1c2 b4d6 c2c3 d6d1 c3c4 d1d7 c4c5 d7d1 c5c4 d1d2 c4b3 d2d3 b3b2 g6f7 b2a2 d3c2 a2a3 c2b1 a3a4 b1b6 a4a3 b6b1 a3a4 b1b6 a4a3 f7f6 a3a2 b6b4 a2a1 b4b5 a1a2 b5b7 a2a3 b7b6 a3a4 b6c5 a4b3 f6g6 b3b2 c5c4 b2a3 g6f5 a3b2 f5g6 b2a3 c4b5 a3a2 b5b4 a2a1 b4d2 a1b1 g6f7 b1a1 f7g6 a1b1 g6f5 b1a1 f5f6 a1b1 f6g6 b1a1 g6f6 a1b1 f6f5 b1a1 f5e6 a1b1 e6f6 b1a1 d2e2 a1b1 e2d2 b1a1 d2e2 a1b1 e2g2 b1a1 f6f5

[WARN  ] [23:10:35.189816] <   > fastchess --- Warning; PV continues after fifty-move rule - move b2c3 from Huginn_current
Info; info depth 24 seldepth 24 multipv 1 score cp -25 nodes 5523 nps 2761500 hashfull 1000 tbhits 0 time 2 pv a1b1 g2f1 b1b2 f1d1 b2c3 d1d6
Position; fen r1bqkb1r/ppppppp1/2n2n1p/8/8/4P3/PPPP1PPP/RNBQKBNR w KQkq - 0 4
Moves; d2d4 d7d5 f1b5 c8g4 g1f3 d8d7 h2h3 g4f3 d1f3 a7a6 b5a4 b7b5 a4b3 e7e5 a2a4 e5e4 f3g3 b5b4 e1g1 c6a5 b1d2 d7c6 b3a2 c6c2 g3e5 f8e7 a2d5 a5c6 d5e4 f6e4 e5e4 b4b3 a4a5 a8d8 a1a4 d8d7 a4c4 c2e4 d2e4 c6a5 c4a4 a5c6 a4a6 c6b4 a6a3 f7f5 e4g3 f5f4 g3e2 f4e3 f2e3 h8f8 f1f8 e8f8 a3b3 f8f7 c1d2 b4c6 g1f2 e7h4 g2g3 h4f6 b3c3 c6d8 e2f4 g7g5 f4d3 f6g7 f2f3 f7g6 c3c5 d7f7 f3g2 g7f6 b2b4 d8b7 c5c6 f7e7 d3e5 g6g7 e5g4 b7d6 b4b5 f6d4 e3d4 e7e2 g2f3 e2d2 b5b6 h6h5 b6c7 h5g4 f3e3 d6c8 e3d2 g4h3 g3g4 h3h2 c6c1 g7f6 c1h1 f6e6 h1h2 e6d6 h2h7 c8b6 d2d3 b6c8 h7g7 c8b6 g7h7 b6c8 h7g7 c8b6 d3e4 d6c6 g7g6 c6c7 g6b6 c7b6 e4f5 b6b5 f5g5 b5c4 g5f4 c4d4 g4g5 d4d5 f4f5 d5d6 f5f6 d6c5 g5g6 c5d6 g6g7 d6d5 g7g8q d5e4 g8g5 e4f3 f6f7 f3f2 g5f4 f2e2 f4g3 e2d2 g3f4 d2c2 f4d6 c2c3 f7g6 c3c2 d6d4 c2c1 d4b4 c1c2 b4d6 c2c3 d6d1 c3c4 d1d7 c4c5 d7d1 c5c4 d1d2 c4b3 d2d3 b3b2 g6f7 b2a2 d3c2 a2a3 c2b1 a3a4 b1b6 a4a3 b6b1 a3a4 b1b6 a4a3 f7f6 a3a2 b6b4 a2a1 b4b5 a1a2 b5b7 a2a3 b7b6 a3a4 b6c5 a4b3 f6g6 b3b2 c5c4 b2a3 g6f5 a3b2 f5g6 b2a3 c4b5 a3a2 b5b4 a2a1 b4d2 a1b1 g6f7 b1a1 f7g6 a1b1 g6f5 b1a1 f5f6 a1b1 f6g6 b1a1 g6f6 a1b1 f6f5 b1a1 f5e6 a1b1 e6f6 b1a1 d2e2 a1b1 e2d2 b1a1 d2e2 a1b1 e2g2 b1a1 f6f5

[WARN  ] [23:10:35.189917] <   > fastchess --- Warning; PV continues after fifty-move rule - move b2c3 from Huginn_current
Info; info depth 25 seldepth 25 multipv 1 score cp -25 nodes 8767 nps 4383500 hashfull 1000 tbhits 0 time 2 pv a1b1 g2g1 b1b2 g1d1 b2c3 d1d6
Position; fen r1bqkb1r/ppppppp1/2n2n1p/8/8/4P3/PPPP1PPP/RNBQKBNR w KQkq - 0 4
Moves; d2d4 d7d5 f1b5 c8g4 g1f3 d8d7 h2h3 g4f3 d1f3 a7a6 b5a4 b7b5 a4b3 e7e5 a2a4 e5e4 f3g3 b5b4 e1g1 c6a5 b1d2 d7c6 b3a2 c6c2 g3e5 f8e7 a2d5 a5c6 d5e4 f6e4 e5e4 b4b3 a4a5 a8d8 a1a4 d8d7 a4c4 c2e4 d2e4 c6a5 c4a4 a5c6 a4a6 c6b4 a6a3 f7f5 e4g3 f5f4 g3e2 f4e3 f2e3 h8f8 f1f8 e8f8 a3b3 f8f7 c1d2 b4c6 g1f2 e7h4 g2g3 h4f6 b3c3 c6d8 e2f4 g7g5 f4d3 f6g7 f2f3 f7g6 c3c5 d7f7 f3g2 g7f6 b2b4 d8b7 c5c6 f7e7 d3e5 g6g7 e5g4 b7d6 b4b5 f6d4 e3d4 e7e2 g2f3 e2d2 b5b6 h6h5 b6c7 h5g4 f3e3 d6c8 e3d2 g4h3 g3g4 h3h2 c6c1 g7f6 c1h1 f6e6 h1h2 e6d6 h2h7 c8b6 d2d3 b6c8 h7g7 c8b6 g7h7 b6c8 h7g7 c8b6 d3e4 d6c6 g7g6 c6c7 g6b6 c7b6 e4f5 b6b5 f5g5 b5c4 g5f4 c4d4 g4g5 d4d5 f4f5 d5d6 f5f6 d6c5 g5g6 c5d6 g6g7 d6d5 g7g8q d5e4 g8g5 e4f3 f6f7 f3f2 g5f4 f2e2 f4g3 e2d2 g3f4 d2c2 f4d6 c2c3 f7g6 c3c2 d6d4 c2c1 d4b4 c1c2 b4d6 c2c3 d6d1 c3c4 d1d7 c4c5 d7d1 c5c4 d1d2 c4b3 d2d3 b3b2 g6f7 b2a2 d3c2 a2a3 c2b1 a3a4 b1b6 a4a3 b6b1 a3a4 b1b6 a4a3 f7f6 a3a2 b6b4 a2a1 b4b5 a1a2 b5b7 a2a3 b7b6 a3a4 b6c5 a4b3 f6g6 b3b2 c5c4 b2a3 g6f5 a3b2 f5g6 b2a3 c4b5 a3a2 b5b4 a2a1 b4d2 a1b1 g6f7 b1a1 f7g6 a1b1 g6f5 b1a1 f5f6 a1b1 f6g6 b1a1 g6f6 a1b1 f6f5 b1a1 f5e6 a1b1 e6f6 b1a1 d2e2 a1b1 e2d2 b1a1 d2e2 a1b1 e2g2 b1a1 f6f5

[WARN  ] [23:10:35.198953] <   > fastchess --- Warning; PV continues after fifty-move rule - move c1b2 from Huginn_t13
Info; info depth 1 seldepth 1 multipv 1 score cp 1130 nodes 29 nps 29000 hashfull 1000 tbhits 0 time 0 pv g2f1 c1b2 f1a1 b2a1 g5f5 a1b2 f5e4 b2b1 e4f4 b1c2 f4e5 c2b3 e5d4 b3b2 d4e4
Position; fen r1bqkb1r/ppppppp1/2n2n1p/8/8/4P3/PPPP1PPP/RNBQKBNR w KQkq - 0 4
Moves; d2d4 d7d5 f1b5 c8g4 g1f3 d8d7 h2h3 g4f3 d1f3 a7a6 b5a4 b7b5 a4b3 e7e5 a2a4 e5e4 f3g3 b5b4 e1g1 c6a5 b1d2 d7c6 b3a2 c6c2 g3e5 f8e7 a2d5 a5c6 d5e4 f6e4 e5e4 b4b3 a4a5 a8d8 a1a4 d8d7 a4c4 c2e4 d2e4 c6a5 c4a4 a5c6 a4a6 c6b4 a6a3 f7f5 e4g3 f5f4 g3e2 f4e3 f2e3 h8f8 f1f8 e8f8 a3b3 f8f7 c1d2 b4c6 g1f2 e7h4 g2g3 h4f6 b3c3 c6d8 e2f4 g7g5 f4d3 f6g7 f2f3 f7g6 c3c5 d7f7 f3g2 g7f6 b2b4 d8b7 c5c6 f7e7 d3e5 g6g7 e5g4 b7d6 b4b5 f6d4 e3d4 e7e2 g2f3 e2d2 b5b6 h6h5 b6c7 h5g4 f3e3 d6c8 e3d2 g4h3 g3g4 h3h2 c6c1 g7f6 c1h1 f6e6 h1h2 e6d6 h2h7 c8b6 d2d3 b6c8 h7g7 c8b6 g7h7 b6c8 h7g7 c8b6 d3e4 d6c6 g7g6 c6c7 g6b6 c7b6 e4f5 b6b5 f5g5 b5c4 g5f4 c4d4 g4g5 d4d5 f4f5 d5d6 f5f6 d6c5 g5g6 c5d6 g6g7 d6d5 g7g8q d5e4 g8g5 e4f3 f6f7 f3f2 g5f4 f2e2 f4g3 e2d2 g3f4 d2c2 f4d6 c2c3 f7g6 c3c2 d6d4 c2c1 d4b4 c1c2 b4d6 c2c3 d6d1 c3c4 d1d7 c4c5 d7d1 c5c4 d1d2 c4b3 d2d3 b3b2 g6f7 b2a2 d3c2 a2a3 c2b1 a3a4 b1b6 a4a3 b6b1 a3a4 b1b6 a4a3 f7f6 a3a2 b6b4 a2a1 b4b5 a1a2 b5b7 a2a3 b7b6 a3a4 b6c5 a4b3 f6g6 b3b2 c5c4 b2a3 g6f5 a3b2 f5g6 b2a3 c4b5 a3a2 b5b4 a2a1 b4d2 a1b1 g6f7 b1a1 f7g6 a1b1 g6f5 b1a1 f5f6 a1b1 f6g6 b1a1 g6f6 a1b1 f6f5 b1a1 f5e6 a1b1 e6f6 b1a1 d2e2 a1b1 e2d2 b1a1 d2e2 a1b1 e2g2 b1a1 f6f5 a1b1 f5g5 b1c1

[WARN  ] [23:11:19.761784] <   > fastchess --- Warning; Illegal PV move - move h5h4 from Huginn_current
Info; info depth 3 seldepth 3 multipv 1 score cp -20 nodes 181 nps 181000 hashfull 1000 tbhits 0 time 0 pv h3h4 h6h5 c4d4 f4g3 d4d3 g3h4 d3d2 h5h4 d2d1
Position; fen rnbqkbnr/p1p2ppp/1p1p4/4p3/8/3PP2P/PPP2PP1/RNBQKBNR w KQkq - 0 4
Moves; b1c3 d6d5 d3d4 e5e4 d1h5 c8e6 a2a3 c7c6 h5e5 b8d7 e5f4 g8e7 f4d6 d7f6 d6d8 a8d8 f1a6 e7f5 g1e2 f8d6 e1g1 d8b8 f2f3 e4f3 f1f3 e8g8 a6d3 f5e7 e2f4 e6d7 c1d2 a7a5 f4e2 h7h6 e3e4 f6e4 c3e4 d5e4 d3e4 e7d5 e2c3 b8c8 c3a4 c8b8 c2c4 d5e7 a4c3 b8d8 e4d3 d7e6 d2e3 f8e8 a1e1 d6c7 e3f2 e7c8 d4d5 e6d7 f3e3 f7f6 e3e8 d8e8 e1e8 d7e8 c4c5 b6c5 f2c5 c7d6 c5d4 c6d5 c3d5 e8c6 d3e4 d6e5 d4c5 e5b2 d5f6 b2f6 e4c6 f6e7 c5e7 c8e7 c6e4 g8f7 g1f2 f7e6 f2e3 e7f5 e3d3 f5d6 e4f3 g7g6 a3a4 e6e5 g2g3 d6f5 f3e4 f5g3 e4g6 e5f6 g6h7 f6g7 h7e4 g3e4 d3e4 g7g6 e4d3 g6g5 d3c4 g5f4

[WARN  ] [23:28:25.931763] <   > fastchess --- Warning; Illegal PV move - move e6g4 from Huginn_current
Info; info depth 1 seldepth 1 multipv 1 score cp 264 nodes 33 nps 33000 hashfull 1000 tbhits 0 time 0 pv h4g4 b5f1 e6g4 f1d3 g4e6
Position; fen rnbqkbnr/pppp3p/6p1/4pp2/2P5/6PP/PP1PPP2/RNBQKBNR w KQkq - 0 4
Moves; d2d4 e5e4 b1c3 f8g7 f2f3 g8f6 f3e4 f6e4 c1f4 g6g5 f4e5 g7e5 c3e4 f5e4 d4e5 d8e7 d1d4 e7b4 e1d1 b4b6 c4c5 b6g6 f1g2 g6f5 h3h4 g5g4 d1d2 b8c6 d4e4 f5f2 a1c1 c6e7 c1f1 f2g3 e2e3 d7d6 e5d6 c7d6 g1e2 g3e5 e4e5 d6e5 f1f6 a8b8 g2e4 c8d7 h1d1 d7c6 e4c2 h8f8 d1f1 b8d8 d2e1 f8f6 f1f6 e5e4 h4h5 d8d5 c2b3 d5c5 b3f7 e8d8 b2b4 c5f5 f6f5 e7f5 e1f2 d8e7 f7g8 h7h6 g8h7 e7f6 e2c3 b7b5 c3e2 f5d6 h7g6 f6g5 f2g3 c6d5 e2c3 d5c4 c3e4 d6e4 g6e4 g5h5 e4f5 c4e2 f5e6 h5g5 e3e4 h6h5 g3f2 e2f3 e6d7 g5f4 e4e5 g4g3 f2e1 f4e5 d7b5 g3g2 e1f2 f3d5 b5d7 d5a2 f2g2 a2e6 d7b5 h5h4 b5d3 e5f4 d3f1 e6d7 f1c4 h4h3 g2h2 f4g4 c4f1 g4h4 f1d3 d7e6 d3b5

[WARN  ] [23:28:27.155427] <   > fastchess --- Warning; Illegal PV move - move e6g4 from Huginn_t13
Info; info depth 1 seldepth 1 multipv 1 score cp -301 nodes 23 nps 23000 hashfull 1000 tbhits 0 time 0 pv b5d3 e6g4 d3f1 g4f5 f1c4 f5d7
Position; fen rnbqkbnr/pppp3p/6p1/4pp2/2P5/6PP/PP1PPP2/RNBQKBNR w KQkq - 0 4
Moves; d2d4 e5e4 b1c3 f8g7 f2f3 g8f6 f3e4 f6e4 c1f4 g6g5 f4e5 g7e5 c3e4 f5e4 d4e5 d8e7 d1d4 e7b4 e1d1 b4b6 c4c5 b6g6 f1g2 g6f5 h3h4 g5g4 d1d2 b8c6 d4e4 f5f2 a1c1 c6e7 c1f1 f2g3 e2e3 d7d6 e5d6 c7d6 g1e2 g3e5 e4e5 d6e5 f1f6 a8b8 g2e4 c8d7 h1d1 d7c6 e4c2 h8f8 d1f1 b8d8 d2e1 f8f6 f1f6 e5e4 h4h5 d8d5 c2b3 d5c5 b3f7 e8d8 b2b4 c5f5 f6f5 e7f5 e1f2 d8e7 f7g8 h7h6 g8h7 e7f6 e2c3 b7b5 c3e2 f5d6 h7g6 f6g5 f2g3 c6d5 e2c3 d5c4 c3e4 d6e4 g6e4 g5h5 e4f5 c4e2 f5e6 h5g5 e3e4 h6h5 g3f2 e2f3 e6d7 g5f4 e4e5 g4g3 f2e1 f4e5 d7b5 g3g2 e1f2 f3d5 b5d7 d5a2 f2g2 a2e6 d7b5 h5h4 b5d3 e5f4 d3f1 e6d7 f1c4 h4h3 g2h2 f4g4 c4f1 g4h4 f1d3 d7e6 d3b5 e6f5 b5f1 f5g4 f1c4 g4d7 c4f1 d7e6 f1b5 h4g4

[INFO  ] [23:48:44.378606] <   > fastchess --- Finished match

[INFO  ] [23:48:44.378772] <   > fastchess --- Total Time: 01:22:55 (hours:minutes:seconds)


