[INFO  ] [08:47:16.561896] <   > fastchess --- fastchess alpha 1.8.0 compiled for windows-latest 20260128-072859b (CI) 
[INFO  ] [08:47:16.562020] <   > fastchess --- Setting seed to: 10433697293278359980
[INFO  ] [08:47:16.604059] <   > fastchess --- Indexing opening suite...

[INFO  ] [08:47:16.611872] <   > fastchess --- Starting tournament...
[WARN  ] [08:47:16.972336] <   > fastchess --- Warning; Stash_17.0 doesn't have option OwnBook

[WARN  ] [08:47:16.988495] <   > fastchess --- Warning; Stash_17.0 doesn't have option OwnBook

[WARN  ] [08:47:17.055497] <   > fastchess --- Warning; Stash_17.0 doesn't have option OwnBook

[WARN  ] [08:47:17.166508] <   > fastchess --- Warning; Stash_17.0 doesn't have option OwnBook

[WARN  ] [08:47:29.634555] <   > fastchess --- Warning; Stash_17.0 doesn't have option OwnBook

[WARN  ] [08:47:35.286304] <   > fastchess --- Warning; Stash_17.0 doesn't have option OwnBook

[WARN  ] [08:47:41.822315] <   > fastchess --- Warning; Stash_17.0 doesn't have option OwnBook

[WARN  ] [08:47:44.363929] <   > fastchess --- Warning; Stash_17.0 doesn't have option OwnBook

[WARN  ] [08:47:52.087453] <   > fastchess --- Warning; Stash_17.0 doesn't have option OwnBook

[WARN  ] [08:48:00.416224] <   > fastchess --- Warning; Stash_17.0 doesn't have option OwnBook

[WARN  ] [08:48:03.316267] <   > fastchess --- Warning; Stash_17.0 doesn't have option OwnBook

[WARN  ] [08:48:08.631097] <   > fastchess --- Warning; Stash_17.0 doesn't have option OwnBook

[WARN  ] [08:48:16.835240] <   > fastchess --- Warning; Stash_17.0 doesn't have option OwnBook

[WARN  ] [08:48:22.332495] <   > fastchess --- Warning; Stash_17.0 doesn't have option OwnBook

[WARN  ] [08:48:33.013348] <   > fastchess --- Warning; Stash_17.0 doesn't have option OwnBook

[WARN  ] [08:48:35.559220] <   > fastchess --- Warning; Stash_17.0 doesn't have option OwnBook

[WARN  ] [08:48:43.713283] <   > fastchess --- Warning; Stash_17.0 doesn't have option OwnBook

[WARN  ] [08:48:47.107836] <   > fastchess --- Warning; Stash_17.0 doesn't have option OwnBook

[WARN  ] [08:48:49.831684] <   > fastchess --- Warning; Stash_17.0 doesn't have option OwnBook

[WARN  ] [08:48:56.784978] <   > fastchess --- Warning; Stash_17.0 doesn't have option OwnBook

[WARN  ] [08:49:01.547556] <   > fastchess --- Warning; Stash_17.0 doesn't have option OwnBook

[WARN  ] [08:49:02.412619] <   > fastchess --- Warning; Stash_17.0 doesn't have option OwnBook

[WARN  ] [08:49:04.552326] <   > fastchess --- Warning; Stash_17.0 doesn't have option OwnBook

[WARN  ] [08:49:23.645217] <   > fastchess --- Warning; Stash_17.0 doesn't have option OwnBook

[WARN  ] [08:49:23.651478] <   > fastchess --- Warning; Stash_17.0 doesn't have option OwnBook

[WARN  ] [08:49:31.474774] <   > fastchess --- Warning; Stash_17.0 doesn't have option OwnBook

[WARN  ] [08:49:32.506595] <   > fastchess --- Warning; Stash_17.0 doesn't have option OwnBook

[WARN  ] [08:49:38.324848] <   > fastchess --- Warning; Stash_17.0 doesn't have option OwnBook

[WARN  ] [08:49:48.565705] <   > fastchess --- Warning; Stash_17.0 doesn't have option OwnBook

[WARN  ] [08:49:49.205117] <   > fastchess --- Warning; Stash_17.0 doesn't have option OwnBook

[WARN  ] [08:49:50.734164] <   > fastchess --- Warning; Stash_17.0 doesn't have option OwnBook

[WARN  ] [08:49:54.431392] <   > fastchess --- Warning; Stash_17.0 doesn't have option OwnBook

[WARN  ] [08:50:12.223312] <   > fastchess --- Warning; Stash_17.0 doesn't have option OwnBook

[WARN  ] [08:50:15.976288] <   > fastchess --- Warning; Stash_17.0 doesn't have option OwnBook

[WARN  ] [08:50:16.004200] <   > fastchess --- Warning; Stash_17.0 doesn't have option OwnBook

[WARN  ] [08:50:21.226926] <   > fastchess --- Warning; Stash_17.0 doesn't have option OwnBook

[WARN  ] [08:50:28.321230] <   > fastchess --- Warning; Stash_17.0 doesn't have option OwnBook

[WARN  ] [08:50:35.067895] <   > fastchess --- Warning; Stash_17.0 doesn't have option OwnBook

[WARN  ] [08:50:37.557688] <   > fastchess --- Warning; Stash_17.0 doesn't have option OwnBook

[WARN  ] [08:50:38.975656] <   > fastchess --- Warning; Stash_17.0 doesn't have option OwnBook

[WARN  ] [08:50:53.174355] <   > fastchess --- Warning; Stash_17.0 doesn't have option OwnBook

[WARN  ] [08:50:53.795786] <   > fastchess --- Warning; Stash_17.0 doesn't have option OwnBook

[WARN  ] [08:51:05.543842] <   > fastchess --- Warning; Stash_17.0 doesn't have option OwnBook

[WARN  ] [08:51:08.026255] <   > fastchess --- Warning; Stash_17.0 doesn't have option OwnBook

[WARN  ] [08:51:08.038131] <   > fastchess --- Warning; Stash_17.0 doesn't have option OwnBook

[WARN  ] [08:51:12.407406] <   > fastchess --- Warning; Stash_17.0 doesn't have option OwnBook

[WARN  ] [08:51:19.218034] <   > fastchess --- Warning; Stash_17.0 doesn't have option OwnBook

[WARN  ] [08:51:21.481488] <   > fastchess --- Warning; Stash_17.0 doesn't have option OwnBook

[WARN  ] [08:51:31.587705] <   > fastchess --- Warning; Stash_17.0 doesn't have option OwnBook

[WARN  ] [08:51:39.136956] <   > fastchess --- Warning; Stash_17.0 doesn't have option OwnBook

[WARN  ] [08:51:42.196144] <   > fastchess --- Warning; Stash_17.0 doesn't have option OwnBook

[WARN  ] [08:51:54.037992] <   > fastchess --- Warning; Stash_17.0 doesn't have option OwnBook

[WARN  ] [08:51:59.804461] <   > fastchess --- Warning; Stash_17.0 doesn't have option OwnBook

[WARN  ] [08:51:59.862439] <   > fastchess --- Warning; Stash_17.0 doesn't have option OwnBook

[WARN  ] [08:52:01.954128] <   > fastchess --- Warning; Stash_17.0 doesn't have option OwnBook

[WARN  ] [08:52:17.363335] <   > fastchess --- Warning; Stash_17.0 doesn't have option OwnBook

[WARN  ] [08:52:18.154167] <   > fastchess --- Warning; Stash_17.0 doesn't have option OwnBook

[WARN  ] [08:52:18.521771] <   > fastchess --- Warning; Stash_17.0 doesn't have option OwnBook

[WARN  ] [08:52:29.605783] <   > fastchess --- Warning; Stash_17.0 doesn't have option OwnBook

[WARN  ] [08:52:39.450896] <   > fastchess --- Warning; Stash_17.0 doesn't have option OwnBook

[WARN  ] [08:52:43.138183] <   > fastchess --- Warning; Stash_17.0 doesn't have option OwnBook

[WARN  ] [08:52:50.555687] <   > fastchess --- Warning; Stash_17.0 doesn't have option OwnBook

[WARN  ] [08:52:51.117857] <   > fastchess --- Warning; Stash_17.0 doesn't have option OwnBook

[WARN  ] [08:53:00.006734] <   > fastchess --- Warning; Stash_17.0 doesn't have option OwnBook

[WARN  ] [08:53:07.526378] <   > fastchess --- Warning; Stash_17.0 doesn't have option OwnBook

[WARN  ] [08:53:09.404673] <   > fastchess --- Warning; Stash_17.0 doesn't have option OwnBook

[WARN  ] [08:53:16.642725] <   > fastchess --- Warning; Stash_17.0 doesn't have option OwnBook

[WARN  ] [08:53:21.968697] <   > fastchess --- Warning; Stash_17.0 doesn't have option OwnBook

[WARN  ] [08:53:27.389044] <   > fastchess --- Warning; Stash_17.0 doesn't have option OwnBook

[WARN  ] [08:53:36.696198] <   > fastchess --- Warning; Stash_17.0 doesn't have option OwnBook

[WARN  ] [08:53:38.763786] <   > fastchess --- Warning; Stash_17.0 doesn't have option OwnBook

[WARN  ] [08:53:52.853830] <   > fastchess --- Warning; Stash_17.0 doesn't have option OwnBook

[WARN  ] [08:53:54.710453] <   > fastchess --- Warning; Stash_17.0 doesn't have option OwnBook

[WARN  ] [08:53:59.915732] <   > fastchess --- Warning; Stash_17.0 doesn't have option OwnBook

[WARN  ] [08:54:02.492828] <   > fastchess --- Warning; Stash_17.0 doesn't have option OwnBook

[WARN  ] [08:54:10.656492] <   > fastchess --- Warning; Stash_17.0 doesn't have option OwnBook

[WARN  ] [08:54:16.234605] <   > fastchess --- Warning; Stash_17.0 doesn't have option OwnBook

[WARN  ] [08:54:24.813021] <   > fastchess --- Warning; Stash_17.0 doesn't have option OwnBook

[WARN  ] [08:54:33.079638] <   > fastchess --- Warning; Stash_17.0 doesn't have option OwnBook

[WARN  ] [08:54:44.641776] <   > fastchess --- Warning; Stash_17.0 doesn't have option OwnBook

[WARN  ] [08:54:45.034900] <   > fastchess --- Warning; Stash_17.0 doesn't have option OwnBook

[WARN  ] [08:54:46.841563] <   > fastchess --- Warning; Stash_17.0 doesn't have option OwnBook

[WARN  ] [08:54:58.441703] <   > fastchess --- Warning; Stash_17.0 doesn't have option OwnBook

[WARN  ] [08:55:02.783527] <   > fastchess --- Warning; Stash_17.0 doesn't have option OwnBook

[WARN  ] [08:55:09.760771] <   > fastchess --- Warning; Stash_17.0 doesn't have option OwnBook

[WARN  ] [08:55:12.065632] <   > fastchess --- Warning; Stash_17.0 doesn't have option OwnBook

[WARN  ] [08:55:17.409964] <   > fastchess --- Warning; Stash_17.0 doesn't have option OwnBook

[WARN  ] [08:55:32.493975] <   > fastchess --- Warning; Stash_17.0 doesn't have option OwnBook

[WARN  ] [08:55:33.489668] <   > fastchess --- Warning; Stash_17.0 doesn't have option OwnBook

[WARN  ] [08:55:38.548497] <   > fastchess --- Warning; Stash_17.0 doesn't have option OwnBook

[WARN  ] [08:55:43.257527] <   > fastchess --- Warning; Stash_17.0 doesn't have option OwnBook

[WARN  ] [08:55:47.971487] <   > fastchess --- Warning; Stash_17.0 doesn't have option OwnBook

[WARN  ] [08:55:55.704273] <   > fastchess --- Warning; Stash_17.0 doesn't have option OwnBook

[WARN  ] [08:55:58.912460] <   > fastchess --- Warning; Stash_17.0 doesn't have option OwnBook

[WARN  ] [08:56:02.629911] <   > fastchess --- Warning; Stash_17.0 doesn't have option OwnBook

[WARN  ] [08:56:05.857540] <   > fastchess --- Warning; Stash_17.0 doesn't have option OwnBook

[WARN  ] [08:56:12.776873] <   > fastchess --- Warning; Stash_17.0 doesn't have option OwnBook

[WARN  ] [08:56:16.968874] <   > fastchess --- Warning; Stash_17.0 doesn't have option OwnBook

[WARN  ] [08:56:26.835393] <   > fastchess --- Warning; Stash_17.0 doesn't have option OwnBook

[WARN  ] [08:56:29.641876] <   > fastchess --- Warning; Stash_17.0 doesn't have option OwnBook

[WARN  ] [08:56:42.250991] <   > fastchess --- Warning; Stash_17.0 doesn't have option OwnBook

[WARN  ] [08:56:44.357101] <   > fastchess --- Warning; Stash_17.0 doesn't have option OwnBook

[WARN  ] [08:56:52.305773] <   > fastchess --- Warning; Stash_17.0 doesn't have option OwnBook

[WARN  ] [08:56:52.658375] <   > fastchess --- Warning; Stash_17.0 doesn't have option OwnBook

[WARN  ] [08:56:55.110687] <   > fastchess --- Warning; Stash_17.0 doesn't have option OwnBook

[WARN  ] [08:57:18.495190] <   > fastchess --- Warning; Stash_17.0 doesn't have option OwnBook

[WARN  ] [08:57:18.894458] <   > fastchess --- Warning; Stash_17.0 doesn't have option OwnBook

[WARN  ] [08:57:19.393631] <   > fastchess --- Warning; Stash_17.0 doesn't have option OwnBook

[WARN  ] [08:57:22.730321] <   > fastchess --- Warning; Stash_17.0 doesn't have option OwnBook

[WARN  ] [08:57:37.507636] <   > fastchess --- Warning; Stash_17.0 doesn't have option OwnBook

[WARN  ] [08:57:37.863691] <   > fastchess --- Warning; Stash_17.0 doesn't have option OwnBook

[WARN  ] [08:57:38.139200] <   > fastchess --- Warning; Stash_17.0 doesn't have option OwnBook

[WARN  ] [08:57:47.319333] <   > fastchess --- Warning; Stash_17.0 doesn't have option OwnBook

[WARN  ] [08:58:03.000993] <   > fastchess --- Warning; Stash_17.0 doesn't have option OwnBook

[WARN  ] [08:58:03.399881] <   > fastchess --- Warning; Stash_17.0 doesn't have option OwnBook

[WARN  ] [08:58:04.879805] <   > fastchess --- Warning; Stash_17.0 doesn't have option OwnBook

[WARN  ] [08:58:15.042412] <   > fastchess --- Warning; Stash_17.0 doesn't have option OwnBook

[WARN  ] [08:58:15.807954] <   > fastchess --- Warning; Stash_17.0 doesn't have option OwnBook

[WARN  ] [08:58:23.126250] <   > fastchess --- Warning; Stash_17.0 doesn't have option OwnBook

[WARN  ] [08:58:27.007561] <   > fastchess --- Warning; Stash_17.0 doesn't have option OwnBook

[WARN  ] [08:58:36.210377] <   > fastchess --- Warning; Stash_17.0 doesn't have option OwnBook

[WARN  ] [08:58:37.322111] <   > fastchess --- Warning; Stash_17.0 doesn't have option OwnBook

[WARN  ] [08:58:42.288134] <   > fastchess --- Warning; Stash_17.0 doesn't have option OwnBook

[WARN  ] [08:58:53.894937] <   > fastchess --- Warning; Stash_17.0 doesn't have option OwnBook

[WARN  ] [08:58:56.595672] <   > fastchess --- Warning; Stash_17.0 doesn't have option OwnBook

[WARN  ] [08:59:05.732328] <   > fastchess --- Warning; Stash_17.0 doesn't have option OwnBook

[WARN  ] [08:59:12.197476] <   > fastchess --- Warning; Stash_17.0 doesn't have option OwnBook

[WARN  ] [08:59:15.131309] <   > fastchess --- Warning; Stash_17.0 doesn't have option OwnBook

[WARN  ] [08:59:19.530094] <   > fastchess --- Warning; Stash_17.0 doesn't have option OwnBook

[WARN  ] [08:59:37.624776] <   > fastchess --- Warning; Stash_17.0 doesn't have option OwnBook

[WARN  ] [08:59:38.294278] <   > fastchess --- Warning; Stash_17.0 doesn't have option OwnBook

[WARN  ] [08:59:43.419624] <   > fastchess --- Warning; Stash_17.0 doesn't have option OwnBook

[WARN  ] [08:59:53.456878] <   > fastchess --- Warning; Stash_17.0 doesn't have option OwnBook

[WARN  ] [08:59:54.278116] <   > fastchess --- Warning; Stash_17.0 doesn't have option OwnBook

[WARN  ] [08:59:55.398154] <   > fastchess --- Warning; Stash_17.0 doesn't have option OwnBook

[WARN  ] [08:59:57.868422] <   > fastchess --- Warning; Stash_17.0 doesn't have option OwnBook

[WARN  ] [09:00:09.744687] <   > fastchess --- Warning; Stash_17.0 doesn't have option OwnBook

[WARN  ] [09:00:23.999226] <   > fastchess --- Warning; Stash_17.0 doesn't have option OwnBook

[WARN  ] [09:00:25.285795] <   > fastchess --- Warning; Stash_17.0 doesn't have option OwnBook

[WARN  ] [09:00:28.156442] <   > fastchess --- Warning; Stash_17.0 doesn't have option OwnBook

[WARN  ] [09:00:31.909524] <   > fastchess --- Warning; Stash_17.0 doesn't have option OwnBook

[WARN  ] [09:00:42.938083] <   > fastchess --- Warning; Stash_17.0 doesn't have option OwnBook

[WARN  ] [09:00:45.999464] <   > fastchess --- Warning; Stash_17.0 doesn't have option OwnBook

[WARN  ] [09:00:52.560287] <   > fastchess --- Warning; Stash_17.0 doesn't have option OwnBook

[WARN  ] [09:00:57.346321] <   > fastchess --- Warning; Stash_17.0 doesn't have option OwnBook

[WARN  ] [09:00:59.052239] <   > fastchess --- Warning; Stash_17.0 doesn't have option OwnBook

[WARN  ] [09:01:10.340018] <   > fastchess --- Warning; Stash_17.0 doesn't have option OwnBook

[WARN  ] [09:01:10.659953] <   > fastchess --- Warning; Stash_17.0 doesn't have option OwnBook

[WARN  ] [09:01:17.978823] <   > fastchess --- Warning; Stash_17.0 doesn't have option OwnBook

[WARN  ] [09:01:29.433249] <   > fastchess --- Warning; Stash_17.0 doesn't have option OwnBook

[WARN  ] [09:01:34.079725] <   > fastchess --- Warning; Stash_17.0 doesn't have option OwnBook

[WARN  ] [09:01:38.261052] <   > fastchess --- Warning; Stash_17.0 doesn't have option OwnBook

[WARN  ] [09:01:47.048419] <   > fastchess --- Warning; Stash_17.0 doesn't have option OwnBook

[WARN  ] [09:01:48.416991] <   > fastchess --- Warning; Stash_17.0 doesn't have option OwnBook

[WARN  ] [09:02:02.481751] <   > fastchess --- Warning; Stash_17.0 doesn't have option OwnBook

[WARN  ] [09:02:04.511096] <   > fastchess --- Warning; Stash_17.0 doesn't have option OwnBook

[WARN  ] [09:02:05.462637] <   > fastchess --- Warning; Stash_17.0 doesn't have option OwnBook

[WARN  ] [09:02:08.665293] <   > fastchess --- Warning; Stash_17.0 doesn't have option OwnBook

[WARN  ] [09:02:24.487312] <   > fastchess --- Warning; Stash_17.0 doesn't have option OwnBook

[WARN  ] [09:02:26.769283] <   > fastchess --- Warning; Stash_17.0 doesn't have option OwnBook

[WARN  ] [09:02:33.584489] <   > fastchess --- Warning; Stash_17.0 doesn't have option OwnBook

[WARN  ] [09:02:44.191749] <   > fastchess --- Warning; Stash_17.0 doesn't have option OwnBook

[WARN  ] [09:02:45.911259] <   > fastchess --- Warning; Stash_17.0 doesn't have option OwnBook

[WARN  ] [09:02:46.322284] <   > fastchess --- Warning; Stash_17.0 doesn't have option OwnBook

[WARN  ] [09:02:54.862126] <   > fastchess --- Warning; Stash_17.0 doesn't have option OwnBook

[WARN  ] [09:03:08.736874] <   > fastchess --- Warning; Stash_17.0 doesn't have option OwnBook

[WARN  ] [09:03:12.333701] <   > fastchess --- Warning; Stash_17.0 doesn't have option OwnBook

[WARN  ] [09:03:12.435955] <   > fastchess --- Warning; Stash_17.0 doesn't have option OwnBook

[WARN  ] [09:03:18.235508] <   > fastchess --- Warning; Stash_17.0 doesn't have option OwnBook

[WARN  ] [09:03:29.613476] <   > fastchess --- Warning; Stash_17.0 doesn't have option OwnBook

[WARN  ] [09:03:35.263961] <   > fastchess --- Warning; Stash_17.0 doesn't have option OwnBook

[WARN  ] [09:03:38.981684] <   > fastchess --- Warning; Stash_17.0 doesn't have option OwnBook

[WARN  ] [09:03:40.156964] <   > fastchess --- Warning; Stash_17.0 doesn't have option OwnBook

[WARN  ] [09:03:48.808664] <   > fastchess --- Warning; Stash_17.0 doesn't have option OwnBook

[WARN  ] [09:03:56.620741] <   > fastchess --- Warning; Stash_17.0 doesn't have option OwnBook

[WARN  ] [09:03:58.422608] <   > fastchess --- Warning; Stash_17.0 doesn't have option OwnBook

[WARN  ] [09:04:09.290121] <   > fastchess --- Warning; Stash_17.0 doesn't have option OwnBook

[WARN  ] [09:04:10.482682] <   > fastchess --- Warning; Stash_17.0 doesn't have option OwnBook

[WARN  ] [09:04:14.729401] <   > fastchess --- Warning; Stash_17.0 doesn't have option OwnBook

[WARN  ] [09:04:21.509334] <   > fastchess --- Warning; Stash_17.0 doesn't have option OwnBook

[WARN  ] [09:04:27.461891] <   > fastchess --- Warning; Stash_17.0 doesn't have option OwnBook

[WARN  ] [09:04:31.757568] <   > fastchess --- Warning; Stash_17.0 doesn't have option OwnBook

[WARN  ] [09:04:36.664298] <   > fastchess --- Warning; Stash_17.0 doesn't have option OwnBook

[WARN  ] [09:04:40.143758] <   > fastchess --- Warning; Stash_17.0 doesn't have option OwnBook

[WARN  ] [09:04:52.061583] <   > fastchess --- Warning; Stash_17.0 doesn't have option OwnBook

[WARN  ] [09:04:55.790091] <   > fastchess --- Warning; Stash_17.0 doesn't have option OwnBook

[WARN  ] [09:04:59.587632] <   > fastchess --- Warning; Stash_17.0 doesn't have option OwnBook

[WARN  ] [09:05:06.108265] <   > fastchess --- Warning; Stash_17.0 doesn't have option OwnBook

[WARN  ] [09:05:12.055174] <   > fastchess --- Warning; Stash_17.0 doesn't have option OwnBook

[WARN  ] [09:05:14.386037] <   > fastchess --- Warning; Stash_17.0 doesn't have option OwnBook

[WARN  ] [09:05:23.417824] <   > fastchess --- Warning; Stash_17.0 doesn't have option OwnBook

[WARN  ] [09:05:24.666849] <   > fastchess --- Warning; Stash_17.0 doesn't have option OwnBook

[WARN  ] [09:05:28.813836] <   > fastchess --- Warning; Stash_17.0 doesn't have option OwnBook

[WARN  ] [09:05:29.617783] <   > fastchess --- Warning; Stash_17.0 doesn't have option OwnBook

[WARN  ] [09:05:40.514347] <   > fastchess --- Warning; Stash_17.0 doesn't have option OwnBook

[WARN  ] [09:05:48.447530] <   > fastchess --- Warning; Stash_17.0 doesn't have option OwnBook

[WARN  ] [09:05:52.365928] <   > fastchess --- Warning; Stash_17.0 doesn't have option OwnBook

[WARN  ] [09:05:52.722798] <   > fastchess --- Warning; Stash_17.0 doesn't have option OwnBook

[WARN  ] [09:05:55.970344] <   > fastchess --- Warning; Stash_17.0 doesn't have option OwnBook

[WARN  ] [09:06:16.321595] <   > fastchess --- Warning; Stash_17.0 doesn't have option OwnBook

[INFO  ] [09:06:45.699500] <   > fastchess --- Finished match

[INFO  ] [09:06:45.699552] <   > fastchess --- Total Time: 00:19:29 (hours:minutes:seconds)


