[INFO  ] [07:40:35.312212] <   > fastchess --- fastchess alpha 1.8.0 compiled for windows-latest 20260128-072859b (CI) 
[INFO  ] [07:40:35.312308] <   > fastchess --- Setting seed to: 692721020104223269
[INFO  ] [07:40:35.341426] <   > fastchess --- Indexing opening suite...

[INFO  ] [07:40:35.350753] <   > fastchess --- Starting tournament...
[WARN  ] [07:40:35.720215] <   > fastchess --- Warning; Stash_12.0 doesn't have option OwnBook

[WARN  ] [07:40:35.722500] <   > fastchess --- Warning; Stash_12.0 doesn't have option OwnBook

[WARN  ] [07:40:35.764684] <   > fastchess --- Warning; Stash_12.0 doesn't have option OwnBook

[WARN  ] [07:40:35.774661] <   > fastchess --- Warning; Stash_12.0 doesn't have option OwnBook

[WARN  ] [07:40:53.863932] <   > fastchess --- Warning; Stash_12.0 doesn't have option OwnBook

[WARN  ] [07:40:57.578975] <   > fastchess --- Warning; Stash_12.0 doesn't have option OwnBook

[WARN  ] [07:41:04.668142] <   > fastchess --- Warning; Stash_12.0 doesn't have option OwnBook

[WARN  ] [07:41:07.102540] <   > fastchess --- Warning; Stash_12.0 doesn't have option OwnBook

[WARN  ] [07:41:10.599922] <   > fastchess --- Warning; Stash_12.0 doesn't have option OwnBook

[WARN  ] [07:41:18.880992] <   > fastchess --- Warning; Stash_12.0 doesn't have option OwnBook

[WARN  ] [07:41:23.649122] <   > fastchess --- Warning; Stash_12.0 doesn't have option OwnBook

[WARN  ] [07:41:27.379940] <   > fastchess --- Warning; Stash_12.0 doesn't have option OwnBook

[WARN  ] [07:41:32.186651] <   > fastchess --- Warning; Stash_12.0 doesn't have option OwnBook

[WARN  ] [07:41:37.825046] <   > fastchess --- Warning; Stash_12.0 doesn't have option OwnBook

[WARN  ] [07:41:38.818614] <   > fastchess --- Warning; Stash_12.0 doesn't have option OwnBook

[WARN  ] [07:41:41.091650] <   > fastchess --- Warning; Stash_12.0 doesn't have option OwnBook

[WARN  ] [07:41:42.665431] <   > fastchess --- Warning; Stash_12.0 doesn't have option OwnBook

[WARN  ] [07:41:53.918738] <   > fastchess --- Warning; Stash_12.0 doesn't have option OwnBook

[WARN  ] [07:41:58.395759] <   > fastchess --- Warning; Stash_12.0 doesn't have option OwnBook

[WARN  ] [07:42:03.287847] <   > fastchess --- Warning; Stash_12.0 doesn't have option OwnBook

[WARN  ] [07:42:07.864895] <   > fastchess --- Warning; Stash_12.0 doesn't have option OwnBook

[WARN  ] [07:42:13.106746] <   > fastchess --- Warning; Stash_12.0 doesn't have option OwnBook

[WARN  ] [07:42:14.490282] <   > fastchess --- Warning; Stash_12.0 doesn't have option OwnBook

[WARN  ] [07:42:17.017628] <   > fastchess --- Warning; Stash_12.0 doesn't have option OwnBook

[WARN  ] [07:42:23.182623] <   > fastchess --- Warning; Stash_12.0 doesn't have option OwnBook

[WARN  ] [07:42:30.938710] <   > fastchess --- Warning; Stash_12.0 doesn't have option OwnBook

[WARN  ] [07:42:33.221480] <   > fastchess --- Warning; Stash_12.0 doesn't have option OwnBook

[WARN  ] [07:42:38.307318] <   > fastchess --- Warning; Stash_12.0 doesn't have option OwnBook

[WARN  ] [07:42:45.707355] <   > fastchess --- Warning; Stash_12.0 doesn't have option OwnBook

[WARN  ] [07:42:46.439550] <   > fastchess --- Warning; Stash_12.0 doesn't have option OwnBook

[WARN  ] [07:42:51.098119] <   > fastchess --- Warning; Stash_12.0 doesn't have option OwnBook

[WARN  ] [07:42:51.585108] <   > fastchess --- Warning; Stash_12.0 doesn't have option OwnBook

[WARN  ] [07:42:59.253113] <   > fastchess --- Warning; Stash_12.0 doesn't have option OwnBook

[WARN  ] [07:43:04.016948] <   > fastchess --- Warning; Stash_12.0 doesn't have option OwnBook

[WARN  ] [07:43:08.390181] <   > fastchess --- Warning; Stash_12.0 doesn't have option OwnBook

[WARN  ] [07:43:16.864636] <   > fastchess --- Warning; Stash_12.0 doesn't have option OwnBook

[WARN  ] [07:43:18.181655] <   > fastchess --- Warning; Stash_12.0 doesn't have option OwnBook

[WARN  ] [07:43:23.477710] <   > fastchess --- Warning; Stash_12.0 doesn't have option OwnBook

[WARN  ] [07:43:23.872709] <   > fastchess --- Warning; Stash_12.0 doesn't have option OwnBook

[WARN  ] [07:43:36.232630] <   > fastchess --- Warning; Stash_12.0 doesn't have option OwnBook

[WARN  ] [07:43:37.142474] <   > fastchess --- Warning; Stash_12.0 doesn't have option OwnBook

[WARN  ] [07:43:37.163082] <   > fastchess --- Warning; Stash_12.0 doesn't have option OwnBook

[WARN  ] [07:43:43.479499] <   > fastchess --- Warning; Stash_12.0 doesn't have option OwnBook

[WARN  ] [07:43:52.553398] <   > fastchess --- Warning; Stash_12.0 doesn't have option OwnBook

[WARN  ] [07:43:53.703158] <   > fastchess --- Warning; Stash_12.0 doesn't have option OwnBook

[WARN  ] [07:43:54.702895] <   > fastchess --- Warning; Stash_12.0 doesn't have option OwnBook

[WARN  ] [07:43:58.591693] <   > fastchess --- Warning; Stash_12.0 doesn't have option OwnBook

[WARN  ] [07:44:06.586094] <   > fastchess --- Warning; Stash_12.0 doesn't have option OwnBook

[WARN  ] [07:44:13.467079] <   > fastchess --- Warning; Stash_12.0 doesn't have option OwnBook

[WARN  ] [07:44:17.554886] <   > fastchess --- Warning; Stash_12.0 doesn't have option OwnBook

[WARN  ] [07:44:21.051704] <   > fastchess --- Warning; Stash_12.0 doesn't have option OwnBook

[WARN  ] [07:44:32.415208] <   > fastchess --- Warning; Stash_12.0 doesn't have option OwnBook

[WARN  ] [07:44:32.838912] <   > fastchess --- Warning; Stash_12.0 doesn't have option OwnBook

[WARN  ] [07:44:33.682328] <   > fastchess --- Warning; Stash_12.0 doesn't have option OwnBook

[WARN  ] [07:44:36.752580] <   > fastchess --- Warning; Stash_12.0 doesn't have option OwnBook

[WARN  ] [07:44:49.176097] <   > fastchess --- Warning; Stash_12.0 doesn't have option OwnBook

[WARN  ] [07:44:50.025921] <   > fastchess --- Warning; Stash_12.0 doesn't have option OwnBook

[WARN  ] [07:44:50.629890] <   > fastchess --- Warning; Stash_12.0 doesn't have option OwnBook

[WARN  ] [07:45:01.569197] <   > fastchess --- Warning; Stash_12.0 doesn't have option OwnBook

[WARN  ] [07:45:02.677080] <   > fastchess --- Warning; Stash_12.0 doesn't have option OwnBook

[WARN  ] [07:45:13.851818] <   > fastchess --- Warning; Stash_12.0 doesn't have option OwnBook

[WARN  ] [07:45:17.984613] <   > fastchess --- Warning; Stash_12.0 doesn't have option OwnBook

[WARN  ] [07:45:21.975367] <   > fastchess --- Warning; Stash_12.0 doesn't have option OwnBook

[WARN  ] [07:45:25.397005] <   > fastchess --- Warning; Stash_12.0 doesn't have option OwnBook

[WARN  ] [07:45:33.246043] <   > fastchess --- Warning; Stash_12.0 doesn't have option OwnBook

[WARN  ] [07:45:36.903254] <   > fastchess --- Warning; Stash_12.0 doesn't have option OwnBook

[WARN  ] [07:45:39.717329] <   > fastchess --- Warning; Stash_12.0 doesn't have option OwnBook

[WARN  ] [07:45:46.800269] <   > fastchess --- Warning; Stash_12.0 doesn't have option OwnBook

[WARN  ] [07:45:56.464678] <   > fastchess --- Warning; Stash_12.0 doesn't have option OwnBook

[WARN  ] [07:45:58.703733] <   > fastchess --- Warning; Stash_12.0 doesn't have option OwnBook

[WARN  ] [07:45:59.520211] <   > fastchess --- Warning; Stash_12.0 doesn't have option OwnBook

[WARN  ] [07:46:13.775620] <   > fastchess --- Warning; Stash_12.0 doesn't have option OwnBook

[WARN  ] [07:46:17.302415] <   > fastchess --- Warning; Stash_12.0 doesn't have option OwnBook

[WARN  ] [07:46:19.449456] <   > fastchess --- Warning; Stash_12.0 doesn't have option OwnBook

[WARN  ] [07:46:20.635293] <   > fastchess --- Warning; Stash_12.0 doesn't have option OwnBook

[WARN  ] [07:46:31.553193] <   > fastchess --- Warning; Stash_12.0 doesn't have option OwnBook

[WARN  ] [07:46:33.833778] <   > fastchess --- Warning; Stash_12.0 doesn't have option OwnBook

[WARN  ] [07:46:35.495270] <   > fastchess --- Warning; Stash_12.0 doesn't have option OwnBook

[WARN  ] [07:46:43.607625] <   > fastchess --- Warning; Stash_12.0 doesn't have option OwnBook

[WARN  ] [07:46:49.580339] <   > fastchess --- Warning; Stash_12.0 doesn't have option OwnBook

[WARN  ] [07:46:49.725494] <   > fastchess --- Warning; Stash_12.0 doesn't have option OwnBook

[WARN  ] [07:47:05.959345] <   > fastchess --- Warning; Stash_12.0 doesn't have option OwnBook

[WARN  ] [07:47:10.230224] <   > fastchess --- Warning; Stash_12.0 doesn't have option OwnBook

[WARN  ] [07:47:20.998121] <   > fastchess --- Warning; Stash_12.0 doesn't have option OwnBook

[WARN  ] [07:47:25.978466] <   > fastchess --- Warning; Stash_12.0 doesn't have option OwnBook

[WARN  ] [07:47:30.324771] <   > fastchess --- Warning; Stash_12.0 doesn't have option OwnBook

[WARN  ] [07:47:37.022649] <   > fastchess --- Warning; Stash_12.0 doesn't have option OwnBook

[WARN  ] [07:47:40.338615] <   > fastchess --- Warning; Stash_12.0 doesn't have option OwnBook

[WARN  ] [07:47:42.345150] <   > fastchess --- Warning; Stash_12.0 doesn't have option OwnBook

[WARN  ] [07:47:48.936371] <   > fastchess --- Warning; Stash_12.0 doesn't have option OwnBook

[WARN  ] [07:47:54.583411] <   > fastchess --- Warning; Stash_12.0 doesn't have option OwnBook

[WARN  ] [07:47:54.641915] <   > fastchess --- Warning; Stash_12.0 doesn't have option OwnBook

[WARN  ] [07:47:59.034378] <   > fastchess --- Warning; Stash_12.0 doesn't have option OwnBook

[WARN  ] [07:48:09.954422] <   > fastchess --- Warning; Stash_12.0 doesn't have option OwnBook

[WARN  ] [07:48:11.992238] <   > fastchess --- Warning; Stash_12.0 doesn't have option OwnBook

[WARN  ] [07:48:12.094978] <   > fastchess --- Warning; Stash_12.0 doesn't have option OwnBook

[WARN  ] [07:48:16.731491] <   > fastchess --- Warning; Stash_12.0 doesn't have option OwnBook

[WARN  ] [07:48:23.907659] <   > fastchess --- Warning; Stash_12.0 doesn't have option OwnBook

[WARN  ] [07:48:28.132767] <   > fastchess --- Warning; Stash_12.0 doesn't have option OwnBook

[WARN  ] [07:48:32.873488] <   > fastchess --- Warning; Stash_12.0 doesn't have option OwnBook

[WARN  ] [07:48:42.234540] <   > fastchess --- Warning; Stash_12.0 doesn't have option OwnBook

[WARN  ] [07:48:46.545697] <   > fastchess --- Warning; Stash_12.0 doesn't have option OwnBook

[WARN  ] [07:48:51.442883] <   > fastchess --- Warning; Stash_12.0 doesn't have option OwnBook

[WARN  ] [07:48:52.263247] <   > fastchess --- Warning; Stash_12.0 doesn't have option OwnBook

[WARN  ] [07:49:06.396722] <   > fastchess --- Warning; Stash_12.0 doesn't have option OwnBook

[WARN  ] [07:49:07.373225] <   > fastchess --- Warning; Stash_12.0 doesn't have option OwnBook

[WARN  ] [07:49:17.744677] <   > fastchess --- Warning; Stash_12.0 doesn't have option OwnBook

[WARN  ] [07:49:29.759564] <   > fastchess --- Warning; Stash_12.0 doesn't have option OwnBook

[WARN  ] [07:49:34.466153] <   > fastchess --- Warning; Stash_12.0 doesn't have option OwnBook

[WARN  ] [07:49:35.600366] <   > fastchess --- Warning; Stash_12.0 doesn't have option OwnBook

[WARN  ] [07:49:37.280869] <   > fastchess --- Warning; Stash_12.0 doesn't have option OwnBook

[WARN  ] [07:49:46.480256] <   > fastchess --- Warning; Stash_12.0 doesn't have option OwnBook

[WARN  ] [07:49:48.865914] <   > fastchess --- Warning; Stash_12.0 doesn't have option OwnBook

[WARN  ] [07:49:53.477900] <   > fastchess --- Warning; Stash_12.0 doesn't have option OwnBook

[WARN  ] [07:49:58.197750] <   > fastchess --- Warning; Stash_12.0 doesn't have option OwnBook

[WARN  ] [07:50:02.541479] <   > fastchess --- Warning; Stash_12.0 doesn't have option OwnBook

[WARN  ] [07:50:09.093450] <   > fastchess --- Warning; Stash_12.0 doesn't have option OwnBook

[WARN  ] [07:50:11.774110] <   > fastchess --- Warning; Stash_12.0 doesn't have option OwnBook

[WARN  ] [07:50:18.295647] <   > fastchess --- Warning; Stash_12.0 doesn't have option OwnBook

[WARN  ] [07:50:27.318819] <   > fastchess --- Warning; Stash_12.0 doesn't have option OwnBook

[WARN  ] [07:50:27.364351] <   > fastchess --- Warning; Stash_12.0 doesn't have option OwnBook

[WARN  ] [07:50:30.526343] <   > fastchess --- Warning; Stash_12.0 doesn't have option OwnBook

[WARN  ] [07:50:34.753397] <   > fastchess --- Warning; Stash_12.0 doesn't have option OwnBook

[WARN  ] [07:50:43.269911] <   > fastchess --- Warning; Stash_12.0 doesn't have option OwnBook

[WARN  ] [07:50:44.253262] <   > fastchess --- Warning; Stash_12.0 doesn't have option OwnBook

[WARN  ] [07:50:50.440909] <   > fastchess --- Warning; Stash_12.0 doesn't have option OwnBook

[WARN  ] [07:50:56.906672] <   > fastchess --- Warning; Stash_12.0 doesn't have option OwnBook

[WARN  ] [07:50:58.126122] <   > fastchess --- Warning; Stash_12.0 doesn't have option OwnBook

[WARN  ] [07:50:59.686109] <   > fastchess --- Warning; Stash_12.0 doesn't have option OwnBook

[WARN  ] [07:51:15.055198] <   > fastchess --- Warning; Stash_12.0 doesn't have option OwnBook

[WARN  ] [07:51:15.495418] <   > fastchess --- Warning; Stash_12.0 doesn't have option OwnBook

[WARN  ] [07:51:20.633151] <   > fastchess --- Warning; Stash_12.0 doesn't have option OwnBook

[WARN  ] [07:51:24.914249] <   > fastchess --- Warning; Stash_12.0 doesn't have option OwnBook

[WARN  ] [07:51:35.474567] <   > fastchess --- Warning; Stash_12.0 doesn't have option OwnBook

[WARN  ] [07:51:39.620049] <   > fastchess --- Warning; Stash_12.0 doesn't have option OwnBook

[WARN  ] [07:51:40.826045] <   > fastchess --- Warning; Stash_12.0 doesn't have option OwnBook

[WARN  ] [07:51:43.996410] <   > fastchess --- Warning; Stash_12.0 doesn't have option OwnBook

[WARN  ] [07:51:58.690082] <   > fastchess --- Warning; Stash_12.0 doesn't have option OwnBook

[WARN  ] [07:52:02.915070] <   > fastchess --- Warning; Stash_12.0 doesn't have option OwnBook

[WARN  ] [07:52:06.038768] <   > fastchess --- Warning; Stash_12.0 doesn't have option OwnBook

[WARN  ] [07:52:09.031109] <   > fastchess --- Warning; Stash_12.0 doesn't have option OwnBook

[WARN  ] [07:52:14.378492] <   > fastchess --- Warning; Stash_12.0 doesn't have option OwnBook

[WARN  ] [07:52:22.836790] <   > fastchess --- Warning; Stash_12.0 doesn't have option OwnBook

[WARN  ] [07:52:23.490051] <   > fastchess --- Warning; Stash_12.0 doesn't have option OwnBook

[WARN  ] [07:52:31.293188] <   > fastchess --- Warning; Stash_12.0 doesn't have option OwnBook

[WARN  ] [07:52:34.282190] <   > fastchess --- Warning; Stash_12.0 doesn't have option OwnBook

[WARN  ] [07:52:40.279896] <   > fastchess --- Warning; Stash_12.0 doesn't have option OwnBook

[WARN  ] [07:52:41.316766] <   > fastchess --- Warning; Stash_12.0 doesn't have option OwnBook

[WARN  ] [07:52:44.176803] <   > fastchess --- Warning; Stash_12.0 doesn't have option OwnBook

[WARN  ] [07:52:47.224007] <   > fastchess --- Warning; Stash_12.0 doesn't have option OwnBook

[WARN  ] [07:52:56.495871] <   > fastchess --- Warning; Stash_12.0 doesn't have option OwnBook

[WARN  ] [07:52:57.843746] <   > fastchess --- Warning; Stash_12.0 doesn't have option OwnBook

[WARN  ] [07:53:01.291260] <   > fastchess --- Warning; Stash_12.0 doesn't have option OwnBook

[WARN  ] [07:53:07.453941] <   > fastchess --- Warning; Stash_12.0 doesn't have option OwnBook

[WARN  ] [07:53:11.119139] <   > fastchess --- Warning; Stash_12.0 doesn't have option OwnBook

[WARN  ] [07:53:24.515049] <   > fastchess --- Warning; Stash_12.0 doesn't have option OwnBook

[WARN  ] [07:53:26.119293] <   > fastchess --- Warning; Stash_12.0 doesn't have option OwnBook

[WARN  ] [07:53:27.668909] <   > fastchess --- Warning; Stash_12.0 doesn't have option OwnBook

[WARN  ] [07:53:28.053970] <   > fastchess --- Warning; Stash_12.0 doesn't have option OwnBook

[WARN  ] [07:53:38.068022] <   > fastchess --- Warning; Stash_12.0 doesn't have option OwnBook

[WARN  ] [07:53:38.873967] <   > fastchess --- Warning; Stash_12.0 doesn't have option OwnBook

[WARN  ] [07:53:41.053634] <   > fastchess --- Warning; Stash_12.0 doesn't have option OwnBook

[WARN  ] [07:53:47.493351] <   > fastchess --- Warning; Stash_12.0 doesn't have option OwnBook

[WARN  ] [07:53:56.208306] <   > fastchess --- Warning; Stash_12.0 doesn't have option OwnBook

[WARN  ] [07:53:56.389715] <   > fastchess --- Warning; Stash_12.0 doesn't have option OwnBook

[WARN  ] [07:54:09.661627] <   > fastchess --- Warning; Stash_12.0 doesn't have option OwnBook

[WARN  ] [07:54:10.347019] <   > fastchess --- Warning; Stash_12.0 doesn't have option OwnBook

[WARN  ] [07:54:11.714480] <   > fastchess --- Warning; Stash_12.0 doesn't have option OwnBook

[WARN  ] [07:54:14.365350] <   > fastchess --- Warning; Stash_12.0 doesn't have option OwnBook

[WARN  ] [07:54:28.615674] <   > fastchess --- Warning; Stash_12.0 doesn't have option OwnBook

[WARN  ] [07:54:28.797120] <   > fastchess --- Warning; Stash_12.0 doesn't have option OwnBook

[WARN  ] [07:54:36.882138] <   > fastchess --- Warning; Stash_12.0 doesn't have option OwnBook

[WARN  ] [07:54:39.541244] <   > fastchess --- Warning; Stash_12.0 doesn't have option OwnBook

[WARN  ] [07:54:48.513217] <   > fastchess --- Warning; Stash_12.0 doesn't have option OwnBook

[WARN  ] [07:54:57.779105] <   > fastchess --- Warning; Stash_12.0 doesn't have option OwnBook

[WARN  ] [07:54:58.938389] <   > fastchess --- Warning; Stash_12.0 doesn't have option OwnBook

[WARN  ] [07:54:59.796975] <   > fastchess --- Warning; Stash_12.0 doesn't have option OwnBook

[WARN  ] [07:55:08.550741] <   > fastchess --- Warning; Stash_12.0 doesn't have option OwnBook

[WARN  ] [07:55:17.400188] <   > fastchess --- Warning; Stash_12.0 doesn't have option OwnBook

[WARN  ] [07:55:18.421539] <   > fastchess --- Warning; Stash_12.0 doesn't have option OwnBook

[WARN  ] [07:55:29.281846] <   > fastchess --- Warning; Stash_12.0 doesn't have option OwnBook

[WARN  ] [07:55:29.293226] <   > fastchess --- Warning; Stash_12.0 doesn't have option OwnBook

[WARN  ] [07:55:35.072436] <   > fastchess --- Warning; Stash_12.0 doesn't have option OwnBook

[WARN  ] [07:55:42.709511] <   > fastchess --- Warning; Stash_12.0 doesn't have option OwnBook

[WARN  ] [07:55:42.797302] <   > fastchess --- Warning; Stash_12.0 doesn't have option OwnBook

[WARN  ] [07:55:48.442146] <   > fastchess --- Warning; Stash_12.0 doesn't have option OwnBook

[WARN  ] [07:56:05.024082] <   > fastchess --- Warning; Stash_12.0 doesn't have option OwnBook

[WARN  ] [07:56:16.665540] <   > fastchess --- Warning; Stash_12.0 doesn't have option OwnBook

[WARN  ] [07:56:18.146219] <   > fastchess --- Warning; Stash_12.0 doesn't have option OwnBook

[WARN  ] [07:56:18.981183] <   > fastchess --- Warning; Stash_12.0 doesn't have option OwnBook

[WARN  ] [07:56:20.071009] <   > fastchess --- Warning; Stash_12.0 doesn't have option OwnBook

[WARN  ] [07:56:27.192844] <   > fastchess --- Warning; Stash_12.0 doesn't have option OwnBook

[WARN  ] [07:56:31.791402] <   > fastchess --- Warning; Stash_12.0 doesn't have option OwnBook

[WARN  ] [07:56:38.919733] <   > fastchess --- Warning; Stash_12.0 doesn't have option OwnBook

[WARN  ] [07:56:41.414500] <   > fastchess --- Warning; Stash_12.0 doesn't have option OwnBook

[WARN  ] [07:56:53.851924] <   > fastchess --- Warning; Stash_12.0 doesn't have option OwnBook

[WARN  ] [07:56:54.039171] <   > fastchess --- Warning; Stash_12.0 doesn't have option OwnBook

[WARN  ] [07:56:56.772442] <   > fastchess --- Warning; Stash_12.0 doesn't have option OwnBook

[WARN  ] [07:56:56.812935] <   > fastchess --- Warning; Stash_12.0 doesn't have option OwnBook

[WARN  ] [07:57:13.044438] <   > fastchess --- Warning; Stash_12.0 doesn't have option OwnBook

[INFO  ] [07:57:28.580101] <   > fastchess --- Finished match

[INFO  ] [07:57:28.580143] <   > fastchess --- Total Time: 00:16:53 (hours:minutes:seconds)


